{
  "uid" : "dc53b608f3df3bce",
  "name" : "test_generate_bad_sign[1-18446744073709551616-insufficient funds for transfer]",
  "fullName" : "integration.tests.basic.test_transfers.TestTransactionsValidation#test_generate_bad_sign",
  "historyId" : "b881bcbeee26dc5eee22a81ca2e91080",
  "time" : {
    "start" : 1650644479944,
    "stop" : 1650644479944,
    "duration" : 0
  },
  "description" : "Generate bad sign (when v, r, s over allowed size)\n        Too low gas_limit\n        Too high gas_limit > u64::max\n        Too high gas_limit > u64::max\n        Too high gas_price > u64::max\n        Too high gas_limit * gas_price > u64::max\n        ",
  "descriptionHtml" : "<p>Generate bad sign (when v, r, s over allowed size)<br />\nToo low gas_limit<br />\nToo high gas_limit &gt; u64::max<br />\nToo high gas_limit &gt; u64::max<br />\nToo high gas_price &gt; u64::max<br />\nToo high gas_limit * gas_price &gt; u64::max</p>\n",
  "status" : "failed",
  "statusMessage" : "AssertionError",
  "statusTrace" : "operator = <utils.operator.Operator object at 0x7ff30a4ba6d0>\nfaucet = <utils.faucet.Faucet object at 0x7ff30a5f2820>\nweb3_client = <utils.web3client.NeonWeb3Client object at 0x7ff30a5dd400>\n\n    @pytest.fixture(scope=\"class\")\n    def prepare_account(operator, faucet, web3_client: NeonWeb3Client):\n        \"\"\"Create new account for tests and save operator pre/post balances\"\"\"\n        with allure.step(\"Create account for tests\"):\n            acc = web3_client.eth.account.create()\n        with allure.step(f\"Request 1000 NEON from faucet for {acc.address}\"):\n>           faucet.request_neon(acc.address, 1000)\n\nintegration/tests/conftest.py:113: \n_ _ _ _ _ _ _ _ _ _ _ _ _ _ _ _ _ _ _ _ _ _ _ _ _ _ _ _ _ _ _ _ _ _ _ _ _ _ _ _ \n\nself = <utils.faucet.Faucet object at 0x7ff30a5f2820>\naddress = '0xD8a6a8262E6fc62d924B89C7A5DE96326acE1507', amount = 1000\n\n    def request_neon(self, address: str, amount: int = 100):\n        assert address.startswith(\"0x\")\n        url = urllib.parse.urljoin(self._url, \"request_neon\")\n        resp = self._session.post(url, json={\"amount\": amount, \"wallet\": address})\n>       assert resp.status_code == 200\nE       AssertionError\n\nutils/faucet.py:16: AssertionError",
  "flaky" : false,
  "newFailed" : false,
  "newBroken" : false,
  "newPassed" : false,
  "retriesCount" : 0,
  "retriesStatusChange" : false,
  "beforeStages" : [ {
    "name" : "pytestconfig",
    "time" : {
      "start" : 1650644237139,
      "stop" : 1650644237139,
      "duration" : 0
    },
    "status" : "passed",
    "steps" : [ ],
    "attachments" : [ ],
    "parameters" : [ ],
    "stepsCount" : 0,
    "attachmentsCount" : 0,
    "shouldDisplayMessage" : false,
    "hasContent" : false
  }, {
    "name" : "web3_client",
    "time" : {
      "start" : 1650644237139,
      "stop" : 1650644237140,
      "duration" : 1
    },
    "status" : "passed",
    "steps" : [ ],
    "attachments" : [ ],
    "parameters" : [ ],
    "stepsCount" : 0,
    "attachmentsCount" : 0,
    "shouldDisplayMessage" : false,
    "hasContent" : false
  }, {
    "name" : "allure_environment",
    "time" : {
      "start" : 1650644237140,
      "stop" : 1650644238273,
      "duration" : 1133
    },
    "status" : "passed",
    "steps" : [ ],
    "attachments" : [ ],
    "parameters" : [ ],
    "stepsCount" : 0,
    "attachmentsCount" : 0,
    "shouldDisplayMessage" : false,
    "hasContent" : false
  }, {
    "name" : "operator",
    "time" : {
      "start" : 1650644238273,
      "stop" : 1650644238274,
      "duration" : 1
    },
    "status" : "passed",
    "steps" : [ ],
    "attachments" : [ ],
    "parameters" : [ ],
    "stepsCount" : 0,
    "attachmentsCount" : 0,
    "shouldDisplayMessage" : false,
    "hasContent" : false
  }, {
    "name" : "json_rpc_client",
    "time" : {
      "start" : 1650644238273,
      "stop" : 1650644238273,
      "duration" : 0
    },
    "status" : "passed",
    "steps" : [ ],
    "attachments" : [ ],
    "parameters" : [ ],
    "stepsCount" : 0,
    "attachmentsCount" : 0,
    "shouldDisplayMessage" : false,
    "hasContent" : false
  }, {
    "name" : "faucet",
    "time" : {
      "start" : 1650644238273,
      "stop" : 1650644238273,
      "duration" : 0
    },
    "status" : "passed",
    "steps" : [ ],
    "attachments" : [ ],
    "parameters" : [ ],
    "stepsCount" : 0,
    "attachmentsCount" : 0,
    "shouldDisplayMessage" : false,
    "hasContent" : false
  }, {
    "name" : "sol_client",
    "time" : {
      "start" : 1650644238274,
      "stop" : 1650644238274,
      "duration" : 0
    },
    "status" : "passed",
    "steps" : [ ],
    "attachments" : [ ],
    "parameters" : [ ],
    "stepsCount" : 0,
    "attachmentsCount" : 0,
    "shouldDisplayMessage" : false,
    "hasContent" : false
  }, {
    "name" : "prepare_account",
    "time" : {
      "start" : 1650644419791,
      "stop" : 1650644479921,
      "duration" : 60130
    },
    "status" : "failed",
    "statusMessage" : "AssertionError\n",
    "statusTrace" : "  File \"/opt/hostedtoolcache/Python/3.9.12/x64/lib/python3.9/site-packages/pluggy/_callers.py\", line 39, in _multicall\n    res = hook_impl.function(*args)\n  File \"/opt/hostedtoolcache/Python/3.9.12/x64/lib/python3.9/site-packages/_pytest/fixtures.py\", line 1126, in pytest_fixture_setup\n    result = call_fixture_func(fixturefunc, request, kwargs)\n  File \"/opt/hostedtoolcache/Python/3.9.12/x64/lib/python3.9/site-packages/_pytest/fixtures.py\", line 925, in call_fixture_func\n    fixture_result = next(generator)\n  File \"/home/runner/work/neon-tests/neon-tests/integration/tests/conftest.py\", line 113, in prepare_account\n    faucet.request_neon(acc.address, 1000)\n  File \"/home/runner/work/neon-tests/neon-tests/utils/faucet.py\", line 16, in request_neon\n    assert resp.status_code == 200\n",
    "steps" : [ {
      "name" : "Create account for tests",
      "time" : {
        "start" : 1650644419791,
        "stop" : 1650644419795,
        "duration" : 4
      },
      "status" : "passed",
      "steps" : [ ],
      "attachments" : [ ],
      "parameters" : [ ],
      "stepsCount" : 0,
      "attachmentsCount" : 0,
      "shouldDisplayMessage" : false,
      "hasContent" : false
    }, {
      "name" : "Request 1000 NEON from faucet for 0xD8a6a8262E6fc62d924B89C7A5DE96326acE1507",
      "time" : {
        "start" : 1650644419795,
        "stop" : 1650644479920,
        "duration" : 60125
      },
      "status" : "failed",
      "statusMessage" : "AssertionError\n",
      "statusTrace" : "  File \"/home/runner/work/neon-tests/neon-tests/integration/tests/conftest.py\", line 113, in prepare_account\n    faucet.request_neon(acc.address, 1000)\n  File \"/home/runner/work/neon-tests/neon-tests/utils/faucet.py\", line 16, in request_neon\n    assert resp.status_code == 200\n",
      "steps" : [ ],
      "attachments" : [ ],
      "parameters" : [ ],
      "stepsCount" : 0,
      "attachmentsCount" : 0,
      "shouldDisplayMessage" : true,
      "hasContent" : true
    } ],
    "attachments" : [ ],
    "parameters" : [ ],
    "stepsCount" : 2,
    "attachmentsCount" : 0,
    "shouldDisplayMessage" : false,
    "hasContent" : true
  }, {
    "name" : "prepare",
    "time" : {
      "start" : 1650644479945,
      "stop" : 1650644479945,
      "duration" : 0
    },
    "status" : "passed",
    "steps" : [ ],
    "attachments" : [ ],
    "parameters" : [ ],
    "stepsCount" : 0,
    "attachmentsCount" : 0,
    "shouldDisplayMessage" : false,
    "hasContent" : false
  } ],
  "afterStages" : [ {
    "name" : "allure_environment::0",
    "time" : {
      "start" : 1650644479998,
      "stop" : 1650644479998,
      "duration" : 0
    },
    "status" : "passed",
    "steps" : [ ],
    "attachments" : [ ],
    "parameters" : [ ],
    "stepsCount" : 0,
    "attachmentsCount" : 0,
    "shouldDisplayMessage" : false,
    "hasContent" : false
  } ],
  "labels" : [ {
    "name" : "story",
    "value" : "Basic: transactions validation"
  }, {
    "name" : "parentSuite",
    "value" : "integration.tests.basic"
  }, {
    "name" : "suite",
    "value" : "test_transfers"
  }, {
    "name" : "subSuite",
    "value" : "TestTransactionsValidation"
  }, {
    "name" : "host",
    "value" : "fv-az173-890"
  }, {
    "name" : "thread",
    "value" : "1793-MainThread"
  }, {
    "name" : "framework",
    "value" : "pytest"
  }, {
    "name" : "language",
    "value" : "cpython3"
  }, {
    "name" : "package",
    "value" : "integration.tests.basic.test_transfers"
  }, {
    "name" : "resultFormat",
    "value" : "allure2"
  } ],
  "parameters" : [ {
    "name" : "expected_message",
    "value" : "'insufficient funds for transfer'"
  }, {
    "name" : "gas_limit",
    "value" : "1"
  }, {
    "name" : "gas_price",
    "value" : "18446744073709551616"
  } ],
  "links" : [ ],
  "hidden" : false,
  "retry" : false,
  "extra" : {
    "severity" : "normal",
    "retries" : [ ],
    "categories" : [ {
      "name" : "Product defects",
      "matchedStatuses" : [ ],
      "flaky" : false
    } ],
    "history" : {
      "statistic" : {
        "failed" : 4,
        "broken" : 0,
        "skipped" : 0,
        "passed" : 0,
        "unknown" : 0,
        "total" : 4
      },
      "items" : [ {
        "uid" : "95baf6e5b22de1ab",
        "reportUrl" : "https://apetrovskiy.github.io/neon-tests/release-stand/feature/25-add-cases-for-basic-operations/972//#testresult/95baf6e5b22de1ab",
        "status" : "failed",
        "statusDetails" : "AssertionError",
        "time" : {
          "start" : 1650633013585,
          "stop" : 1650633013585,
          "duration" : 0
        }
      }, {
        "uid" : "8d441d82028d6b0a",
        "reportUrl" : "https://apetrovskiy.github.io/neon-tests/release-stand/feature/25-add-cases-for-basic-operations/970//#testresult/8d441d82028d6b0a",
        "status" : "failed",
        "statusDetails" : "AssertionError",
        "time" : {
          "start" : 1650631842311,
          "stop" : 1650631842311,
          "duration" : 0
        }
      }, {
        "uid" : "a55987c4ae08b616",
        "reportUrl" : "https://apetrovskiy.github.io/neon-tests/release-stand/feature/25-add-cases-for-basic-operations/968//#testresult/a55987c4ae08b616",
        "status" : "failed",
        "statusDetails" : "AssertionError",
        "time" : {
          "start" : 1650631324026,
          "stop" : 1650631324026,
          "duration" : 0
        }
      } ]
    },
    "tags" : [ ]
  },
  "source" : "dc53b608f3df3bce.json",
  "parameterValues" : [ "'insufficient funds for transfer'", "1", "18446744073709551616" ]
}