{
  "uid" : "ef9651c4d5011711",
  "name" : "test_eth_get_transaction_by_block_number_and_index[params1-False]",
  "fullName" : "integration.tests.basic.test_rpc_calls.TestRpcCalls#test_eth_get_transaction_by_block_number_and_index",
  "historyId" : "127f84bfcc847fd23716f1b8405e9ca2",
  "time" : {
    "start" : 1650644299017,
    "stop" : 1650644299017,
    "duration" : 0
  },
  "description" : "Verify implemented rpc calls work eth_getTransactionByBlockNumberAndIndex",
  "descriptionHtml" : "<p>Verify implemented rpc calls work eth_getTransactionByBlockNumberAndIndex</p>\n",
  "status" : "failed",
  "statusMessage" : "AssertionError",
  "statusTrace" : "operator = <utils.operator.Operator object at 0x7ff30a4ba6d0>\nfaucet = <utils.faucet.Faucet object at 0x7ff30a5f2820>\nweb3_client = <utils.web3client.NeonWeb3Client object at 0x7ff30a5dd400>\n\n    @pytest.fixture(scope=\"class\")\n    def prepare_account(operator, faucet, web3_client: NeonWeb3Client):\n        \"\"\"Create new account for tests and save operator pre/post balances\"\"\"\n        with allure.step(\"Create account for tests\"):\n            acc = web3_client.eth.account.create()\n        with allure.step(f\"Request 1000 NEON from faucet for {acc.address}\"):\n>           faucet.request_neon(acc.address, 1000)\n\nintegration/tests/conftest.py:113: \n_ _ _ _ _ _ _ _ _ _ _ _ _ _ _ _ _ _ _ _ _ _ _ _ _ _ _ _ _ _ _ _ _ _ _ _ _ _ _ _ \n\nself = <utils.faucet.Faucet object at 0x7ff30a5f2820>\naddress = '0xa26396C45475c279D973E7117B1cB2e3cbb2b84e', amount = 1000\n\n    def request_neon(self, address: str, amount: int = 100):\n        assert address.startswith(\"0x\")\n        url = urllib.parse.urljoin(self._url, \"request_neon\")\n        resp = self._session.post(url, json={\"amount\": amount, \"wallet\": address})\n>       assert resp.status_code == 200\nE       AssertionError\n\nutils/faucet.py:16: AssertionError",
  "flaky" : false,
  "newFailed" : false,
  "newBroken" : false,
  "newPassed" : false,
  "retriesCount" : 0,
  "retriesStatusChange" : false,
  "beforeStages" : [ {
    "name" : "pytestconfig",
    "time" : {
      "start" : 1650644237139,
      "stop" : 1650644237139,
      "duration" : 0
    },
    "status" : "passed",
    "steps" : [ ],
    "attachments" : [ ],
    "parameters" : [ ],
    "stepsCount" : 0,
    "attachmentsCount" : 0,
    "shouldDisplayMessage" : false,
    "hasContent" : false
  }, {
    "name" : "web3_client",
    "time" : {
      "start" : 1650644237139,
      "stop" : 1650644237140,
      "duration" : 1
    },
    "status" : "passed",
    "steps" : [ ],
    "attachments" : [ ],
    "parameters" : [ ],
    "stepsCount" : 0,
    "attachmentsCount" : 0,
    "shouldDisplayMessage" : false,
    "hasContent" : false
  }, {
    "name" : "allure_environment",
    "time" : {
      "start" : 1650644237140,
      "stop" : 1650644238273,
      "duration" : 1133
    },
    "status" : "passed",
    "steps" : [ ],
    "attachments" : [ ],
    "parameters" : [ ],
    "stepsCount" : 0,
    "attachmentsCount" : 0,
    "shouldDisplayMessage" : false,
    "hasContent" : false
  }, {
    "name" : "operator",
    "time" : {
      "start" : 1650644238273,
      "stop" : 1650644238274,
      "duration" : 1
    },
    "status" : "passed",
    "steps" : [ ],
    "attachments" : [ ],
    "parameters" : [ ],
    "stepsCount" : 0,
    "attachmentsCount" : 0,
    "shouldDisplayMessage" : false,
    "hasContent" : false
  }, {
    "name" : "json_rpc_client",
    "time" : {
      "start" : 1650644238273,
      "stop" : 1650644238273,
      "duration" : 0
    },
    "status" : "passed",
    "steps" : [ ],
    "attachments" : [ ],
    "parameters" : [ ],
    "stepsCount" : 0,
    "attachmentsCount" : 0,
    "shouldDisplayMessage" : false,
    "hasContent" : false
  }, {
    "name" : "faucet",
    "time" : {
      "start" : 1650644238273,
      "stop" : 1650644238273,
      "duration" : 0
    },
    "status" : "passed",
    "steps" : [ ],
    "attachments" : [ ],
    "parameters" : [ ],
    "stepsCount" : 0,
    "attachmentsCount" : 0,
    "shouldDisplayMessage" : false,
    "hasContent" : false
  }, {
    "name" : "prepare_account",
    "time" : {
      "start" : 1650644238274,
      "stop" : 1650644298531,
      "duration" : 60257
    },
    "status" : "failed",
    "statusMessage" : "AssertionError\n",
    "statusTrace" : "  File \"/opt/hostedtoolcache/Python/3.9.12/x64/lib/python3.9/site-packages/pluggy/_callers.py\", line 39, in _multicall\n    res = hook_impl.function(*args)\n  File \"/opt/hostedtoolcache/Python/3.9.12/x64/lib/python3.9/site-packages/_pytest/fixtures.py\", line 1126, in pytest_fixture_setup\n    result = call_fixture_func(fixturefunc, request, kwargs)\n  File \"/opt/hostedtoolcache/Python/3.9.12/x64/lib/python3.9/site-packages/_pytest/fixtures.py\", line 925, in call_fixture_func\n    fixture_result = next(generator)\n  File \"/home/runner/work/neon-tests/neon-tests/integration/tests/conftest.py\", line 113, in prepare_account\n    faucet.request_neon(acc.address, 1000)\n  File \"/home/runner/work/neon-tests/neon-tests/utils/faucet.py\", line 16, in request_neon\n    assert resp.status_code == 200\n",
    "steps" : [ {
      "name" : "Create account for tests",
      "time" : {
        "start" : 1650644238274,
        "stop" : 1650644238284,
        "duration" : 10
      },
      "status" : "passed",
      "steps" : [ ],
      "attachments" : [ ],
      "parameters" : [ ],
      "stepsCount" : 0,
      "attachmentsCount" : 0,
      "shouldDisplayMessage" : false,
      "hasContent" : false
    }, {
      "name" : "Request 1000 NEON from faucet for 0xa26396C45475c279D973E7117B1cB2e3cbb2b84e",
      "time" : {
        "start" : 1650644238285,
        "stop" : 1650644298531,
        "duration" : 60246
      },
      "status" : "failed",
      "statusMessage" : "AssertionError\n",
      "statusTrace" : "  File \"/home/runner/work/neon-tests/neon-tests/integration/tests/conftest.py\", line 113, in prepare_account\n    faucet.request_neon(acc.address, 1000)\n  File \"/home/runner/work/neon-tests/neon-tests/utils/faucet.py\", line 16, in request_neon\n    assert resp.status_code == 200\n",
      "steps" : [ ],
      "attachments" : [ ],
      "parameters" : [ ],
      "stepsCount" : 0,
      "attachmentsCount" : 0,
      "shouldDisplayMessage" : true,
      "hasContent" : true
    } ],
    "attachments" : [ ],
    "parameters" : [ ],
    "stepsCount" : 2,
    "attachmentsCount" : 0,
    "shouldDisplayMessage" : false,
    "hasContent" : true
  }, {
    "name" : "sol_client",
    "time" : {
      "start" : 1650644238274,
      "stop" : 1650644238274,
      "duration" : 0
    },
    "status" : "passed",
    "steps" : [ ],
    "attachments" : [ ],
    "parameters" : [ ],
    "stepsCount" : 0,
    "attachmentsCount" : 0,
    "shouldDisplayMessage" : false,
    "hasContent" : false
  }, {
    "name" : "prepare",
    "time" : {
      "start" : 1650644299018,
      "stop" : 1650644299018,
      "duration" : 0
    },
    "status" : "passed",
    "steps" : [ ],
    "attachments" : [ ],
    "parameters" : [ ],
    "stepsCount" : 0,
    "attachmentsCount" : 0,
    "shouldDisplayMessage" : false,
    "hasContent" : false
  } ],
  "afterStages" : [ {
    "name" : "allure_environment::0",
    "time" : {
      "start" : 1650644479998,
      "stop" : 1650644479998,
      "duration" : 0
    },
    "status" : "passed",
    "steps" : [ ],
    "attachments" : [ ],
    "parameters" : [ ],
    "stepsCount" : 0,
    "attachmentsCount" : 0,
    "shouldDisplayMessage" : false,
    "hasContent" : false
  } ],
  "labels" : [ {
    "name" : "story",
    "value" : "Basic: Json-RPC call tests"
  }, {
    "name" : "parentSuite",
    "value" : "integration.tests.basic"
  }, {
    "name" : "suite",
    "value" : "test_rpc_calls"
  }, {
    "name" : "subSuite",
    "value" : "TestRpcCalls"
  }, {
    "name" : "host",
    "value" : "fv-az173-890"
  }, {
    "name" : "thread",
    "value" : "1793-MainThread"
  }, {
    "name" : "framework",
    "value" : "pytest"
  }, {
    "name" : "language",
    "value" : "cpython3"
  }, {
    "name" : "package",
    "value" : "integration.tests.basic.test_rpc_calls"
  }, {
    "name" : "resultFormat",
    "value" : "allure2"
  } ],
  "parameters" : [ {
    "name" : "params",
    "value" : "['earliest', 0]"
  }, {
    "name" : "raises",
    "value" : "False"
  } ],
  "links" : [ ],
  "hidden" : false,
  "retry" : false,
  "extra" : {
    "severity" : "normal",
    "retries" : [ ],
    "categories" : [ {
      "name" : "Product defects",
      "matchedStatuses" : [ ],
      "flaky" : false
    } ],
    "history" : {
      "statistic" : {
        "failed" : 5,
        "broken" : 0,
        "skipped" : 0,
        "passed" : 0,
        "unknown" : 0,
        "total" : 5
      },
      "items" : [ {
        "uid" : "bb5b20502392c0f9",
        "reportUrl" : "https://apetrovskiy.github.io/neon-tests/release-stand/feature/25-add-cases-for-basic-operations/972//#testresult/bb5b20502392c0f9",
        "status" : "failed",
        "statusDetails" : "AssertionError",
        "time" : {
          "start" : 1650632832388,
          "stop" : 1650632832388,
          "duration" : 0
        }
      }, {
        "uid" : "14ed511034ee2bac",
        "reportUrl" : "https://apetrovskiy.github.io/neon-tests/release-stand/feature/25-add-cases-for-basic-operations/970//#testresult/14ed511034ee2bac",
        "status" : "failed",
        "statusDetails" : "AssertionError",
        "time" : {
          "start" : 1650631661401,
          "stop" : 1650631661401,
          "duration" : 0
        }
      }, {
        "uid" : "e61cd6f7025a87d7",
        "reportUrl" : "https://apetrovskiy.github.io/neon-tests/release-stand/feature/25-add-cases-for-basic-operations/968//#testresult/e61cd6f7025a87d7",
        "status" : "failed",
        "statusDetails" : "AssertionError",
        "time" : {
          "start" : 1650631143088,
          "stop" : 1650631143088,
          "duration" : 0
        }
      }, {
        "uid" : "188e42b2731117ae",
        "reportUrl" : "https://apetrovskiy.github.io/neon-tests/release-stand/feature/25-add-cases-for-basic-operations/964//#testresult/188e42b2731117ae",
        "status" : "failed",
        "statusDetails" : "AssertionError",
        "time" : {
          "start" : 1650623738126,
          "stop" : 1650623738126,
          "duration" : 0
        }
      } ]
    },
    "tags" : [ ]
  },
  "source" : "ef9651c4d5011711.json",
  "parameterValues" : [ "['earliest', 0]", "False" ]
}