{
  "uid" : "3949ebb0e828ae90",
  "name" : "test_send_more_than_exist_on_account_neon[10000.1]",
  "fullName" : "integration.tests.basic.test_transfers.TestTransfer#test_send_more_than_exist_on_account_neon",
  "historyId" : "846952fe5ae186a491ca35d8b8adc7c4",
  "time" : {
    "start" : 1650228139280,
    "stop" : 1650228139932,
    "duration" : 652
  },
  "description" : "Send more than exist on account: neon",
  "descriptionHtml" : "<p>Send more than exist on account: neon</p>\n",
  "status" : "failed",
  "statusMessage" : "AssertionError: Expected insufficient funds for transfer to be in <ExceptionInfo ValueError({'code': -32000, 'message': 'Expecting value: line 1 column 1 (char 0)'}) tblen=6>",
  "statusTrace" : "self = <integration.tests.basic.test_transfers.TestTransfer object at 0x7feb99b7d370>\namount = 10000.1, prepare_accounts = None\n\n    @pytest.mark.parametrize(\"amount\", WRONG_TRANSFER_AMOUNT_DATA)\n    def test_send_more_than_exist_on_account_neon(self, amount: Union[int,\n                                                                      float],\n                                                  prepare_accounts):\n        \"\"\"Send more than exist on account: neon\"\"\"\n    \n>       self.check_value_error_if_less_than_required(self.sender_account,\n                                                     self.recipient_account,\n                                                     amount)\n\nintegration/tests/basic/test_transfers.py:53: \n_ _ _ _ _ _ _ _ _ _ _ _ _ _ _ _ _ _ _ _ _ _ _ _ _ _ _ _ _ _ _ _ _ _ _ _ _ _ _ _ \nintegration/tests/basic/helpers/basic.py:119: in check_value_error_if_less_than_required\n    return self.process_transaction_with_failure(\n_ _ _ _ _ _ _ _ _ _ _ _ _ _ _ _ _ _ _ _ _ _ _ _ _ _ _ _ _ _ _ _ _ _ _ _ _ _ _ _ \n\nself = <integration.tests.basic.test_transfers.TestTransfer object at 0x7feb99b7d370>\nsender_account = <eth_account.signers.local.LocalAccount object at 0x7feb99ec38b0>\nrecipient_account = <eth_account.signers.local.LocalAccount object at 0x7feb99ec3c40>\namount = 10000.1, gas = 0, gas_price = None\nerror_message = 'insufficient funds for transfer'\n\n    def process_transaction_with_failure(\n            self,\n            sender_account: Account,\n            recipient_account: Union[Account, AccountData],\n            amount: int,\n            gas: Optional[int] = 0,\n            gas_price: Optional[int] = None,\n            error_message: str = \"\") -> Union[web3.types.TxReceipt, None]:\n        '''Processes transaction, expects a failure'''\n    \n        tx: Union[web3.types.TxReceipt, None] = None\n        with allure.step(\n                f\"Sending {amount} from {sender_account.address} to {recipient_account.address}\"\n        ):\n            with pytest.raises(Exception) as error_info:\n                tx = self.web3_client.send_neon(sender_account,\n                                                recipient_account, amount, gas,\n                                                gas_price)\n    \n            if error_info != None:\n    \n                if error_message:\n>                   assert error_message in str(\n                        error_info), f\"Expected {error_message} to be in {error_info}\"\nE                   AssertionError: Expected insufficient funds for transfer to be in <ExceptionInfo ValueError({'code': -32000, 'message': 'Expecting value: line 1 column 1 (char 0)'}) tblen=6>\n\nintegration/tests/basic/helpers/basic.py:109: AssertionError",
  "flaky" : false,
  "newFailed" : false,
  "newBroken" : false,
  "newPassed" : false,
  "retriesCount" : 0,
  "retriesStatusChange" : false,
  "beforeStages" : [ {
    "name" : "pytestconfig",
    "time" : {
      "start" : 1650227993520,
      "stop" : 1650227993520,
      "duration" : 0
    },
    "status" : "passed",
    "steps" : [ ],
    "attachments" : [ ],
    "parameters" : [ ],
    "stepsCount" : 0,
    "attachmentsCount" : 0,
    "shouldDisplayMessage" : false,
    "hasContent" : false
  }, {
    "name" : "web3_client",
    "time" : {
      "start" : 1650227993520,
      "stop" : 1650227993522,
      "duration" : 2
    },
    "status" : "passed",
    "steps" : [ ],
    "attachments" : [ ],
    "parameters" : [ ],
    "stepsCount" : 0,
    "attachmentsCount" : 0,
    "shouldDisplayMessage" : false,
    "hasContent" : false
  }, {
    "name" : "allure_environment",
    "time" : {
      "start" : 1650227993522,
      "stop" : 1650227994490,
      "duration" : 968
    },
    "status" : "passed",
    "steps" : [ ],
    "attachments" : [ ],
    "parameters" : [ ],
    "stepsCount" : 0,
    "attachmentsCount" : 0,
    "shouldDisplayMessage" : false,
    "hasContent" : false
  }, {
    "name" : "faucet",
    "time" : {
      "start" : 1650227994490,
      "stop" : 1650227994490,
      "duration" : 0
    },
    "status" : "passed",
    "steps" : [ ],
    "attachments" : [ ],
    "parameters" : [ ],
    "stepsCount" : 0,
    "attachmentsCount" : 0,
    "shouldDisplayMessage" : false,
    "hasContent" : false
  }, {
    "name" : "jsonrpc_requester",
    "time" : {
      "start" : 1650227994491,
      "stop" : 1650227994491,
      "duration" : 0
    },
    "status" : "passed",
    "steps" : [ ],
    "attachments" : [ ],
    "parameters" : [ ],
    "stepsCount" : 0,
    "attachmentsCount" : 0,
    "shouldDisplayMessage" : false,
    "hasContent" : false
  }, {
    "name" : "operator",
    "time" : {
      "start" : 1650227994491,
      "stop" : 1650227994491,
      "duration" : 0
    },
    "status" : "passed",
    "steps" : [ ],
    "attachments" : [ ],
    "parameters" : [ ],
    "stepsCount" : 0,
    "attachmentsCount" : 0,
    "shouldDisplayMessage" : false,
    "hasContent" : false
  }, {
    "name" : "sol_client",
    "time" : {
      "start" : 1650227994491,
      "stop" : 1650227994491,
      "duration" : 0
    },
    "status" : "passed",
    "steps" : [ ],
    "attachments" : [ ],
    "parameters" : [ ],
    "stepsCount" : 0,
    "attachmentsCount" : 0,
    "shouldDisplayMessage" : false,
    "hasContent" : false
  }, {
    "name" : "prepare_account",
    "time" : {
      "start" : 1650228126430,
      "stop" : 1650228127681,
      "duration" : 1251
    },
    "status" : "passed",
    "steps" : [ {
      "name" : "Create account for tests",
      "time" : {
        "start" : 1650228126430,
        "stop" : 1650228126434,
        "duration" : 4
      },
      "status" : "passed",
      "steps" : [ ],
      "attachments" : [ ],
      "parameters" : [ ],
      "stepsCount" : 0,
      "attachmentsCount" : 0,
      "shouldDisplayMessage" : false,
      "hasContent" : false
    }, {
      "name" : "Request 1000 NEON from faucet for 0xFd33cCDF9D468bED2A38e0E45057e1aD9EF54323",
      "time" : {
        "start" : 1650228126434,
        "stop" : 1650228127191,
        "duration" : 757
      },
      "status" : "passed",
      "steps" : [ ],
      "attachments" : [ ],
      "parameters" : [ ],
      "stepsCount" : 0,
      "attachmentsCount" : 0,
      "shouldDisplayMessage" : false,
      "hasContent" : false
    }, {
      "name" : "Operator initial balance: 956358345.0 NEON 4885.77277204 SOL",
      "time" : {
        "start" : 1650228127681,
        "stop" : 1650228127681,
        "duration" : 0
      },
      "status" : "passed",
      "steps" : [ ],
      "attachments" : [ ],
      "parameters" : [ ],
      "stepsCount" : 0,
      "attachmentsCount" : 0,
      "shouldDisplayMessage" : false,
      "hasContent" : false
    } ],
    "attachments" : [ ],
    "parameters" : [ ],
    "stepsCount" : 3,
    "attachmentsCount" : 0,
    "shouldDisplayMessage" : false,
    "hasContent" : true
  }, {
    "name" : "prepare_accounts",
    "time" : {
      "start" : 1650228138014,
      "stop" : 1650228139279,
      "duration" : 1265
    },
    "status" : "passed",
    "steps" : [ ],
    "attachments" : [ ],
    "parameters" : [ ],
    "stepsCount" : 0,
    "attachmentsCount" : 0,
    "shouldDisplayMessage" : false,
    "hasContent" : false
  }, {
    "name" : "prepare_json_rpc_requester",
    "time" : {
      "start" : 1650228138014,
      "stop" : 1650228138014,
      "duration" : 0
    },
    "status" : "passed",
    "steps" : [ ],
    "attachments" : [ ],
    "parameters" : [ ],
    "stepsCount" : 0,
    "attachmentsCount" : 0,
    "shouldDisplayMessage" : false,
    "hasContent" : false
  }, {
    "name" : "prepare_account",
    "time" : {
      "start" : 1650228138014,
      "stop" : 1650228138014,
      "duration" : 0
    },
    "status" : "passed",
    "steps" : [ ],
    "attachments" : [ ],
    "parameters" : [ ],
    "stepsCount" : 0,
    "attachmentsCount" : 0,
    "shouldDisplayMessage" : false,
    "hasContent" : false
  }, {
    "name" : "prepare",
    "time" : {
      "start" : 1650228138014,
      "stop" : 1650228138014,
      "duration" : 0
    },
    "status" : "passed",
    "steps" : [ ],
    "attachments" : [ ],
    "parameters" : [ ],
    "stepsCount" : 0,
    "attachmentsCount" : 0,
    "shouldDisplayMessage" : false,
    "hasContent" : false
  } ],
  "testStage" : {
    "description" : "Send more than exist on account: neon",
    "status" : "failed",
    "statusMessage" : "AssertionError: Expected insufficient funds for transfer to be in <ExceptionInfo ValueError({'code': -32000, 'message': 'Expecting value: line 1 column 1 (char 0)'}) tblen=6>",
    "statusTrace" : "self = <integration.tests.basic.test_transfers.TestTransfer object at 0x7feb99b7d370>\namount = 10000.1, prepare_accounts = None\n\n    @pytest.mark.parametrize(\"amount\", WRONG_TRANSFER_AMOUNT_DATA)\n    def test_send_more_than_exist_on_account_neon(self, amount: Union[int,\n                                                                      float],\n                                                  prepare_accounts):\n        \"\"\"Send more than exist on account: neon\"\"\"\n    \n>       self.check_value_error_if_less_than_required(self.sender_account,\n                                                     self.recipient_account,\n                                                     amount)\n\nintegration/tests/basic/test_transfers.py:53: \n_ _ _ _ _ _ _ _ _ _ _ _ _ _ _ _ _ _ _ _ _ _ _ _ _ _ _ _ _ _ _ _ _ _ _ _ _ _ _ _ \nintegration/tests/basic/helpers/basic.py:119: in check_value_error_if_less_than_required\n    return self.process_transaction_with_failure(\n_ _ _ _ _ _ _ _ _ _ _ _ _ _ _ _ _ _ _ _ _ _ _ _ _ _ _ _ _ _ _ _ _ _ _ _ _ _ _ _ \n\nself = <integration.tests.basic.test_transfers.TestTransfer object at 0x7feb99b7d370>\nsender_account = <eth_account.signers.local.LocalAccount object at 0x7feb99ec38b0>\nrecipient_account = <eth_account.signers.local.LocalAccount object at 0x7feb99ec3c40>\namount = 10000.1, gas = 0, gas_price = None\nerror_message = 'insufficient funds for transfer'\n\n    def process_transaction_with_failure(\n            self,\n            sender_account: Account,\n            recipient_account: Union[Account, AccountData],\n            amount: int,\n            gas: Optional[int] = 0,\n            gas_price: Optional[int] = None,\n            error_message: str = \"\") -> Union[web3.types.TxReceipt, None]:\n        '''Processes transaction, expects a failure'''\n    \n        tx: Union[web3.types.TxReceipt, None] = None\n        with allure.step(\n                f\"Sending {amount} from {sender_account.address} to {recipient_account.address}\"\n        ):\n            with pytest.raises(Exception) as error_info:\n                tx = self.web3_client.send_neon(sender_account,\n                                                recipient_account, amount, gas,\n                                                gas_price)\n    \n            if error_info != None:\n    \n                if error_message:\n>                   assert error_message in str(\n                        error_info), f\"Expected {error_message} to be in {error_info}\"\nE                   AssertionError: Expected insufficient funds for transfer to be in <ExceptionInfo ValueError({'code': -32000, 'message': 'Expecting value: line 1 column 1 (char 0)'}) tblen=6>\n\nintegration/tests/basic/helpers/basic.py:109: AssertionError",
    "steps" : [ {
      "name" : "Sending 10000.1 from 0x71ae12563558f17Bd464f60af8C2B85749924Dea to 0x8Ba46326099caE2243BD2A916606d8F2528a8460",
      "time" : {
        "start" : 1650228139280,
        "stop" : 1650228139931,
        "duration" : 651
      },
      "status" : "failed",
      "statusMessage" : "AssertionError: Expected insufficient funds for transfer to be in <ExceptionInfo ValueError({'code': -32000, 'message': 'Expecting value: line 1 column 1 (char 0)'}) tblen=6>\n",
      "statusTrace" : "  File \"/home/runner/work/neon-tests/neon-tests/integration/tests/basic/helpers/basic.py\", line 109, in process_transaction_with_failure\n    assert error_message in str(\n",
      "steps" : [ ],
      "attachments" : [ ],
      "parameters" : [ ],
      "stepsCount" : 0,
      "attachmentsCount" : 0,
      "shouldDisplayMessage" : true,
      "hasContent" : true
    } ],
    "attachments" : [ ],
    "parameters" : [ ],
    "stepsCount" : 1,
    "attachmentsCount" : 0,
    "shouldDisplayMessage" : true,
    "hasContent" : true
  },
  "afterStages" : [ {
    "name" : "prepare_accounts::0",
    "time" : {
      "start" : 1650228139942,
      "stop" : 1650228139942,
      "duration" : 0
    },
    "status" : "passed",
    "steps" : [ ],
    "attachments" : [ ],
    "parameters" : [ ],
    "stepsCount" : 0,
    "attachmentsCount" : 0,
    "shouldDisplayMessage" : false,
    "hasContent" : false
  }, {
    "name" : "prepare_account::0",
    "time" : {
      "start" : 1650228148507,
      "stop" : 1650228149128,
      "duration" : 621
    },
    "status" : "passed",
    "steps" : [ {
      "name" : "Operator end balance: 956356130.0 NEON 4885.70550332 SOL",
      "time" : {
        "start" : 1650228148999,
        "stop" : 1650228148999,
        "duration" : 0
      },
      "status" : "passed",
      "steps" : [ ],
      "attachments" : [ ],
      "parameters" : [ ],
      "stepsCount" : 0,
      "attachmentsCount" : 0,
      "shouldDisplayMessage" : false,
      "hasContent" : false
    }, {
      "name" : "Account end balance: 1000 NEON",
      "time" : {
        "start" : 1650228149128,
        "stop" : 1650228149128,
        "duration" : 0
      },
      "status" : "passed",
      "steps" : [ ],
      "attachments" : [ ],
      "parameters" : [ ],
      "stepsCount" : 0,
      "attachmentsCount" : 0,
      "shouldDisplayMessage" : false,
      "hasContent" : false
    } ],
    "attachments" : [ ],
    "parameters" : [ ],
    "stepsCount" : 2,
    "attachmentsCount" : 0,
    "shouldDisplayMessage" : false,
    "hasContent" : true
  }, {
    "name" : "allure_environment::0",
    "time" : {
      "start" : 1650228176874,
      "stop" : 1650228176874,
      "duration" : 0
    },
    "status" : "passed",
    "steps" : [ ],
    "attachments" : [ ],
    "parameters" : [ ],
    "stepsCount" : 0,
    "attachmentsCount" : 0,
    "shouldDisplayMessage" : false,
    "hasContent" : false
  } ],
  "labels" : [ {
    "name" : "story",
    "value" : "Basic: transfer tests"
  }, {
    "name" : "parentSuite",
    "value" : "integration.tests.basic"
  }, {
    "name" : "suite",
    "value" : "test_transfers"
  }, {
    "name" : "subSuite",
    "value" : "TestTransfer"
  }, {
    "name" : "host",
    "value" : "fv-az173-103"
  }, {
    "name" : "thread",
    "value" : "1964-MainThread"
  }, {
    "name" : "framework",
    "value" : "pytest"
  }, {
    "name" : "language",
    "value" : "cpython3"
  }, {
    "name" : "package",
    "value" : "integration.tests.basic.test_transfers"
  }, {
    "name" : "resultFormat",
    "value" : "allure2"
  } ],
  "parameters" : [ {
    "name" : "amount",
    "value" : "10000.1"
  } ],
  "links" : [ ],
  "hidden" : false,
  "retry" : false,
  "extra" : {
    "severity" : "normal",
    "retries" : [ ],
    "categories" : [ {
      "name" : "Product defects",
      "matchedStatuses" : [ ],
      "flaky" : false
    } ],
    "tags" : [ ]
  },
  "source" : "3949ebb0e828ae90.json",
  "parameterValues" : [ "10000.1" ]
}