{
  "uid" : "94f1ad7929a0c7dd",
  "name" : "test_rpc_call_eht_getStorageAt",
  "fullName" : "integration.tests.basic.test_rpc_calls.TestRpcCalls#test_rpc_call_eht_getStorageAt",
  "historyId" : "3871bcb3a5059c215f869de8029488a4",
  "time" : {
    "start" : 1647934834714,
    "stop" : 1647934834714,
    "duration" : 0
  },
  "description" : "Verify implemented rpc calls work eht_getStorageAt",
  "descriptionHtml" : "<p>Verify implemented rpc calls work eht_getStorageAt</p>\n",
  "status" : "skipped",
  "statusMessage" : "Skipped: no contracts are yet done",
  "statusTrace" : "('/home/runner/work/neon-tests/neon-tests/integration/tests/basic/test_rpc_calls.py', 163, 'Skipped: no contracts are yet done')",
  "flaky" : false,
  "newFailed" : false,
  "newBroken" : false,
  "newPassed" : false,
  "retriesCount" : 0,
  "retriesStatusChange" : false,
  "beforeStages" : [ {
    "name" : "pytestconfig",
    "time" : {
      "start" : 1647934833899,
      "stop" : 1647934833900,
      "duration" : 1
    },
    "status" : "passed",
    "steps" : [ ],
    "attachments" : [ ],
    "parameters" : [ ],
    "stepsCount" : 0,
    "attachmentsCount" : 0,
    "shouldDisplayMessage" : false,
    "hasContent" : false
  }, {
    "name" : "web3_client",
    "time" : {
      "start" : 1647934833900,
      "stop" : 1647934833901,
      "duration" : 1
    },
    "status" : "passed",
    "steps" : [ ],
    "attachments" : [ ],
    "parameters" : [ ],
    "stepsCount" : 0,
    "attachmentsCount" : 0,
    "shouldDisplayMessage" : false,
    "hasContent" : false
  }, {
    "name" : "allure_environment",
    "time" : {
      "start" : 1647934833901,
      "stop" : 1647934834414,
      "duration" : 513
    },
    "status" : "passed",
    "steps" : [ ],
    "attachments" : [ ],
    "parameters" : [ ],
    "stepsCount" : 0,
    "attachmentsCount" : 0,
    "shouldDisplayMessage" : false,
    "hasContent" : false
  }, {
    "name" : "faucet",
    "time" : {
      "start" : 1647934834414,
      "stop" : 1647934834414,
      "duration" : 0
    },
    "status" : "passed",
    "steps" : [ ],
    "attachments" : [ ],
    "parameters" : [ ],
    "stepsCount" : 0,
    "attachmentsCount" : 0,
    "shouldDisplayMessage" : false,
    "hasContent" : false
  }, {
    "name" : "jsonrpc_requester",
    "time" : {
      "start" : 1647934834414,
      "stop" : 1647934834414,
      "duration" : 0
    },
    "status" : "passed",
    "steps" : [ ],
    "attachments" : [ ],
    "parameters" : [ ],
    "stepsCount" : 0,
    "attachmentsCount" : 0,
    "shouldDisplayMessage" : false,
    "hasContent" : false
  }, {
    "name" : "sol_client",
    "time" : {
      "start" : 1647934834415,
      "stop" : 1647934834415,
      "duration" : 0
    },
    "status" : "passed",
    "steps" : [ ],
    "attachments" : [ ],
    "parameters" : [ ],
    "stepsCount" : 0,
    "attachmentsCount" : 0,
    "shouldDisplayMessage" : false,
    "hasContent" : false
  }, {
    "name" : "operator",
    "time" : {
      "start" : 1647934834415,
      "stop" : 1647934834415,
      "duration" : 0
    },
    "status" : "passed",
    "steps" : [ ],
    "attachments" : [ ],
    "parameters" : [ ],
    "stepsCount" : 0,
    "attachmentsCount" : 0,
    "shouldDisplayMessage" : false,
    "hasContent" : false
  }, {
    "name" : "prepare_account",
    "time" : {
      "start" : 1647934834615,
      "stop" : 1647934834632,
      "duration" : 17
    },
    "status" : "failed",
    "statusMessage" : "AssertionError\n",
    "statusTrace" : "  File \"/opt/hostedtoolcache/Python/3.9.10/x64/lib/python3.9/site-packages/pluggy/_callers.py\", line 39, in _multicall\n    res = hook_impl.function(*args)\n  File \"/opt/hostedtoolcache/Python/3.9.10/x64/lib/python3.9/site-packages/_pytest/fixtures.py\", line 1126, in pytest_fixture_setup\n    result = call_fixture_func(fixturefunc, request, kwargs)\n  File \"/opt/hostedtoolcache/Python/3.9.10/x64/lib/python3.9/site-packages/_pytest/fixtures.py\", line 925, in call_fixture_func\n    fixture_result = next(generator)\n  File \"/home/runner/work/neon-tests/neon-tests/integration/tests/conftest.py\", line 115, in prepare_account\n    faucet.request_neon(acc.address, 1000)\n  File \"/home/runner/work/neon-tests/neon-tests/utils/faucet.py\", line 16, in request_neon\n    assert resp.status_code == 200\n",
    "steps" : [ {
      "name" : "Create account for tests",
      "time" : {
        "start" : 1647934834615,
        "stop" : 1647934834619,
        "duration" : 4
      },
      "status" : "passed",
      "steps" : [ ],
      "attachments" : [ ],
      "parameters" : [ ],
      "stepsCount" : 0,
      "attachmentsCount" : 0,
      "shouldDisplayMessage" : false,
      "hasContent" : false
    }, {
      "name" : "Request 1000 NEON from faucet for 0x364fb7Cc50Da740E7B7c459Be1739752514E29F3",
      "time" : {
        "start" : 1647934834619,
        "stop" : 1647934834632,
        "duration" : 13
      },
      "status" : "failed",
      "statusMessage" : "AssertionError\n",
      "statusTrace" : "  File \"/home/runner/work/neon-tests/neon-tests/integration/tests/conftest.py\", line 115, in prepare_account\n    faucet.request_neon(acc.address, 1000)\n  File \"/home/runner/work/neon-tests/neon-tests/utils/faucet.py\", line 16, in request_neon\n    assert resp.status_code == 200\n",
      "steps" : [ ],
      "attachments" : [ ],
      "parameters" : [ ],
      "stepsCount" : 0,
      "attachmentsCount" : 0,
      "shouldDisplayMessage" : true,
      "hasContent" : true
    } ],
    "attachments" : [ ],
    "parameters" : [ ],
    "stepsCount" : 2,
    "attachmentsCount" : 0,
    "shouldDisplayMessage" : false,
    "hasContent" : true
  }, {
    "name" : "prepare",
    "time" : {
      "start" : 1647934834716,
      "stop" : 1647934834716,
      "duration" : 0
    },
    "status" : "passed",
    "steps" : [ ],
    "attachments" : [ ],
    "parameters" : [ ],
    "stepsCount" : 0,
    "attachmentsCount" : 0,
    "shouldDisplayMessage" : false,
    "hasContent" : false
  } ],
  "afterStages" : [ {
    "name" : "allure_environment::0",
    "time" : {
      "start" : 1647934835026,
      "stop" : 1647934835026,
      "duration" : 0
    },
    "status" : "passed",
    "steps" : [ ],
    "attachments" : [ ],
    "parameters" : [ ],
    "stepsCount" : 0,
    "attachmentsCount" : 0,
    "shouldDisplayMessage" : false,
    "hasContent" : false
  } ],
  "labels" : [ {
    "name" : "story",
    "value" : "Basic: Json-RPC call tests"
  }, {
    "name" : "tag",
    "value" : "@pytest.mark.skip('no contracts are yet done')"
  }, {
    "name" : "parentSuite",
    "value" : "integration.tests.basic"
  }, {
    "name" : "suite",
    "value" : "test_rpc_calls"
  }, {
    "name" : "subSuite",
    "value" : "TestRpcCalls"
  }, {
    "name" : "host",
    "value" : "fv-az193-519"
  }, {
    "name" : "thread",
    "value" : "1896-MainThread"
  }, {
    "name" : "framework",
    "value" : "pytest"
  }, {
    "name" : "language",
    "value" : "cpython3"
  }, {
    "name" : "package",
    "value" : "integration.tests.basic.test_rpc_calls"
  }, {
    "name" : "resultFormat",
    "value" : "allure2"
  } ],
  "parameters" : [ ],
  "links" : [ ],
  "hidden" : false,
  "retry" : false,
  "extra" : {
    "severity" : "normal",
    "retries" : [ ],
    "categories" : [ ],
    "tags" : [ "@pytest.mark.skip('no contracts are yet done')" ]
  },
  "source" : "94f1ad7929a0c7dd.json",
  "parameterValues" : [ ]
}