{
  "uid" : "7499e17108a620d1",
  "name" : "test_generate_bad_sign[0-18446744073709551616-insufficient funds for transfer]",
  "fullName" : "integration.tests.basic.test_transfers.TestTransactionsValidation#test_generate_bad_sign",
  "historyId" : "c997e97addd3955860db880961b20111",
  "time" : {
    "start" : 1650479456819,
    "stop" : 1650479456819,
    "duration" : 0
  },
  "description" : "Generate bad sign (when v, r, s over allowed size)\n        Too low gas_limit\n        Too high gas_limit > u64::max\n        Too high gas_limit > u64::max\n        Too high gas_price > u64::max\n        Too high gas_limit * gas_price > u64::max\n        ",
  "descriptionHtml" : "<p>Generate bad sign (when v, r, s over allowed size)<br />\nToo low gas_limit<br />\nToo high gas_limit &gt; u64::max<br />\nToo high gas_limit &gt; u64::max<br />\nToo high gas_price &gt; u64::max<br />\nToo high gas_limit * gas_price &gt; u64::max</p>\n",
  "status" : "failed",
  "statusMessage" : "AssertionError",
  "statusTrace" : "operator = <utils.operator.Operator object at 0x7feb03d2f100>\nfaucet = <utils.faucet.Faucet object at 0x7feb03d339d0>\nweb3_client = <utils.web3client.NeonWeb3Client object at 0x7feb03d33c70>\n\n    @pytest.fixture(scope=\"class\")\n    def prepare_account(operator, faucet, web3_client: NeonWeb3Client):\n        \"\"\"Create new account for tests and save operator pre/post balances\"\"\"\n        with allure.step(\"Create account for tests\"):\n            acc = web3_client.eth.account.create()\n        with allure.step(f\"Request 1000 NEON from faucet for {acc.address}\"):\n>           faucet.request_neon(acc.address, 1000)\n\nintegration/tests/conftest.py:115: \n_ _ _ _ _ _ _ _ _ _ _ _ _ _ _ _ _ _ _ _ _ _ _ _ _ _ _ _ _ _ _ _ _ _ _ _ _ _ _ _ \n\nself = <utils.faucet.Faucet object at 0x7feb03d339d0>\naddress = '0x90b0A8A2fBd0487da0d1D4Da665570d318981D24', amount = 1000\n\n    def request_neon(self, address: str, amount: int = 100):\n        assert address.startswith(\"0x\")\n        url = urllib.parse.urljoin(self._url, \"request_neon\")\n        resp = self._session.post(url, json={\"amount\": amount, \"wallet\": address})\n>       assert resp.status_code == 200\nE       AssertionError\n\nutils/faucet.py:16: AssertionError",
  "flaky" : false,
  "newFailed" : false,
  "newBroken" : false,
  "newPassed" : false,
  "retriesCount" : 0,
  "retriesStatusChange" : false,
  "beforeStages" : [ {
    "name" : "pytestconfig",
    "time" : {
      "start" : 1650479095052,
      "stop" : 1650479095052,
      "duration" : 0
    },
    "status" : "passed",
    "steps" : [ ],
    "attachments" : [ ],
    "parameters" : [ ],
    "stepsCount" : 0,
    "attachmentsCount" : 0,
    "shouldDisplayMessage" : false,
    "hasContent" : false
  }, {
    "name" : "web3_client",
    "time" : {
      "start" : 1650479095052,
      "stop" : 1650479095054,
      "duration" : 2
    },
    "status" : "passed",
    "steps" : [ ],
    "attachments" : [ ],
    "parameters" : [ ],
    "stepsCount" : 0,
    "attachmentsCount" : 0,
    "shouldDisplayMessage" : false,
    "hasContent" : false
  }, {
    "name" : "allure_environment",
    "time" : {
      "start" : 1650479095054,
      "stop" : 1650479095626,
      "duration" : 572
    },
    "status" : "passed",
    "steps" : [ ],
    "attachments" : [ ],
    "parameters" : [ ],
    "stepsCount" : 0,
    "attachmentsCount" : 0,
    "shouldDisplayMessage" : false,
    "hasContent" : false
  }, {
    "name" : "sol_client",
    "time" : {
      "start" : 1650479095626,
      "stop" : 1650479095627,
      "duration" : 1
    },
    "status" : "passed",
    "steps" : [ ],
    "attachments" : [ ],
    "parameters" : [ ],
    "stepsCount" : 0,
    "attachmentsCount" : 0,
    "shouldDisplayMessage" : false,
    "hasContent" : false
  }, {
    "name" : "jsonrpc_requester",
    "time" : {
      "start" : 1650479095626,
      "stop" : 1650479095626,
      "duration" : 0
    },
    "status" : "passed",
    "steps" : [ ],
    "attachments" : [ ],
    "parameters" : [ ],
    "stepsCount" : 0,
    "attachmentsCount" : 0,
    "shouldDisplayMessage" : false,
    "hasContent" : false
  }, {
    "name" : "faucet",
    "time" : {
      "start" : 1650479095626,
      "stop" : 1650479095626,
      "duration" : 0
    },
    "status" : "passed",
    "steps" : [ ],
    "attachments" : [ ],
    "parameters" : [ ],
    "stepsCount" : 0,
    "attachmentsCount" : 0,
    "shouldDisplayMessage" : false,
    "hasContent" : false
  }, {
    "name" : "operator",
    "time" : {
      "start" : 1650479095626,
      "stop" : 1650479095626,
      "duration" : 0
    },
    "status" : "passed",
    "steps" : [ ],
    "attachments" : [ ],
    "parameters" : [ ],
    "stepsCount" : 0,
    "attachmentsCount" : 0,
    "shouldDisplayMessage" : false,
    "hasContent" : false
  }, {
    "name" : "prepare_account",
    "time" : {
      "start" : 1650479396706,
      "stop" : 1650479456803,
      "duration" : 60097
    },
    "status" : "failed",
    "statusMessage" : "AssertionError\n",
    "statusTrace" : "  File \"/opt/hostedtoolcache/Python/3.9.12/x64/lib/python3.9/site-packages/pluggy/_callers.py\", line 39, in _multicall\n    res = hook_impl.function(*args)\n  File \"/opt/hostedtoolcache/Python/3.9.12/x64/lib/python3.9/site-packages/_pytest/fixtures.py\", line 1126, in pytest_fixture_setup\n    result = call_fixture_func(fixturefunc, request, kwargs)\n  File \"/opt/hostedtoolcache/Python/3.9.12/x64/lib/python3.9/site-packages/_pytest/fixtures.py\", line 925, in call_fixture_func\n    fixture_result = next(generator)\n  File \"/home/runner/work/neon-tests/neon-tests/integration/tests/conftest.py\", line 115, in prepare_account\n    faucet.request_neon(acc.address, 1000)\n  File \"/home/runner/work/neon-tests/neon-tests/utils/faucet.py\", line 16, in request_neon\n    assert resp.status_code == 200\n",
    "steps" : [ {
      "name" : "Create account for tests",
      "time" : {
        "start" : 1650479396706,
        "stop" : 1650479396710,
        "duration" : 4
      },
      "status" : "passed",
      "steps" : [ ],
      "attachments" : [ ],
      "parameters" : [ ],
      "stepsCount" : 0,
      "attachmentsCount" : 0,
      "shouldDisplayMessage" : false,
      "hasContent" : false
    }, {
      "name" : "Request 1000 NEON from faucet for 0x90b0A8A2fBd0487da0d1D4Da665570d318981D24",
      "time" : {
        "start" : 1650479396710,
        "stop" : 1650479456803,
        "duration" : 60093
      },
      "status" : "failed",
      "statusMessage" : "AssertionError\n",
      "statusTrace" : "  File \"/home/runner/work/neon-tests/neon-tests/integration/tests/conftest.py\", line 115, in prepare_account\n    faucet.request_neon(acc.address, 1000)\n  File \"/home/runner/work/neon-tests/neon-tests/utils/faucet.py\", line 16, in request_neon\n    assert resp.status_code == 200\n",
      "steps" : [ ],
      "attachments" : [ ],
      "parameters" : [ ],
      "stepsCount" : 0,
      "attachmentsCount" : 0,
      "shouldDisplayMessage" : true,
      "hasContent" : true
    } ],
    "attachments" : [ ],
    "parameters" : [ ],
    "stepsCount" : 2,
    "attachmentsCount" : 0,
    "shouldDisplayMessage" : false,
    "hasContent" : true
  }, {
    "name" : "prepare",
    "time" : {
      "start" : 1650479456820,
      "stop" : 1650479456820,
      "duration" : 0
    },
    "status" : "passed",
    "steps" : [ ],
    "attachments" : [ ],
    "parameters" : [ ],
    "stepsCount" : 0,
    "attachmentsCount" : 0,
    "shouldDisplayMessage" : false,
    "hasContent" : false
  } ],
  "afterStages" : [ {
    "name" : "allure_environment::0",
    "time" : {
      "start" : 1650479456875,
      "stop" : 1650479456875,
      "duration" : 0
    },
    "status" : "passed",
    "steps" : [ ],
    "attachments" : [ ],
    "parameters" : [ ],
    "stepsCount" : 0,
    "attachmentsCount" : 0,
    "shouldDisplayMessage" : false,
    "hasContent" : false
  } ],
  "labels" : [ {
    "name" : "story",
    "value" : "Basic: transactions validation"
  }, {
    "name" : "parentSuite",
    "value" : "integration.tests.basic"
  }, {
    "name" : "suite",
    "value" : "test_transfers"
  }, {
    "name" : "subSuite",
    "value" : "TestTransactionsValidation"
  }, {
    "name" : "host",
    "value" : "fv-az132-410"
  }, {
    "name" : "thread",
    "value" : "1819-MainThread"
  }, {
    "name" : "framework",
    "value" : "pytest"
  }, {
    "name" : "language",
    "value" : "cpython3"
  }, {
    "name" : "package",
    "value" : "integration.tests.basic.test_transfers"
  }, {
    "name" : "resultFormat",
    "value" : "allure2"
  } ],
  "parameters" : [ {
    "name" : "expected_message",
    "value" : "'insufficient funds for transfer'"
  }, {
    "name" : "gas_limit",
    "value" : "0"
  }, {
    "name" : "gas_price",
    "value" : "18446744073709551616"
  } ],
  "links" : [ ],
  "hidden" : false,
  "retry" : false,
  "extra" : {
    "severity" : "normal",
    "retries" : [ ],
    "categories" : [ {
      "name" : "Product defects",
      "matchedStatuses" : [ ],
      "flaky" : false
    } ],
    "history" : {
      "statistic" : {
        "failed" : 4,
        "broken" : 0,
        "skipped" : 0,
        "passed" : 0,
        "unknown" : 0,
        "total" : 4
      },
      "items" : [ {
        "uid" : "64e4a0d6458e9a65",
        "reportUrl" : "https://apetrovskiy.github.io/neon-tests/release-stand/feature/25i/934//#testresult/64e4a0d6458e9a65",
        "status" : "failed",
        "statusDetails" : "AssertionError",
        "time" : {
          "start" : 1650473369569,
          "stop" : 1650473369569,
          "duration" : 0
        }
      }, {
        "uid" : "2a041fb695f5e3ab",
        "reportUrl" : "https://apetrovskiy.github.io/neon-tests/release-stand/feature/25i/932//#testresult/2a041fb695f5e3ab",
        "status" : "failed",
        "statusDetails" : "AssertionError",
        "time" : {
          "start" : 1650465947337,
          "stop" : 1650465947337,
          "duration" : 0
        }
      }, {
        "uid" : "a435699f96242bc8",
        "reportUrl" : "https://apetrovskiy.github.io/neon-tests/release-stand/feature/25i/930//#testresult/a435699f96242bc8",
        "status" : "failed",
        "statusDetails" : "AssertionError",
        "time" : {
          "start" : 1650465230305,
          "stop" : 1650465230305,
          "duration" : 0
        }
      } ]
    },
    "tags" : [ ]
  },
  "source" : "7499e17108a620d1.json",
  "parameterValues" : [ "'insufficient funds for transfer'", "0", "18446744073709551616" ]
}