{
  "uid" : "6ff7cc060a3cad4c",
  "name" : "test_send_more_than_exist_on_account_neon[10.1]",
  "fullName" : "integration.tests.basic.test_transfers.TestTransfer#test_send_more_than_exist_on_account_neon",
  "historyId" : "55202fdeb4b55f961d79428061197c87",
  "time" : {
    "start" : 1647627438064,
    "stop" : 1647627441258,
    "duration" : 3194
  },
  "description" : "Send more than exist on account: neon",
  "descriptionHtml" : "<p>Send more than exist on account: neon</p>\n",
  "status" : "failed",
  "statusMessage" : "Failed: DID NOT RAISE <class 'Exception'>",
  "statusTrace" : "self = <integration.tests.basic.test_transfers.TestTransfer object at 0x7ffabd5169d0>\namount = 10.1, prepare_accounts = None\n\n    @pytest.mark.parametrize(\"amount\", WRONG_TRANSFER_AMOUNT_DATA)\n    def test_send_more_than_exist_on_account_neon(self, amount: Union[int,\n                                                                      float],\n                                                  prepare_accounts):\n        \"\"\"Send more than exist on account: neon\"\"\"\n    \n>       self.check_value_error_if_less_than_required(self.sender_account,\n                                                     self.recipient_account,\n                                                     amount)\n\nintegration/tests/basic/test_transfers.py:46: \n_ _ _ _ _ _ _ _ _ _ _ _ _ _ _ _ _ _ _ _ _ _ _ _ _ _ _ _ _ _ _ _ _ _ _ _ _ _ _ _ \nintegration/tests/basic/helpers/basic.py:131: in check_value_error_if_less_than_required\n    return self.process_transaction_with_failure(\n_ _ _ _ _ _ _ _ _ _ _ _ _ _ _ _ _ _ _ _ _ _ _ _ _ _ _ _ _ _ _ _ _ _ _ _ _ _ _ _ \n\nself = <integration.tests.basic.test_transfers.TestTransfer object at 0x7ffabd5169d0>\nsender_account = AccountData(address='0x10bA76E88cd03842eb45875e66a0CfD995Ab4D4A', key='f50167b6cb6680c3c230a1fb1831521d9e1e1a65796c170f7162bda48135d292')\nrecipient_account = <eth_account.signers.local.LocalAccount object at 0x7ffabd57e160>\namount = 10.1, error_message = 'Expecting value: line 1 column 1 (char 0)'\n\n    def process_transaction_with_failure(\n            self,\n            sender_account: Account,\n            recipient_account: Union[Account, AccountData],\n            amount: int,\n            error_message: str = \"\") -> Union[web3.types.TxReceipt, None]:\n        '''Processes transaction, expects a failure'''\n    \n        tx: Union[web3.types.TxReceipt, None] = None\n        with allure.step(\n                f\"Sending {amount} from {sender_account.address} to {recipient_account.address}\"\n        ):\n            with pytest.raises(Exception) as error_info:\n>               tx = self.web3_client.send_neon(sender_account,\n                                                recipient_account, amount)\nE               Failed: DID NOT RAISE <class 'Exception'>\n\nintegration/tests/basic/helpers/basic.py:109: Failed",
  "flaky" : false,
  "newFailed" : false,
  "newBroken" : false,
  "newPassed" : false,
  "retriesCount" : 0,
  "retriesStatusChange" : false,
  "beforeStages" : [ {
    "name" : "pytestconfig",
    "time" : {
      "start" : 1647627403468,
      "stop" : 1647627403468,
      "duration" : 0
    },
    "status" : "passed",
    "steps" : [ ],
    "attachments" : [ ],
    "parameters" : [ ],
    "stepsCount" : 0,
    "attachmentsCount" : 0,
    "shouldDisplayMessage" : false,
    "hasContent" : false
  }, {
    "name" : "web3_client",
    "time" : {
      "start" : 1647627403468,
      "stop" : 1647627403470,
      "duration" : 2
    },
    "status" : "passed",
    "steps" : [ ],
    "attachments" : [ ],
    "parameters" : [ ],
    "stepsCount" : 0,
    "attachmentsCount" : 0,
    "shouldDisplayMessage" : false,
    "hasContent" : false
  }, {
    "name" : "allure_environment",
    "time" : {
      "start" : 1647627403470,
      "stop" : 1647627404463,
      "duration" : 993
    },
    "status" : "passed",
    "steps" : [ ],
    "attachments" : [ ],
    "parameters" : [ ],
    "stepsCount" : 0,
    "attachmentsCount" : 0,
    "shouldDisplayMessage" : false,
    "hasContent" : false
  }, {
    "name" : "faucet",
    "time" : {
      "start" : 1647627404463,
      "stop" : 1647627404463,
      "duration" : 0
    },
    "status" : "passed",
    "steps" : [ ],
    "attachments" : [ ],
    "parameters" : [ ],
    "stepsCount" : 0,
    "attachmentsCount" : 0,
    "shouldDisplayMessage" : false,
    "hasContent" : false
  }, {
    "name" : "jsonrpc_requester",
    "time" : {
      "start" : 1647627404463,
      "stop" : 1647627404464,
      "duration" : 1
    },
    "status" : "passed",
    "steps" : [ ],
    "attachments" : [ ],
    "parameters" : [ ],
    "stepsCount" : 0,
    "attachmentsCount" : 0,
    "shouldDisplayMessage" : false,
    "hasContent" : false
  }, {
    "name" : "sol_client",
    "time" : {
      "start" : 1647627404464,
      "stop" : 1647627404464,
      "duration" : 0
    },
    "status" : "passed",
    "steps" : [ ],
    "attachments" : [ ],
    "parameters" : [ ],
    "stepsCount" : 0,
    "attachmentsCount" : 0,
    "shouldDisplayMessage" : false,
    "hasContent" : false
  }, {
    "name" : "operator",
    "time" : {
      "start" : 1647627404464,
      "stop" : 1647627404464,
      "duration" : 0
    },
    "status" : "passed",
    "steps" : [ ],
    "attachments" : [ ],
    "parameters" : [ ],
    "stepsCount" : 0,
    "attachmentsCount" : 0,
    "shouldDisplayMessage" : false,
    "hasContent" : false
  }, {
    "name" : "prepare",
    "time" : {
      "start" : 1647627438055,
      "stop" : 1647627438055,
      "duration" : 0
    },
    "status" : "passed",
    "steps" : [ ],
    "attachments" : [ ],
    "parameters" : [ ],
    "stepsCount" : 0,
    "attachmentsCount" : 0,
    "shouldDisplayMessage" : false,
    "hasContent" : false
  }, {
    "name" : "prepare_json_rpc_requester",
    "time" : {
      "start" : 1647627438055,
      "stop" : 1647627438055,
      "duration" : 0
    },
    "status" : "passed",
    "steps" : [ ],
    "attachments" : [ ],
    "parameters" : [ ],
    "stepsCount" : 0,
    "attachmentsCount" : 0,
    "shouldDisplayMessage" : false,
    "hasContent" : false
  }, {
    "name" : "prepare_accounts",
    "time" : {
      "start" : 1647627438056,
      "stop" : 1647627438063,
      "duration" : 7
    },
    "status" : "passed",
    "steps" : [ ],
    "attachments" : [ ],
    "parameters" : [ ],
    "stepsCount" : 0,
    "attachmentsCount" : 0,
    "shouldDisplayMessage" : false,
    "hasContent" : false
  } ],
  "testStage" : {
    "description" : "Send more than exist on account: neon",
    "status" : "failed",
    "statusMessage" : "Failed: DID NOT RAISE <class 'Exception'>",
    "statusTrace" : "self = <integration.tests.basic.test_transfers.TestTransfer object at 0x7ffabd5169d0>\namount = 10.1, prepare_accounts = None\n\n    @pytest.mark.parametrize(\"amount\", WRONG_TRANSFER_AMOUNT_DATA)\n    def test_send_more_than_exist_on_account_neon(self, amount: Union[int,\n                                                                      float],\n                                                  prepare_accounts):\n        \"\"\"Send more than exist on account: neon\"\"\"\n    \n>       self.check_value_error_if_less_than_required(self.sender_account,\n                                                     self.recipient_account,\n                                                     amount)\n\nintegration/tests/basic/test_transfers.py:46: \n_ _ _ _ _ _ _ _ _ _ _ _ _ _ _ _ _ _ _ _ _ _ _ _ _ _ _ _ _ _ _ _ _ _ _ _ _ _ _ _ \nintegration/tests/basic/helpers/basic.py:131: in check_value_error_if_less_than_required\n    return self.process_transaction_with_failure(\n_ _ _ _ _ _ _ _ _ _ _ _ _ _ _ _ _ _ _ _ _ _ _ _ _ _ _ _ _ _ _ _ _ _ _ _ _ _ _ _ \n\nself = <integration.tests.basic.test_transfers.TestTransfer object at 0x7ffabd5169d0>\nsender_account = AccountData(address='0x10bA76E88cd03842eb45875e66a0CfD995Ab4D4A', key='f50167b6cb6680c3c230a1fb1831521d9e1e1a65796c170f7162bda48135d292')\nrecipient_account = <eth_account.signers.local.LocalAccount object at 0x7ffabd57e160>\namount = 10.1, error_message = 'Expecting value: line 1 column 1 (char 0)'\n\n    def process_transaction_with_failure(\n            self,\n            sender_account: Account,\n            recipient_account: Union[Account, AccountData],\n            amount: int,\n            error_message: str = \"\") -> Union[web3.types.TxReceipt, None]:\n        '''Processes transaction, expects a failure'''\n    \n        tx: Union[web3.types.TxReceipt, None] = None\n        with allure.step(\n                f\"Sending {amount} from {sender_account.address} to {recipient_account.address}\"\n        ):\n            with pytest.raises(Exception) as error_info:\n>               tx = self.web3_client.send_neon(sender_account,\n                                                recipient_account, amount)\nE               Failed: DID NOT RAISE <class 'Exception'>\n\nintegration/tests/basic/helpers/basic.py:109: Failed",
    "steps" : [ {
      "name" : "Sending 10.1 from 0x10bA76E88cd03842eb45875e66a0CfD995Ab4D4A to 0x6AD3dAD9c61ad309C9f44d778Db6c2C312717755",
      "time" : {
        "start" : 1647627438064,
        "stop" : 1647627441257,
        "duration" : 3193
      },
      "status" : "failed",
      "statusMessage" : "Failed: DID NOT RAISE <class 'Exception'>\n",
      "statusTrace" : "  File \"/home/runner/work/neon-tests/neon-tests/integration/tests/basic/helpers/basic.py\", line 109, in process_transaction_with_failure\n    tx = self.web3_client.send_neon(sender_account,\n  File \"/opt/hostedtoolcache/Python/3.9.10/x64/lib/python3.9/site-packages/_pytest/python_api.py\", line 777, in __exit__\n    fail(self.message)\n  File \"/opt/hostedtoolcache/Python/3.9.10/x64/lib/python3.9/site-packages/_pytest/outcomes.py\", line 153, in fail\n    raise Failed(msg=msg, pytrace=pytrace)\n",
      "steps" : [ ],
      "attachments" : [ ],
      "parameters" : [ ],
      "stepsCount" : 0,
      "attachmentsCount" : 0,
      "shouldDisplayMessage" : true,
      "hasContent" : true
    } ],
    "attachments" : [ {
      "uid" : "add43d558259bdb2",
      "name" : "stdout",
      "source" : "add43d558259bdb2.txt",
      "type" : "text/plain",
      "size" : 122
    } ],
    "parameters" : [ ],
    "stepsCount" : 1,
    "attachmentsCount" : 1,
    "shouldDisplayMessage" : true,
    "hasContent" : true
  },
  "afterStages" : [ {
    "name" : "prepare_accounts::0",
    "time" : {
      "start" : 1647627441302,
      "stop" : 1647627441302,
      "duration" : 0
    },
    "status" : "passed",
    "steps" : [ ],
    "attachments" : [ ],
    "parameters" : [ ],
    "stepsCount" : 0,
    "attachmentsCount" : 0,
    "shouldDisplayMessage" : false,
    "hasContent" : false
  }, {
    "name" : "allure_environment::0",
    "time" : {
      "start" : 1647627445011,
      "stop" : 1647627445011,
      "duration" : 0
    },
    "status" : "passed",
    "steps" : [ ],
    "attachments" : [ ],
    "parameters" : [ ],
    "stepsCount" : 0,
    "attachmentsCount" : 0,
    "shouldDisplayMessage" : false,
    "hasContent" : false
  } ],
  "labels" : [ {
    "name" : "story",
    "value" : "Basic: transfer tests"
  }, {
    "name" : "parentSuite",
    "value" : "integration.tests.basic"
  }, {
    "name" : "suite",
    "value" : "test_transfers"
  }, {
    "name" : "subSuite",
    "value" : "TestTransfer"
  }, {
    "name" : "host",
    "value" : "fv-az447-634"
  }, {
    "name" : "thread",
    "value" : "1730-MainThread"
  }, {
    "name" : "framework",
    "value" : "pytest"
  }, {
    "name" : "language",
    "value" : "cpython3"
  }, {
    "name" : "package",
    "value" : "integration.tests.basic.test_transfers"
  }, {
    "name" : "resultFormat",
    "value" : "allure2"
  } ],
  "parameters" : [ {
    "name" : "amount",
    "value" : "10.1"
  } ],
  "links" : [ ],
  "hidden" : false,
  "retry" : false,
  "extra" : {
    "severity" : "normal",
    "retries" : [ ],
    "categories" : [ {
      "name" : "Product defects",
      "matchedStatuses" : [ ],
      "flaky" : false
    } ],
    "history" : {
      "statistic" : {
        "failed" : 4,
        "broken" : 0,
        "skipped" : 0,
        "passed" : 0,
        "unknown" : 0,
        "total" : 4
      },
      "items" : [ {
        "uid" : "ad98cb61f2ef2bb2",
        "reportUrl" : "https://apetrovskiy.github.io/neon-tests/devnet/feature/254t/642//#testresult/ad98cb61f2ef2bb2",
        "status" : "failed",
        "statusDetails" : "AssertionError",
        "time" : {
          "start" : 1647624130487,
          "stop" : 1647624130487,
          "duration" : 0
        }
      }, {
        "uid" : "9f62f7a94443a75a",
        "reportUrl" : "https://apetrovskiy.github.io/neon-tests/devnet/feature/254t/639//#testresult/9f62f7a94443a75a",
        "status" : "failed",
        "statusDetails" : "AssertionError",
        "time" : {
          "start" : 1647623834490,
          "stop" : 1647623834490,
          "duration" : 0
        }
      }, {
        "uid" : "eae5258c07485948",
        "reportUrl" : "https://apetrovskiy.github.io/neon-tests/devnet/feature/254t/636//#testresult/eae5258c07485948",
        "status" : "failed",
        "statusDetails" : "AssertionError",
        "time" : {
          "start" : 1647623110882,
          "stop" : 1647623110882,
          "duration" : 0
        }
      } ]
    },
    "tags" : [ ]
  },
  "source" : "6ff7cc060a3cad4c.json",
  "parameterValues" : [ "10.1" ]
}