{
  "uid" : "c61e4d750d13f6de",
  "name" : "test_send_token_to_an_invalid_address",
  "fullName" : "integration.tests.basic.test_transfers.TestTransfer#test_send_token_to_an_invalid_address",
  "historyId" : "7414a102f68be6a72f24569f8e6cae78",
  "time" : {
    "start" : 1647627444451,
    "stop" : 1647627444717,
    "duration" : 266
  },
  "description" : "Send token to an invalid address",
  "descriptionHtml" : "<p>Send token to an invalid address</p>\n",
  "status" : "failed",
  "statusMessage" : "AssertionError: expected balance = 5, actual balance = 709.68",
  "statusTrace" : "self = <integration.tests.basic.test_transfers.TestTransfer object at 0x7ffabd5162e0>\n\n    def test_send_token_to_an_invalid_address(self):\n        \"\"\"Send token to an invalid address\"\"\"\n        sender_account = self.create_account_with_balance()\n    \n        self.process_transaction_with_failure(\n            sender_account, INVALID_ADDRESS,\n            InputData.DEFAULT_TRANSFER_AMOUNT.value, ENS_NAME_ERROR)\n    \n>       self.assert_balance(sender_account.address,\n                            InputData.FAUCET_1ST_REQUEST_AMOUNT.value)\n\nintegration/tests/basic/test_transfers.py:119: \n_ _ _ _ _ _ _ _ _ _ _ _ _ _ _ _ _ _ _ _ _ _ _ _ _ _ _ _ _ _ _ _ _ _ _ _ _ _ _ _ \nintegration/tests/basic/helpers/basic.py:145: in assert_balance\n    self.check_balance(expected_amount, balance)\n_ _ _ _ _ _ _ _ _ _ _ _ _ _ _ _ _ _ _ _ _ _ _ _ _ _ _ _ _ _ _ _ _ _ _ _ _ _ _ _ \n\nself = <integration.tests.basic.test_transfers.TestTransfer object at 0x7ffabd5162e0>\nexpected = 5, actual = Decimal('709.680338822864')\n\n    def check_balance(self, expected: float, actual: Decimal):\n        '''Compares the balance with expectation'''\n        expected_dec = round(expected, InputData.ROUND_DIGITS.value)\n        actual_dec = float(round(actual, InputData.ROUND_DIGITS.value))\n    \n>       assert actual_dec == expected_dec, f\"expected balance = {expected_dec}, actual balance = {actual_dec}\"\nE       AssertionError: expected balance = 5, actual balance = 709.68\n\nintegration/tests/basic/helpers/basic.py:140: AssertionError",
  "flaky" : false,
  "newFailed" : false,
  "newBroken" : false,
  "newPassed" : false,
  "retriesCount" : 0,
  "retriesStatusChange" : false,
  "beforeStages" : [ {
    "name" : "pytestconfig",
    "time" : {
      "start" : 1647627403468,
      "stop" : 1647627403468,
      "duration" : 0
    },
    "status" : "passed",
    "steps" : [ ],
    "attachments" : [ ],
    "parameters" : [ ],
    "stepsCount" : 0,
    "attachmentsCount" : 0,
    "shouldDisplayMessage" : false,
    "hasContent" : false
  }, {
    "name" : "web3_client",
    "time" : {
      "start" : 1647627403468,
      "stop" : 1647627403470,
      "duration" : 2
    },
    "status" : "passed",
    "steps" : [ ],
    "attachments" : [ ],
    "parameters" : [ ],
    "stepsCount" : 0,
    "attachmentsCount" : 0,
    "shouldDisplayMessage" : false,
    "hasContent" : false
  }, {
    "name" : "allure_environment",
    "time" : {
      "start" : 1647627403470,
      "stop" : 1647627404463,
      "duration" : 993
    },
    "status" : "passed",
    "steps" : [ ],
    "attachments" : [ ],
    "parameters" : [ ],
    "stepsCount" : 0,
    "attachmentsCount" : 0,
    "shouldDisplayMessage" : false,
    "hasContent" : false
  }, {
    "name" : "faucet",
    "time" : {
      "start" : 1647627404463,
      "stop" : 1647627404463,
      "duration" : 0
    },
    "status" : "passed",
    "steps" : [ ],
    "attachments" : [ ],
    "parameters" : [ ],
    "stepsCount" : 0,
    "attachmentsCount" : 0,
    "shouldDisplayMessage" : false,
    "hasContent" : false
  }, {
    "name" : "jsonrpc_requester",
    "time" : {
      "start" : 1647627404463,
      "stop" : 1647627404464,
      "duration" : 1
    },
    "status" : "passed",
    "steps" : [ ],
    "attachments" : [ ],
    "parameters" : [ ],
    "stepsCount" : 0,
    "attachmentsCount" : 0,
    "shouldDisplayMessage" : false,
    "hasContent" : false
  }, {
    "name" : "sol_client",
    "time" : {
      "start" : 1647627404464,
      "stop" : 1647627404464,
      "duration" : 0
    },
    "status" : "passed",
    "steps" : [ ],
    "attachments" : [ ],
    "parameters" : [ ],
    "stepsCount" : 0,
    "attachmentsCount" : 0,
    "shouldDisplayMessage" : false,
    "hasContent" : false
  }, {
    "name" : "operator",
    "time" : {
      "start" : 1647627404464,
      "stop" : 1647627404464,
      "duration" : 0
    },
    "status" : "passed",
    "steps" : [ ],
    "attachments" : [ ],
    "parameters" : [ ],
    "stepsCount" : 0,
    "attachmentsCount" : 0,
    "shouldDisplayMessage" : false,
    "hasContent" : false
  }, {
    "name" : "prepare",
    "time" : {
      "start" : 1647627444450,
      "stop" : 1647627444450,
      "duration" : 0
    },
    "status" : "passed",
    "steps" : [ ],
    "attachments" : [ ],
    "parameters" : [ ],
    "stepsCount" : 0,
    "attachmentsCount" : 0,
    "shouldDisplayMessage" : false,
    "hasContent" : false
  }, {
    "name" : "prepare_json_rpc_requester",
    "time" : {
      "start" : 1647627444450,
      "stop" : 1647627444451,
      "duration" : 1
    },
    "status" : "passed",
    "steps" : [ ],
    "attachments" : [ ],
    "parameters" : [ ],
    "stepsCount" : 0,
    "attachmentsCount" : 0,
    "shouldDisplayMessage" : false,
    "hasContent" : false
  } ],
  "testStage" : {
    "description" : "Send token to an invalid address",
    "status" : "failed",
    "statusMessage" : "AssertionError: expected balance = 5, actual balance = 709.68",
    "statusTrace" : "self = <integration.tests.basic.test_transfers.TestTransfer object at 0x7ffabd5162e0>\n\n    def test_send_token_to_an_invalid_address(self):\n        \"\"\"Send token to an invalid address\"\"\"\n        sender_account = self.create_account_with_balance()\n    \n        self.process_transaction_with_failure(\n            sender_account, INVALID_ADDRESS,\n            InputData.DEFAULT_TRANSFER_AMOUNT.value, ENS_NAME_ERROR)\n    \n>       self.assert_balance(sender_account.address,\n                            InputData.FAUCET_1ST_REQUEST_AMOUNT.value)\n\nintegration/tests/basic/test_transfers.py:119: \n_ _ _ _ _ _ _ _ _ _ _ _ _ _ _ _ _ _ _ _ _ _ _ _ _ _ _ _ _ _ _ _ _ _ _ _ _ _ _ _ \nintegration/tests/basic/helpers/basic.py:145: in assert_balance\n    self.check_balance(expected_amount, balance)\n_ _ _ _ _ _ _ _ _ _ _ _ _ _ _ _ _ _ _ _ _ _ _ _ _ _ _ _ _ _ _ _ _ _ _ _ _ _ _ _ \n\nself = <integration.tests.basic.test_transfers.TestTransfer object at 0x7ffabd5162e0>\nexpected = 5, actual = Decimal('709.680338822864')\n\n    def check_balance(self, expected: float, actual: Decimal):\n        '''Compares the balance with expectation'''\n        expected_dec = round(expected, InputData.ROUND_DIGITS.value)\n        actual_dec = float(round(actual, InputData.ROUND_DIGITS.value))\n    \n>       assert actual_dec == expected_dec, f\"expected balance = {expected_dec}, actual balance = {actual_dec}\"\nE       AssertionError: expected balance = 5, actual balance = 709.68\n\nintegration/tests/basic/helpers/basic.py:140: AssertionError",
    "steps" : [ {
      "name" : "Sending 3 from 0x10bA76E88cd03842eb45875e66a0CfD995Ab4D4A to 0x12345",
      "time" : {
        "start" : 1647627444451,
        "stop" : 1647627444623,
        "duration" : 172
      },
      "status" : "passed",
      "steps" : [ ],
      "attachments" : [ ],
      "parameters" : [ ],
      "stepsCount" : 0,
      "attachmentsCount" : 0,
      "shouldDisplayMessage" : false,
      "hasContent" : false
    } ],
    "attachments" : [ {
      "uid" : "a236ecf4b58c21b6",
      "name" : "stdout",
      "source" : "a236ecf4b58c21b6.txt",
      "type" : "text/plain",
      "size" : 61
    } ],
    "parameters" : [ ],
    "stepsCount" : 1,
    "attachmentsCount" : 1,
    "shouldDisplayMessage" : true,
    "hasContent" : true
  },
  "afterStages" : [ {
    "name" : "allure_environment::0",
    "time" : {
      "start" : 1647627445011,
      "stop" : 1647627445011,
      "duration" : 0
    },
    "status" : "passed",
    "steps" : [ ],
    "attachments" : [ ],
    "parameters" : [ ],
    "stepsCount" : 0,
    "attachmentsCount" : 0,
    "shouldDisplayMessage" : false,
    "hasContent" : false
  } ],
  "labels" : [ {
    "name" : "story",
    "value" : "Basic: transfer tests"
  }, {
    "name" : "parentSuite",
    "value" : "integration.tests.basic"
  }, {
    "name" : "suite",
    "value" : "test_transfers"
  }, {
    "name" : "subSuite",
    "value" : "TestTransfer"
  }, {
    "name" : "host",
    "value" : "fv-az447-634"
  }, {
    "name" : "thread",
    "value" : "1730-MainThread"
  }, {
    "name" : "framework",
    "value" : "pytest"
  }, {
    "name" : "language",
    "value" : "cpython3"
  }, {
    "name" : "package",
    "value" : "integration.tests.basic.test_transfers"
  }, {
    "name" : "resultFormat",
    "value" : "allure2"
  } ],
  "parameters" : [ ],
  "links" : [ ],
  "hidden" : false,
  "retry" : false,
  "extra" : {
    "severity" : "normal",
    "retries" : [ ],
    "categories" : [ {
      "name" : "Product defects",
      "matchedStatuses" : [ ],
      "flaky" : false
    } ],
    "history" : {
      "statistic" : {
        "failed" : 4,
        "broken" : 0,
        "skipped" : 0,
        "passed" : 0,
        "unknown" : 0,
        "total" : 4
      },
      "items" : [ {
        "uid" : "6b1750d0d82df6",
        "reportUrl" : "https://apetrovskiy.github.io/neon-tests/devnet/feature/254t/642//#testresult/6b1750d0d82df6",
        "status" : "failed",
        "statusDetails" : "AssertionError: expected balance = 5, actual balance = 990.994",
        "time" : {
          "start" : 1647624131075,
          "stop" : 1647624131341,
          "duration" : 266
        }
      }, {
        "uid" : "7ac982b49a632ec",
        "reportUrl" : "https://apetrovskiy.github.io/neon-tests/devnet/feature/254t/639//#testresult/7ac982b49a632ec",
        "status" : "failed",
        "statusDetails" : "AssertionError: expected balance = 5, actual balance = 990.994",
        "time" : {
          "start" : 1647623835077,
          "stop" : 1647623835348,
          "duration" : 271
        }
      }, {
        "uid" : "4e4438acc74e611a",
        "reportUrl" : "https://apetrovskiy.github.io/neon-tests/devnet/feature/254t/636//#testresult/4e4438acc74e611a",
        "status" : "failed",
        "statusDetails" : "AssertionError",
        "time" : {
          "start" : 1647623110922,
          "stop" : 1647623110922,
          "duration" : 0
        }
      } ]
    },
    "tags" : [ ]
  },
  "source" : "c61e4d750d13f6de.json",
  "parameterValues" : [ ]
}