{
  "uid" : "2beb544c675f336e",
  "name" : "test_rpc_call_eth_estimateGas",
  "fullName" : "integration.tests.basic.test_rpc_calls.TestRpcCalls#test_rpc_call_eth_estimateGas",
  "historyId" : "af88a3a991324ea2b9c85b203e39309c",
  "time" : {
    "start" : 1647249825031,
    "stop" : 1647249826338,
    "duration" : 1307
  },
  "description" : "Verify implemented rpc calls work eth_estimateGas",
  "descriptionHtml" : "<p>Verify implemented rpc calls work eth_estimateGas</p>\n",
  "status" : "failed",
  "statusMessage" : "AssertionError: <AssertMessage.CONTAINS_ERROR: 'Contains the error data'>\nassert False\n +  where False = <bound method BasicTests.assert_no_error_object of <integration.tests.basic.test_rpc_calls.TestRpcCalls object at 0x7fd53cf0b430>>(JsonRpcErrorResponse(id=58, error={'code': -32000, 'message': \"'NoneType' object is not subscriptable\"}, jsonrpc='2.0'))\n +    where <bound method BasicTests.assert_no_error_object of <integration.tests.basic.test_rpc_calls.TestRpcCalls object at 0x7fd53cf0b430>> = <integration.tests.basic.test_rpc_calls.TestRpcCalls object at 0x7fd53cf0b430>.assert_no_error_object",
  "statusTrace" : "self = <integration.tests.basic.test_rpc_calls.TestRpcCalls object at 0x7fd53cf0b430>\n\n    @allure.step(\"test: verify implemented rpc calls work eth_estimateGas\")\n    def test_rpc_call_eth_estimateGas(self):\n        \"\"\"Verify implemented rpc calls work eth_estimateGas\"\"\"\n        sender_account = self.create_account_with_balance()\n        recipient_account = self.create_account_with_balance()\n    \n        # TOOD: variants\n        data = CallRequest(from_=sender_account.address,\n                           to=recipient_account.address,\n                           value=hex(1))\n        params = [data]\n        model = RpcRequestFactory.get_estimate_gas(params=params)\n        response = self.jsonrpc_requester.request_json_rpc(model)\n        actual_result = self.jsonrpc_requester.deserialize_response(response)\n    \n        assert actual_result.id == model.id, AssertMessage.WRONG_ID.value\n>       assert self.assert_no_error_object(\n            actual_result), AssertMessage.CONTAINS_ERROR\nE       AssertionError: <AssertMessage.CONTAINS_ERROR: 'Contains the error data'>\nE       assert False\nE        +  where False = <bound method BasicTests.assert_no_error_object of <integration.tests.basic.test_rpc_calls.TestRpcCalls object at 0x7fd53cf0b430>>(JsonRpcErrorResponse(id=58, error={'code': -32000, 'message': \"'NoneType' object is not subscriptable\"}, jsonrpc='2.0'))\nE        +    where <bound method BasicTests.assert_no_error_object of <integration.tests.basic.test_rpc_calls.TestRpcCalls object at 0x7fd53cf0b430>> = <integration.tests.basic.test_rpc_calls.TestRpcCalls object at 0x7fd53cf0b430>.assert_no_error_object\n\nintegration/tests/basic/test_rpc_calls.py:80: AssertionError",
  "flaky" : false,
  "newFailed" : false,
  "newBroken" : false,
  "newPassed" : false,
  "retriesCount" : 0,
  "retriesStatusChange" : false,
  "beforeStages" : [ {
    "name" : "pytestconfig",
    "time" : {
      "start" : 1647249801383,
      "stop" : 1647249801383,
      "duration" : 0
    },
    "status" : "passed",
    "steps" : [ ],
    "attachments" : [ ],
    "parameters" : [ ],
    "stepsCount" : 0,
    "attachmentsCount" : 0,
    "shouldDisplayMessage" : false,
    "hasContent" : false
  }, {
    "name" : "web3_client",
    "time" : {
      "start" : 1647249801383,
      "stop" : 1647249801385,
      "duration" : 2
    },
    "status" : "passed",
    "steps" : [ ],
    "attachments" : [ ],
    "parameters" : [ ],
    "stepsCount" : 0,
    "attachmentsCount" : 0,
    "shouldDisplayMessage" : false,
    "hasContent" : false
  }, {
    "name" : "allure_environment",
    "time" : {
      "start" : 1647249801385,
      "stop" : 1647249801967,
      "duration" : 582
    },
    "status" : "passed",
    "steps" : [ ],
    "attachments" : [ ],
    "parameters" : [ ],
    "stepsCount" : 0,
    "attachmentsCount" : 0,
    "shouldDisplayMessage" : false,
    "hasContent" : false
  }, {
    "name" : "faucet",
    "time" : {
      "start" : 1647249801967,
      "stop" : 1647249801967,
      "duration" : 0
    },
    "status" : "passed",
    "steps" : [ ],
    "attachments" : [ ],
    "parameters" : [ ],
    "stepsCount" : 0,
    "attachmentsCount" : 0,
    "shouldDisplayMessage" : false,
    "hasContent" : false
  }, {
    "name" : "jsonrpc_requester",
    "time" : {
      "start" : 1647249801967,
      "stop" : 1647249801967,
      "duration" : 0
    },
    "status" : "passed",
    "steps" : [ ],
    "attachments" : [ ],
    "parameters" : [ ],
    "stepsCount" : 0,
    "attachmentsCount" : 0,
    "shouldDisplayMessage" : false,
    "hasContent" : false
  }, {
    "name" : "operator",
    "time" : {
      "start" : 1647249801968,
      "stop" : 1647249801968,
      "duration" : 0
    },
    "status" : "passed",
    "steps" : [ ],
    "attachments" : [ ],
    "parameters" : [ ],
    "stepsCount" : 0,
    "attachmentsCount" : 0,
    "shouldDisplayMessage" : false,
    "hasContent" : false
  }, {
    "name" : "sol_client",
    "time" : {
      "start" : 1647249801968,
      "stop" : 1647249801968,
      "duration" : 0
    },
    "status" : "passed",
    "steps" : [ ],
    "attachments" : [ ],
    "parameters" : [ ],
    "stepsCount" : 0,
    "attachmentsCount" : 0,
    "shouldDisplayMessage" : false,
    "hasContent" : false
  }, {
    "name" : "prepare_account",
    "time" : {
      "start" : 1647249817500,
      "stop" : 1647249822448,
      "duration" : 4948
    },
    "status" : "passed",
    "steps" : [ {
      "name" : "Create account for tests",
      "time" : {
        "start" : 1647249817500,
        "stop" : 1647249817505,
        "duration" : 5
      },
      "status" : "passed",
      "steps" : [ ],
      "attachments" : [ ],
      "parameters" : [ ],
      "stepsCount" : 0,
      "attachmentsCount" : 0,
      "shouldDisplayMessage" : false,
      "hasContent" : false
    }, {
      "name" : "Request 1000 NEON from faucet for 0x087052a0DC4081483c0d332d4f2C52F80aa0396E",
      "time" : {
        "start" : 1647249817505,
        "stop" : 1647249818205,
        "duration" : 700
      },
      "status" : "passed",
      "steps" : [ ],
      "attachments" : [ ],
      "parameters" : [ ],
      "stepsCount" : 0,
      "attachmentsCount" : 0,
      "shouldDisplayMessage" : false,
      "hasContent" : false
    }, {
      "name" : "Operator initial balance: 0.00220483811495008702944 NEON 74064663.96484427 SOL",
      "time" : {
        "start" : 1647249822448,
        "stop" : 1647249822448,
        "duration" : 0
      },
      "status" : "passed",
      "steps" : [ ],
      "attachments" : [ ],
      "parameters" : [ ],
      "stepsCount" : 0,
      "attachmentsCount" : 0,
      "shouldDisplayMessage" : false,
      "hasContent" : false
    } ],
    "attachments" : [ ],
    "parameters" : [ ],
    "stepsCount" : 3,
    "attachmentsCount" : 0,
    "shouldDisplayMessage" : false,
    "hasContent" : true
  }, {
    "name" : "prepare_account",
    "time" : {
      "start" : 1647249825031,
      "stop" : 1647249825031,
      "duration" : 0
    },
    "status" : "passed",
    "steps" : [ ],
    "attachments" : [ ],
    "parameters" : [ ],
    "stepsCount" : 0,
    "attachmentsCount" : 0,
    "shouldDisplayMessage" : false,
    "hasContent" : false
  }, {
    "name" : "prepare_json_rpc_requester",
    "time" : {
      "start" : 1647249825031,
      "stop" : 1647249825031,
      "duration" : 0
    },
    "status" : "passed",
    "steps" : [ ],
    "attachments" : [ ],
    "parameters" : [ ],
    "stepsCount" : 0,
    "attachmentsCount" : 0,
    "shouldDisplayMessage" : false,
    "hasContent" : false
  }, {
    "name" : "prepare",
    "time" : {
      "start" : 1647249825031,
      "stop" : 1647249825031,
      "duration" : 0
    },
    "status" : "passed",
    "steps" : [ ],
    "attachments" : [ ],
    "parameters" : [ ],
    "stepsCount" : 0,
    "attachmentsCount" : 0,
    "shouldDisplayMessage" : false,
    "hasContent" : false
  } ],
  "testStage" : {
    "description" : "Verify implemented rpc calls work eth_estimateGas",
    "status" : "failed",
    "statusMessage" : "AssertionError: <AssertMessage.CONTAINS_ERROR: 'Contains the error data'>\nassert False\n +  where False = <bound method BasicTests.assert_no_error_object of <integration.tests.basic.test_rpc_calls.TestRpcCalls object at 0x7fd53cf0b430>>(JsonRpcErrorResponse(id=58, error={'code': -32000, 'message': \"'NoneType' object is not subscriptable\"}, jsonrpc='2.0'))\n +    where <bound method BasicTests.assert_no_error_object of <integration.tests.basic.test_rpc_calls.TestRpcCalls object at 0x7fd53cf0b430>> = <integration.tests.basic.test_rpc_calls.TestRpcCalls object at 0x7fd53cf0b430>.assert_no_error_object",
    "statusTrace" : "self = <integration.tests.basic.test_rpc_calls.TestRpcCalls object at 0x7fd53cf0b430>\n\n    @allure.step(\"test: verify implemented rpc calls work eth_estimateGas\")\n    def test_rpc_call_eth_estimateGas(self):\n        \"\"\"Verify implemented rpc calls work eth_estimateGas\"\"\"\n        sender_account = self.create_account_with_balance()\n        recipient_account = self.create_account_with_balance()\n    \n        # TOOD: variants\n        data = CallRequest(from_=sender_account.address,\n                           to=recipient_account.address,\n                           value=hex(1))\n        params = [data]\n        model = RpcRequestFactory.get_estimate_gas(params=params)\n        response = self.jsonrpc_requester.request_json_rpc(model)\n        actual_result = self.jsonrpc_requester.deserialize_response(response)\n    \n        assert actual_result.id == model.id, AssertMessage.WRONG_ID.value\n>       assert self.assert_no_error_object(\n            actual_result), AssertMessage.CONTAINS_ERROR\nE       AssertionError: <AssertMessage.CONTAINS_ERROR: 'Contains the error data'>\nE       assert False\nE        +  where False = <bound method BasicTests.assert_no_error_object of <integration.tests.basic.test_rpc_calls.TestRpcCalls object at 0x7fd53cf0b430>>(JsonRpcErrorResponse(id=58, error={'code': -32000, 'message': \"'NoneType' object is not subscriptable\"}, jsonrpc='2.0'))\nE        +    where <bound method BasicTests.assert_no_error_object of <integration.tests.basic.test_rpc_calls.TestRpcCalls object at 0x7fd53cf0b430>> = <integration.tests.basic.test_rpc_calls.TestRpcCalls object at 0x7fd53cf0b430>.assert_no_error_object\n\nintegration/tests/basic/test_rpc_calls.py:80: AssertionError",
    "steps" : [ {
      "name" : "test: verify implemented rpc calls work eth_estimateGas",
      "time" : {
        "start" : 1647249825031,
        "stop" : 1647249826337,
        "duration" : 1306
      },
      "status" : "failed",
      "statusMessage" : "AssertionError: <AssertMessage.CONTAINS_ERROR: 'Contains the error data'>\nassert False\n +  where False = <bound method BasicTests.assert_no_error_object of <integration.tests.basic.test_rpc_calls.TestRpcCalls object at 0x7fd53cf0b430>>(JsonRpcErrorResponse(id=58, error={'code': -32000, 'message': \"'NoneType' object is not subscriptable\"}, jsonrpc='2.0'))\n +    where <bound method BasicTests.assert_no_error_object of <integration.tests.basic.test_rpc_calls.TestRpcCalls object at 0x7fd53cf0b430>> = <integration.tests.basic.test_rpc_calls.TestRpcCalls object at 0x7fd53cf0b430>.assert_no_error_object\n",
      "statusTrace" : "  File \"/opt/hostedtoolcache/Python/3.9.10/x64/lib/python3.9/site-packages/allure_commons/_allure.py\", line 172, in impl\n    return func(*a, **kw)\n  File \"/home/runner/work/neon-tests/neon-tests/integration/tests/basic/test_rpc_calls.py\", line 80, in test_rpc_call_eth_estimateGas\n    assert self.assert_no_error_object(\n",
      "steps" : [ {
        "name" : "creating a new account with balance",
        "time" : {
          "start" : 1647249825031,
          "stop" : 1647249825638,
          "duration" : 607
        },
        "status" : "passed",
        "steps" : [ {
          "name" : "creating a new account",
          "time" : {
            "start" : 1647249825032,
            "stop" : 1647249825035,
            "duration" : 3
          },
          "status" : "passed",
          "steps" : [ ],
          "attachments" : [ ],
          "parameters" : [ ],
          "stepsCount" : 0,
          "attachmentsCount" : 0,
          "shouldDisplayMessage" : false,
          "hasContent" : false
        }, {
          "name" : "requesting faucet for Neon",
          "time" : {
            "start" : 1647249825036,
            "stop" : 1647249825638,
            "duration" : 602
          },
          "status" : "passed",
          "steps" : [ ],
          "attachments" : [ ],
          "parameters" : [ {
            "name" : "wallet",
            "value" : "'0x774fF95dDd81E5175acEC36d0a9ec8aC453cC2d7'"
          }, {
            "name" : "amount",
            "value" : "5"
          } ],
          "stepsCount" : 0,
          "attachmentsCount" : 0,
          "shouldDisplayMessage" : false,
          "hasContent" : true
        } ],
        "attachments" : [ ],
        "parameters" : [ {
          "name" : "amount",
          "value" : "5"
        } ],
        "stepsCount" : 2,
        "attachmentsCount" : 0,
        "shouldDisplayMessage" : false,
        "hasContent" : true
      }, {
        "name" : "creating a new account with balance",
        "time" : {
          "start" : 1647249825638,
          "stop" : 1647249826243,
          "duration" : 605
        },
        "status" : "passed",
        "steps" : [ {
          "name" : "creating a new account",
          "time" : {
            "start" : 1647249825639,
            "stop" : 1647249825643,
            "duration" : 4
          },
          "status" : "passed",
          "steps" : [ ],
          "attachments" : [ ],
          "parameters" : [ ],
          "stepsCount" : 0,
          "attachmentsCount" : 0,
          "shouldDisplayMessage" : false,
          "hasContent" : false
        }, {
          "name" : "requesting faucet for Neon",
          "time" : {
            "start" : 1647249825643,
            "stop" : 1647249826243,
            "duration" : 600
          },
          "status" : "passed",
          "steps" : [ ],
          "attachments" : [ ],
          "parameters" : [ {
            "name" : "wallet",
            "value" : "'0xA14F539151fc076b7E9c91e8959c31D09b526e49'"
          }, {
            "name" : "amount",
            "value" : "5"
          } ],
          "stepsCount" : 0,
          "attachmentsCount" : 0,
          "shouldDisplayMessage" : false,
          "hasContent" : true
        } ],
        "attachments" : [ ],
        "parameters" : [ {
          "name" : "amount",
          "value" : "5"
        } ],
        "stepsCount" : 2,
        "attachmentsCount" : 0,
        "shouldDisplayMessage" : false,
        "hasContent" : true
      }, {
        "name" : "requesting Json-RPC",
        "time" : {
          "start" : 1647249826243,
          "stop" : 1647249826337,
          "duration" : 94
        },
        "status" : "passed",
        "steps" : [ ],
        "attachments" : [ ],
        "parameters" : [ {
          "name" : "data",
          "value" : "JsonRpcRequest(id=58, method='eth_estimateGas', params=[CallRequest(from_='0x774fF95dDd81E5175acEC36d0a9ec8aC453cC2d7', to='0xA14F539151fc076b7E9c91e8959c31D09b526e49', gas=None, gas_price=None, value='0x1', data=None)], jsonrpc='2.0')"
        } ],
        "stepsCount" : 0,
        "attachmentsCount" : 0,
        "shouldDisplayMessage" : false,
        "hasContent" : true
      }, {
        "name" : "Response status code = 200",
        "time" : {
          "start" : 1647249826337,
          "stop" : 1647249826337,
          "duration" : 0
        },
        "status" : "passed",
        "steps" : [ ],
        "attachments" : [ ],
        "parameters" : [ ],
        "stepsCount" : 0,
        "attachmentsCount" : 0,
        "shouldDisplayMessage" : false,
        "hasContent" : false
      } ],
      "attachments" : [ ],
      "parameters" : [ ],
      "stepsCount" : 8,
      "attachmentsCount" : 0,
      "shouldDisplayMessage" : true,
      "hasContent" : true
    } ],
    "attachments" : [ ],
    "parameters" : [ ],
    "stepsCount" : 9,
    "attachmentsCount" : 0,
    "shouldDisplayMessage" : true,
    "hasContent" : true
  },
  "afterStages" : [ {
    "name" : "prepare_account::0",
    "time" : {
      "start" : 1647249832331,
      "stop" : 1647249836670,
      "duration" : 4339
    },
    "status" : "passed",
    "steps" : [ {
      "name" : "Operator end balance: 0.00220483812081676561344 NEON 74064663.92096615 SOL",
      "time" : {
        "start" : 1647249836572,
        "stop" : 1647249836572,
        "duration" : 0
      },
      "status" : "passed",
      "steps" : [ ],
      "attachments" : [ ],
      "parameters" : [ ],
      "stepsCount" : 0,
      "attachmentsCount" : 0,
      "shouldDisplayMessage" : false,
      "hasContent" : false
    }, {
      "name" : "Account end balance: 1000 NEON",
      "time" : {
        "start" : 1647249836670,
        "stop" : 1647249836670,
        "duration" : 0
      },
      "status" : "passed",
      "steps" : [ ],
      "attachments" : [ ],
      "parameters" : [ ],
      "stepsCount" : 0,
      "attachmentsCount" : 0,
      "shouldDisplayMessage" : false,
      "hasContent" : false
    } ],
    "attachments" : [ ],
    "parameters" : [ ],
    "stepsCount" : 2,
    "attachmentsCount" : 0,
    "shouldDisplayMessage" : false,
    "hasContent" : true
  }, {
    "name" : "allure_environment::0",
    "time" : {
      "start" : 1647249998388,
      "stop" : 1647249998388,
      "duration" : 0
    },
    "status" : "passed",
    "steps" : [ ],
    "attachments" : [ ],
    "parameters" : [ ],
    "stepsCount" : 0,
    "attachmentsCount" : 0,
    "shouldDisplayMessage" : false,
    "hasContent" : false
  } ],
  "labels" : [ {
    "name" : "story",
    "value" : "Basic: Json-RPC call tests"
  }, {
    "name" : "parentSuite",
    "value" : "integration.tests.basic"
  }, {
    "name" : "suite",
    "value" : "test_rpc_calls"
  }, {
    "name" : "subSuite",
    "value" : "TestRpcCalls"
  }, {
    "name" : "host",
    "value" : "fv-az132-339"
  }, {
    "name" : "thread",
    "value" : "1747-MainThread"
  }, {
    "name" : "framework",
    "value" : "pytest"
  }, {
    "name" : "language",
    "value" : "cpython3"
  }, {
    "name" : "package",
    "value" : "integration.tests.basic.test_rpc_calls"
  }, {
    "name" : "resultFormat",
    "value" : "allure2"
  } ],
  "parameters" : [ ],
  "links" : [ ],
  "hidden" : false,
  "retry" : false,
  "extra" : {
    "severity" : "normal",
    "retries" : [ ],
    "categories" : [ {
      "name" : "Product defects",
      "matchedStatuses" : [ ],
      "flaky" : false
    } ],
    "history" : {
      "statistic" : {
        "failed" : 13,
        "broken" : 2,
        "skipped" : 0,
        "passed" : 0,
        "unknown" : 0,
        "total" : 15
      },
      "items" : [ {
        "uid" : "1e7362040307060",
        "reportUrl" : "https://apetrovskiy.github.io/neon-tests/release-stand/feature/254q/541//#testresult/1e7362040307060",
        "status" : "failed",
        "statusDetails" : "AssertionError: <AssertMessage.CONTAINS_ERROR: 'Contains the error data'>\nassert False\n +  where False = <bound method BasicTests.assert_no_error_object of <integration.tests.basic.test_rpc_calls.TestRpcCalls object at 0x7ff7ace702b0>>(JsonRpcErrorResponse(id=52, error={'code': -32000, 'message': \"'NoneType' object is not subscriptable\"}, jsonrpc='2.0'))\n +    where <bound method BasicTests.assert_no_error_object of <integration.tests.basic.test_rpc_calls.TestRpcCalls object at 0x7ff7ace702b0>> = <integration.tests.basic.test_rpc_calls.TestRpcCalls object at 0x7ff7ace702b0>.assert_no_error_object",
        "time" : {
          "start" : 1647248975030,
          "stop" : 1647248976442,
          "duration" : 1412
        }
      }, {
        "uid" : "c14a16bcc02e0e37",
        "reportUrl" : "https://apetrovskiy.github.io/neon-tests/release-stand/feature/254q/539//#testresult/c14a16bcc02e0e37",
        "status" : "failed",
        "statusDetails" : "AssertionError: <AssertMessage.CONTAINS_ERROR: 'Contains the error data'>\nassert False\n +  where False = <bound method BasicTests.assert_no_error_object of <integration.tests.basic.test_rpc_calls.TestRpcCalls object at 0x7fd60035ebb0>>(JsonRpcErrorResponse(id=41, error={'code': -32000, 'message': \"'NoneType' object is not subscriptable\"}, jsonrpc='2.0'))\n +    where <bound method BasicTests.assert_no_error_object of <integration.tests.basic.test_rpc_calls.TestRpcCalls object at 0x7fd60035ebb0>> = <integration.tests.basic.test_rpc_calls.TestRpcCalls object at 0x7fd60035ebb0>.assert_no_error_object",
        "time" : {
          "start" : 1647248690037,
          "stop" : 1647248691349,
          "duration" : 1312
        }
      }, {
        "uid" : "ae84cc69cbb7fd2e",
        "reportUrl" : "https://apetrovskiy.github.io/neon-tests/release-stand/feature/254q/535//#testresult/ae84cc69cbb7fd2e",
        "status" : "broken",
        "statusDetails" : "KeyError: 'type(2)'",
        "time" : {
          "start" : 1647247964259,
          "stop" : 1647247965776,
          "duration" : 1517
        }
      }, {
        "uid" : "5802d5fc4902a7c5",
        "reportUrl" : "https://apetrovskiy.github.io/neon-tests/release-stand/feature/254q/533//#testresult/5802d5fc4902a7c5",
        "status" : "broken",
        "statusDetails" : "IndexError: Replacement index 2 out of range for positional args tuple",
        "time" : {
          "start" : 1647247685921,
          "stop" : 1647247687439,
          "duration" : 1518
        }
      }, {
        "uid" : "888d03a86e16a944",
        "reportUrl" : "https://apetrovskiy.github.io/neon-tests/release-stand/feature/254q/531//#testresult/888d03a86e16a944",
        "status" : "failed",
        "statusDetails" : "AssertionError: <AssertMessage.CONTAINS_ERROR: 'Contains the error data'>\nassert False\n +  where False = <bound method BasicTests.assert_no_error_object of <integration.tests.basic.test_rpc_calls.TestRpcCalls object at 0x7f54dd417220>>(JsonRpcErrorResponse(id=73, error={'code': -32000, 'message': \"'NoneType' object is not subscriptable\"}, jsonrpc='2.0'))\n +    where <bound method BasicTests.assert_no_error_object of <integration.tests.basic.test_rpc_calls.TestRpcCalls object at 0x7f54dd417220>> = <integration.tests.basic.test_rpc_calls.TestRpcCalls object at 0x7f54dd417220>.assert_no_error_object",
        "time" : {
          "start" : 1647246115578,
          "stop" : 1647246117100,
          "duration" : 1522
        }
      }, {
        "uid" : "d3a232ad9801e0d5",
        "reportUrl" : "https://apetrovskiy.github.io/neon-tests/release-stand/feature/254q/527//#testresult/d3a232ad9801e0d5",
        "status" : "failed",
        "statusDetails" : "AssertionError: <AssertMessage.CONTAINS_ERROR: 'Contains the error data'>\nassert False\n +  where False = <bound method BasicTests.assert_no_error_object of <integration.tests.basic.test_rpc_calls.TestRpcCalls object at 0x7ff1304c97c0>>(JsonRpcErrorResponse(id=32, error={'code': -32000, 'message': \"'NoneType' object is not subscriptable\"}, jsonrpc='2.0'))\n +    where <bound method BasicTests.assert_no_error_object of <integration.tests.basic.test_rpc_calls.TestRpcCalls object at 0x7ff1304c97c0>> = <integration.tests.basic.test_rpc_calls.TestRpcCalls object at 0x7ff1304c97c0>.assert_no_error_object",
        "time" : {
          "start" : 1647245405167,
          "stop" : 1647245406691,
          "duration" : 1524
        }
      }, {
        "uid" : "48d179daf2638c0f",
        "reportUrl" : "https://apetrovskiy.github.io/neon-tests/release-stand/feature/254q/523//#testresult/48d179daf2638c0f",
        "status" : "failed",
        "statusDetails" : "AssertionError: <AssertMessage.CONTAINS_ERROR: 'Contains the error data'>\nassert False\n +  where False = <bound method BasicTests.assert_no_error_object of <integration.tests.basic.test_rpc_calls.TestRpcCalls object at 0x7efdcc8797c0>>(JsonRpcErrorResponse(id=87, error={'code': -32000, 'message': \"'NoneType' object is not subscriptable\"}, jsonrpc='2.0'))\n +    where <bound method BasicTests.assert_no_error_object of <integration.tests.basic.test_rpc_calls.TestRpcCalls object at 0x7efdcc8797c0>> = <integration.tests.basic.test_rpc_calls.TestRpcCalls object at 0x7efdcc8797c0>.assert_no_error_object",
        "time" : {
          "start" : 1647244939688,
          "stop" : 1647244941210,
          "duration" : 1522
        }
      }, {
        "uid" : "87394c0692cde1e2",
        "reportUrl" : "https://apetrovskiy.github.io/neon-tests/release-stand/feature/254q/521//#testresult/87394c0692cde1e2",
        "status" : "failed",
        "statusDetails" : "AssertionError: <AssertMessage.CONTAINS_ERROR: 'Contains the error data'>\nassert False\n +  where False = <bound method BasicTests.assert_no_error_object of <integration.tests.basic.test_rpc_calls.TestRpcCalls object at 0x7fea3ac35070>>(JsonRpcErrorResponse(id=43, error={'code': -32000, 'message': \"'NoneType' object is not subscriptable\"}, jsonrpc='2.0'))\n +    where <bound method BasicTests.assert_no_error_object of <integration.tests.basic.test_rpc_calls.TestRpcCalls object at 0x7fea3ac35070>> = <integration.tests.basic.test_rpc_calls.TestRpcCalls object at 0x7fea3ac35070>.assert_no_error_object",
        "time" : {
          "start" : 1647244086446,
          "stop" : 1647244087973,
          "duration" : 1527
        }
      }, {
        "uid" : "ff1c904996cc67b1",
        "reportUrl" : "https://apetrovskiy.github.io/neon-tests/release-stand/feature/254q/519//#testresult/ff1c904996cc67b1",
        "status" : "failed",
        "statusDetails" : "AssertionError: <AssertMessage.CONTAINS_ERROR: 'Contains the error data'>\nassert False\n +  where False = <bound method BasicTests.assert_no_error_object of <integration.tests.basic.test_rpc_calls.TestRpcCalls object at 0x7f9404e34bb0>>(JsonRpcErrorResponse(id=48, error={'code': -32000, 'message': \"'NoneType' object is not subscriptable\"}, jsonrpc='2.0'))\n +    where <bound method BasicTests.assert_no_error_object of <integration.tests.basic.test_rpc_calls.TestRpcCalls object at 0x7f9404e34bb0>> = <integration.tests.basic.test_rpc_calls.TestRpcCalls object at 0x7f9404e34bb0>.assert_no_error_object",
        "time" : {
          "start" : 1647243475451,
          "stop" : 1647243476974,
          "duration" : 1523
        }
      }, {
        "uid" : "48cb2e88c05d0bc4",
        "reportUrl" : "https://apetrovskiy.github.io/neon-tests/release-stand/feature/254q/517//#testresult/48cb2e88c05d0bc4",
        "status" : "failed",
        "statusDetails" : "AssertionError: <AssertMessage.CONTAINS_ERROR: 'Contains the error data'>\nassert False\n +  where False = <bound method BasicTests.assert_no_error_object of <integration.tests.basic.test_rpc_calls.TestRpcCalls object at 0x7f386aff9070>>(JsonRpcErrorResponse(id=70, error={'code': -32000, 'message': \"'NoneType' object is not subscriptable\"}, jsonrpc='2.0'))\n +    where <bound method BasicTests.assert_no_error_object of <integration.tests.basic.test_rpc_calls.TestRpcCalls object at 0x7f386aff9070>> = <integration.tests.basic.test_rpc_calls.TestRpcCalls object at 0x7f386aff9070>.assert_no_error_object",
        "time" : {
          "start" : 1647242830504,
          "stop" : 1647242832020,
          "duration" : 1516
        }
      }, {
        "uid" : "8c72e476a0453550",
        "reportUrl" : "https://apetrovskiy.github.io/neon-tests/release-stand/feature/254q/515//#testresult/8c72e476a0453550",
        "status" : "failed",
        "statusDetails" : "AssertionError: <AssertMessage.CONTAINS_ERROR: 'Contains the error data'>\nassert False\n +  where False = <bound method BasicTests.assert_no_error_object of <integration.tests.basic.test_rpc_calls.TestRpcCalls object at 0x7fd690f39880>>(JsonRpcErrorResponse(id=56, error={'code': -32000, 'message': \"'NoneType' object is not subscriptable\"}, jsonrpc='2.0'))\n +    where <bound method BasicTests.assert_no_error_object of <integration.tests.basic.test_rpc_calls.TestRpcCalls object at 0x7fd690f39880>> = <integration.tests.basic.test_rpc_calls.TestRpcCalls object at 0x7fd690f39880>.assert_no_error_object",
        "time" : {
          "start" : 1647242661391,
          "stop" : 1647242662696,
          "duration" : 1305
        }
      }, {
        "uid" : "a1c626c4694f7575",
        "reportUrl" : "https://apetrovskiy.github.io/neon-tests/release-stand/feature/254q/511//#testresult/a1c626c4694f7575",
        "status" : "failed",
        "statusDetails" : "AssertionError: <AssertMessage.CONTAINS_ERROR: 'Contains the error data'>\nassert False\n +  where False = <bound method BasicTests.assert_no_error_object of <integration.tests.basic.test_rpc_calls.TestRpcCalls object at 0x7f1213a21460>>(JsonRpcErrorResponse(id=74, error={'code': -32000, 'message': \"'NoneType' object is not subscriptable\"}, jsonrpc='2.0'))\n +    where <bound method BasicTests.assert_no_error_object of <integration.tests.basic.test_rpc_calls.TestRpcCalls object at 0x7f1213a21460>> = <integration.tests.basic.test_rpc_calls.TestRpcCalls object at 0x7f1213a21460>.assert_no_error_object",
        "time" : {
          "start" : 1647241625175,
          "stop" : 1647241626580,
          "duration" : 1405
        }
      }, {
        "uid" : "8422208931573b6f",
        "reportUrl" : "https://apetrovskiy.github.io/neon-tests/release-stand/feature/254q/507//#testresult/8422208931573b6f",
        "status" : "failed",
        "statusDetails" : "AssertionError: <AssertMessage.CONTAINS_ERROR: 'Contains the error data'>\nassert False\n +  where False = <bound method BasicTests.assert_no_error_object of <integration.tests.basic.test_rpc_calls.TestRpcCalls object at 0x7f76c61ac6d0>>(JsonRpcErrorResponse(id=98, error={'code': -32000, 'message': \"'NoneType' object is not subscriptable\"}, jsonrpc='2.0'))\n +    where <bound method BasicTests.assert_no_error_object of <integration.tests.basic.test_rpc_calls.TestRpcCalls object at 0x7f76c61ac6d0>> = <integration.tests.basic.test_rpc_calls.TestRpcCalls object at 0x7f76c61ac6d0>.assert_no_error_object",
        "time" : {
          "start" : 1647239449609,
          "stop" : 1647239450921,
          "duration" : 1312
        }
      }, {
        "uid" : "dccd9e259c70f47",
        "reportUrl" : "https://apetrovskiy.github.io/neon-tests/release-stand/feature/254q/509//#testresult/dccd9e259c70f47",
        "status" : "failed",
        "statusDetails" : "AssertionError: <AssertMessage.CONTAINS_ERROR: 'Contains the error data'>\nassert False\n +  where False = <bound method BasicTests.assert_no_error_object of <integration.tests.basic.test_rpc_calls.TestRpcCalls object at 0x7f19797c4700>>(JsonRpcErrorResponse(id=90, error={'code': -32000, 'message': \"'NoneType' object is not subscriptable\"}, jsonrpc='2.0'))\n +    where <bound method BasicTests.assert_no_error_object of <integration.tests.basic.test_rpc_calls.TestRpcCalls object at 0x7f19797c4700>> = <integration.tests.basic.test_rpc_calls.TestRpcCalls object at 0x7f19797c4700>.assert_no_error_object",
        "time" : {
          "start" : 1647239474749,
          "stop" : 1647239476266,
          "duration" : 1517
        }
      } ]
    },
    "tags" : [ ]
  },
  "source" : "2beb544c675f336e.json",
  "parameterValues" : [ ]
}