{
  "uid" : "ccee89675bc0fde2",
  "name" : "test_send_negative_sum_from_account_neon",
  "fullName" : "integration.tests.basic.test_transfers.TestTransfer#test_send_negative_sum_from_account_neon",
  "historyId" : "b8f842096bc774361fb83c1b6571422c",
  "time" : {
    "start" : 1647627432148,
    "stop" : 1647627432250,
    "duration" : 102
  },
  "description" : "Send negative sum from account: neon",
  "descriptionHtml" : "<p>Send negative sum from account: neon</p>\n",
  "status" : "failed",
  "statusMessage" : "AssertionError: expected balance = 5, actual balance = 831.847",
  "statusTrace" : "self = <integration.tests.basic.test_transfers.TestTransfer object at 0x7fadd7e362e0>\nprepare_accounts = None\n\n    def test_send_negative_sum_from_account_neon(self, prepare_accounts):\n        \"\"\"Send negative sum from account: neon\"\"\"\n    \n        self.process_transaction_with_failure(\n            self.sender_account, self.recipient_account,\n            InputData.NEGATIVE_AMOUNT.value, ErrorMessage.NEGATIVE_VALUE.value)\n    \n>       self.assert_balance(self.sender_account.address,\n                            InputData.FAUCET_1ST_REQUEST_AMOUNT.value)\n\nintegration/tests/basic/test_transfers.py:96: \n_ _ _ _ _ _ _ _ _ _ _ _ _ _ _ _ _ _ _ _ _ _ _ _ _ _ _ _ _ _ _ _ _ _ _ _ _ _ _ _ \nintegration/tests/basic/helpers/basic.py:145: in assert_balance\n    self.check_balance(expected_amount, balance)\n_ _ _ _ _ _ _ _ _ _ _ _ _ _ _ _ _ _ _ _ _ _ _ _ _ _ _ _ _ _ _ _ _ _ _ _ _ _ _ _ \n\nself = <integration.tests.basic.test_transfers.TestTransfer object at 0x7fadd7e362e0>\nexpected = 5, actual = Decimal('831.846552995472')\n\n    def check_balance(self, expected: float, actual: Decimal):\n        '''Compares the balance with expectation'''\n        expected_dec = round(expected, InputData.ROUND_DIGITS.value)\n        actual_dec = float(round(actual, InputData.ROUND_DIGITS.value))\n    \n>       assert actual_dec == expected_dec, f\"expected balance = {expected_dec}, actual balance = {actual_dec}\"\nE       AssertionError: expected balance = 5, actual balance = 831.847\n\nintegration/tests/basic/helpers/basic.py:140: AssertionError",
  "flaky" : false,
  "newFailed" : false,
  "newBroken" : false,
  "newPassed" : false,
  "retriesCount" : 0,
  "retriesStatusChange" : false,
  "beforeStages" : [ {
    "name" : "pytestconfig",
    "time" : {
      "start" : 1647627394584,
      "stop" : 1647627394585,
      "duration" : 1
    },
    "status" : "passed",
    "steps" : [ ],
    "attachments" : [ ],
    "parameters" : [ ],
    "stepsCount" : 0,
    "attachmentsCount" : 0,
    "shouldDisplayMessage" : false,
    "hasContent" : false
  }, {
    "name" : "web3_client",
    "time" : {
      "start" : 1647627394585,
      "stop" : 1647627394586,
      "duration" : 1
    },
    "status" : "passed",
    "steps" : [ ],
    "attachments" : [ ],
    "parameters" : [ ],
    "stepsCount" : 0,
    "attachmentsCount" : 0,
    "shouldDisplayMessage" : false,
    "hasContent" : false
  }, {
    "name" : "allure_environment",
    "time" : {
      "start" : 1647627394586,
      "stop" : 1647627395424,
      "duration" : 838
    },
    "status" : "passed",
    "steps" : [ ],
    "attachments" : [ ],
    "parameters" : [ ],
    "stepsCount" : 0,
    "attachmentsCount" : 0,
    "shouldDisplayMessage" : false,
    "hasContent" : false
  }, {
    "name" : "faucet",
    "time" : {
      "start" : 1647627395424,
      "stop" : 1647627395424,
      "duration" : 0
    },
    "status" : "passed",
    "steps" : [ ],
    "attachments" : [ ],
    "parameters" : [ ],
    "stepsCount" : 0,
    "attachmentsCount" : 0,
    "shouldDisplayMessage" : false,
    "hasContent" : false
  }, {
    "name" : "operator",
    "time" : {
      "start" : 1647627395424,
      "stop" : 1647627395424,
      "duration" : 0
    },
    "status" : "passed",
    "steps" : [ ],
    "attachments" : [ ],
    "parameters" : [ ],
    "stepsCount" : 0,
    "attachmentsCount" : 0,
    "shouldDisplayMessage" : false,
    "hasContent" : false
  }, {
    "name" : "sol_client",
    "time" : {
      "start" : 1647627395424,
      "stop" : 1647627395424,
      "duration" : 0
    },
    "status" : "passed",
    "steps" : [ ],
    "attachments" : [ ],
    "parameters" : [ ],
    "stepsCount" : 0,
    "attachmentsCount" : 0,
    "shouldDisplayMessage" : false,
    "hasContent" : false
  }, {
    "name" : "jsonrpc_requester",
    "time" : {
      "start" : 1647627395424,
      "stop" : 1647627395424,
      "duration" : 0
    },
    "status" : "passed",
    "steps" : [ ],
    "attachments" : [ ],
    "parameters" : [ ],
    "stepsCount" : 0,
    "attachmentsCount" : 0,
    "shouldDisplayMessage" : false,
    "hasContent" : false
  }, {
    "name" : "prepare_accounts",
    "time" : {
      "start" : 1647627432144,
      "stop" : 1647627432148,
      "duration" : 4
    },
    "status" : "passed",
    "steps" : [ ],
    "attachments" : [ ],
    "parameters" : [ ],
    "stepsCount" : 0,
    "attachmentsCount" : 0,
    "shouldDisplayMessage" : false,
    "hasContent" : false
  }, {
    "name" : "prepare_json_rpc_requester",
    "time" : {
      "start" : 1647627432144,
      "stop" : 1647627432144,
      "duration" : 0
    },
    "status" : "passed",
    "steps" : [ ],
    "attachments" : [ ],
    "parameters" : [ ],
    "stepsCount" : 0,
    "attachmentsCount" : 0,
    "shouldDisplayMessage" : false,
    "hasContent" : false
  }, {
    "name" : "prepare",
    "time" : {
      "start" : 1647627432144,
      "stop" : 1647627432144,
      "duration" : 0
    },
    "status" : "passed",
    "steps" : [ ],
    "attachments" : [ ],
    "parameters" : [ ],
    "stepsCount" : 0,
    "attachmentsCount" : 0,
    "shouldDisplayMessage" : false,
    "hasContent" : false
  } ],
  "testStage" : {
    "description" : "Send negative sum from account: neon",
    "status" : "failed",
    "statusMessage" : "AssertionError: expected balance = 5, actual balance = 831.847",
    "statusTrace" : "self = <integration.tests.basic.test_transfers.TestTransfer object at 0x7fadd7e362e0>\nprepare_accounts = None\n\n    def test_send_negative_sum_from_account_neon(self, prepare_accounts):\n        \"\"\"Send negative sum from account: neon\"\"\"\n    \n        self.process_transaction_with_failure(\n            self.sender_account, self.recipient_account,\n            InputData.NEGATIVE_AMOUNT.value, ErrorMessage.NEGATIVE_VALUE.value)\n    \n>       self.assert_balance(self.sender_account.address,\n                            InputData.FAUCET_1ST_REQUEST_AMOUNT.value)\n\nintegration/tests/basic/test_transfers.py:96: \n_ _ _ _ _ _ _ _ _ _ _ _ _ _ _ _ _ _ _ _ _ _ _ _ _ _ _ _ _ _ _ _ _ _ _ _ _ _ _ _ \nintegration/tests/basic/helpers/basic.py:145: in assert_balance\n    self.check_balance(expected_amount, balance)\n_ _ _ _ _ _ _ _ _ _ _ _ _ _ _ _ _ _ _ _ _ _ _ _ _ _ _ _ _ _ _ _ _ _ _ _ _ _ _ _ \n\nself = <integration.tests.basic.test_transfers.TestTransfer object at 0x7fadd7e362e0>\nexpected = 5, actual = Decimal('831.846552995472')\n\n    def check_balance(self, expected: float, actual: Decimal):\n        '''Compares the balance with expectation'''\n        expected_dec = round(expected, InputData.ROUND_DIGITS.value)\n        actual_dec = float(round(actual, InputData.ROUND_DIGITS.value))\n    \n>       assert actual_dec == expected_dec, f\"expected balance = {expected_dec}, actual balance = {actual_dec}\"\nE       AssertionError: expected balance = 5, actual balance = 831.847\n\nintegration/tests/basic/helpers/basic.py:140: AssertionError",
    "steps" : [ {
      "name" : "Sending -1 from 0x10bA76E88cd03842eb45875e66a0CfD995Ab4D4A to 0x92e26E9BD6cBf87Db773d516d9C6c3d73c5A9B39",
      "time" : {
        "start" : 1647627432148,
        "stop" : 1647627432189,
        "duration" : 41
      },
      "status" : "passed",
      "steps" : [ ],
      "attachments" : [ ],
      "parameters" : [ ],
      "stepsCount" : 0,
      "attachmentsCount" : 0,
      "shouldDisplayMessage" : false,
      "hasContent" : false
    } ],
    "attachments" : [ {
      "uid" : "e45ead8df1e23a98",
      "name" : "stdout",
      "source" : "e45ead8df1e23a98.txt",
      "type" : "text/plain",
      "size" : 122
    } ],
    "parameters" : [ ],
    "stepsCount" : 1,
    "attachmentsCount" : 1,
    "shouldDisplayMessage" : true,
    "hasContent" : true
  },
  "afterStages" : [ {
    "name" : "prepare_accounts::0",
    "time" : {
      "start" : 1647627432258,
      "stop" : 1647627432258,
      "duration" : 0
    },
    "status" : "passed",
    "steps" : [ ],
    "attachments" : [ ],
    "parameters" : [ ],
    "stepsCount" : 0,
    "attachmentsCount" : 0,
    "shouldDisplayMessage" : false,
    "hasContent" : false
  }, {
    "name" : "allure_environment::0",
    "time" : {
      "start" : 1647627432616,
      "stop" : 1647627432617,
      "duration" : 1
    },
    "status" : "passed",
    "steps" : [ ],
    "attachments" : [ ],
    "parameters" : [ ],
    "stepsCount" : 0,
    "attachmentsCount" : 0,
    "shouldDisplayMessage" : false,
    "hasContent" : false
  } ],
  "labels" : [ {
    "name" : "story",
    "value" : "Basic: transfer tests"
  }, {
    "name" : "parentSuite",
    "value" : "integration.tests.basic"
  }, {
    "name" : "suite",
    "value" : "test_transfers"
  }, {
    "name" : "subSuite",
    "value" : "TestTransfer"
  }, {
    "name" : "host",
    "value" : "fv-az129-271"
  }, {
    "name" : "thread",
    "value" : "1742-MainThread"
  }, {
    "name" : "framework",
    "value" : "pytest"
  }, {
    "name" : "language",
    "value" : "cpython3"
  }, {
    "name" : "package",
    "value" : "integration.tests.basic.test_transfers"
  }, {
    "name" : "resultFormat",
    "value" : "allure2"
  } ],
  "parameters" : [ ],
  "links" : [ ],
  "hidden" : false,
  "retry" : false,
  "extra" : {
    "severity" : "normal",
    "retries" : [ ],
    "categories" : [ {
      "name" : "Product defects",
      "matchedStatuses" : [ ],
      "flaky" : false
    } ],
    "history" : {
      "statistic" : {
        "failed" : 4,
        "broken" : 0,
        "skipped" : 0,
        "passed" : 2,
        "unknown" : 0,
        "total" : 6
      },
      "items" : [ {
        "uid" : "a8b595e705964722",
        "reportUrl" : "https://apetrovskiy.github.io/neon-tests/release-stand/feature/254t/641//#testresult/a8b595e705964722",
        "status" : "failed",
        "statusDetails" : "AssertionError",
        "time" : {
          "start" : 1647624116660,
          "stop" : 1647624116660,
          "duration" : 0
        }
      }, {
        "uid" : "95b48a69ccf3bafa",
        "reportUrl" : "https://apetrovskiy.github.io/neon-tests/release-stand/feature/254t/635//#testresult/95b48a69ccf3bafa",
        "status" : "failed",
        "statusDetails" : "AssertionError",
        "time" : {
          "start" : 1647623114065,
          "stop" : 1647623114065,
          "duration" : 0
        }
      }, {
        "uid" : "a2c1ef8c6cde7c05",
        "reportUrl" : "https://apetrovskiy.github.io/neon-tests/release-stand/feature/254t/632//#testresult/a2c1ef8c6cde7c05",
        "status" : "failed",
        "statusDetails" : "AssertionError",
        "time" : {
          "start" : 1647622865460,
          "stop" : 1647622865460,
          "duration" : 0
        }
      }, {
        "uid" : "e947c6f9fa589416",
        "reportUrl" : "https://apetrovskiy.github.io/neon-tests/release-stand/feature/254t/629//#testresult/e947c6f9fa589416",
        "status" : "passed",
        "time" : {
          "start" : 1647622839812,
          "stop" : 1647622840132,
          "duration" : 320
        }
      }, {
        "uid" : "6a6dad3c5ff3c9f8",
        "reportUrl" : "https://apetrovskiy.github.io/neon-tests/release-stand/feature/254t/624//#testresult/6a6dad3c5ff3c9f8",
        "status" : "passed",
        "time" : {
          "start" : 1647622207819,
          "stop" : 1647622208239,
          "duration" : 420
        }
      } ]
    },
    "tags" : [ ]
  },
  "source" : "ccee89675bc0fde2.json",
  "parameterValues" : [ ]
}