{
  "uid" : "be56bb2a868241c7",
  "name" : "test_send_negative_sum_from_account_erc20",
  "fullName" : "integration.tests.basic.test_transfers.TestTransfer#test_send_negative_sum_from_account_erc20",
  "historyId" : "56f72685893e02235e13a169de712d39",
  "time" : {
    "start" : 1651144538435,
    "stop" : 1651144538435,
    "duration" : 0
  },
  "description" : "Send negative sum from account: ERC20",
  "descriptionHtml" : "<p>Send negative sum from account: ERC20</p>\n",
  "status" : "skipped",
  "statusMessage" : "Skipped: waiting for MS",
  "statusTrace" : "('/home/runner/work/neon-tests/neon-tests/integration/tests/basic/test_transfers.py', 166, 'Skipped: waiting for MS')",
  "flaky" : false,
  "newFailed" : false,
  "newBroken" : false,
  "newPassed" : false,
  "retriesCount" : 0,
  "retriesStatusChange" : false,
  "beforeStages" : [ {
    "name" : "web3_client",
    "time" : {
      "start" : 1651144453261,
      "stop" : 1651144453262,
      "duration" : 1
    },
    "status" : "passed",
    "steps" : [ ],
    "attachments" : [ ],
    "parameters" : [ ],
    "stepsCount" : 0,
    "attachmentsCount" : 0,
    "shouldDisplayMessage" : false,
    "hasContent" : false
  }, {
    "name" : "pytestconfig",
    "time" : {
      "start" : 1651144453261,
      "stop" : 1651144453261,
      "duration" : 0
    },
    "status" : "passed",
    "steps" : [ ],
    "attachments" : [ ],
    "parameters" : [ ],
    "stepsCount" : 0,
    "attachmentsCount" : 0,
    "shouldDisplayMessage" : false,
    "hasContent" : false
  }, {
    "name" : "allure_environment",
    "time" : {
      "start" : 1651144453263,
      "stop" : 1651144453884,
      "duration" : 621
    },
    "status" : "passed",
    "steps" : [ ],
    "attachments" : [ ],
    "parameters" : [ ],
    "stepsCount" : 0,
    "attachmentsCount" : 0,
    "shouldDisplayMessage" : false,
    "hasContent" : false
  }, {
    "name" : "json_rpc_client",
    "time" : {
      "start" : 1651144453884,
      "stop" : 1651144453884,
      "duration" : 0
    },
    "status" : "passed",
    "steps" : [ ],
    "attachments" : [ ],
    "parameters" : [ ],
    "stepsCount" : 0,
    "attachmentsCount" : 0,
    "shouldDisplayMessage" : false,
    "hasContent" : false
  }, {
    "name" : "operator",
    "time" : {
      "start" : 1651144453884,
      "stop" : 1651144453885,
      "duration" : 1
    },
    "status" : "passed",
    "steps" : [ ],
    "attachments" : [ ],
    "parameters" : [ ],
    "stepsCount" : 0,
    "attachmentsCount" : 0,
    "shouldDisplayMessage" : false,
    "hasContent" : false
  }, {
    "name" : "faucet",
    "time" : {
      "start" : 1651144453884,
      "stop" : 1651144453884,
      "duration" : 0
    },
    "status" : "passed",
    "steps" : [ ],
    "attachments" : [ ],
    "parameters" : [ ],
    "stepsCount" : 0,
    "attachmentsCount" : 0,
    "shouldDisplayMessage" : false,
    "hasContent" : false
  }, {
    "name" : "sol_client",
    "time" : {
      "start" : 1651144453885,
      "stop" : 1651144453885,
      "duration" : 0
    },
    "status" : "passed",
    "steps" : [ ],
    "attachments" : [ ],
    "parameters" : [ ],
    "stepsCount" : 0,
    "attachmentsCount" : 0,
    "shouldDisplayMessage" : false,
    "hasContent" : false
  }, {
    "name" : "prepare_account",
    "time" : {
      "start" : 1651144538021,
      "stop" : 1651144538232,
      "duration" : 211
    },
    "status" : "failed",
    "statusMessage" : "AssertionError: <html>\r\n<head><title>502 Bad Gateway</title></head>\r\n<body>\r\n<center><h1>502 Bad Gateway</h1></center>\r\n<hr><center>nginx/1.18.0 (Ubuntu)</center>\r\n</body>\r\n</html>\r\n\n",
    "statusTrace" : "  File \"/opt/hostedtoolcache/Python/3.9.12/x64/lib/python3.9/site-packages/pluggy/_callers.py\", line 39, in _multicall\n    res = hook_impl.function(*args)\n  File \"/opt/hostedtoolcache/Python/3.9.12/x64/lib/python3.9/site-packages/_pytest/fixtures.py\", line 1126, in pytest_fixture_setup\n    result = call_fixture_func(fixturefunc, request, kwargs)\n  File \"/opt/hostedtoolcache/Python/3.9.12/x64/lib/python3.9/site-packages/_pytest/fixtures.py\", line 925, in call_fixture_func\n    fixture_result = next(generator)\n  File \"/home/runner/work/neon-tests/neon-tests/integration/tests/conftest.py\", line 113, in prepare_account\n    faucet.request_neon(acc.address, 5000)\n  File \"/home/runner/work/neon-tests/neon-tests/utils/faucet.py\", line 16, in request_neon\n    assert resp.status_code == 200, resp.text\n",
    "steps" : [ {
      "name" : "Create account for tests",
      "time" : {
        "start" : 1651144538021,
        "stop" : 1651144538025,
        "duration" : 4
      },
      "status" : "passed",
      "steps" : [ ],
      "attachments" : [ ],
      "parameters" : [ ],
      "stepsCount" : 0,
      "attachmentsCount" : 0,
      "shouldDisplayMessage" : false,
      "hasContent" : false
    }, {
      "name" : "Request 5000 NEON from faucet for 0x1aE83450efc5EeB8977582428fc3672697148b3b",
      "time" : {
        "start" : 1651144538025,
        "stop" : 1651144538232,
        "duration" : 207
      },
      "status" : "failed",
      "statusMessage" : "AssertionError: <html>\r\n<head><title>502 Bad Gateway</title></head>\r\n<body>\r\n<center><h1>502 Bad Gateway</h1></center>\r\n<hr><center>nginx/1.18.0 (Ubuntu)</center>\r\n</body>\r\n</html>\r\n\n",
      "statusTrace" : "  File \"/home/runner/work/neon-tests/neon-tests/integration/tests/conftest.py\", line 113, in prepare_account\n    faucet.request_neon(acc.address, 5000)\n  File \"/home/runner/work/neon-tests/neon-tests/utils/faucet.py\", line 16, in request_neon\n    assert resp.status_code == 200, resp.text\n",
      "steps" : [ ],
      "attachments" : [ ],
      "parameters" : [ ],
      "stepsCount" : 0,
      "attachmentsCount" : 0,
      "shouldDisplayMessage" : true,
      "hasContent" : true
    } ],
    "attachments" : [ ],
    "parameters" : [ ],
    "stepsCount" : 2,
    "attachmentsCount" : 0,
    "shouldDisplayMessage" : false,
    "hasContent" : true
  }, {
    "name" : "prepare",
    "time" : {
      "start" : 1651144538437,
      "stop" : 1651144538437,
      "duration" : 0
    },
    "status" : "passed",
    "steps" : [ ],
    "attachments" : [ ],
    "parameters" : [ ],
    "stepsCount" : 0,
    "attachmentsCount" : 0,
    "shouldDisplayMessage" : false,
    "hasContent" : false
  } ],
  "afterStages" : [ {
    "name" : "allure_environment::0",
    "time" : {
      "start" : 1651144538663,
      "stop" : 1651144538663,
      "duration" : 0
    },
    "status" : "passed",
    "steps" : [ ],
    "attachments" : [ ],
    "parameters" : [ ],
    "stepsCount" : 0,
    "attachmentsCount" : 0,
    "shouldDisplayMessage" : false,
    "hasContent" : false
  } ],
  "labels" : [ {
    "name" : "story",
    "value" : "Basic: transfer tests"
  }, {
    "name" : "tag",
    "value" : "@pytest.mark.skip('waiting for MS')"
  }, {
    "name" : "parentSuite",
    "value" : "integration.tests.basic"
  }, {
    "name" : "suite",
    "value" : "test_transfers"
  }, {
    "name" : "subSuite",
    "value" : "TestTransfer"
  }, {
    "name" : "host",
    "value" : "fv-az132-761"
  }, {
    "name" : "thread",
    "value" : "1800-MainThread"
  }, {
    "name" : "framework",
    "value" : "pytest"
  }, {
    "name" : "language",
    "value" : "cpython3"
  }, {
    "name" : "package",
    "value" : "integration.tests.basic.test_transfers"
  }, {
    "name" : "resultFormat",
    "value" : "allure2"
  } ],
  "parameters" : [ ],
  "links" : [ ],
  "hidden" : false,
  "retry" : false,
  "extra" : {
    "severity" : "normal",
    "retries" : [ ],
    "categories" : [ ],
    "tags" : [ "@pytest.mark.skip('waiting for MS')" ]
  },
  "source" : "be56bb2a868241c7.json",
  "parameterValues" : [ ]
}