{
  "uid" : "bf8c49e6b7086409",
  "name" : "test_send_neon_from_one_account_to_another[1.1]",
  "fullName" : "integration.tests.basic.test_transfers.TestTransfer#test_send_neon_from_one_account_to_another",
  "historyId" : "ff2420b6a43fdd9d117c55d476cfa1b5",
  "time" : {
    "start" : 1650549555429,
    "stop" : 1650549555429,
    "duration" : 0
  },
  "description" : "Send neon from one account to another",
  "descriptionHtml" : "<p>Send neon from one account to another</p>\n",
  "status" : "failed",
  "statusMessage" : "AssertionError",
  "statusTrace" : "operator = <utils.operator.Operator object at 0x7f6db4b6db80>\nfaucet = <utils.faucet.Faucet object at 0x7f6db4b890d0>\nweb3_client = <utils.web3client.NeonWeb3Client object at 0x7f6db4a8a430>\n\n    @pytest.fixture(scope=\"class\")\n    def prepare_account(operator, faucet, web3_client: NeonWeb3Client):\n        \"\"\"Create new account for tests and save operator pre/post balances\"\"\"\n        with allure.step(\"Create account for tests\"):\n            acc = web3_client.eth.account.create()\n        with allure.step(f\"Request 1000 NEON from faucet for {acc.address}\"):\n>           faucet.request_neon(acc.address, 1000)\n\nintegration/tests/conftest.py:115: \n_ _ _ _ _ _ _ _ _ _ _ _ _ _ _ _ _ _ _ _ _ _ _ _ _ _ _ _ _ _ _ _ _ _ _ _ _ _ _ _ \n\nself = <utils.faucet.Faucet object at 0x7f6db4b890d0>\naddress = '0x7e710eD3e55503e6472EBe286000EB8122F52de0', amount = 1000\n\n    def request_neon(self, address: str, amount: int = 100):\n        assert address.startswith(\"0x\")\n        url = urllib.parse.urljoin(self._url, \"request_neon\")\n        resp = self._session.post(url, json={\"amount\": amount, \"wallet\": address})\n>       assert resp.status_code == 200\nE       AssertionError\n\nutils/faucet.py:16: AssertionError",
  "flaky" : false,
  "newFailed" : false,
  "newBroken" : false,
  "newPassed" : false,
  "retriesCount" : 0,
  "retriesStatusChange" : false,
  "beforeStages" : [ {
    "name" : "pytestconfig",
    "time" : {
      "start" : 1650549252681,
      "stop" : 1650549252681,
      "duration" : 0
    },
    "status" : "passed",
    "steps" : [ ],
    "attachments" : [ ],
    "parameters" : [ ],
    "stepsCount" : 0,
    "attachmentsCount" : 0,
    "shouldDisplayMessage" : false,
    "hasContent" : false
  }, {
    "name" : "web3_client",
    "time" : {
      "start" : 1650549252681,
      "stop" : 1650549252683,
      "duration" : 2
    },
    "status" : "passed",
    "steps" : [ ],
    "attachments" : [ ],
    "parameters" : [ ],
    "stepsCount" : 0,
    "attachmentsCount" : 0,
    "shouldDisplayMessage" : false,
    "hasContent" : false
  }, {
    "name" : "allure_environment",
    "time" : {
      "start" : 1650549252683,
      "stop" : 1650549253862,
      "duration" : 1179
    },
    "status" : "passed",
    "steps" : [ ],
    "attachments" : [ ],
    "parameters" : [ ],
    "stepsCount" : 0,
    "attachmentsCount" : 0,
    "shouldDisplayMessage" : false,
    "hasContent" : false
  }, {
    "name" : "jsonrpc_requester",
    "time" : {
      "start" : 1650549253862,
      "stop" : 1650549253862,
      "duration" : 0
    },
    "status" : "passed",
    "steps" : [ ],
    "attachments" : [ ],
    "parameters" : [ ],
    "stepsCount" : 0,
    "attachmentsCount" : 0,
    "shouldDisplayMessage" : false,
    "hasContent" : false
  }, {
    "name" : "faucet",
    "time" : {
      "start" : 1650549253862,
      "stop" : 1650549253862,
      "duration" : 0
    },
    "status" : "passed",
    "steps" : [ ],
    "attachments" : [ ],
    "parameters" : [ ],
    "stepsCount" : 0,
    "attachmentsCount" : 0,
    "shouldDisplayMessage" : false,
    "hasContent" : false
  }, {
    "name" : "sol_client",
    "time" : {
      "start" : 1650549253863,
      "stop" : 1650549253863,
      "duration" : 0
    },
    "status" : "passed",
    "steps" : [ ],
    "attachments" : [ ],
    "parameters" : [ ],
    "stepsCount" : 0,
    "attachmentsCount" : 0,
    "shouldDisplayMessage" : false,
    "hasContent" : false
  }, {
    "name" : "operator",
    "time" : {
      "start" : 1650549253863,
      "stop" : 1650549253863,
      "duration" : 0
    },
    "status" : "passed",
    "steps" : [ ],
    "attachments" : [ ],
    "parameters" : [ ],
    "stepsCount" : 0,
    "attachmentsCount" : 0,
    "shouldDisplayMessage" : false,
    "hasContent" : false
  }, {
    "name" : "prepare_account",
    "time" : {
      "start" : 1650549495241,
      "stop" : 1650549555409,
      "duration" : 60168
    },
    "status" : "failed",
    "statusMessage" : "AssertionError\n",
    "statusTrace" : "  File \"/opt/hostedtoolcache/Python/3.9.12/x64/lib/python3.9/site-packages/pluggy/_callers.py\", line 39, in _multicall\n    res = hook_impl.function(*args)\n  File \"/opt/hostedtoolcache/Python/3.9.12/x64/lib/python3.9/site-packages/_pytest/fixtures.py\", line 1126, in pytest_fixture_setup\n    result = call_fixture_func(fixturefunc, request, kwargs)\n  File \"/opt/hostedtoolcache/Python/3.9.12/x64/lib/python3.9/site-packages/_pytest/fixtures.py\", line 925, in call_fixture_func\n    fixture_result = next(generator)\n  File \"/home/runner/work/neon-tests/neon-tests/integration/tests/conftest.py\", line 115, in prepare_account\n    faucet.request_neon(acc.address, 1000)\n  File \"/home/runner/work/neon-tests/neon-tests/utils/faucet.py\", line 16, in request_neon\n    assert resp.status_code == 200\n",
    "steps" : [ {
      "name" : "Create account for tests",
      "time" : {
        "start" : 1650549495241,
        "stop" : 1650549495245,
        "duration" : 4
      },
      "status" : "passed",
      "steps" : [ ],
      "attachments" : [ ],
      "parameters" : [ ],
      "stepsCount" : 0,
      "attachmentsCount" : 0,
      "shouldDisplayMessage" : false,
      "hasContent" : false
    }, {
      "name" : "Request 1000 NEON from faucet for 0x7e710eD3e55503e6472EBe286000EB8122F52de0",
      "time" : {
        "start" : 1650549495245,
        "stop" : 1650549555409,
        "duration" : 60164
      },
      "status" : "failed",
      "statusMessage" : "AssertionError\n",
      "statusTrace" : "  File \"/home/runner/work/neon-tests/neon-tests/integration/tests/conftest.py\", line 115, in prepare_account\n    faucet.request_neon(acc.address, 1000)\n  File \"/home/runner/work/neon-tests/neon-tests/utils/faucet.py\", line 16, in request_neon\n    assert resp.status_code == 200\n",
      "steps" : [ ],
      "attachments" : [ ],
      "parameters" : [ ],
      "stepsCount" : 0,
      "attachmentsCount" : 0,
      "shouldDisplayMessage" : true,
      "hasContent" : true
    } ],
    "attachments" : [ ],
    "parameters" : [ ],
    "stepsCount" : 2,
    "attachmentsCount" : 0,
    "shouldDisplayMessage" : false,
    "hasContent" : true
  }, {
    "name" : "prepare",
    "time" : {
      "start" : 1650549555429,
      "stop" : 1650549555429,
      "duration" : 0
    },
    "status" : "passed",
    "steps" : [ ],
    "attachments" : [ ],
    "parameters" : [ ],
    "stepsCount" : 0,
    "attachmentsCount" : 0,
    "shouldDisplayMessage" : false,
    "hasContent" : false
  } ],
  "afterStages" : [ {
    "name" : "allure_environment::0",
    "time" : {
      "start" : 1650549701417,
      "stop" : 1650549701418,
      "duration" : 1
    },
    "status" : "passed",
    "steps" : [ ],
    "attachments" : [ ],
    "parameters" : [ ],
    "stepsCount" : 0,
    "attachmentsCount" : 0,
    "shouldDisplayMessage" : false,
    "hasContent" : false
  } ],
  "labels" : [ {
    "name" : "story",
    "value" : "Basic: transfer tests"
  }, {
    "name" : "parentSuite",
    "value" : "integration.tests.basic"
  }, {
    "name" : "suite",
    "value" : "test_transfers"
  }, {
    "name" : "subSuite",
    "value" : "TestTransfer"
  }, {
    "name" : "host",
    "value" : "fv-az453-991"
  }, {
    "name" : "thread",
    "value" : "1817-MainThread"
  }, {
    "name" : "framework",
    "value" : "pytest"
  }, {
    "name" : "language",
    "value" : "cpython3"
  }, {
    "name" : "package",
    "value" : "integration.tests.basic.test_transfers"
  }, {
    "name" : "resultFormat",
    "value" : "allure2"
  } ],
  "parameters" : [ {
    "name" : "amount",
    "value" : "1.1"
  } ],
  "links" : [ ],
  "hidden" : false,
  "retry" : false,
  "extra" : {
    "severity" : "normal",
    "retries" : [ ],
    "categories" : [ {
      "name" : "Product defects",
      "matchedStatuses" : [ ],
      "flaky" : false
    } ],
    "history" : {
      "statistic" : {
        "failed" : 6,
        "broken" : 0,
        "skipped" : 0,
        "passed" : 0,
        "unknown" : 0,
        "total" : 6
      },
      "items" : [ {
        "uid" : "3707c94153fe8d50",
        "reportUrl" : "https://apetrovskiy.github.io/neon-tests/release-stand/feature/25j/948//#testresult/3707c94153fe8d50",
        "status" : "failed",
        "statusDetails" : "AssertionError",
        "time" : {
          "start" : 1650546205852,
          "stop" : 1650546205852,
          "duration" : 0
        }
      }, {
        "uid" : "fd316996bcbf42d",
        "reportUrl" : "https://apetrovskiy.github.io/neon-tests/release-stand/feature/25j/946//#testresult/fd316996bcbf42d",
        "status" : "failed",
        "statusDetails" : "AssertionError",
        "time" : {
          "start" : 1650545374577,
          "stop" : 1650545374577,
          "duration" : 0
        }
      }, {
        "uid" : "468a9423fd9fa0e3",
        "reportUrl" : "https://apetrovskiy.github.io/neon-tests/release-stand/feature/25j/944//#testresult/468a9423fd9fa0e3",
        "status" : "failed",
        "statusDetails" : "AssertionError",
        "time" : {
          "start" : 1650545174994,
          "stop" : 1650545174994,
          "duration" : 0
        }
      }, {
        "uid" : "283a7ba49b531133",
        "reportUrl" : "https://apetrovskiy.github.io/neon-tests/release-stand/feature/25j/942//#testresult/283a7ba49b531133",
        "status" : "failed",
        "statusDetails" : "AssertionError",
        "time" : {
          "start" : 1650540480755,
          "stop" : 1650540480755,
          "duration" : 0
        }
      }, {
        "uid" : "9c2b59e69fbec789",
        "reportUrl" : "https://apetrovskiy.github.io/neon-tests/release-stand/feature/25j/940//#testresult/9c2b59e69fbec789",
        "status" : "failed",
        "statusDetails" : "AssertionError",
        "time" : {
          "start" : 1650539563066,
          "stop" : 1650539563066,
          "duration" : 0
        }
      } ]
    },
    "tags" : [ ]
  },
  "source" : "bf8c49e6b7086409.json",
  "parameterValues" : [ "1.1" ]
}