{
  "uid" : "b28781c380a06bd9",
  "name" : "test_generate_bad_sign[1-None-gas limit reached]",
  "fullName" : "integration.tests.basic.test_transfers.TestTransactionsValidation#test_generate_bad_sign",
  "historyId" : "1dc9a796caa4f289be5db5c12b4e6d3c",
  "time" : {
    "start" : 1650644592659,
    "stop" : 1650644594900,
    "duration" : 2241
  },
  "description" : "Generate bad sign (when v, r, s over allowed size)\n        Too low gas_limit\n        Too high gas_limit > u64::max\n        Too high gas_limit > u64::max\n        Too high gas_price > u64::max\n        Too high gas_limit * gas_price > u64::max\n        ",
  "descriptionHtml" : "<p>Generate bad sign (when v, r, s over allowed size)<br />\nToo low gas_limit<br />\nToo high gas_limit &gt; u64::max<br />\nToo high gas_limit &gt; u64::max<br />\nToo high gas_price &gt; u64::max<br />\nToo high gas_limit * gas_price &gt; u64::max</p>\n",
  "status" : "failed",
  "statusMessage" : "AssertionError",
  "statusTrace" : "self = <integration.tests.basic.test_transfers.TestTransactionsValidation object at 0x7fc2189c59d0>\ngas_limit = 1, gas_price = None, expected_message = 'gas limit reached'\n\n    @pytest.mark.parametrize(\"gas_limit,gas_price,expected_message\", GAS_LIMIT_AND_PRICE_DATA)\n    def test_generate_bad_sign(self, gas_limit, gas_price, expected_message):\n        \"\"\"Generate bad sign (when v, r, s over allowed size)\n        Too low gas_limit\n        Too high gas_limit > u64::max\n        Too high gas_limit > u64::max\n        Too high gas_price > u64::max\n        Too high gas_limit * gas_price > u64::max\n        \"\"\"\n    \n        #\n        amount = 0\n        sender_account = self.create_account_with_balance(amount)\n        recipient_account = self.create_account_with_balance()\n        #\n    \n>       self.process_transaction_with_failure(\n            # self.sender_account,\n            # self.recipient_account,\n            sender_account,\n            recipient_account,\n            amount=InputData.DEFAULT_TRANSFER_AMOUNT.value,\n            gas=gas_limit,\n            gas_price=gas_price,\n            error_message=expected_message,\n        )\n\nintegration/tests/basic/test_transfers.py:325: \n_ _ _ _ _ _ _ _ _ _ _ _ _ _ _ _ _ _ _ _ _ _ _ _ _ _ _ _ _ _ _ _ _ _ _ _ _ _ _ _ \n\nself = <integration.tests.basic.test_transfers.TestTransactionsValidation object at 0x7fc2189c59d0>\nsender_account = <eth_account.signers.local.LocalAccount object at 0x7fc2189d0d60>\nrecipient_account = <eth_account.signers.local.LocalAccount object at 0x7fc2189d09d0>\namount = 0.01, gas = 1, gas_price = None, error_message = 'gas limit reached'\n\n    def process_transaction_with_failure(\n        self,\n        sender_account: Account,\n        # <<<<<<< HEAD\n        #         recipient_account: Union[Account, AccountData],\n        #         amount: int,\n        #         gas: Optional[int] = 0,\n        #         gas_price: Optional[int] = None,\n        #         error_message: str = \"\",\n        #     ) -> Union[web3.types.TxReceipt, None]:\n        #         \"\"\"Processes transaction, expects a failure\"\"\"\n        #         tx: Union[web3.types.TxReceipt, None] = None\n        #         with allure.step(f\"Sending {amount} from {sender_account.address} to {recipient_account.address}\"):\n        #             with pytest.raises(Exception) as error_info:\n        #                 tx = self.web3_client.send_neon(sender_account, recipient_account, amount, gas, gas_price)\n        #             if error_info != None:\n        #                 if error_message:\n        #                     assert error_message in str(error_info), f\"Expected {error_message} to be in {error_info}\"\n        #                 assert None != error_info, \"Transaction failed\"\n        #             return tx\n        # =======\n        recipient_account: tp.Union[Account, AccountData],\n        amount: int,\n        gas: Optional[int] = 0,\n        gas_price: Optional[int] = None,\n        error_message: str = \"\",\n    ) -> tp.Union[web3.types.TxReceipt, None]:\n        \"\"\"Processes transaction, expects a failure\"\"\"\n        tx: tp.Union[web3.types.TxReceipt, None] = None\n        with allure.step(f\"Sending {amount} from {sender_account.address} to {recipient_account.address}\"):\n            with pytest.raises(Exception) as error_info:\n                tx = self.web3_client.send_neon(sender_account, recipient_account, amount)\n            assert error_info, \"Transaction failed\"\n            if error_message:\n>               assert error_message in str(error_info.value)\nE               AssertionError\n\nintegration/tests/basic/helpers/basic.py:137: AssertionError",
  "flaky" : false,
  "newFailed" : false,
  "newBroken" : false,
  "newPassed" : false,
  "retriesCount" : 0,
  "retriesStatusChange" : false,
  "beforeStages" : [ {
    "name" : "web3_client",
    "time" : {
      "start" : 1650644275925,
      "stop" : 1650644275927,
      "duration" : 2
    },
    "status" : "passed",
    "steps" : [ ],
    "attachments" : [ ],
    "parameters" : [ ],
    "stepsCount" : 0,
    "attachmentsCount" : 0,
    "shouldDisplayMessage" : false,
    "hasContent" : false
  }, {
    "name" : "pytestconfig",
    "time" : {
      "start" : 1650644275925,
      "stop" : 1650644275925,
      "duration" : 0
    },
    "status" : "passed",
    "steps" : [ ],
    "attachments" : [ ],
    "parameters" : [ ],
    "stepsCount" : 0,
    "attachmentsCount" : 0,
    "shouldDisplayMessage" : false,
    "hasContent" : false
  }, {
    "name" : "allure_environment",
    "time" : {
      "start" : 1650644275927,
      "stop" : 1650644276998,
      "duration" : 1071
    },
    "status" : "passed",
    "steps" : [ ],
    "attachments" : [ ],
    "parameters" : [ ],
    "stepsCount" : 0,
    "attachmentsCount" : 0,
    "shouldDisplayMessage" : false,
    "hasContent" : false
  }, {
    "name" : "operator",
    "time" : {
      "start" : 1650644276998,
      "stop" : 1650644276999,
      "duration" : 1
    },
    "status" : "passed",
    "steps" : [ ],
    "attachments" : [ ],
    "parameters" : [ ],
    "stepsCount" : 0,
    "attachmentsCount" : 0,
    "shouldDisplayMessage" : false,
    "hasContent" : false
  }, {
    "name" : "json_rpc_client",
    "time" : {
      "start" : 1650644276998,
      "stop" : 1650644276998,
      "duration" : 0
    },
    "status" : "passed",
    "steps" : [ ],
    "attachments" : [ ],
    "parameters" : [ ],
    "stepsCount" : 0,
    "attachmentsCount" : 0,
    "shouldDisplayMessage" : false,
    "hasContent" : false
  }, {
    "name" : "faucet",
    "time" : {
      "start" : 1650644276998,
      "stop" : 1650644276998,
      "duration" : 0
    },
    "status" : "passed",
    "steps" : [ ],
    "attachments" : [ ],
    "parameters" : [ ],
    "stepsCount" : 0,
    "attachmentsCount" : 0,
    "shouldDisplayMessage" : false,
    "hasContent" : false
  }, {
    "name" : "sol_client",
    "time" : {
      "start" : 1650644276999,
      "stop" : 1650644276999,
      "duration" : 0
    },
    "status" : "passed",
    "steps" : [ ],
    "attachments" : [ ],
    "parameters" : [ ],
    "stepsCount" : 0,
    "attachmentsCount" : 0,
    "shouldDisplayMessage" : false,
    "hasContent" : false
  }, {
    "name" : "prepare_account",
    "time" : {
      "start" : 1650644584380,
      "stop" : 1650644592658,
      "duration" : 8278
    },
    "status" : "passed",
    "steps" : [ {
      "name" : "Create account for tests",
      "time" : {
        "start" : 1650644584380,
        "stop" : 1650644584384,
        "duration" : 4
      },
      "status" : "passed",
      "steps" : [ ],
      "attachments" : [ ],
      "parameters" : [ ],
      "stepsCount" : 0,
      "attachmentsCount" : 0,
      "shouldDisplayMessage" : false,
      "hasContent" : false
    }, {
      "name" : "Request 1000 NEON from faucet for 0x645fA31b936fD45210466f163e60480c03E342C6",
      "time" : {
        "start" : 1650644584384,
        "stop" : 1650644585239,
        "duration" : 855
      },
      "status" : "passed",
      "steps" : [ ],
      "attachments" : [ ],
      "parameters" : [ ],
      "stepsCount" : 0,
      "attachmentsCount" : 0,
      "shouldDisplayMessage" : false,
      "hasContent" : false
    }, {
      "name" : "Operator initial balance: 0.007822384481124307943808 NEON 60723.10693428 SOL",
      "time" : {
        "start" : 1650644592658,
        "stop" : 1650644592658,
        "duration" : 0
      },
      "status" : "passed",
      "steps" : [ ],
      "attachments" : [ ],
      "parameters" : [ ],
      "stepsCount" : 0,
      "attachmentsCount" : 0,
      "shouldDisplayMessage" : false,
      "hasContent" : false
    } ],
    "attachments" : [ ],
    "parameters" : [ ],
    "stepsCount" : 3,
    "attachmentsCount" : 0,
    "shouldDisplayMessage" : false,
    "hasContent" : true
  }, {
    "name" : "prepare",
    "time" : {
      "start" : 1650644584380,
      "stop" : 1650644584380,
      "duration" : 0
    },
    "status" : "passed",
    "steps" : [ ],
    "attachments" : [ ],
    "parameters" : [ ],
    "stepsCount" : 0,
    "attachmentsCount" : 0,
    "shouldDisplayMessage" : false,
    "hasContent" : false
  }, {
    "name" : "prepare_env",
    "time" : {
      "start" : 1650644592658,
      "stop" : 1650644592658,
      "duration" : 0
    },
    "status" : "passed",
    "steps" : [ ],
    "attachments" : [ ],
    "parameters" : [ ],
    "stepsCount" : 0,
    "attachmentsCount" : 0,
    "shouldDisplayMessage" : false,
    "hasContent" : false
  }, {
    "name" : "prepare_account",
    "time" : {
      "start" : 1650644592658,
      "stop" : 1650644592658,
      "duration" : 0
    },
    "status" : "passed",
    "steps" : [ ],
    "attachments" : [ ],
    "parameters" : [ ],
    "stepsCount" : 0,
    "attachmentsCount" : 0,
    "shouldDisplayMessage" : false,
    "hasContent" : false
  } ],
  "testStage" : {
    "description" : "Generate bad sign (when v, r, s over allowed size)\n        Too low gas_limit\n        Too high gas_limit > u64::max\n        Too high gas_limit > u64::max\n        Too high gas_price > u64::max\n        Too high gas_limit * gas_price > u64::max\n        ",
    "status" : "failed",
    "statusMessage" : "AssertionError",
    "statusTrace" : "self = <integration.tests.basic.test_transfers.TestTransactionsValidation object at 0x7fc2189c59d0>\ngas_limit = 1, gas_price = None, expected_message = 'gas limit reached'\n\n    @pytest.mark.parametrize(\"gas_limit,gas_price,expected_message\", GAS_LIMIT_AND_PRICE_DATA)\n    def test_generate_bad_sign(self, gas_limit, gas_price, expected_message):\n        \"\"\"Generate bad sign (when v, r, s over allowed size)\n        Too low gas_limit\n        Too high gas_limit > u64::max\n        Too high gas_limit > u64::max\n        Too high gas_price > u64::max\n        Too high gas_limit * gas_price > u64::max\n        \"\"\"\n    \n        #\n        amount = 0\n        sender_account = self.create_account_with_balance(amount)\n        recipient_account = self.create_account_with_balance()\n        #\n    \n>       self.process_transaction_with_failure(\n            # self.sender_account,\n            # self.recipient_account,\n            sender_account,\n            recipient_account,\n            amount=InputData.DEFAULT_TRANSFER_AMOUNT.value,\n            gas=gas_limit,\n            gas_price=gas_price,\n            error_message=expected_message,\n        )\n\nintegration/tests/basic/test_transfers.py:325: \n_ _ _ _ _ _ _ _ _ _ _ _ _ _ _ _ _ _ _ _ _ _ _ _ _ _ _ _ _ _ _ _ _ _ _ _ _ _ _ _ \n\nself = <integration.tests.basic.test_transfers.TestTransactionsValidation object at 0x7fc2189c59d0>\nsender_account = <eth_account.signers.local.LocalAccount object at 0x7fc2189d0d60>\nrecipient_account = <eth_account.signers.local.LocalAccount object at 0x7fc2189d09d0>\namount = 0.01, gas = 1, gas_price = None, error_message = 'gas limit reached'\n\n    def process_transaction_with_failure(\n        self,\n        sender_account: Account,\n        # <<<<<<< HEAD\n        #         recipient_account: Union[Account, AccountData],\n        #         amount: int,\n        #         gas: Optional[int] = 0,\n        #         gas_price: Optional[int] = None,\n        #         error_message: str = \"\",\n        #     ) -> Union[web3.types.TxReceipt, None]:\n        #         \"\"\"Processes transaction, expects a failure\"\"\"\n        #         tx: Union[web3.types.TxReceipt, None] = None\n        #         with allure.step(f\"Sending {amount} from {sender_account.address} to {recipient_account.address}\"):\n        #             with pytest.raises(Exception) as error_info:\n        #                 tx = self.web3_client.send_neon(sender_account, recipient_account, amount, gas, gas_price)\n        #             if error_info != None:\n        #                 if error_message:\n        #                     assert error_message in str(error_info), f\"Expected {error_message} to be in {error_info}\"\n        #                 assert None != error_info, \"Transaction failed\"\n        #             return tx\n        # =======\n        recipient_account: tp.Union[Account, AccountData],\n        amount: int,\n        gas: Optional[int] = 0,\n        gas_price: Optional[int] = None,\n        error_message: str = \"\",\n    ) -> tp.Union[web3.types.TxReceipt, None]:\n        \"\"\"Processes transaction, expects a failure\"\"\"\n        tx: tp.Union[web3.types.TxReceipt, None] = None\n        with allure.step(f\"Sending {amount} from {sender_account.address} to {recipient_account.address}\"):\n            with pytest.raises(Exception) as error_info:\n                tx = self.web3_client.send_neon(sender_account, recipient_account, amount)\n            assert error_info, \"Transaction failed\"\n            if error_message:\n>               assert error_message in str(error_info.value)\nE               AssertionError\n\nintegration/tests/basic/helpers/basic.py:137: AssertionError",
    "steps" : [ {
      "name" : "Sending 0.01 from 0x465e2645ece2710C3Fb002B00ccfb1424Ca1FE2c to 0xAaA1a06DEc997A2b7032f0568212f6fB0CfB79Fd",
      "time" : {
        "start" : 1650644594044,
        "stop" : 1650644594900,
        "duration" : 856
      },
      "status" : "failed",
      "statusMessage" : "AssertionError\n",
      "statusTrace" : "  File \"/home/runner/work/neon-tests/neon-tests/integration/tests/basic/helpers/basic.py\", line 137, in process_transaction_with_failure\n    assert error_message in str(error_info.value)\n",
      "steps" : [ ],
      "attachments" : [ ],
      "parameters" : [ ],
      "stepsCount" : 0,
      "attachmentsCount" : 0,
      "shouldDisplayMessage" : true,
      "hasContent" : true
    } ],
    "attachments" : [ ],
    "parameters" : [ ],
    "stepsCount" : 1,
    "attachmentsCount" : 0,
    "shouldDisplayMessage" : true,
    "hasContent" : true
  },
  "afterStages" : [ {
    "name" : "prepare_account::0",
    "time" : {
      "start" : 1650644613714,
      "stop" : 1650644621315,
      "duration" : 7601
    },
    "status" : "passed",
    "steps" : [ {
      "name" : "Operator end balance: 0.007822384488370209023808 NEON 60723.0881508 SOL",
      "time" : {
        "start" : 1650644621147,
        "stop" : 1650644621147,
        "duration" : 0
      },
      "status" : "passed",
      "steps" : [ ],
      "attachments" : [ ],
      "parameters" : [ ],
      "stepsCount" : 0,
      "attachmentsCount" : 0,
      "shouldDisplayMessage" : false,
      "hasContent" : false
    }, {
      "name" : "Account end balance: 1000 NEON",
      "time" : {
        "start" : 1650644621315,
        "stop" : 1650644621315,
        "duration" : 0
      },
      "status" : "passed",
      "steps" : [ ],
      "attachments" : [ ],
      "parameters" : [ ],
      "stepsCount" : 0,
      "attachmentsCount" : 0,
      "shouldDisplayMessage" : false,
      "hasContent" : false
    } ],
    "attachments" : [ ],
    "parameters" : [ ],
    "stepsCount" : 2,
    "attachmentsCount" : 0,
    "shouldDisplayMessage" : false,
    "hasContent" : true
  }, {
    "name" : "allure_environment::0",
    "time" : {
      "start" : 1650644621327,
      "stop" : 1650644621328,
      "duration" : 1
    },
    "status" : "passed",
    "steps" : [ ],
    "attachments" : [ ],
    "parameters" : [ ],
    "stepsCount" : 0,
    "attachmentsCount" : 0,
    "shouldDisplayMessage" : false,
    "hasContent" : false
  } ],
  "labels" : [ {
    "name" : "story",
    "value" : "Basic: transactions validation"
  }, {
    "name" : "parentSuite",
    "value" : "integration.tests.basic"
  }, {
    "name" : "suite",
    "value" : "test_transfers"
  }, {
    "name" : "subSuite",
    "value" : "TestTransactionsValidation"
  }, {
    "name" : "host",
    "value" : "fv-az445-230"
  }, {
    "name" : "thread",
    "value" : "1832-MainThread"
  }, {
    "name" : "framework",
    "value" : "pytest"
  }, {
    "name" : "language",
    "value" : "cpython3"
  }, {
    "name" : "package",
    "value" : "integration.tests.basic.test_transfers"
  }, {
    "name" : "resultFormat",
    "value" : "allure2"
  } ],
  "parameters" : [ {
    "name" : "expected_message",
    "value" : "'gas limit reached'"
  }, {
    "name" : "gas_limit",
    "value" : "1"
  }, {
    "name" : "gas_price",
    "value" : "None"
  } ],
  "links" : [ ],
  "hidden" : false,
  "retry" : false,
  "extra" : {
    "severity" : "normal",
    "retries" : [ ],
    "categories" : [ {
      "name" : "Product defects",
      "matchedStatuses" : [ ],
      "flaky" : false
    } ],
    "history" : {
      "statistic" : {
        "failed" : 2,
        "broken" : 0,
        "skipped" : 0,
        "passed" : 0,
        "unknown" : 0,
        "total" : 2
      },
      "items" : [ {
        "uid" : "e1200269929dc94b",
        "reportUrl" : "https://apetrovskiy.github.io/neon-tests/feature/25j/973//#testresult/e1200269929dc94b",
        "status" : "failed",
        "statusDetails" : "AssertionError",
        "time" : {
          "start" : 1650633528610,
          "stop" : 1650633530344,
          "duration" : 1734
        }
      } ]
    },
    "tags" : [ ]
  },
  "source" : "b28781c380a06bd9.json",
  "parameterValues" : [ "'gas limit reached'", "1", "None" ]
}