{
  "uid" : "690c231aa723e17b",
  "name" : "test_generate_bad_sign[1-None-gas limit reached]",
  "fullName" : "integration.tests.basic.test_transfers.TestTransactionsValidation#test_generate_bad_sign",
  "historyId" : "1dc9a796caa4f289be5db5c12b4e6d3c",
  "time" : {
    "start" : 1650632986206,
    "stop" : 1650632988432,
    "duration" : 2226
  },
  "description" : "Generate bad sign (when v, r, s over allowed size)\n        Too low gas_limit\n        Too high gas_limit > u64::max\n        Too high gas_limit > u64::max\n        Too high gas_price > u64::max\n        Too high gas_limit * gas_price > u64::max\n        ",
  "descriptionHtml" : "<p>Generate bad sign (when v, r, s over allowed size)<br />\nToo low gas_limit<br />\nToo high gas_limit &gt; u64::max<br />\nToo high gas_limit &gt; u64::max<br />\nToo high gas_price &gt; u64::max<br />\nToo high gas_limit * gas_price &gt; u64::max</p>\n",
  "status" : "failed",
  "statusMessage" : "AssertionError",
  "statusTrace" : "self = <integration.tests.basic.test_transfers.TestTransactionsValidation object at 0x7f838eb8dc10>\ngas_limit = 1, gas_price = None, expected_message = 'gas limit reached'\n\n    @pytest.mark.parametrize(\"gas_limit,gas_price,expected_message\", GAS_LIMIT_AND_PRICE_DATA)\n    def test_generate_bad_sign(self, gas_limit, gas_price, expected_message):\n        \"\"\"Generate bad sign (when v, r, s over allowed size)\n        Too low gas_limit\n        Too high gas_limit > u64::max\n        Too high gas_limit > u64::max\n        Too high gas_price > u64::max\n        Too high gas_limit * gas_price > u64::max\n        \"\"\"\n    \n        #\n        amount = 0\n        sender_account = self.create_account_with_balance(amount)\n        recipient_account = self.create_account_with_balance()\n        #\n    \n>       self.process_transaction_with_failure(\n            # self.sender_account,\n            # self.recipient_account,\n            sender_account,\n            recipient_account,\n            amount=InputData.DEFAULT_TRANSFER_AMOUNT.value,\n            gas=gas_limit,\n            gas_price=gas_price,\n            error_message=expected_message,\n        )\n\nintegration/tests/basic/test_transfers.py:265: \n_ _ _ _ _ _ _ _ _ _ _ _ _ _ _ _ _ _ _ _ _ _ _ _ _ _ _ _ _ _ _ _ _ _ _ _ _ _ _ _ \n\nself = <integration.tests.basic.test_transfers.TestTransactionsValidation object at 0x7f838eb8dc10>\nsender_account = <eth_account.signers.local.LocalAccount object at 0x7f838e7ee040>\nrecipient_account = <eth_account.signers.local.LocalAccount object at 0x7f838e7ee340>\namount = 0.01, gas = 1, gas_price = None, error_message = 'gas limit reached'\n\n    def process_transaction_with_failure(\n        self,\n        sender_account: Account,\n        # <<<<<<< HEAD\n        #         recipient_account: Union[Account, AccountData],\n        #         amount: int,\n        #         gas: Optional[int] = 0,\n        #         gas_price: Optional[int] = None,\n        #         error_message: str = \"\",\n        #     ) -> Union[web3.types.TxReceipt, None]:\n        #         \"\"\"Processes transaction, expects a failure\"\"\"\n        #         tx: Union[web3.types.TxReceipt, None] = None\n        #         with allure.step(f\"Sending {amount} from {sender_account.address} to {recipient_account.address}\"):\n        #             with pytest.raises(Exception) as error_info:\n        #                 tx = self.web3_client.send_neon(sender_account, recipient_account, amount, gas, gas_price)\n        #             if error_info != None:\n        #                 if error_message:\n        #                     assert error_message in str(error_info), f\"Expected {error_message} to be in {error_info}\"\n        #                 assert None != error_info, \"Transaction failed\"\n        #             return tx\n        # =======\n        recipient_account: tp.Union[Account, AccountData],\n        amount: int,\n        gas: Optional[int] = 0,\n        gas_price: Optional[int] = None,\n        error_message: str = \"\",\n    ) -> tp.Union[web3.types.TxReceipt, None]:\n        \"\"\"Processes transaction, expects a failure\"\"\"\n        tx: tp.Union[web3.types.TxReceipt, None] = None\n        with allure.step(f\"Sending {amount} from {sender_account.address} to {recipient_account.address}\"):\n            with pytest.raises(Exception) as error_info:\n                tx = self.web3_client.send_neon(sender_account, recipient_account, amount)\n            assert error_info, \"Transaction failed\"\n            if error_message:\n>               assert error_message in str(error_info.value)\nE               AssertionError\n\nintegration/tests/basic/helpers/basic.py:124: AssertionError",
  "flaky" : false,
  "newFailed" : false,
  "newBroken" : false,
  "newPassed" : false,
  "retriesCount" : 0,
  "retriesStatusChange" : false,
  "beforeStages" : [ {
    "name" : "pytestconfig",
    "time" : {
      "start" : 1650632753709,
      "stop" : 1650632753709,
      "duration" : 0
    },
    "status" : "passed",
    "steps" : [ ],
    "attachments" : [ ],
    "parameters" : [ ],
    "stepsCount" : 0,
    "attachmentsCount" : 0,
    "shouldDisplayMessage" : false,
    "hasContent" : false
  }, {
    "name" : "web3_client",
    "time" : {
      "start" : 1650632753709,
      "stop" : 1650632753711,
      "duration" : 2
    },
    "status" : "passed",
    "steps" : [ ],
    "attachments" : [ ],
    "parameters" : [ ],
    "stepsCount" : 0,
    "attachmentsCount" : 0,
    "shouldDisplayMessage" : false,
    "hasContent" : false
  }, {
    "name" : "allure_environment",
    "time" : {
      "start" : 1650632753711,
      "stop" : 1650632754791,
      "duration" : 1080
    },
    "status" : "passed",
    "steps" : [ ],
    "attachments" : [ ],
    "parameters" : [ ],
    "stepsCount" : 0,
    "attachmentsCount" : 0,
    "shouldDisplayMessage" : false,
    "hasContent" : false
  }, {
    "name" : "json_rpc_client",
    "time" : {
      "start" : 1650632754791,
      "stop" : 1650632754792,
      "duration" : 1
    },
    "status" : "passed",
    "steps" : [ ],
    "attachments" : [ ],
    "parameters" : [ ],
    "stepsCount" : 0,
    "attachmentsCount" : 0,
    "shouldDisplayMessage" : false,
    "hasContent" : false
  }, {
    "name" : "faucet",
    "time" : {
      "start" : 1650632754791,
      "stop" : 1650632754791,
      "duration" : 0
    },
    "status" : "passed",
    "steps" : [ ],
    "attachments" : [ ],
    "parameters" : [ ],
    "stepsCount" : 0,
    "attachmentsCount" : 0,
    "shouldDisplayMessage" : false,
    "hasContent" : false
  }, {
    "name" : "sol_client",
    "time" : {
      "start" : 1650632754792,
      "stop" : 1650632754792,
      "duration" : 0
    },
    "status" : "passed",
    "steps" : [ ],
    "attachments" : [ ],
    "parameters" : [ ],
    "stepsCount" : 0,
    "attachmentsCount" : 0,
    "shouldDisplayMessage" : false,
    "hasContent" : false
  }, {
    "name" : "operator",
    "time" : {
      "start" : 1650632754792,
      "stop" : 1650632754792,
      "duration" : 0
    },
    "status" : "passed",
    "steps" : [ ],
    "attachments" : [ ],
    "parameters" : [ ],
    "stepsCount" : 0,
    "attachmentsCount" : 0,
    "shouldDisplayMessage" : false,
    "hasContent" : false
  }, {
    "name" : "prepare",
    "time" : {
      "start" : 1650632977900,
      "stop" : 1650632977901,
      "duration" : 1
    },
    "status" : "passed",
    "steps" : [ ],
    "attachments" : [ ],
    "parameters" : [ ],
    "stepsCount" : 0,
    "attachmentsCount" : 0,
    "shouldDisplayMessage" : false,
    "hasContent" : false
  }, {
    "name" : "prepare_account",
    "time" : {
      "start" : 1650632977901,
      "stop" : 1650632986205,
      "duration" : 8304
    },
    "status" : "passed",
    "steps" : [ {
      "name" : "Create account for tests",
      "time" : {
        "start" : 1650632977901,
        "stop" : 1650632977907,
        "duration" : 6
      },
      "status" : "passed",
      "steps" : [ ],
      "attachments" : [ ],
      "parameters" : [ ],
      "stepsCount" : 0,
      "attachmentsCount" : 0,
      "shouldDisplayMessage" : false,
      "hasContent" : false
    }, {
      "name" : "Request 1000 NEON from faucet for 0x6a157cB6D0360af63E9ACFE025A64E33223D0d4b",
      "time" : {
        "start" : 1650632977907,
        "stop" : 1650632978761,
        "duration" : 854
      },
      "status" : "passed",
      "steps" : [ ],
      "attachments" : [ ],
      "parameters" : [ ],
      "stepsCount" : 0,
      "attachmentsCount" : 0,
      "shouldDisplayMessage" : false,
      "hasContent" : false
    }, {
      "name" : "Operator initial balance: 0.007822301080326176220288 NEON 60725.31724164 SOL",
      "time" : {
        "start" : 1650632986205,
        "stop" : 1650632986205,
        "duration" : 0
      },
      "status" : "passed",
      "steps" : [ ],
      "attachments" : [ ],
      "parameters" : [ ],
      "stepsCount" : 0,
      "attachmentsCount" : 0,
      "shouldDisplayMessage" : false,
      "hasContent" : false
    } ],
    "attachments" : [ ],
    "parameters" : [ ],
    "stepsCount" : 3,
    "attachmentsCount" : 0,
    "shouldDisplayMessage" : false,
    "hasContent" : true
  }, {
    "name" : "prepare_env",
    "time" : {
      "start" : 1650632986205,
      "stop" : 1650632986205,
      "duration" : 0
    },
    "status" : "passed",
    "steps" : [ ],
    "attachments" : [ ],
    "parameters" : [ ],
    "stepsCount" : 0,
    "attachmentsCount" : 0,
    "shouldDisplayMessage" : false,
    "hasContent" : false
  }, {
    "name" : "prepare_account",
    "time" : {
      "start" : 1650632986205,
      "stop" : 1650632986205,
      "duration" : 0
    },
    "status" : "passed",
    "steps" : [ ],
    "attachments" : [ ],
    "parameters" : [ ],
    "stepsCount" : 0,
    "attachmentsCount" : 0,
    "shouldDisplayMessage" : false,
    "hasContent" : false
  } ],
  "testStage" : {
    "description" : "Generate bad sign (when v, r, s over allowed size)\n        Too low gas_limit\n        Too high gas_limit > u64::max\n        Too high gas_limit > u64::max\n        Too high gas_price > u64::max\n        Too high gas_limit * gas_price > u64::max\n        ",
    "status" : "failed",
    "statusMessage" : "AssertionError",
    "statusTrace" : "self = <integration.tests.basic.test_transfers.TestTransactionsValidation object at 0x7f838eb8dc10>\ngas_limit = 1, gas_price = None, expected_message = 'gas limit reached'\n\n    @pytest.mark.parametrize(\"gas_limit,gas_price,expected_message\", GAS_LIMIT_AND_PRICE_DATA)\n    def test_generate_bad_sign(self, gas_limit, gas_price, expected_message):\n        \"\"\"Generate bad sign (when v, r, s over allowed size)\n        Too low gas_limit\n        Too high gas_limit > u64::max\n        Too high gas_limit > u64::max\n        Too high gas_price > u64::max\n        Too high gas_limit * gas_price > u64::max\n        \"\"\"\n    \n        #\n        amount = 0\n        sender_account = self.create_account_with_balance(amount)\n        recipient_account = self.create_account_with_balance()\n        #\n    \n>       self.process_transaction_with_failure(\n            # self.sender_account,\n            # self.recipient_account,\n            sender_account,\n            recipient_account,\n            amount=InputData.DEFAULT_TRANSFER_AMOUNT.value,\n            gas=gas_limit,\n            gas_price=gas_price,\n            error_message=expected_message,\n        )\n\nintegration/tests/basic/test_transfers.py:265: \n_ _ _ _ _ _ _ _ _ _ _ _ _ _ _ _ _ _ _ _ _ _ _ _ _ _ _ _ _ _ _ _ _ _ _ _ _ _ _ _ \n\nself = <integration.tests.basic.test_transfers.TestTransactionsValidation object at 0x7f838eb8dc10>\nsender_account = <eth_account.signers.local.LocalAccount object at 0x7f838e7ee040>\nrecipient_account = <eth_account.signers.local.LocalAccount object at 0x7f838e7ee340>\namount = 0.01, gas = 1, gas_price = None, error_message = 'gas limit reached'\n\n    def process_transaction_with_failure(\n        self,\n        sender_account: Account,\n        # <<<<<<< HEAD\n        #         recipient_account: Union[Account, AccountData],\n        #         amount: int,\n        #         gas: Optional[int] = 0,\n        #         gas_price: Optional[int] = None,\n        #         error_message: str = \"\",\n        #     ) -> Union[web3.types.TxReceipt, None]:\n        #         \"\"\"Processes transaction, expects a failure\"\"\"\n        #         tx: Union[web3.types.TxReceipt, None] = None\n        #         with allure.step(f\"Sending {amount} from {sender_account.address} to {recipient_account.address}\"):\n        #             with pytest.raises(Exception) as error_info:\n        #                 tx = self.web3_client.send_neon(sender_account, recipient_account, amount, gas, gas_price)\n        #             if error_info != None:\n        #                 if error_message:\n        #                     assert error_message in str(error_info), f\"Expected {error_message} to be in {error_info}\"\n        #                 assert None != error_info, \"Transaction failed\"\n        #             return tx\n        # =======\n        recipient_account: tp.Union[Account, AccountData],\n        amount: int,\n        gas: Optional[int] = 0,\n        gas_price: Optional[int] = None,\n        error_message: str = \"\",\n    ) -> tp.Union[web3.types.TxReceipt, None]:\n        \"\"\"Processes transaction, expects a failure\"\"\"\n        tx: tp.Union[web3.types.TxReceipt, None] = None\n        with allure.step(f\"Sending {amount} from {sender_account.address} to {recipient_account.address}\"):\n            with pytest.raises(Exception) as error_info:\n                tx = self.web3_client.send_neon(sender_account, recipient_account, amount)\n            assert error_info, \"Transaction failed\"\n            if error_message:\n>               assert error_message in str(error_info.value)\nE               AssertionError\n\nintegration/tests/basic/helpers/basic.py:124: AssertionError",
    "steps" : [ {
      "name" : "Sending 0.01 from 0xC6Fdef14cFd4bDbA7E4C4E271d1d234c7c7FeDdb to 0xb7977e57Fd688949246E9F75c6D27c815F246CE3",
      "time" : {
        "start" : 1650632987582,
        "stop" : 1650632988432,
        "duration" : 850
      },
      "status" : "failed",
      "statusMessage" : "AssertionError\n",
      "statusTrace" : "  File \"/home/runner/work/neon-tests/neon-tests/integration/tests/basic/helpers/basic.py\", line 124, in process_transaction_with_failure\n    assert error_message in str(error_info.value)\n",
      "steps" : [ ],
      "attachments" : [ ],
      "parameters" : [ ],
      "stepsCount" : 0,
      "attachmentsCount" : 0,
      "shouldDisplayMessage" : true,
      "hasContent" : true
    } ],
    "attachments" : [ ],
    "parameters" : [ ],
    "stepsCount" : 1,
    "attachmentsCount" : 0,
    "shouldDisplayMessage" : true,
    "hasContent" : true
  },
  "afterStages" : [ {
    "name" : "prepare_account::0",
    "time" : {
      "start" : 1650633005142,
      "stop" : 1650633012945,
      "duration" : 7803
    },
    "status" : "passed",
    "steps" : [ {
      "name" : "Operator end balance: 0.007822301080326176220288 NEON 60725.29847316 SOL",
      "time" : {
        "start" : 1650633012762,
        "stop" : 1650633012763,
        "duration" : 1
      },
      "status" : "passed",
      "steps" : [ ],
      "attachments" : [ ],
      "parameters" : [ ],
      "stepsCount" : 0,
      "attachmentsCount" : 0,
      "shouldDisplayMessage" : false,
      "hasContent" : false
    }, {
      "name" : "Account end balance: 1000 NEON",
      "time" : {
        "start" : 1650633012945,
        "stop" : 1650633012945,
        "duration" : 0
      },
      "status" : "passed",
      "steps" : [ ],
      "attachments" : [ ],
      "parameters" : [ ],
      "stepsCount" : 0,
      "attachmentsCount" : 0,
      "shouldDisplayMessage" : false,
      "hasContent" : false
    } ],
    "attachments" : [ ],
    "parameters" : [ ],
    "stepsCount" : 2,
    "attachmentsCount" : 0,
    "shouldDisplayMessage" : false,
    "hasContent" : true
  }, {
    "name" : "allure_environment::0",
    "time" : {
      "start" : 1650633012959,
      "stop" : 1650633012959,
      "duration" : 0
    },
    "status" : "passed",
    "steps" : [ ],
    "attachments" : [ ],
    "parameters" : [ ],
    "stepsCount" : 0,
    "attachmentsCount" : 0,
    "shouldDisplayMessage" : false,
    "hasContent" : false
  } ],
  "labels" : [ {
    "name" : "story",
    "value" : "Basic: transactions validation"
  }, {
    "name" : "parentSuite",
    "value" : "integration.tests.basic"
  }, {
    "name" : "suite",
    "value" : "test_transfers"
  }, {
    "name" : "subSuite",
    "value" : "TestTransactionsValidation"
  }, {
    "name" : "host",
    "value" : "fv-az445-230"
  }, {
    "name" : "thread",
    "value" : "1821-MainThread"
  }, {
    "name" : "framework",
    "value" : "pytest"
  }, {
    "name" : "language",
    "value" : "cpython3"
  }, {
    "name" : "package",
    "value" : "integration.tests.basic.test_transfers"
  }, {
    "name" : "resultFormat",
    "value" : "allure2"
  } ],
  "parameters" : [ {
    "name" : "expected_message",
    "value" : "'gas limit reached'"
  }, {
    "name" : "gas_limit",
    "value" : "1"
  }, {
    "name" : "gas_price",
    "value" : "None"
  } ],
  "links" : [ ],
  "hidden" : false,
  "retry" : false,
  "extra" : {
    "severity" : "normal",
    "retries" : [ ],
    "categories" : [ {
      "name" : "Product defects",
      "matchedStatuses" : [ ],
      "flaky" : false
    } ],
    "history" : {
      "statistic" : {
        "failed" : 3,
        "broken" : 0,
        "skipped" : 0,
        "passed" : 0,
        "unknown" : 0,
        "total" : 3
      },
      "items" : [ {
        "uid" : "e185ca247b1d5e7",
        "reportUrl" : "https://apetrovskiy.github.io/neon-tests/feature/25-add-cases-for-basic-operations/969//#testresult/e185ca247b1d5e7",
        "status" : "failed",
        "statusDetails" : "AssertionError",
        "time" : {
          "start" : 1650631832734,
          "stop" : 1650631834968,
          "duration" : 2234
        }
      }, {
        "uid" : "f209bfb09336be09",
        "reportUrl" : "https://apetrovskiy.github.io/neon-tests/feature/25-add-cases-for-basic-operations/967//#testresult/f209bfb09336be09",
        "status" : "failed",
        "statusDetails" : "AssertionError",
        "time" : {
          "start" : 1650631319896,
          "stop" : 1650631322134,
          "duration" : 2238
        }
      } ]
    },
    "tags" : [ ]
  },
  "source" : "690c231aa723e17b.json",
  "parameterValues" : [ "'gas limit reached'", "1", "None" ]
}