{
  "uid" : "be86de7958554be5",
  "name" : "test_verify_faucet_work_single_request",
  "fullName" : "integration.tests.basic.test_single_client_activity.TestSingleClient#test_verify_faucet_work_single_request",
  "historyId" : "0c6923aa24a07f4a0083bab00724acd1",
  "time" : {
    "start" : 1645091638365,
    "stop" : 1645091639204,
    "duration" : 839
  },
  "description" : "Verify faucet work (request drop for several accounts): single request",
  "descriptionHtml" : "<p>Verify faucet work (request drop for several accounts): single request</p>\n",
  "status" : "failed",
  "statusMessage" : "AssertionError: expected balance = 5, actual balance = 5000000000000000000",
  "statusTrace" : "self = <integration.tests.basic.test_single_client_activity.TestSingleClient object at 0x7f954eb13fd0>\n\n    @allure.step(\n        \"test: verify faucet work (request drop for several accounts): single request\"\n    )\n    def test_verify_faucet_work_single_request(self):\n        '''Verify faucet work (request drop for several accounts): single request'''\n        for _ in range(10):\n            account = self.create_account()\n            self.request_faucet(account.address, FIRST_FAUCET_REQUEST_AMOUNT)\n>           self.assert_amount(account.address, FIRST_FAUCET_REQUEST_AMOUNT)\n\nintegration/tests/basic/test_single_client_activity.py:118: \n_ _ _ _ _ _ _ _ _ _ _ _ _ _ _ _ _ _ _ _ _ _ _ _ _ _ _ _ _ _ _ _ _ _ _ _ _ _ _ _ \n\nself = <integration.tests.basic.test_single_client_activity.TestSingleClient object at 0x7f954eb13fd0>\naddress = '0x119ECd106e1F60E854c8165CFbCdA06506521589', amount = 5\n\n    @allure.step(\"checking balance\")\n    def assert_amount(self, address: str, amount: int):\n        balance = self.get_balance(address)\n>       assert balance == amount, f\"expected balance = {amount}, actual balance = {balance}\"\nE       AssertionError: expected balance = 5, actual balance = 5000000000000000000\n\nintegration/tests/basic/helper_methods.py:33: AssertionError",
  "flaky" : false,
  "newFailed" : false,
  "newBroken" : false,
  "newPassed" : false,
  "retriesCount" : 0,
  "retriesStatusChange" : false,
  "beforeStages" : [ {
    "name" : "pytestconfig",
    "time" : {
      "start" : 1645091635749,
      "stop" : 1645091635749,
      "duration" : 0
    },
    "status" : "passed",
    "steps" : [ ],
    "attachments" : [ ],
    "parameters" : [ ],
    "stepsCount" : 0,
    "attachmentsCount" : 0,
    "shouldDisplayMessage" : false,
    "hasContent" : false
  }, {
    "name" : "web3_client",
    "time" : {
      "start" : 1645091635749,
      "stop" : 1645091635750,
      "duration" : 1
    },
    "status" : "passed",
    "steps" : [ ],
    "attachments" : [ ],
    "parameters" : [ ],
    "stepsCount" : 0,
    "attachmentsCount" : 0,
    "shouldDisplayMessage" : false,
    "hasContent" : false
  }, {
    "name" : "allure_environment",
    "time" : {
      "start" : 1645091635750,
      "stop" : 1645091636888,
      "duration" : 1138
    },
    "status" : "passed",
    "steps" : [ ],
    "attachments" : [ ],
    "parameters" : [ ],
    "stepsCount" : 0,
    "attachmentsCount" : 0,
    "shouldDisplayMessage" : false,
    "hasContent" : false
  }, {
    "name" : "faucet",
    "time" : {
      "start" : 1645091636888,
      "stop" : 1645091636888,
      "duration" : 0
    },
    "status" : "passed",
    "steps" : [ ],
    "attachments" : [ ],
    "parameters" : [ ],
    "stepsCount" : 0,
    "attachmentsCount" : 0,
    "shouldDisplayMessage" : false,
    "hasContent" : false
  }, {
    "name" : "operator",
    "time" : {
      "start" : 1645091636888,
      "stop" : 1645091636890,
      "duration" : 2
    },
    "status" : "passed",
    "steps" : [ ],
    "attachments" : [ ],
    "parameters" : [ ],
    "stepsCount" : 0,
    "attachmentsCount" : 0,
    "shouldDisplayMessage" : false,
    "hasContent" : false
  }, {
    "name" : "sol_client",
    "time" : {
      "start" : 1645091636890,
      "stop" : 1645091636890,
      "duration" : 0
    },
    "status" : "passed",
    "steps" : [ ],
    "attachments" : [ ],
    "parameters" : [ ],
    "stepsCount" : 0,
    "attachmentsCount" : 0,
    "shouldDisplayMessage" : false,
    "hasContent" : false
  }, {
    "name" : "prepare_account",
    "time" : {
      "start" : 1645091636890,
      "stop" : 1645091636890,
      "duration" : 0
    },
    "status" : "passed",
    "steps" : [ ],
    "attachments" : [ ],
    "parameters" : [ ],
    "stepsCount" : 0,
    "attachmentsCount" : 0,
    "shouldDisplayMessage" : false,
    "hasContent" : false
  }, {
    "name" : "prepare_account",
    "time" : {
      "start" : 1645091638364,
      "stop" : 1645091638364,
      "duration" : 0
    },
    "status" : "passed",
    "steps" : [ ],
    "attachments" : [ ],
    "parameters" : [ ],
    "stepsCount" : 0,
    "attachmentsCount" : 0,
    "shouldDisplayMessage" : false,
    "hasContent" : false
  }, {
    "name" : "prepare",
    "time" : {
      "start" : 1645091638364,
      "stop" : 1645091638364,
      "duration" : 0
    },
    "status" : "passed",
    "steps" : [ ],
    "attachments" : [ ],
    "parameters" : [ ],
    "stepsCount" : 0,
    "attachmentsCount" : 0,
    "shouldDisplayMessage" : false,
    "hasContent" : false
  } ],
  "testStage" : {
    "description" : "Verify faucet work (request drop for several accounts): single request",
    "status" : "failed",
    "statusMessage" : "AssertionError: expected balance = 5, actual balance = 5000000000000000000",
    "statusTrace" : "self = <integration.tests.basic.test_single_client_activity.TestSingleClient object at 0x7f954eb13fd0>\n\n    @allure.step(\n        \"test: verify faucet work (request drop for several accounts): single request\"\n    )\n    def test_verify_faucet_work_single_request(self):\n        '''Verify faucet work (request drop for several accounts): single request'''\n        for _ in range(10):\n            account = self.create_account()\n            self.request_faucet(account.address, FIRST_FAUCET_REQUEST_AMOUNT)\n>           self.assert_amount(account.address, FIRST_FAUCET_REQUEST_AMOUNT)\n\nintegration/tests/basic/test_single_client_activity.py:118: \n_ _ _ _ _ _ _ _ _ _ _ _ _ _ _ _ _ _ _ _ _ _ _ _ _ _ _ _ _ _ _ _ _ _ _ _ _ _ _ _ \n\nself = <integration.tests.basic.test_single_client_activity.TestSingleClient object at 0x7f954eb13fd0>\naddress = '0x119ECd106e1F60E854c8165CFbCdA06506521589', amount = 5\n\n    @allure.step(\"checking balance\")\n    def assert_amount(self, address: str, amount: int):\n        balance = self.get_balance(address)\n>       assert balance == amount, f\"expected balance = {amount}, actual balance = {balance}\"\nE       AssertionError: expected balance = 5, actual balance = 5000000000000000000\n\nintegration/tests/basic/helper_methods.py:33: AssertionError",
    "steps" : [ {
      "name" : "test: verify faucet work (request drop for several accounts): single request",
      "time" : {
        "start" : 1645091638365,
        "stop" : 1645091639204,
        "duration" : 839
      },
      "status" : "failed",
      "statusMessage" : "AssertionError: expected balance = 5, actual balance = 5000000000000000000\n",
      "statusTrace" : "  File \"/opt/hostedtoolcache/Python/3.9.10/x64/lib/python3.9/site-packages/allure_commons/_allure.py\", line 172, in impl\n    return func(*a, **kw)\n  File \"/home/runner/work/neon-tests/neon-tests/integration/tests/basic/test_single_client_activity.py\", line 118, in test_verify_faucet_work_single_request\n    self.assert_amount(account.address, FIRST_FAUCET_REQUEST_AMOUNT)\n  File \"/opt/hostedtoolcache/Python/3.9.10/x64/lib/python3.9/site-packages/allure_commons/_allure.py\", line 172, in impl\n    return func(*a, **kw)\n  File \"/home/runner/work/neon-tests/neon-tests/integration/tests/basic/helper_methods.py\", line 33, in assert_amount\n    assert balance == amount, f\"expected balance = {amount}, actual balance = {balance}\"\n",
      "steps" : [ {
        "name" : "creating a new account",
        "time" : {
          "start" : 1645091638365,
          "stop" : 1645091638369,
          "duration" : 4
        },
        "status" : "passed",
        "steps" : [ ],
        "attachments" : [ ],
        "parameters" : [ ],
        "stepsCount" : 0,
        "attachmentsCount" : 0,
        "shouldDisplayMessage" : false,
        "hasContent" : false
      }, {
        "name" : "requesting faucet",
        "time" : {
          "start" : 1645091638369,
          "stop" : 1645091639036,
          "duration" : 667
        },
        "status" : "passed",
        "steps" : [ ],
        "attachments" : [ ],
        "parameters" : [ {
          "name" : "wallet",
          "value" : "'0x119ECd106e1F60E854c8165CFbCdA06506521589'"
        }, {
          "name" : "amount",
          "value" : "5"
        } ],
        "stepsCount" : 0,
        "attachmentsCount" : 0,
        "shouldDisplayMessage" : false,
        "hasContent" : true
      }, {
        "name" : "checking balance",
        "time" : {
          "start" : 1645091639036,
          "stop" : 1645091639204,
          "duration" : 168
        },
        "status" : "failed",
        "statusMessage" : "AssertionError: expected balance = 5, actual balance = 5000000000000000000\n",
        "statusTrace" : "  File \"/opt/hostedtoolcache/Python/3.9.10/x64/lib/python3.9/site-packages/allure_commons/_allure.py\", line 172, in impl\n    return func(*a, **kw)\n  File \"/home/runner/work/neon-tests/neon-tests/integration/tests/basic/helper_methods.py\", line 33, in assert_amount\n    assert balance == amount, f\"expected balance = {amount}, actual balance = {balance}\"\n",
        "steps" : [ {
          "name" : "getting balance of account",
          "time" : {
            "start" : 1645091639036,
            "stop" : 1645091639204,
            "duration" : 168
          },
          "status" : "passed",
          "steps" : [ ],
          "attachments" : [ ],
          "parameters" : [ {
            "name" : "address",
            "value" : "'0x119ECd106e1F60E854c8165CFbCdA06506521589'"
          } ],
          "stepsCount" : 0,
          "attachmentsCount" : 0,
          "shouldDisplayMessage" : false,
          "hasContent" : true
        } ],
        "attachments" : [ ],
        "parameters" : [ {
          "name" : "address",
          "value" : "'0x119ECd106e1F60E854c8165CFbCdA06506521589'"
        }, {
          "name" : "amount",
          "value" : "5"
        } ],
        "stepsCount" : 1,
        "attachmentsCount" : 0,
        "shouldDisplayMessage" : true,
        "hasContent" : true
      } ],
      "attachments" : [ ],
      "parameters" : [ ],
      "stepsCount" : 4,
      "attachmentsCount" : 0,
      "shouldDisplayMessage" : false,
      "hasContent" : true
    } ],
    "attachments" : [ ],
    "parameters" : [ ],
    "stepsCount" : 5,
    "attachmentsCount" : 0,
    "shouldDisplayMessage" : true,
    "hasContent" : true
  },
  "afterStages" : [ {
    "name" : "allure_environment::0",
    "time" : {
      "start" : 1645091640727,
      "stop" : 1645091640727,
      "duration" : 0
    },
    "status" : "passed",
    "steps" : [ ],
    "attachments" : [ ],
    "parameters" : [ ],
    "stepsCount" : 0,
    "attachmentsCount" : 0,
    "shouldDisplayMessage" : false,
    "hasContent" : false
  } ],
  "labels" : [ {
    "name" : "story",
    "value" : "Basic: single user tests"
  }, {
    "name" : "parentSuite",
    "value" : "integration.tests.basic"
  }, {
    "name" : "suite",
    "value" : "test_single_client_activity"
  }, {
    "name" : "subSuite",
    "value" : "TestSingleClient"
  }, {
    "name" : "host",
    "value" : "fv-az199-572"
  }, {
    "name" : "thread",
    "value" : "1750-MainThread"
  }, {
    "name" : "framework",
    "value" : "pytest"
  }, {
    "name" : "language",
    "value" : "cpython3"
  }, {
    "name" : "package",
    "value" : "integration.tests.basic.test_single_client_activity"
  }, {
    "name" : "resultFormat",
    "value" : "allure2"
  } ],
  "parameters" : [ ],
  "links" : [ ],
  "hidden" : false,
  "retry" : false,
  "extra" : {
    "severity" : "normal",
    "retries" : [ ],
    "categories" : [ {
      "name" : "Product defects",
      "matchedStatuses" : [ ],
      "flaky" : false
    } ],
    "history" : {
      "statistic" : {
        "failed" : 4,
        "broken" : 2,
        "skipped" : 0,
        "passed" : 0,
        "unknown" : 0,
        "total" : 6
      },
      "items" : [ {
        "uid" : "7c9b73db3ed0572a",
        "reportUrl" : "https://apetrovskiy.github.io/neon-tests/feature/254-Basic-integration-tests-for-transactions-and-accounts/54//#testresult/7c9b73db3ed0572a",
        "status" : "failed",
        "statusDetails" : "AssertionError",
        "time" : {
          "start" : 1645091510685,
          "stop" : 1645091511386,
          "duration" : 701
        }
      }, {
        "uid" : "c9a233bf3ae2df5e",
        "reportUrl" : "https://apetrovskiy.github.io/neon-tests/feature/254-Basic-integration-tests-for-transactions-and-accounts/53//#testresult/c9a233bf3ae2df5e",
        "status" : "failed",
        "statusDetails" : "AssertionError",
        "time" : {
          "start" : 1645090801376,
          "stop" : 1645090802141,
          "duration" : 765
        }
      }, {
        "uid" : "9227b83a0a65f6d0",
        "reportUrl" : "https://apetrovskiy.github.io/neon-tests/feature/254-Basic-integration-tests-for-transactions-and-accounts/52//#testresult/9227b83a0a65f6d0",
        "status" : "broken",
        "statusDetails" : "NameError: name 'FIRST_FAUCET_REQUEST_AMOUNT' is not defined",
        "time" : {
          "start" : 1645090188443,
          "stop" : 1645090188447,
          "duration" : 4
        }
      }, {
        "uid" : "fcd69c67b849368",
        "reportUrl" : "https://apetrovskiy.github.io/neon-tests/feature/254-Basic-integration-tests-for-transactions-and-accounts/51//#testresult/fcd69c67b849368",
        "status" : "broken",
        "statusDetails" : "NameError: name 'FIRST_FAUCET_REQUEST_AMOUNT' is not defined",
        "time" : {
          "start" : 1645090012184,
          "stop" : 1645090012189,
          "duration" : 5
        }
      }, {
        "uid" : "233adbd8186c8ca9",
        "reportUrl" : "https://apetrovskiy.github.io/neon-tests/feature/254-Basic-integration-tests-for-transactions-and-accounts/50//#testresult/233adbd8186c8ca9",
        "status" : "failed",
        "statusDetails" : "AssertionError",
        "time" : {
          "start" : 1645089339186,
          "stop" : 1645089340019,
          "duration" : 833
        }
      } ]
    },
    "tags" : [ ]
  },
  "source" : "be86de7958554be5.json",
  "parameterValues" : [ ]
}