{
  "uid" : "af97049741c7fde1",
  "name" : "test_send_negative_sum_from_account_erc20",
  "fullName" : "integration.tests.basic.test_transfers.TestTransfer#test_send_negative_sum_from_account_erc20",
  "historyId" : "56f72685893e02235e13a169de712d39",
  "time" : {
    "start" : 1650555259576,
    "stop" : 1650555259576,
    "duration" : 0
  },
  "description" : "Send negative sum from account: ERC20",
  "descriptionHtml" : "<p>Send negative sum from account: ERC20</p>\n",
  "status" : "broken",
  "statusMessage" : "solana.rpc.core.UnconfirmedTxError: Unable to confirm transaction 3bvti5Kt1Woco35VFwV8npjGbbeF5Gh8D5N361X2r2kprY8hMCkzXKGv7Efh6yrDP1Vuf4gHKJYsX5GBxiTibqsS",
  "statusTrace" : "sol_client = <solana.rpc.api.Client object at 0x7fbcc552c1c0>\nweb3_client = <utils.web3client.NeonWeb3Client object at 0x7fbcc54c9250>\nfaucet = <utils.faucet.Faucet object at 0x7fbcc54f1a90>\npytestconfig = <_pytest.config.Config object at 0x7fbccba9c520>\n\n    @pytest.fixture(scope=\"session\")\n    def erc20wrapper(sol_client, web3_client: NeonWeb3Client, faucet, pytestconfig: Config):\n        wrapper = ERC20Wrapper(web3_client, sol_client, pytestconfig.environment.evm_loader, pytestconfig.environment.spl_neon_mint)\n        owner = Keypair.generate()\n    \n        sol_client.request_airdrop(owner.public_key, 10000000000)\n    \n        for _ in range(10):\n            if sol_client.get_balance(owner.public_key)[\"result\"][\"value\"] == 10000000000:\n                break\n            time.sleep(5)\n    \n>       token = wrapper.create_spl(owner)\n\nintegration/tests/conftest.py:143: \n_ _ _ _ _ _ _ _ _ _ _ _ _ _ _ _ _ _ _ _ _ _ _ _ _ _ _ _ _ _ _ _ _ _ _ _ _ _ _ _ \nutils/erc20wrapper.py:69: in create_spl\n    token_mint = spl.token.client.Token.create_mint(\n/opt/hostedtoolcache/Python/3.9.12/x64/lib/python3.9/site-packages/spl/token/client.py:123: in create_mint\n    conn.send_transaction(txn, payer, mint_account, opts=opts, recent_blockhash=recent_blockhash)\n/opt/hostedtoolcache/Python/3.9.12/x64/lib/python3.9/site-packages/solana/rpc/api.py:1185: in send_transaction\n    txn_resp = self.send_raw_transaction(txn.serialize(), opts=opts)\n/opt/hostedtoolcache/Python/3.9.12/x64/lib/python3.9/site-packages/solana/rpc/api.py:1141: in send_raw_transaction\n    return self.__post_send_with_confirm(*post_send_args)\n/opt/hostedtoolcache/Python/3.9.12/x64/lib/python3.9/site-packages/solana/rpc/api.py:1246: in __post_send_with_confirm\n    self.confirm_transaction(resp[\"result\"], conf_comm)\n_ _ _ _ _ _ _ _ _ _ _ _ _ _ _ _ _ _ _ _ _ _ _ _ _ _ _ _ _ _ _ _ _ _ _ _ _ _ _ _ \n\nself = <solana.rpc.api.Client object at 0x7fbcc552c1c0>\ntx_sig = '3bvti5Kt1Woco35VFwV8npjGbbeF5Gh8D5N361X2r2kprY8hMCkzXKGv7Efh6yrDP1Vuf4gHKJYsX5GBxiTibqsS'\ncommitment = 'finalized', sleep_seconds = 0.5\n\n    def confirm_transaction(\n        self, tx_sig: str, commitment: Commitment = Finalized, sleep_seconds: float = 0.5\n    ) -> types.RPCResponse:\n        \"\"\"Confirm the transaction identified by the specified signature.\n    \n        :param tx_sig: the transaction signature to confirm.\n        :param commitment: Bank state to query. It can be either \"finalized\", \"confirmed\" or \"processed\".\n        :param sleep_seconds: The number of seconds to sleep when polling the signature status.\n        \"\"\"\n        timeout = time() + 30\n        while time() < timeout:\n            resp = self.get_signature_statuses([tx_sig])\n            maybe_rpc_error = resp.get(\"error\")\n            if maybe_rpc_error is not None:\n                raise RPCException(maybe_rpc_error)\n            resp_value = resp[\"result\"][\"value\"][0]\n            if resp_value is not None:\n                confirmation_status = resp_value[\"confirmationStatus\"]\n                confirmation_rank = COMMITMENT_RANKS[confirmation_status]\n                commitment_rank = COMMITMENT_RANKS[commitment]\n                if confirmation_rank >= commitment_rank:\n                    break\n            sleep(sleep_seconds)\n        else:\n            maybe_rpc_error = resp.get(\"error\")\n            if maybe_rpc_error is not None:\n                raise RPCException(maybe_rpc_error)\n>           raise UnconfirmedTxError(f\"Unable to confirm transaction {tx_sig}\")\nE           solana.rpc.core.UnconfirmedTxError: Unable to confirm transaction 3bvti5Kt1Woco35VFwV8npjGbbeF5Gh8D5N361X2r2kprY8hMCkzXKGv7Efh6yrDP1Vuf4gHKJYsX5GBxiTibqsS\n\n/opt/hostedtoolcache/Python/3.9.12/x64/lib/python3.9/site-packages/solana/rpc/api.py:1276: UnconfirmedTxError",
  "flaky" : false,
  "newFailed" : false,
  "newBroken" : false,
  "newPassed" : false,
  "retriesCount" : 0,
  "retriesStatusChange" : false,
  "beforeStages" : [ {
    "name" : "web3_client",
    "time" : {
      "start" : 1650554874595,
      "stop" : 1650554874597,
      "duration" : 2
    },
    "status" : "passed",
    "steps" : [ ],
    "attachments" : [ ],
    "parameters" : [ ],
    "stepsCount" : 0,
    "attachmentsCount" : 0,
    "shouldDisplayMessage" : false,
    "hasContent" : false
  }, {
    "name" : "pytestconfig",
    "time" : {
      "start" : 1650554874595,
      "stop" : 1650554874595,
      "duration" : 0
    },
    "status" : "passed",
    "steps" : [ ],
    "attachments" : [ ],
    "parameters" : [ ],
    "stepsCount" : 0,
    "attachmentsCount" : 0,
    "shouldDisplayMessage" : false,
    "hasContent" : false
  }, {
    "name" : "allure_environment",
    "time" : {
      "start" : 1650554874597,
      "stop" : 1650554875166,
      "duration" : 569
    },
    "status" : "passed",
    "steps" : [ ],
    "attachments" : [ ],
    "parameters" : [ ],
    "stepsCount" : 0,
    "attachmentsCount" : 0,
    "shouldDisplayMessage" : false,
    "hasContent" : false
  }, {
    "name" : "faucet",
    "time" : {
      "start" : 1650554875166,
      "stop" : 1650554875167,
      "duration" : 1
    },
    "status" : "passed",
    "steps" : [ ],
    "attachments" : [ ],
    "parameters" : [ ],
    "stepsCount" : 0,
    "attachmentsCount" : 0,
    "shouldDisplayMessage" : false,
    "hasContent" : false
  }, {
    "name" : "operator",
    "time" : {
      "start" : 1650554875167,
      "stop" : 1650554875167,
      "duration" : 0
    },
    "status" : "passed",
    "steps" : [ ],
    "attachments" : [ ],
    "parameters" : [ ],
    "stepsCount" : 0,
    "attachmentsCount" : 0,
    "shouldDisplayMessage" : false,
    "hasContent" : false
  }, {
    "name" : "jsonrpc_requester",
    "time" : {
      "start" : 1650554875167,
      "stop" : 1650554875167,
      "duration" : 0
    },
    "status" : "passed",
    "steps" : [ ],
    "attachments" : [ ],
    "parameters" : [ ],
    "stepsCount" : 0,
    "attachmentsCount" : 0,
    "shouldDisplayMessage" : false,
    "hasContent" : false
  }, {
    "name" : "sol_client",
    "time" : {
      "start" : 1650554875168,
      "stop" : 1650554875168,
      "duration" : 0
    },
    "status" : "passed",
    "steps" : [ ],
    "attachments" : [ ],
    "parameters" : [ ],
    "stepsCount" : 0,
    "attachmentsCount" : 0,
    "shouldDisplayMessage" : false,
    "hasContent" : false
  }, {
    "name" : "erc20wrapper",
    "time" : {
      "start" : 1650555115987,
      "stop" : 1650555199002,
      "duration" : 83015
    },
    "status" : "broken",
    "statusMessage" : "solana.rpc.core.UnconfirmedTxError: Unable to confirm transaction 3bvti5Kt1Woco35VFwV8npjGbbeF5Gh8D5N361X2r2kprY8hMCkzXKGv7Efh6yrDP1Vuf4gHKJYsX5GBxiTibqsS\n",
    "statusTrace" : "  File \"/opt/hostedtoolcache/Python/3.9.12/x64/lib/python3.9/site-packages/pluggy/_callers.py\", line 39, in _multicall\n    res = hook_impl.function(*args)\n  File \"/opt/hostedtoolcache/Python/3.9.12/x64/lib/python3.9/site-packages/_pytest/fixtures.py\", line 1126, in pytest_fixture_setup\n    result = call_fixture_func(fixturefunc, request, kwargs)\n  File \"/opt/hostedtoolcache/Python/3.9.12/x64/lib/python3.9/site-packages/_pytest/fixtures.py\", line 925, in call_fixture_func\n    fixture_result = next(generator)\n  File \"/home/runner/work/neon-tests/neon-tests/integration/tests/conftest.py\", line 143, in erc20wrapper\n    token = wrapper.create_spl(owner)\n  File \"/home/runner/work/neon-tests/neon-tests/utils/erc20wrapper.py\", line 69, in create_spl\n    token_mint = spl.token.client.Token.create_mint(\n  File \"/opt/hostedtoolcache/Python/3.9.12/x64/lib/python3.9/site-packages/spl/token/client.py\", line 123, in create_mint\n    conn.send_transaction(txn, payer, mint_account, opts=opts, recent_blockhash=recent_blockhash)\n  File \"/opt/hostedtoolcache/Python/3.9.12/x64/lib/python3.9/site-packages/solana/rpc/api.py\", line 1185, in send_transaction\n    txn_resp = self.send_raw_transaction(txn.serialize(), opts=opts)\n  File \"/opt/hostedtoolcache/Python/3.9.12/x64/lib/python3.9/site-packages/solana/rpc/api.py\", line 1141, in send_raw_transaction\n    return self.__post_send_with_confirm(*post_send_args)\n  File \"/opt/hostedtoolcache/Python/3.9.12/x64/lib/python3.9/site-packages/solana/rpc/api.py\", line 1246, in __post_send_with_confirm\n    self.confirm_transaction(resp[\"result\"], conf_comm)\n  File \"/opt/hostedtoolcache/Python/3.9.12/x64/lib/python3.9/site-packages/solana/rpc/api.py\", line 1276, in confirm_transaction\n    raise UnconfirmedTxError(f\"Unable to confirm transaction {tx_sig}\")\n",
    "steps" : [ ],
    "attachments" : [ ],
    "parameters" : [ ],
    "stepsCount" : 0,
    "attachmentsCount" : 0,
    "shouldDisplayMessage" : true,
    "hasContent" : true
  }, {
    "name" : "prepare_account",
    "time" : {
      "start" : 1650555199124,
      "stop" : 1650555259311,
      "duration" : 60187
    },
    "status" : "failed",
    "statusMessage" : "AssertionError\n",
    "statusTrace" : "  File \"/opt/hostedtoolcache/Python/3.9.12/x64/lib/python3.9/site-packages/pluggy/_callers.py\", line 39, in _multicall\n    res = hook_impl.function(*args)\n  File \"/opt/hostedtoolcache/Python/3.9.12/x64/lib/python3.9/site-packages/_pytest/fixtures.py\", line 1126, in pytest_fixture_setup\n    result = call_fixture_func(fixturefunc, request, kwargs)\n  File \"/opt/hostedtoolcache/Python/3.9.12/x64/lib/python3.9/site-packages/_pytest/fixtures.py\", line 925, in call_fixture_func\n    fixture_result = next(generator)\n  File \"/home/runner/work/neon-tests/neon-tests/integration/tests/conftest.py\", line 115, in prepare_account\n    faucet.request_neon(acc.address, 1000)\n  File \"/home/runner/work/neon-tests/neon-tests/utils/faucet.py\", line 16, in request_neon\n    assert resp.status_code == 200\n",
    "steps" : [ {
      "name" : "Create account for tests",
      "time" : {
        "start" : 1650555199124,
        "stop" : 1650555199128,
        "duration" : 4
      },
      "status" : "passed",
      "steps" : [ ],
      "attachments" : [ ],
      "parameters" : [ ],
      "stepsCount" : 0,
      "attachmentsCount" : 0,
      "shouldDisplayMessage" : false,
      "hasContent" : false
    }, {
      "name" : "Request 1000 NEON from faucet for 0x96Ed73E6C940f85C4926d775ed8A97716E53b48a",
      "time" : {
        "start" : 1650555199128,
        "stop" : 1650555259311,
        "duration" : 60183
      },
      "status" : "failed",
      "statusMessage" : "AssertionError\n",
      "statusTrace" : "  File \"/home/runner/work/neon-tests/neon-tests/integration/tests/conftest.py\", line 115, in prepare_account\n    faucet.request_neon(acc.address, 1000)\n  File \"/home/runner/work/neon-tests/neon-tests/utils/faucet.py\", line 16, in request_neon\n    assert resp.status_code == 200\n",
      "steps" : [ ],
      "attachments" : [ ],
      "parameters" : [ ],
      "stepsCount" : 0,
      "attachmentsCount" : 0,
      "shouldDisplayMessage" : true,
      "hasContent" : true
    } ],
    "attachments" : [ ],
    "parameters" : [ ],
    "stepsCount" : 2,
    "attachmentsCount" : 0,
    "shouldDisplayMessage" : false,
    "hasContent" : true
  }, {
    "name" : "prepare",
    "time" : {
      "start" : 1650555259611,
      "stop" : 1650555259611,
      "duration" : 0
    },
    "status" : "passed",
    "steps" : [ ],
    "attachments" : [ ],
    "parameters" : [ ],
    "stepsCount" : 0,
    "attachmentsCount" : 0,
    "shouldDisplayMessage" : false,
    "hasContent" : false
  } ],
  "afterStages" : [ {
    "name" : "allure_environment::0",
    "time" : {
      "start" : 1650555319797,
      "stop" : 1650555319798,
      "duration" : 1
    },
    "status" : "passed",
    "steps" : [ ],
    "attachments" : [ ],
    "parameters" : [ ],
    "stepsCount" : 0,
    "attachmentsCount" : 0,
    "shouldDisplayMessage" : false,
    "hasContent" : false
  } ],
  "labels" : [ {
    "name" : "story",
    "value" : "Basic: transfer tests"
  }, {
    "name" : "parentSuite",
    "value" : "integration.tests.basic"
  }, {
    "name" : "suite",
    "value" : "test_transfers"
  }, {
    "name" : "subSuite",
    "value" : "TestTransfer"
  }, {
    "name" : "host",
    "value" : "fv-az193-730"
  }, {
    "name" : "thread",
    "value" : "1821-MainThread"
  }, {
    "name" : "framework",
    "value" : "pytest"
  }, {
    "name" : "language",
    "value" : "cpython3"
  }, {
    "name" : "package",
    "value" : "integration.tests.basic.test_transfers"
  }, {
    "name" : "resultFormat",
    "value" : "allure2"
  } ],
  "parameters" : [ ],
  "links" : [ ],
  "hidden" : false,
  "retry" : false,
  "extra" : {
    "severity" : "normal",
    "retries" : [ ],
    "categories" : [ {
      "name" : "Test defects",
      "matchedStatuses" : [ ],
      "flaky" : false
    } ],
    "history" : {
      "statistic" : {
        "failed" : 6,
        "broken" : 3,
        "skipped" : 0,
        "passed" : 0,
        "unknown" : 0,
        "total" : 9
      },
      "items" : [ {
        "uid" : "fa3380048f943171",
        "reportUrl" : "https://apetrovskiy.github.io/neon-tests/release-stand/feature/25j/954//#testresult/fa3380048f943171",
        "status" : "broken",
        "statusDetails" : "solana.rpc.core.UnconfirmedTxError: Unable to confirm transaction 5YGvAUqdXgvaynQvsuP3Am4CRS2cFLegjxuMcXyqsycNr5mVFf6z5V1udH7rdRqdZGxUMz1J84qMBxHWDjbKiTmY",
        "time" : {
          "start" : 1650553871861,
          "stop" : 1650553871861,
          "duration" : 0
        }
      }, {
        "uid" : "eb51eeac3d72a2dd",
        "reportUrl" : "https://apetrovskiy.github.io/neon-tests/release-stand/feature/25j/952//#testresult/eb51eeac3d72a2dd",
        "status" : "broken",
        "statusDetails" : "solana.rpc.core.UnconfirmedTxError: Unable to confirm transaction 3Aqva8bypSJZCamPM6MsLSPgD4tCMZzsk2NMwEeHfY5djCvdbfzShdRtc7AqmyyANqeUtTfvVKNKePHTh5nubhtq",
        "time" : {
          "start" : 1650553176287,
          "stop" : 1650553176287,
          "duration" : 0
        }
      }, {
        "uid" : "db20a774c9dd06ea",
        "reportUrl" : "https://apetrovskiy.github.io/neon-tests/release-stand/feature/25j/950//#testresult/db20a774c9dd06ea",
        "status" : "failed",
        "statusDetails" : "AssertionError",
        "time" : {
          "start" : 1650549640943,
          "stop" : 1650549640943,
          "duration" : 0
        }
      }, {
        "uid" : "f9b2e0bcc052fc33",
        "reportUrl" : "https://apetrovskiy.github.io/neon-tests/release-stand/feature/25j/948//#testresult/f9b2e0bcc052fc33",
        "status" : "failed",
        "statusDetails" : "AssertionError",
        "time" : {
          "start" : 1650546290461,
          "stop" : 1650546290461,
          "duration" : 0
        }
      }, {
        "uid" : "c30df44ac88ce414",
        "reportUrl" : "https://apetrovskiy.github.io/neon-tests/release-stand/feature/25j/946//#testresult/c30df44ac88ce414",
        "status" : "failed",
        "statusDetails" : "AssertionError",
        "time" : {
          "start" : 1650545460039,
          "stop" : 1650545460039,
          "duration" : 0
        }
      }, {
        "uid" : "8c01bfa924e71e9a",
        "reportUrl" : "https://apetrovskiy.github.io/neon-tests/release-stand/feature/25j/944//#testresult/8c01bfa924e71e9a",
        "status" : "failed",
        "statusDetails" : "AssertionError",
        "time" : {
          "start" : 1650545260490,
          "stop" : 1650545260490,
          "duration" : 0
        }
      }, {
        "uid" : "876103fd380242e6",
        "reportUrl" : "https://apetrovskiy.github.io/neon-tests/release-stand/feature/25j/942//#testresult/876103fd380242e6",
        "status" : "failed",
        "statusDetails" : "AssertionError",
        "time" : {
          "start" : 1650540480853,
          "stop" : 1650540480853,
          "duration" : 0
        }
      }, {
        "uid" : "64a09e9362cf8256",
        "reportUrl" : "https://apetrovskiy.github.io/neon-tests/release-stand/feature/25j/940//#testresult/64a09e9362cf8256",
        "status" : "failed",
        "statusDetails" : "AssertionError",
        "time" : {
          "start" : 1650539563185,
          "stop" : 1650539563185,
          "duration" : 0
        }
      } ]
    },
    "tags" : [ ]
  },
  "source" : "af97049741c7fde1.json",
  "parameterValues" : [ ]
}