{
  "uid" : "34a7d2356141eb41",
  "name" : "test_send_more_than_exist_on_account_erc20",
  "fullName" : "integration.tests.basic.test_transfers.TestTransfer#test_send_more_than_exist_on_account_erc20",
  "historyId" : "31a962a87363285a08920ecfb25de661",
  "time" : {
    "start" : 1650897838223,
    "stop" : 1650897838223,
    "duration" : 0
  },
  "description" : "Send more than exist on account: ERC20",
  "descriptionHtml" : "<p>Send more than exist on account: ERC20</p>\n",
  "status" : "broken",
  "statusMessage" : "solana.rpc.core.UnconfirmedTxError: Unable to confirm transaction PgCkdvt9eaMyRJaipcZfxXCCUeEBcqXXB6XPgKEUou3Noc88PWuqDL7XFpK35L4MJTYxRp7g5Zs2hq1dqKzWRFc",
  "statusTrace" : "sol_client = <solana.rpc.api.Client object at 0x7f30344b9df0>\nweb3_client = <utils.web3client.NeonWeb3Client object at 0x7f303438da60>\nfaucet = <utils.faucet.Faucet object at 0x7f3034531610>\npytestconfig = <_pytest.config.Config object at 0x7f303ab1b400>\n\n    @pytest.fixture(scope=\"session\")\n    def erc20wrapper(sol_client, web3_client: NeonWeb3Client, faucet, pytestconfig: Config):\n        wrapper = ERC20Wrapper(\n            web3_client, sol_client, pytestconfig.environment.evm_loader, pytestconfig.environment.spl_neon_mint\n        )\n        owner = Keypair.generate()\n    \n        sol_client.request_airdrop(owner.public_key, 10000000000)\n    \n        for _ in range(10):\n            if sol_client.get_balance(owner.public_key)[\"result\"][\"value\"] == 10000000000:\n                break\n            time.sleep(5)\n    \n>       token = wrapper.create_spl(owner)\n\nintegration/tests/conftest.py:146: \n_ _ _ _ _ _ _ _ _ _ _ _ _ _ _ _ _ _ _ _ _ _ _ _ _ _ _ _ _ _ _ _ _ _ _ _ _ _ _ _ \nutils/erc20wrapper.py:69: in create_spl\n    token_mint = spl.token.client.Token.create_mint(\n/opt/hostedtoolcache/Python/3.9.12/x64/lib/python3.9/site-packages/spl/token/client.py:123: in create_mint\n    conn.send_transaction(txn, payer, mint_account, opts=opts, recent_blockhash=recent_blockhash)\n/opt/hostedtoolcache/Python/3.9.12/x64/lib/python3.9/site-packages/solana/rpc/api.py:1185: in send_transaction\n    txn_resp = self.send_raw_transaction(txn.serialize(), opts=opts)\n/opt/hostedtoolcache/Python/3.9.12/x64/lib/python3.9/site-packages/solana/rpc/api.py:1141: in send_raw_transaction\n    return self.__post_send_with_confirm(*post_send_args)\n/opt/hostedtoolcache/Python/3.9.12/x64/lib/python3.9/site-packages/solana/rpc/api.py:1246: in __post_send_with_confirm\n    self.confirm_transaction(resp[\"result\"], conf_comm)\n_ _ _ _ _ _ _ _ _ _ _ _ _ _ _ _ _ _ _ _ _ _ _ _ _ _ _ _ _ _ _ _ _ _ _ _ _ _ _ _ \n\nself = <solana.rpc.api.Client object at 0x7f30344b9df0>\ntx_sig = 'PgCkdvt9eaMyRJaipcZfxXCCUeEBcqXXB6XPgKEUou3Noc88PWuqDL7XFpK35L4MJTYxRp7g5Zs2hq1dqKzWRFc'\ncommitment = 'finalized', sleep_seconds = 0.5\n\n    def confirm_transaction(\n        self, tx_sig: str, commitment: Commitment = Finalized, sleep_seconds: float = 0.5\n    ) -> types.RPCResponse:\n        \"\"\"Confirm the transaction identified by the specified signature.\n    \n        :param tx_sig: the transaction signature to confirm.\n        :param commitment: Bank state to query. It can be either \"finalized\", \"confirmed\" or \"processed\".\n        :param sleep_seconds: The number of seconds to sleep when polling the signature status.\n        \"\"\"\n        timeout = time() + 30\n        while time() < timeout:\n            resp = self.get_signature_statuses([tx_sig])\n            maybe_rpc_error = resp.get(\"error\")\n            if maybe_rpc_error is not None:\n                raise RPCException(maybe_rpc_error)\n            resp_value = resp[\"result\"][\"value\"][0]\n            if resp_value is not None:\n                confirmation_status = resp_value[\"confirmationStatus\"]\n                confirmation_rank = COMMITMENT_RANKS[confirmation_status]\n                commitment_rank = COMMITMENT_RANKS[commitment]\n                if confirmation_rank >= commitment_rank:\n                    break\n            sleep(sleep_seconds)\n        else:\n            maybe_rpc_error = resp.get(\"error\")\n            if maybe_rpc_error is not None:\n                raise RPCException(maybe_rpc_error)\n>           raise UnconfirmedTxError(f\"Unable to confirm transaction {tx_sig}\")\nE           solana.rpc.core.UnconfirmedTxError: Unable to confirm transaction PgCkdvt9eaMyRJaipcZfxXCCUeEBcqXXB6XPgKEUou3Noc88PWuqDL7XFpK35L4MJTYxRp7g5Zs2hq1dqKzWRFc\n\n/opt/hostedtoolcache/Python/3.9.12/x64/lib/python3.9/site-packages/solana/rpc/api.py:1276: UnconfirmedTxError",
  "flaky" : false,
  "newFailed" : false,
  "newBroken" : false,
  "newPassed" : false,
  "retriesCount" : 0,
  "retriesStatusChange" : false,
  "beforeStages" : [ {
    "name" : "pytestconfig",
    "time" : {
      "start" : 1650897569734,
      "stop" : 1650897569734,
      "duration" : 0
    },
    "status" : "passed",
    "steps" : [ ],
    "attachments" : [ ],
    "parameters" : [ ],
    "stepsCount" : 0,
    "attachmentsCount" : 0,
    "shouldDisplayMessage" : false,
    "hasContent" : false
  }, {
    "name" : "web3_client",
    "time" : {
      "start" : 1650897569734,
      "stop" : 1650897569736,
      "duration" : 2
    },
    "status" : "passed",
    "steps" : [ ],
    "attachments" : [ ],
    "parameters" : [ ],
    "stepsCount" : 0,
    "attachmentsCount" : 0,
    "shouldDisplayMessage" : false,
    "hasContent" : false
  }, {
    "name" : "allure_environment",
    "time" : {
      "start" : 1650897569736,
      "stop" : 1650897570735,
      "duration" : 999
    },
    "status" : "passed",
    "steps" : [ ],
    "attachments" : [ ],
    "parameters" : [ ],
    "stepsCount" : 0,
    "attachmentsCount" : 0,
    "shouldDisplayMessage" : false,
    "hasContent" : false
  }, {
    "name" : "faucet",
    "time" : {
      "start" : 1650897570736,
      "stop" : 1650897570736,
      "duration" : 0
    },
    "status" : "passed",
    "steps" : [ ],
    "attachments" : [ ],
    "parameters" : [ ],
    "stepsCount" : 0,
    "attachmentsCount" : 0,
    "shouldDisplayMessage" : false,
    "hasContent" : false
  }, {
    "name" : "operator",
    "time" : {
      "start" : 1650897570736,
      "stop" : 1650897570737,
      "duration" : 1
    },
    "status" : "passed",
    "steps" : [ ],
    "attachments" : [ ],
    "parameters" : [ ],
    "stepsCount" : 0,
    "attachmentsCount" : 0,
    "shouldDisplayMessage" : false,
    "hasContent" : false
  }, {
    "name" : "json_rpc_client",
    "time" : {
      "start" : 1650897570736,
      "stop" : 1650897570736,
      "duration" : 0
    },
    "status" : "passed",
    "steps" : [ ],
    "attachments" : [ ],
    "parameters" : [ ],
    "stepsCount" : 0,
    "attachmentsCount" : 0,
    "shouldDisplayMessage" : false,
    "hasContent" : false
  }, {
    "name" : "sol_client",
    "time" : {
      "start" : 1650897570737,
      "stop" : 1650897570737,
      "duration" : 0
    },
    "status" : "passed",
    "steps" : [ ],
    "attachments" : [ ],
    "parameters" : [ ],
    "stepsCount" : 0,
    "attachmentsCount" : 0,
    "shouldDisplayMessage" : false,
    "hasContent" : false
  }, {
    "name" : "erc20wrapper",
    "time" : {
      "start" : 1650897692287,
      "stop" : 1650897777531,
      "duration" : 85244
    },
    "status" : "broken",
    "statusMessage" : "solana.rpc.core.UnconfirmedTxError: Unable to confirm transaction PgCkdvt9eaMyRJaipcZfxXCCUeEBcqXXB6XPgKEUou3Noc88PWuqDL7XFpK35L4MJTYxRp7g5Zs2hq1dqKzWRFc\n",
    "statusTrace" : "  File \"/opt/hostedtoolcache/Python/3.9.12/x64/lib/python3.9/site-packages/pluggy/_callers.py\", line 39, in _multicall\n    res = hook_impl.function(*args)\n  File \"/opt/hostedtoolcache/Python/3.9.12/x64/lib/python3.9/site-packages/_pytest/fixtures.py\", line 1126, in pytest_fixture_setup\n    result = call_fixture_func(fixturefunc, request, kwargs)\n  File \"/opt/hostedtoolcache/Python/3.9.12/x64/lib/python3.9/site-packages/_pytest/fixtures.py\", line 925, in call_fixture_func\n    fixture_result = next(generator)\n  File \"/home/runner/work/neon-tests/neon-tests/integration/tests/conftest.py\", line 146, in erc20wrapper\n    token = wrapper.create_spl(owner)\n  File \"/home/runner/work/neon-tests/neon-tests/utils/erc20wrapper.py\", line 69, in create_spl\n    token_mint = spl.token.client.Token.create_mint(\n  File \"/opt/hostedtoolcache/Python/3.9.12/x64/lib/python3.9/site-packages/spl/token/client.py\", line 123, in create_mint\n    conn.send_transaction(txn, payer, mint_account, opts=opts, recent_blockhash=recent_blockhash)\n  File \"/opt/hostedtoolcache/Python/3.9.12/x64/lib/python3.9/site-packages/solana/rpc/api.py\", line 1185, in send_transaction\n    txn_resp = self.send_raw_transaction(txn.serialize(), opts=opts)\n  File \"/opt/hostedtoolcache/Python/3.9.12/x64/lib/python3.9/site-packages/solana/rpc/api.py\", line 1141, in send_raw_transaction\n    return self.__post_send_with_confirm(*post_send_args)\n  File \"/opt/hostedtoolcache/Python/3.9.12/x64/lib/python3.9/site-packages/solana/rpc/api.py\", line 1246, in __post_send_with_confirm\n    self.confirm_transaction(resp[\"result\"], conf_comm)\n  File \"/opt/hostedtoolcache/Python/3.9.12/x64/lib/python3.9/site-packages/solana/rpc/api.py\", line 1276, in confirm_transaction\n    raise UnconfirmedTxError(f\"Unable to confirm transaction {tx_sig}\")\n",
    "steps" : [ ],
    "attachments" : [ ],
    "parameters" : [ ],
    "stepsCount" : 0,
    "attachmentsCount" : 0,
    "shouldDisplayMessage" : true,
    "hasContent" : true
  }, {
    "name" : "prepare_account",
    "time" : {
      "start" : 1650897777715,
      "stop" : 1650897838045,
      "duration" : 60330
    },
    "status" : "failed",
    "statusMessage" : "AssertionError: <html>\r\n<head><title>504 Gateway Time-out</title></head>\r\n<body>\r\n<center><h1>504 Gateway Time-out</h1></center>\r\n<hr><center>nginx/1.18.0 (Ubuntu)</center>\r\n</body>\r\n</html>\r\n\n",
    "statusTrace" : "  File \"/opt/hostedtoolcache/Python/3.9.12/x64/lib/python3.9/site-packages/pluggy/_callers.py\", line 39, in _multicall\n    res = hook_impl.function(*args)\n  File \"/opt/hostedtoolcache/Python/3.9.12/x64/lib/python3.9/site-packages/_pytest/fixtures.py\", line 1126, in pytest_fixture_setup\n    result = call_fixture_func(fixturefunc, request, kwargs)\n  File \"/opt/hostedtoolcache/Python/3.9.12/x64/lib/python3.9/site-packages/_pytest/fixtures.py\", line 925, in call_fixture_func\n    fixture_result = next(generator)\n  File \"/home/runner/work/neon-tests/neon-tests/integration/tests/conftest.py\", line 113, in prepare_account\n    faucet.request_neon(acc.address, 5000)\n  File \"/home/runner/work/neon-tests/neon-tests/utils/faucet.py\", line 16, in request_neon\n    assert resp.status_code == 200, resp.text\n",
    "steps" : [ {
      "name" : "Create account for tests",
      "time" : {
        "start" : 1650897777715,
        "stop" : 1650897777720,
        "duration" : 5
      },
      "status" : "passed",
      "steps" : [ ],
      "attachments" : [ ],
      "parameters" : [ ],
      "stepsCount" : 0,
      "attachmentsCount" : 0,
      "shouldDisplayMessage" : false,
      "hasContent" : false
    }, {
      "name" : "Request 5000 NEON from faucet for 0xAF95FeeEF84E0120AfEad4DEACeD4081b4C2468d",
      "time" : {
        "start" : 1650897777721,
        "stop" : 1650897838045,
        "duration" : 60324
      },
      "status" : "failed",
      "statusMessage" : "AssertionError: <html>\r\n<head><title>504 Gateway Time-out</title></head>\r\n<body>\r\n<center><h1>504 Gateway Time-out</h1></center>\r\n<hr><center>nginx/1.18.0 (Ubuntu)</center>\r\n</body>\r\n</html>\r\n\n",
      "statusTrace" : "  File \"/home/runner/work/neon-tests/neon-tests/integration/tests/conftest.py\", line 113, in prepare_account\n    faucet.request_neon(acc.address, 5000)\n  File \"/home/runner/work/neon-tests/neon-tests/utils/faucet.py\", line 16, in request_neon\n    assert resp.status_code == 200, resp.text\n",
      "steps" : [ ],
      "attachments" : [ ],
      "parameters" : [ ],
      "stepsCount" : 0,
      "attachmentsCount" : 0,
      "shouldDisplayMessage" : true,
      "hasContent" : true
    } ],
    "attachments" : [ ],
    "parameters" : [ ],
    "stepsCount" : 2,
    "attachmentsCount" : 0,
    "shouldDisplayMessage" : false,
    "hasContent" : true
  }, {
    "name" : "prepare",
    "time" : {
      "start" : 1650897838264,
      "stop" : 1650897838264,
      "duration" : 0
    },
    "status" : "passed",
    "steps" : [ ],
    "attachments" : [ ],
    "parameters" : [ ],
    "stepsCount" : 0,
    "attachmentsCount" : 0,
    "shouldDisplayMessage" : false,
    "hasContent" : false
  } ],
  "afterStages" : [ {
    "name" : "allure_environment::0",
    "time" : {
      "start" : 1650897898706,
      "stop" : 1650897898707,
      "duration" : 1
    },
    "status" : "passed",
    "steps" : [ ],
    "attachments" : [ ],
    "parameters" : [ ],
    "stepsCount" : 0,
    "attachmentsCount" : 0,
    "shouldDisplayMessage" : false,
    "hasContent" : false
  } ],
  "labels" : [ {
    "name" : "story",
    "value" : "Basic: transfer tests"
  }, {
    "name" : "parentSuite",
    "value" : "integration.tests.basic"
  }, {
    "name" : "suite",
    "value" : "test_transfers"
  }, {
    "name" : "subSuite",
    "value" : "TestTransfer"
  }, {
    "name" : "host",
    "value" : "fv-az460-297"
  }, {
    "name" : "thread",
    "value" : "1934-MainThread"
  }, {
    "name" : "framework",
    "value" : "pytest"
  }, {
    "name" : "language",
    "value" : "cpython3"
  }, {
    "name" : "package",
    "value" : "integration.tests.basic.test_transfers"
  }, {
    "name" : "resultFormat",
    "value" : "allure2"
  } ],
  "parameters" : [ ],
  "links" : [ ],
  "hidden" : false,
  "retry" : false,
  "extra" : {
    "severity" : "normal",
    "retries" : [ ],
    "categories" : [ {
      "name" : "Test defects",
      "matchedStatuses" : [ ],
      "flaky" : false
    } ],
    "history" : {
      "statistic" : {
        "failed" : 0,
        "broken" : 2,
        "skipped" : 0,
        "passed" : 0,
        "unknown" : 0,
        "total" : 2
      },
      "items" : [ {
        "uid" : "8097e90d0e519a2f",
        "reportUrl" : "https://apetrovskiy.github.io/neon-tests/release-stand/feature/25j/1036//#testresult/8097e90d0e519a2f",
        "status" : "broken",
        "statusDetails" : "solana.rpc.core.UnconfirmedTxError: Unable to confirm transaction 5sEkQ7kGQPGqSuLiR6RAnA4y5Ycja9TNRCwq8MuDBpGg5XNW9UwNFXC2Zm5NSPRo2d1KtHrbkB4boSTvVoJ3Y4RQ",
        "time" : {
          "start" : 1650897239126,
          "stop" : 1650897239126,
          "duration" : 0
        }
      } ]
    },
    "tags" : [ ]
  },
  "source" : "34a7d2356141eb41.json",
  "parameterValues" : [ ]
}