{
  "uid" : "71126d016708483f",
  "name" : "test_send_token_to_an_invalid_address",
  "fullName" : "integration.tests.basic.test_transfers.TestTransfer#test_send_token_to_an_invalid_address",
  "historyId" : "7414a102f68be6a72f24569f8e6cae78",
  "time" : {
    "start" : 1647623803701,
    "stop" : 1647623803795,
    "duration" : 94
  },
  "description" : "Send token to an invalid address",
  "descriptionHtml" : "<p>Send token to an invalid address</p>\n",
  "status" : "failed",
  "statusMessage" : "AssertionError: expected balance = 5, actual balance = 990.994",
  "statusTrace" : "self = <integration.tests.basic.test_transfers.TestTransfer object at 0x7f9191898100>\n\n    def test_send_token_to_an_invalid_address(self):\n        \"\"\"Send token to an invalid address\"\"\"\n        sender_account = self.create_account_with_balance()\n    \n        self.process_transaction_with_failure(\n            sender_account, INVALID_ADDRESS,\n            InputData.DEFAULT_TRANSFER_AMOUNT.value, ENS_NAME_ERROR)\n    \n>       self.assert_balance(sender_account.address,\n                            InputData.FAUCET_1ST_REQUEST_AMOUNT.value)\n\nintegration/tests/basic/test_transfers.py:119: \n_ _ _ _ _ _ _ _ _ _ _ _ _ _ _ _ _ _ _ _ _ _ _ _ _ _ _ _ _ _ _ _ _ _ _ _ _ _ _ _ \nintegration/tests/basic/helpers/basic.py:144: in assert_balance\n    self.check_balance(expected_amount, balance)\n_ _ _ _ _ _ _ _ _ _ _ _ _ _ _ _ _ _ _ _ _ _ _ _ _ _ _ _ _ _ _ _ _ _ _ _ _ _ _ _ \n\nself = <integration.tests.basic.test_transfers.TestTransfer object at 0x7f9191898100>\nexpected = 5, actual = Decimal('990.993683080272')\n\n    def check_balance(self, expected: float, actual: Decimal):\n        '''Compares the balance with expectation'''\n        expected_dec = round(expected, InputData.ROUND_DIGITS.value)\n        actual_dec = float(round(actual, InputData.ROUND_DIGITS.value))\n    \n>       assert actual_dec == expected_dec, f\"expected balance = {expected_dec}, actual balance = {actual_dec}\"\nE       AssertionError: expected balance = 5, actual balance = 990.994\n\nintegration/tests/basic/helpers/basic.py:139: AssertionError",
  "flaky" : false,
  "newFailed" : false,
  "newBroken" : false,
  "newPassed" : false,
  "retriesCount" : 0,
  "retriesStatusChange" : false,
  "beforeStages" : [ {
    "name" : "web3_client",
    "time" : {
      "start" : 1647623799670,
      "stop" : 1647623799672,
      "duration" : 2
    },
    "status" : "passed",
    "steps" : [ ],
    "attachments" : [ ],
    "parameters" : [ ],
    "stepsCount" : 0,
    "attachmentsCount" : 0,
    "shouldDisplayMessage" : false,
    "hasContent" : false
  }, {
    "name" : "pytestconfig",
    "time" : {
      "start" : 1647623799670,
      "stop" : 1647623799670,
      "duration" : 0
    },
    "status" : "passed",
    "steps" : [ ],
    "attachments" : [ ],
    "parameters" : [ ],
    "stepsCount" : 0,
    "attachmentsCount" : 0,
    "shouldDisplayMessage" : false,
    "hasContent" : false
  }, {
    "name" : "allure_environment",
    "time" : {
      "start" : 1647623799672,
      "stop" : 1647623800041,
      "duration" : 369
    },
    "status" : "passed",
    "steps" : [ ],
    "attachments" : [ ],
    "parameters" : [ ],
    "stepsCount" : 0,
    "attachmentsCount" : 0,
    "shouldDisplayMessage" : false,
    "hasContent" : false
  }, {
    "name" : "jsonrpc_requester",
    "time" : {
      "start" : 1647623800041,
      "stop" : 1647623800041,
      "duration" : 0
    },
    "status" : "passed",
    "steps" : [ ],
    "attachments" : [ ],
    "parameters" : [ ],
    "stepsCount" : 0,
    "attachmentsCount" : 0,
    "shouldDisplayMessage" : false,
    "hasContent" : false
  }, {
    "name" : "faucet",
    "time" : {
      "start" : 1647623800041,
      "stop" : 1647623800041,
      "duration" : 0
    },
    "status" : "passed",
    "steps" : [ ],
    "attachments" : [ ],
    "parameters" : [ ],
    "stepsCount" : 0,
    "attachmentsCount" : 0,
    "shouldDisplayMessage" : false,
    "hasContent" : false
  }, {
    "name" : "operator",
    "time" : {
      "start" : 1647623800042,
      "stop" : 1647623800042,
      "duration" : 0
    },
    "status" : "passed",
    "steps" : [ ],
    "attachments" : [ ],
    "parameters" : [ ],
    "stepsCount" : 0,
    "attachmentsCount" : 0,
    "shouldDisplayMessage" : false,
    "hasContent" : false
  }, {
    "name" : "sol_client",
    "time" : {
      "start" : 1647623800042,
      "stop" : 1647623800042,
      "duration" : 0
    },
    "status" : "passed",
    "steps" : [ ],
    "attachments" : [ ],
    "parameters" : [ ],
    "stepsCount" : 0,
    "attachmentsCount" : 0,
    "shouldDisplayMessage" : false,
    "hasContent" : false
  }, {
    "name" : "prepare_json_rpc_requester",
    "time" : {
      "start" : 1647623803700,
      "stop" : 1647623803700,
      "duration" : 0
    },
    "status" : "passed",
    "steps" : [ ],
    "attachments" : [ ],
    "parameters" : [ ],
    "stepsCount" : 0,
    "attachmentsCount" : 0,
    "shouldDisplayMessage" : false,
    "hasContent" : false
  }, {
    "name" : "prepare",
    "time" : {
      "start" : 1647623803700,
      "stop" : 1647623803700,
      "duration" : 0
    },
    "status" : "passed",
    "steps" : [ ],
    "attachments" : [ ],
    "parameters" : [ ],
    "stepsCount" : 0,
    "attachmentsCount" : 0,
    "shouldDisplayMessage" : false,
    "hasContent" : false
  } ],
  "testStage" : {
    "description" : "Send token to an invalid address",
    "status" : "failed",
    "statusMessage" : "AssertionError: expected balance = 5, actual balance = 990.994",
    "statusTrace" : "self = <integration.tests.basic.test_transfers.TestTransfer object at 0x7f9191898100>\n\n    def test_send_token_to_an_invalid_address(self):\n        \"\"\"Send token to an invalid address\"\"\"\n        sender_account = self.create_account_with_balance()\n    \n        self.process_transaction_with_failure(\n            sender_account, INVALID_ADDRESS,\n            InputData.DEFAULT_TRANSFER_AMOUNT.value, ENS_NAME_ERROR)\n    \n>       self.assert_balance(sender_account.address,\n                            InputData.FAUCET_1ST_REQUEST_AMOUNT.value)\n\nintegration/tests/basic/test_transfers.py:119: \n_ _ _ _ _ _ _ _ _ _ _ _ _ _ _ _ _ _ _ _ _ _ _ _ _ _ _ _ _ _ _ _ _ _ _ _ _ _ _ _ \nintegration/tests/basic/helpers/basic.py:144: in assert_balance\n    self.check_balance(expected_amount, balance)\n_ _ _ _ _ _ _ _ _ _ _ _ _ _ _ _ _ _ _ _ _ _ _ _ _ _ _ _ _ _ _ _ _ _ _ _ _ _ _ _ \n\nself = <integration.tests.basic.test_transfers.TestTransfer object at 0x7f9191898100>\nexpected = 5, actual = Decimal('990.993683080272')\n\n    def check_balance(self, expected: float, actual: Decimal):\n        '''Compares the balance with expectation'''\n        expected_dec = round(expected, InputData.ROUND_DIGITS.value)\n        actual_dec = float(round(actual, InputData.ROUND_DIGITS.value))\n    \n>       assert actual_dec == expected_dec, f\"expected balance = {expected_dec}, actual balance = {actual_dec}\"\nE       AssertionError: expected balance = 5, actual balance = 990.994\n\nintegration/tests/basic/helpers/basic.py:139: AssertionError",
    "steps" : [ {
      "name" : "Sending 3 from 0x10bA76E88cd03842eb45875e66a0CfD995Ab4D4A to 0x12345",
      "time" : {
        "start" : 1647623803701,
        "stop" : 1647623803755,
        "duration" : 54
      },
      "status" : "passed",
      "steps" : [ ],
      "attachments" : [ ],
      "parameters" : [ ],
      "stepsCount" : 0,
      "attachmentsCount" : 0,
      "shouldDisplayMessage" : false,
      "hasContent" : false
    } ],
    "attachments" : [ {
      "uid" : "cacdc47c4b279e93",
      "name" : "stdout",
      "source" : "cacdc47c4b279e93.txt",
      "type" : "text/plain",
      "size" : 61
    } ],
    "parameters" : [ ],
    "stepsCount" : 1,
    "attachmentsCount" : 1,
    "shouldDisplayMessage" : true,
    "hasContent" : true
  },
  "afterStages" : [ {
    "name" : "allure_environment::0",
    "time" : {
      "start" : 1647623803921,
      "stop" : 1647623803921,
      "duration" : 0
    },
    "status" : "passed",
    "steps" : [ ],
    "attachments" : [ ],
    "parameters" : [ ],
    "stepsCount" : 0,
    "attachmentsCount" : 0,
    "shouldDisplayMessage" : false,
    "hasContent" : false
  } ],
  "labels" : [ {
    "name" : "story",
    "value" : "Basic: transfer tests"
  }, {
    "name" : "parentSuite",
    "value" : "integration.tests.basic"
  }, {
    "name" : "suite",
    "value" : "test_transfers"
  }, {
    "name" : "subSuite",
    "value" : "TestTransfer"
  }, {
    "name" : "host",
    "value" : "fv-az190-684"
  }, {
    "name" : "thread",
    "value" : "1764-MainThread"
  }, {
    "name" : "framework",
    "value" : "pytest"
  }, {
    "name" : "language",
    "value" : "cpython3"
  }, {
    "name" : "package",
    "value" : "integration.tests.basic.test_transfers"
  }, {
    "name" : "resultFormat",
    "value" : "allure2"
  } ],
  "parameters" : [ ],
  "links" : [ ],
  "hidden" : false,
  "retry" : false,
  "extra" : {
    "severity" : "normal",
    "retries" : [ ],
    "categories" : [ {
      "name" : "Product defects",
      "matchedStatuses" : [ ],
      "flaky" : false
    } ],
    "history" : {
      "statistic" : {
        "failed" : 3,
        "broken" : 0,
        "skipped" : 0,
        "passed" : 2,
        "unknown" : 0,
        "total" : 5
      },
      "items" : [ {
        "uid" : "f46fd5b39cd86226",
        "reportUrl" : "https://apetrovskiy.github.io/neon-tests/release-stand/feature/254t/635//#testresult/f46fd5b39cd86226",
        "status" : "failed",
        "statusDetails" : "AssertionError",
        "time" : {
          "start" : 1647623114077,
          "stop" : 1647623114077,
          "duration" : 0
        }
      }, {
        "uid" : "6792a945d74a121c",
        "reportUrl" : "https://apetrovskiy.github.io/neon-tests/release-stand/feature/254t/632//#testresult/6792a945d74a121c",
        "status" : "failed",
        "statusDetails" : "AssertionError",
        "time" : {
          "start" : 1647622865473,
          "stop" : 1647622865473,
          "duration" : 0
        }
      }, {
        "uid" : "3b9b77ffeb7dcc6e",
        "reportUrl" : "https://apetrovskiy.github.io/neon-tests/release-stand/feature/254t/629//#testresult/3b9b77ffeb7dcc6e",
        "status" : "passed",
        "time" : {
          "start" : 1647622840140,
          "stop" : 1647622841071,
          "duration" : 931
        }
      }, {
        "uid" : "154886665fef00d1",
        "reportUrl" : "https://apetrovskiy.github.io/neon-tests/release-stand/feature/254t/624//#testresult/154886665fef00d1",
        "status" : "passed",
        "time" : {
          "start" : 1647622208246,
          "stop" : 1647622209445,
          "duration" : 1199
        }
      } ]
    },
    "tags" : [ ]
  },
  "source" : "71126d016708483f.json",
  "parameterValues" : [ ]
}