{
  "uid" : "e429ed5d9b89035b",
  "name" : "test_send_negative_sum_from_account_neon",
  "fullName" : "integration.tests.basic.test_transfers.TestTransfer#test_send_negative_sum_from_account_neon",
  "historyId" : "b8f842096bc774361fb83c1b6571422c",
  "time" : {
    "start" : 1647627431875,
    "stop" : 1647627432055,
    "duration" : 180
  },
  "description" : "Send negative sum from account: neon",
  "descriptionHtml" : "<p>Send negative sum from account: neon</p>\n",
  "status" : "failed",
  "statusMessage" : "AssertionError: expected balance = 5, actual balance = 831.847",
  "statusTrace" : "self = <integration.tests.basic.test_transfers.TestTransfer object at 0x7f08e99ddfd0>\nprepare_accounts = None\n\n    def test_send_negative_sum_from_account_neon(self, prepare_accounts):\n        \"\"\"Send negative sum from account: neon\"\"\"\n    \n        self.process_transaction_with_failure(\n            self.sender_account, self.recipient_account,\n            InputData.NEGATIVE_AMOUNT.value, ErrorMessage.NEGATIVE_VALUE.value)\n    \n>       self.assert_balance(self.sender_account.address,\n                            InputData.FAUCET_1ST_REQUEST_AMOUNT.value)\n\nintegration/tests/basic/test_transfers.py:96: \n_ _ _ _ _ _ _ _ _ _ _ _ _ _ _ _ _ _ _ _ _ _ _ _ _ _ _ _ _ _ _ _ _ _ _ _ _ _ _ _ \nintegration/tests/basic/helpers/basic.py:145: in assert_balance\n    self.check_balance(expected_amount, balance)\n_ _ _ _ _ _ _ _ _ _ _ _ _ _ _ _ _ _ _ _ _ _ _ _ _ _ _ _ _ _ _ _ _ _ _ _ _ _ _ _ \n\nself = <integration.tests.basic.test_transfers.TestTransfer object at 0x7f08e99ddfd0>\nexpected = 5, actual = Decimal('831.846552995472')\n\n    def check_balance(self, expected: float, actual: Decimal):\n        '''Compares the balance with expectation'''\n        expected_dec = round(expected, InputData.ROUND_DIGITS.value)\n        actual_dec = float(round(actual, InputData.ROUND_DIGITS.value))\n    \n>       assert actual_dec == expected_dec, f\"expected balance = {expected_dec}, actual balance = {actual_dec}\"\nE       AssertionError: expected balance = 5, actual balance = 831.847\n\nintegration/tests/basic/helpers/basic.py:140: AssertionError",
  "flaky" : false,
  "newFailed" : false,
  "newBroken" : false,
  "newPassed" : false,
  "retriesCount" : 0,
  "retriesStatusChange" : false,
  "beforeStages" : [ {
    "name" : "pytestconfig",
    "time" : {
      "start" : 1647627390587,
      "stop" : 1647627390587,
      "duration" : 0
    },
    "status" : "passed",
    "steps" : [ ],
    "attachments" : [ ],
    "parameters" : [ ],
    "stepsCount" : 0,
    "attachmentsCount" : 0,
    "shouldDisplayMessage" : false,
    "hasContent" : false
  }, {
    "name" : "web3_client",
    "time" : {
      "start" : 1647627390588,
      "stop" : 1647627390589,
      "duration" : 1
    },
    "status" : "passed",
    "steps" : [ ],
    "attachments" : [ ],
    "parameters" : [ ],
    "stepsCount" : 0,
    "attachmentsCount" : 0,
    "shouldDisplayMessage" : false,
    "hasContent" : false
  }, {
    "name" : "allure_environment",
    "time" : {
      "start" : 1647627390590,
      "stop" : 1647627391907,
      "duration" : 1317
    },
    "status" : "passed",
    "steps" : [ ],
    "attachments" : [ ],
    "parameters" : [ ],
    "stepsCount" : 0,
    "attachmentsCount" : 0,
    "shouldDisplayMessage" : false,
    "hasContent" : false
  }, {
    "name" : "faucet",
    "time" : {
      "start" : 1647627391907,
      "stop" : 1647627391907,
      "duration" : 0
    },
    "status" : "passed",
    "steps" : [ ],
    "attachments" : [ ],
    "parameters" : [ ],
    "stepsCount" : 0,
    "attachmentsCount" : 0,
    "shouldDisplayMessage" : false,
    "hasContent" : false
  }, {
    "name" : "jsonrpc_requester",
    "time" : {
      "start" : 1647627391908,
      "stop" : 1647627391908,
      "duration" : 0
    },
    "status" : "passed",
    "steps" : [ ],
    "attachments" : [ ],
    "parameters" : [ ],
    "stepsCount" : 0,
    "attachmentsCount" : 0,
    "shouldDisplayMessage" : false,
    "hasContent" : false
  }, {
    "name" : "sol_client",
    "time" : {
      "start" : 1647627391908,
      "stop" : 1647627391908,
      "duration" : 0
    },
    "status" : "passed",
    "steps" : [ ],
    "attachments" : [ ],
    "parameters" : [ ],
    "stepsCount" : 0,
    "attachmentsCount" : 0,
    "shouldDisplayMessage" : false,
    "hasContent" : false
  }, {
    "name" : "operator",
    "time" : {
      "start" : 1647627391908,
      "stop" : 1647627391908,
      "duration" : 0
    },
    "status" : "passed",
    "steps" : [ ],
    "attachments" : [ ],
    "parameters" : [ ],
    "stepsCount" : 0,
    "attachmentsCount" : 0,
    "shouldDisplayMessage" : false,
    "hasContent" : false
  }, {
    "name" : "prepare",
    "time" : {
      "start" : 1647627431869,
      "stop" : 1647627431869,
      "duration" : 0
    },
    "status" : "passed",
    "steps" : [ ],
    "attachments" : [ ],
    "parameters" : [ ],
    "stepsCount" : 0,
    "attachmentsCount" : 0,
    "shouldDisplayMessage" : false,
    "hasContent" : false
  }, {
    "name" : "prepare_accounts",
    "time" : {
      "start" : 1647627431869,
      "stop" : 1647627431874,
      "duration" : 5
    },
    "status" : "passed",
    "steps" : [ ],
    "attachments" : [ ],
    "parameters" : [ ],
    "stepsCount" : 0,
    "attachmentsCount" : 0,
    "shouldDisplayMessage" : false,
    "hasContent" : false
  }, {
    "name" : "prepare_json_rpc_requester",
    "time" : {
      "start" : 1647627431869,
      "stop" : 1647627431869,
      "duration" : 0
    },
    "status" : "passed",
    "steps" : [ ],
    "attachments" : [ ],
    "parameters" : [ ],
    "stepsCount" : 0,
    "attachmentsCount" : 0,
    "shouldDisplayMessage" : false,
    "hasContent" : false
  } ],
  "testStage" : {
    "description" : "Send negative sum from account: neon",
    "status" : "failed",
    "statusMessage" : "AssertionError: expected balance = 5, actual balance = 831.847",
    "statusTrace" : "self = <integration.tests.basic.test_transfers.TestTransfer object at 0x7f08e99ddfd0>\nprepare_accounts = None\n\n    def test_send_negative_sum_from_account_neon(self, prepare_accounts):\n        \"\"\"Send negative sum from account: neon\"\"\"\n    \n        self.process_transaction_with_failure(\n            self.sender_account, self.recipient_account,\n            InputData.NEGATIVE_AMOUNT.value, ErrorMessage.NEGATIVE_VALUE.value)\n    \n>       self.assert_balance(self.sender_account.address,\n                            InputData.FAUCET_1ST_REQUEST_AMOUNT.value)\n\nintegration/tests/basic/test_transfers.py:96: \n_ _ _ _ _ _ _ _ _ _ _ _ _ _ _ _ _ _ _ _ _ _ _ _ _ _ _ _ _ _ _ _ _ _ _ _ _ _ _ _ \nintegration/tests/basic/helpers/basic.py:145: in assert_balance\n    self.check_balance(expected_amount, balance)\n_ _ _ _ _ _ _ _ _ _ _ _ _ _ _ _ _ _ _ _ _ _ _ _ _ _ _ _ _ _ _ _ _ _ _ _ _ _ _ _ \n\nself = <integration.tests.basic.test_transfers.TestTransfer object at 0x7f08e99ddfd0>\nexpected = 5, actual = Decimal('831.846552995472')\n\n    def check_balance(self, expected: float, actual: Decimal):\n        '''Compares the balance with expectation'''\n        expected_dec = round(expected, InputData.ROUND_DIGITS.value)\n        actual_dec = float(round(actual, InputData.ROUND_DIGITS.value))\n    \n>       assert actual_dec == expected_dec, f\"expected balance = {expected_dec}, actual balance = {actual_dec}\"\nE       AssertionError: expected balance = 5, actual balance = 831.847\n\nintegration/tests/basic/helpers/basic.py:140: AssertionError",
    "steps" : [ {
      "name" : "Sending -1 from 0x10bA76E88cd03842eb45875e66a0CfD995Ab4D4A to 0x61907624664b8786b14bC7275c3479b34a67428c",
      "time" : {
        "start" : 1647627431875,
        "stop" : 1647627431953,
        "duration" : 78
      },
      "status" : "passed",
      "steps" : [ ],
      "attachments" : [ ],
      "parameters" : [ ],
      "stepsCount" : 0,
      "attachmentsCount" : 0,
      "shouldDisplayMessage" : false,
      "hasContent" : false
    } ],
    "attachments" : [ {
      "uid" : "f1a4df5c90951197",
      "name" : "stdout",
      "source" : "f1a4df5c90951197.txt",
      "type" : "text/plain",
      "size" : 122
    } ],
    "parameters" : [ ],
    "stepsCount" : 1,
    "attachmentsCount" : 1,
    "shouldDisplayMessage" : true,
    "hasContent" : true
  },
  "afterStages" : [ {
    "name" : "prepare_accounts::0",
    "time" : {
      "start" : 1647627432065,
      "stop" : 1647627432065,
      "duration" : 0
    },
    "status" : "passed",
    "steps" : [ ],
    "attachments" : [ ],
    "parameters" : [ ],
    "stepsCount" : 0,
    "attachmentsCount" : 0,
    "shouldDisplayMessage" : false,
    "hasContent" : false
  }, {
    "name" : "allure_environment::0",
    "time" : {
      "start" : 1647627432665,
      "stop" : 1647627432665,
      "duration" : 0
    },
    "status" : "passed",
    "steps" : [ ],
    "attachments" : [ ],
    "parameters" : [ ],
    "stepsCount" : 0,
    "attachmentsCount" : 0,
    "shouldDisplayMessage" : false,
    "hasContent" : false
  } ],
  "labels" : [ {
    "name" : "story",
    "value" : "Basic: transfer tests"
  }, {
    "name" : "parentSuite",
    "value" : "integration.tests.basic"
  }, {
    "name" : "suite",
    "value" : "test_transfers"
  }, {
    "name" : "subSuite",
    "value" : "TestTransfer"
  }, {
    "name" : "host",
    "value" : "fv-az275-29"
  }, {
    "name" : "thread",
    "value" : "1739-MainThread"
  }, {
    "name" : "framework",
    "value" : "pytest"
  }, {
    "name" : "language",
    "value" : "cpython3"
  }, {
    "name" : "package",
    "value" : "integration.tests.basic.test_transfers"
  }, {
    "name" : "resultFormat",
    "value" : "allure2"
  } ],
  "parameters" : [ ],
  "links" : [ ],
  "hidden" : false,
  "retry" : false,
  "extra" : {
    "severity" : "normal",
    "retries" : [ ],
    "categories" : [ {
      "name" : "Product defects",
      "matchedStatuses" : [ ],
      "flaky" : false
    } ],
    "history" : {
      "statistic" : {
        "failed" : 2,
        "broken" : 0,
        "skipped" : 0,
        "passed" : 1,
        "unknown" : 0,
        "total" : 3
      },
      "items" : [ {
        "uid" : "f7ef96d1d640cb05",
        "reportUrl" : "https://apetrovskiy.github.io/neon-tests/feature/254t/637//#testresult/f7ef96d1d640cb05",
        "status" : "failed",
        "statusDetails" : "AssertionError",
        "time" : {
          "start" : 1647623804516,
          "stop" : 1647623804516,
          "duration" : 0
        }
      }, {
        "uid" : "cec1d860f3d37d55",
        "reportUrl" : "https://apetrovskiy.github.io/neon-tests/feature/254t/628//#testresult/cec1d860f3d37d55",
        "status" : "passed",
        "time" : {
          "start" : 1647622852661,
          "stop" : 1647622852987,
          "duration" : 326
        }
      } ]
    },
    "tags" : [ ]
  },
  "source" : "e429ed5d9b89035b.json",
  "parameterValues" : [ ]
}