{
  "uid" : "c58e80527dfe057f",
  "name" : "test_check_tokens_in_wallet_ERC20",
  "fullName" : "integration.tests.basic.test_single_client_activity.TestSingleClient#test_check_tokens_in_wallet_ERC20",
  "historyId" : "4059ad62d6b9e4bb187821c89296c4cf",
  "time" : {
    "start" : 1650897094383,
    "stop" : 1650897094383,
    "duration" : 0
  },
  "description" : "Check tokens in wallet: ERC20",
  "descriptionHtml" : "<p>Check tokens in wallet: ERC20</p>\n",
  "status" : "broken",
  "statusMessage" : "solana.rpc.core.UnconfirmedTxError: Unable to confirm transaction 5sEkQ7kGQPGqSuLiR6RAnA4y5Ycja9TNRCwq8MuDBpGg5XNW9UwNFXC2Zm5NSPRo2d1KtHrbkB4boSTvVoJ3Y4RQ",
  "statusTrace" : "sol_client = <solana.rpc.api.Client object at 0x7f4653709160>\nweb3_client = <utils.web3client.NeonWeb3Client object at 0x7f46536b6cd0>\nfaucet = <utils.faucet.Faucet object at 0x7f46537b7d30>\npytestconfig = <_pytest.config.Config object at 0x7f4659d58460>\n\n    @pytest.fixture(scope=\"session\")\n    def erc20wrapper(sol_client, web3_client: NeonWeb3Client, faucet, pytestconfig: Config):\n        wrapper = ERC20Wrapper(\n            web3_client, sol_client, pytestconfig.environment.evm_loader, pytestconfig.environment.spl_neon_mint\n        )\n        owner = Keypair.generate()\n    \n        sol_client.request_airdrop(owner.public_key, 10000000000)\n    \n        for _ in range(10):\n            if sol_client.get_balance(owner.public_key)[\"result\"][\"value\"] == 10000000000:\n                break\n            time.sleep(5)\n    \n>       token = wrapper.create_spl(owner)\n\nintegration/tests/conftest.py:146: \n_ _ _ _ _ _ _ _ _ _ _ _ _ _ _ _ _ _ _ _ _ _ _ _ _ _ _ _ _ _ _ _ _ _ _ _ _ _ _ _ \nutils/erc20wrapper.py:69: in create_spl\n    token_mint = spl.token.client.Token.create_mint(\n/opt/hostedtoolcache/Python/3.9.12/x64/lib/python3.9/site-packages/spl/token/client.py:123: in create_mint\n    conn.send_transaction(txn, payer, mint_account, opts=opts, recent_blockhash=recent_blockhash)\n/opt/hostedtoolcache/Python/3.9.12/x64/lib/python3.9/site-packages/solana/rpc/api.py:1185: in send_transaction\n    txn_resp = self.send_raw_transaction(txn.serialize(), opts=opts)\n/opt/hostedtoolcache/Python/3.9.12/x64/lib/python3.9/site-packages/solana/rpc/api.py:1141: in send_raw_transaction\n    return self.__post_send_with_confirm(*post_send_args)\n/opt/hostedtoolcache/Python/3.9.12/x64/lib/python3.9/site-packages/solana/rpc/api.py:1246: in __post_send_with_confirm\n    self.confirm_transaction(resp[\"result\"], conf_comm)\n_ _ _ _ _ _ _ _ _ _ _ _ _ _ _ _ _ _ _ _ _ _ _ _ _ _ _ _ _ _ _ _ _ _ _ _ _ _ _ _ \n\nself = <solana.rpc.api.Client object at 0x7f4653709160>\ntx_sig = '5sEkQ7kGQPGqSuLiR6RAnA4y5Ycja9TNRCwq8MuDBpGg5XNW9UwNFXC2Zm5NSPRo2d1KtHrbkB4boSTvVoJ3Y4RQ'\ncommitment = 'finalized', sleep_seconds = 0.5\n\n    def confirm_transaction(\n        self, tx_sig: str, commitment: Commitment = Finalized, sleep_seconds: float = 0.5\n    ) -> types.RPCResponse:\n        \"\"\"Confirm the transaction identified by the specified signature.\n    \n        :param tx_sig: the transaction signature to confirm.\n        :param commitment: Bank state to query. It can be either \"finalized\", \"confirmed\" or \"processed\".\n        :param sleep_seconds: The number of seconds to sleep when polling the signature status.\n        \"\"\"\n        timeout = time() + 30\n        while time() < timeout:\n            resp = self.get_signature_statuses([tx_sig])\n            maybe_rpc_error = resp.get(\"error\")\n            if maybe_rpc_error is not None:\n                raise RPCException(maybe_rpc_error)\n            resp_value = resp[\"result\"][\"value\"][0]\n            if resp_value is not None:\n                confirmation_status = resp_value[\"confirmationStatus\"]\n                confirmation_rank = COMMITMENT_RANKS[confirmation_status]\n                commitment_rank = COMMITMENT_RANKS[commitment]\n                if confirmation_rank >= commitment_rank:\n                    break\n            sleep(sleep_seconds)\n        else:\n            maybe_rpc_error = resp.get(\"error\")\n            if maybe_rpc_error is not None:\n                raise RPCException(maybe_rpc_error)\n>           raise UnconfirmedTxError(f\"Unable to confirm transaction {tx_sig}\")\nE           solana.rpc.core.UnconfirmedTxError: Unable to confirm transaction 5sEkQ7kGQPGqSuLiR6RAnA4y5Ycja9TNRCwq8MuDBpGg5XNW9UwNFXC2Zm5NSPRo2d1KtHrbkB4boSTvVoJ3Y4RQ\n\n/opt/hostedtoolcache/Python/3.9.12/x64/lib/python3.9/site-packages/solana/rpc/api.py:1276: UnconfirmedTxError",
  "flaky" : false,
  "newFailed" : false,
  "newBroken" : false,
  "newPassed" : false,
  "retriesCount" : 0,
  "retriesStatusChange" : false,
  "beforeStages" : [ {
    "name" : "web3_client",
    "time" : {
      "start" : 1650896972192,
      "stop" : 1650896972193,
      "duration" : 1
    },
    "status" : "passed",
    "steps" : [ ],
    "attachments" : [ ],
    "parameters" : [ ],
    "stepsCount" : 0,
    "attachmentsCount" : 0,
    "shouldDisplayMessage" : false,
    "hasContent" : false
  }, {
    "name" : "pytestconfig",
    "time" : {
      "start" : 1650896972192,
      "stop" : 1650896972192,
      "duration" : 0
    },
    "status" : "passed",
    "steps" : [ ],
    "attachments" : [ ],
    "parameters" : [ ],
    "stepsCount" : 0,
    "attachmentsCount" : 0,
    "shouldDisplayMessage" : false,
    "hasContent" : false
  }, {
    "name" : "allure_environment",
    "time" : {
      "start" : 1650896972194,
      "stop" : 1650896973103,
      "duration" : 909
    },
    "status" : "passed",
    "steps" : [ ],
    "attachments" : [ ],
    "parameters" : [ ],
    "stepsCount" : 0,
    "attachmentsCount" : 0,
    "shouldDisplayMessage" : false,
    "hasContent" : false
  }, {
    "name" : "faucet",
    "time" : {
      "start" : 1650896973103,
      "stop" : 1650896973103,
      "duration" : 0
    },
    "status" : "passed",
    "steps" : [ ],
    "attachments" : [ ],
    "parameters" : [ ],
    "stepsCount" : 0,
    "attachmentsCount" : 0,
    "shouldDisplayMessage" : false,
    "hasContent" : false
  }, {
    "name" : "json_rpc_client",
    "time" : {
      "start" : 1650896973103,
      "stop" : 1650896973104,
      "duration" : 1
    },
    "status" : "passed",
    "steps" : [ ],
    "attachments" : [ ],
    "parameters" : [ ],
    "stepsCount" : 0,
    "attachmentsCount" : 0,
    "shouldDisplayMessage" : false,
    "hasContent" : false
  }, {
    "name" : "operator",
    "time" : {
      "start" : 1650896973104,
      "stop" : 1650896973104,
      "duration" : 0
    },
    "status" : "passed",
    "steps" : [ ],
    "attachments" : [ ],
    "parameters" : [ ],
    "stepsCount" : 0,
    "attachmentsCount" : 0,
    "shouldDisplayMessage" : false,
    "hasContent" : false
  }, {
    "name" : "sol_client",
    "time" : {
      "start" : 1650896973104,
      "stop" : 1650896973104,
      "duration" : 0
    },
    "status" : "passed",
    "steps" : [ ],
    "attachments" : [ ],
    "parameters" : [ ],
    "stepsCount" : 0,
    "attachmentsCount" : 0,
    "shouldDisplayMessage" : false,
    "hasContent" : false
  }, {
    "name" : "prepare_account",
    "time" : {
      "start" : 1650897034229,
      "stop" : 1650897094358,
      "duration" : 60129
    },
    "status" : "failed",
    "statusMessage" : "AssertionError: <html>\r\n<head><title>504 Gateway Time-out</title></head>\r\n<body>\r\n<center><h1>504 Gateway Time-out</h1></center>\r\n<hr><center>nginx/1.18.0 (Ubuntu)</center>\r\n</body>\r\n</html>\r\n\n",
    "statusTrace" : "  File \"/opt/hostedtoolcache/Python/3.9.12/x64/lib/python3.9/site-packages/pluggy/_callers.py\", line 39, in _multicall\n    res = hook_impl.function(*args)\n  File \"/opt/hostedtoolcache/Python/3.9.12/x64/lib/python3.9/site-packages/_pytest/fixtures.py\", line 1126, in pytest_fixture_setup\n    result = call_fixture_func(fixturefunc, request, kwargs)\n  File \"/opt/hostedtoolcache/Python/3.9.12/x64/lib/python3.9/site-packages/_pytest/fixtures.py\", line 925, in call_fixture_func\n    fixture_result = next(generator)\n  File \"/home/runner/work/neon-tests/neon-tests/integration/tests/conftest.py\", line 113, in prepare_account\n    faucet.request_neon(acc.address, 5000)\n  File \"/home/runner/work/neon-tests/neon-tests/utils/faucet.py\", line 16, in request_neon\n    assert resp.status_code == 200, resp.text\n",
    "steps" : [ {
      "name" : "Create account for tests",
      "time" : {
        "start" : 1650897034229,
        "stop" : 1650897034233,
        "duration" : 4
      },
      "status" : "passed",
      "steps" : [ ],
      "attachments" : [ ],
      "parameters" : [ ],
      "stepsCount" : 0,
      "attachmentsCount" : 0,
      "shouldDisplayMessage" : false,
      "hasContent" : false
    }, {
      "name" : "Request 5000 NEON from faucet for 0xd425D2ADc1E949f07033328c25344DD2C3C3277A",
      "time" : {
        "start" : 1650897034233,
        "stop" : 1650897094358,
        "duration" : 60125
      },
      "status" : "failed",
      "statusMessage" : "AssertionError: <html>\r\n<head><title>504 Gateway Time-out</title></head>\r\n<body>\r\n<center><h1>504 Gateway Time-out</h1></center>\r\n<hr><center>nginx/1.18.0 (Ubuntu)</center>\r\n</body>\r\n</html>\r\n\n",
      "statusTrace" : "  File \"/home/runner/work/neon-tests/neon-tests/integration/tests/conftest.py\", line 113, in prepare_account\n    faucet.request_neon(acc.address, 5000)\n  File \"/home/runner/work/neon-tests/neon-tests/utils/faucet.py\", line 16, in request_neon\n    assert resp.status_code == 200, resp.text\n",
      "steps" : [ ],
      "attachments" : [ ],
      "parameters" : [ ],
      "stepsCount" : 0,
      "attachmentsCount" : 0,
      "shouldDisplayMessage" : true,
      "hasContent" : true
    } ],
    "attachments" : [ ],
    "parameters" : [ ],
    "stepsCount" : 2,
    "attachmentsCount" : 0,
    "shouldDisplayMessage" : false,
    "hasContent" : true
  }, {
    "name" : "erc20wrapper",
    "time" : {
      "start" : 1650897094383,
      "stop" : 1650897178580,
      "duration" : 84197
    },
    "status" : "broken",
    "statusMessage" : "solana.rpc.core.UnconfirmedTxError: Unable to confirm transaction 5sEkQ7kGQPGqSuLiR6RAnA4y5Ycja9TNRCwq8MuDBpGg5XNW9UwNFXC2Zm5NSPRo2d1KtHrbkB4boSTvVoJ3Y4RQ\n",
    "statusTrace" : "  File \"/opt/hostedtoolcache/Python/3.9.12/x64/lib/python3.9/site-packages/pluggy/_callers.py\", line 39, in _multicall\n    res = hook_impl.function(*args)\n  File \"/opt/hostedtoolcache/Python/3.9.12/x64/lib/python3.9/site-packages/_pytest/fixtures.py\", line 1126, in pytest_fixture_setup\n    result = call_fixture_func(fixturefunc, request, kwargs)\n  File \"/opt/hostedtoolcache/Python/3.9.12/x64/lib/python3.9/site-packages/_pytest/fixtures.py\", line 925, in call_fixture_func\n    fixture_result = next(generator)\n  File \"/home/runner/work/neon-tests/neon-tests/integration/tests/conftest.py\", line 146, in erc20wrapper\n    token = wrapper.create_spl(owner)\n  File \"/home/runner/work/neon-tests/neon-tests/utils/erc20wrapper.py\", line 69, in create_spl\n    token_mint = spl.token.client.Token.create_mint(\n  File \"/opt/hostedtoolcache/Python/3.9.12/x64/lib/python3.9/site-packages/spl/token/client.py\", line 123, in create_mint\n    conn.send_transaction(txn, payer, mint_account, opts=opts, recent_blockhash=recent_blockhash)\n  File \"/opt/hostedtoolcache/Python/3.9.12/x64/lib/python3.9/site-packages/solana/rpc/api.py\", line 1185, in send_transaction\n    txn_resp = self.send_raw_transaction(txn.serialize(), opts=opts)\n  File \"/opt/hostedtoolcache/Python/3.9.12/x64/lib/python3.9/site-packages/solana/rpc/api.py\", line 1141, in send_raw_transaction\n    return self.__post_send_with_confirm(*post_send_args)\n  File \"/opt/hostedtoolcache/Python/3.9.12/x64/lib/python3.9/site-packages/solana/rpc/api.py\", line 1246, in __post_send_with_confirm\n    self.confirm_transaction(resp[\"result\"], conf_comm)\n  File \"/opt/hostedtoolcache/Python/3.9.12/x64/lib/python3.9/site-packages/solana/rpc/api.py\", line 1276, in confirm_transaction\n    raise UnconfirmedTxError(f\"Unable to confirm transaction {tx_sig}\")\n",
    "steps" : [ ],
    "attachments" : [ ],
    "parameters" : [ ],
    "stepsCount" : 0,
    "attachmentsCount" : 0,
    "shouldDisplayMessage" : true,
    "hasContent" : true
  }, {
    "name" : "prepare",
    "time" : {
      "start" : 1650897178621,
      "stop" : 1650897178621,
      "duration" : 0
    },
    "status" : "passed",
    "steps" : [ ],
    "attachments" : [ ],
    "parameters" : [ ],
    "stepsCount" : 0,
    "attachmentsCount" : 0,
    "shouldDisplayMessage" : false,
    "hasContent" : false
  } ],
  "afterStages" : [ {
    "name" : "allure_environment::0",
    "time" : {
      "start" : 1650897299533,
      "stop" : 1650897299534,
      "duration" : 1
    },
    "status" : "passed",
    "steps" : [ ],
    "attachments" : [ ],
    "parameters" : [ ],
    "stepsCount" : 0,
    "attachmentsCount" : 0,
    "shouldDisplayMessage" : false,
    "hasContent" : false
  } ],
  "labels" : [ {
    "name" : "story",
    "value" : "Basic: single user tests"
  }, {
    "name" : "parentSuite",
    "value" : "integration.tests.basic"
  }, {
    "name" : "suite",
    "value" : "test_single_client_activity"
  }, {
    "name" : "subSuite",
    "value" : "TestSingleClient"
  }, {
    "name" : "host",
    "value" : "fv-az173-890"
  }, {
    "name" : "thread",
    "value" : "1785-MainThread"
  }, {
    "name" : "framework",
    "value" : "pytest"
  }, {
    "name" : "language",
    "value" : "cpython3"
  }, {
    "name" : "package",
    "value" : "integration.tests.basic.test_single_client_activity"
  }, {
    "name" : "resultFormat",
    "value" : "allure2"
  } ],
  "parameters" : [ ],
  "links" : [ ],
  "hidden" : false,
  "retry" : false,
  "extra" : {
    "severity" : "normal",
    "retries" : [ ],
    "categories" : [ {
      "name" : "Test defects",
      "matchedStatuses" : [ ],
      "flaky" : false
    } ],
    "tags" : [ ]
  },
  "source" : "c58e80527dfe057f.json",
  "parameterValues" : [ ]
}