{
  "uid" : "4b4757e66a1912dae1a509f688f20b0f",
  "children" : [ {
    "name" : "Product defects",
    "children" : [ {
      "name" : "AssertionError: <AssertMessage.CONTAINS_ERROR: 'Contains the error data'>\nassert False\n +  where False = <bound method BasicTests.assert_no_error_object of <integration.tests.basic.test_rpc_calls.TestRpcCalls object at 0x7f36aee67e80>>(JsonRpcErrorResponse(id=95, error={'code': -32000, 'message': 'Missing data'}, jsonrpc='2.0'))\n +    where <bound method BasicTests.assert_no_error_object of <integration.tests.basic.test_rpc_calls.TestRpcCalls object at 0x7f36aee67e80>> = <integration.tests.basic.test_rpc_calls.TestRpcCalls object at 0x7f36aee67e80>.assert_no_error_object",
      "children" : [ {
        "name" : "test_rpc_call_eth_call",
        "uid" : "2254b71fb248169a",
        "parentUid" : "60455ba0215706ee5f8d72ea974f84fa",
        "status" : "failed",
        "time" : {
          "start" : 1647016926026,
          "stop" : 1647016929225,
          "duration" : 3199
        },
        "flaky" : false,
        "newFailed" : false,
        "newPassed" : false,
        "newBroken" : false,
        "retriesCount" : 0,
        "retriesStatusChange" : false,
        "parameters" : [ ]
      } ],
      "uid" : "60455ba0215706ee5f8d72ea974f84fa"
    }, {
      "name" : "AssertionError: <AssertMessage.CONTAINS_ERROR: 'Contains the error data'>\nassert False\n +  where False = <bound method BasicTests.assert_no_error_object of <integration.tests.basic.test_rpc_calls.TestRpcCalls object at 0x7f36aee42be0>>(JsonRpcErrorResponse(id=71, error={'code': -32000, 'message': \"'NoneType' object is not subscriptable\"}, jsonrpc='2.0'))\n +    where <bound method BasicTests.assert_no_error_object of <integration.tests.basic.test_rpc_calls.TestRpcCalls object at 0x7f36aee42be0>> = <integration.tests.basic.test_rpc_calls.TestRpcCalls object at 0x7f36aee42be0>.assert_no_error_object",
      "children" : [ {
        "name" : "test_rpc_call_eth_estimateGas",
        "uid" : "e32fd88090996461",
        "parentUid" : "4b123c229f0ed55a8197e9f50a8b4b18",
        "status" : "failed",
        "time" : {
          "start" : 1647016929323,
          "stop" : 1647016930845,
          "duration" : 1522
        },
        "flaky" : false,
        "newFailed" : false,
        "newPassed" : false,
        "newBroken" : false,
        "retriesCount" : 0,
        "retriesStatusChange" : false,
        "parameters" : [ ]
      } ],
      "uid" : "4b123c229f0ed55a8197e9f50a8b4b18"
    } ],
    "uid" : "8fb3a91ba5aaf9de24cc8a92edc82b5d"
  }, {
    "name" : "Test defects",
    "children" : [ {
      "name" : "TypeError: process_transaction() missing 1 required positional argument: 'amount'",
      "children" : [ {
        "name" : "test_zero_neon",
        "uid" : "d405708e8bac97ee",
        "parentUid" : "d75b11e075882209d6fb7416810a3205",
        "status" : "broken",
        "time" : {
          "start" : 1647017125072,
          "stop" : 1647017125073,
          "duration" : 1
        },
        "flaky" : false,
        "newFailed" : false,
        "newPassed" : false,
        "newBroken" : false,
        "retriesCount" : 0,
        "retriesStatusChange" : false,
        "parameters" : [ ]
      } ],
      "uid" : "d75b11e075882209d6fb7416810a3205"
    } ],
    "uid" : "bdbf199525818fae7a8651db9eafe741"
  } ],
  "name" : "categories"
}