{
  "uid" : "4b4757e66a1912dae1a509f688f20b0f",
  "children" : [ {
    "name" : "Test defects",
    "children" : [ {
      "name" : "TypeError: get_block_by_hash() got an unexpected keyword argument 'req_id'",
      "children" : [ {
        "name" : "test_rpc_call_eth_getBlockByHash",
        "uid" : "6c22d239b28c0cf0",
        "parentUid" : "1c7616b7b1a579ecae9c31185965cdbf",
        "status" : "broken",
        "time" : {
          "start" : 1646757667071,
          "stop" : 1646757670415,
          "duration" : 3344
        },
        "flaky" : false,
        "newFailed" : false,
        "newPassed" : false,
        "newBroken" : false,
        "retriesCount" : 0,
        "retriesStatusChange" : false,
        "parameters" : [ ]
      } ],
      "uid" : "1c7616b7b1a579ecae9c31185965cdbf"
    }, {
      "name" : "TypeError: fromhex() argument must be str, not HexBytes",
      "children" : [ {
        "name" : "test_rpc_call_eth_sendRawTransaction",
        "uid" : "c5bb1be6944216c4",
        "parentUid" : "e9bac02ca83e196007c7b2ebb952161b",
        "status" : "broken",
        "time" : {
          "start" : 1646757725044,
          "stop" : 1646757726796,
          "duration" : 1752
        },
        "flaky" : false,
        "newFailed" : false,
        "newPassed" : false,
        "newBroken" : false,
        "retriesCount" : 0,
        "retriesStatusChange" : false,
        "parameters" : [ ]
      } ],
      "uid" : "e9bac02ca83e196007c7b2ebb952161b"
    } ],
    "uid" : "bdbf199525818fae7a8651db9eafe741"
  }, {
    "name" : "Product defects",
    "children" : [ {
      "name" : "AssertionError: <AssertMessage.CONTAINS_ERROR: 'Contains the error data'>\nassert False\n +  where False = <bound method BasicHelpers.assert_no_error_object of <integration.tests.basic.test_rpc_calls.TestRpcCalls object at 0x7eff9bb0c790>>(JsonRpcErrorResponse(id=52, error={'code': -32000, 'message': 'Missing data'}, jsonrpc='2.0'))\n +    where <bound method BasicHelpers.assert_no_error_object of <integration.tests.basic.test_rpc_calls.TestRpcCalls object at 0x7eff9bb0c790>> = <integration.tests.basic.test_rpc_calls.TestRpcCalls object at 0x7eff9bb0c790>.assert_no_error_object",
      "children" : [ {
        "name" : "test_rpc_call_eth_call",
        "uid" : "9af04adafa1a225",
        "parentUid" : "f5b64a8dee8801263dafdf3d6b3d2031",
        "status" : "failed",
        "time" : {
          "start" : 1646757681032,
          "stop" : 1646757683443,
          "duration" : 2411
        },
        "flaky" : false,
        "newFailed" : false,
        "newPassed" : false,
        "newBroken" : false,
        "retriesCount" : 0,
        "retriesStatusChange" : false,
        "parameters" : [ ]
      } ],
      "uid" : "f5b64a8dee8801263dafdf3d6b3d2031"
    }, {
      "name" : "AssertionError: <AssertMessage.CONTAINS_ERROR: 'Contains the error data'>\nassert False\n +  where False = <bound method BasicHelpers.assert_no_error_object of <integration.tests.basic.test_rpc_calls.TestRpcCalls object at 0x7eff9bb1cb20>>(JsonRpcErrorResponse(id=68, error={'code': -32000, 'message': \"'NoneType' object is not subscriptable\"}, jsonrpc='2.0'))\n +    where <bound method BasicHelpers.assert_no_error_object of <integration.tests.basic.test_rpc_calls.TestRpcCalls object at 0x7eff9bb1cb20>> = <integration.tests.basic.test_rpc_calls.TestRpcCalls object at 0x7eff9bb1cb20>.assert_no_error_object",
      "children" : [ {
        "name" : "test_rpc_call_eth_estimateGas",
        "uid" : "18f50328ef6e7300",
        "parentUid" : "726544c872eeb095bcee57ecf6549c47",
        "status" : "failed",
        "time" : {
          "start" : 1646757683451,
          "stop" : 1646757684757,
          "duration" : 1306
        },
        "flaky" : false,
        "newFailed" : false,
        "newPassed" : false,
        "newBroken" : false,
        "retriesCount" : 0,
        "retriesStatusChange" : false,
        "parameters" : [ ]
      } ],
      "uid" : "726544c872eeb095bcee57ecf6549c47"
    }, {
      "name" : "Failed: Error evaluating 'xfail' condition\n    ERC20 is in progress\n              ^\nSyntaxError: invalid syntax",
      "children" : [ {
        "name" : "test_zero_erc20",
        "uid" : "82068bcb7dc17137",
        "parentUid" : "46efdb9cbec58f646e68ae167ece314f",
        "status" : "failed",
        "time" : {
          "start" : 1646757755675,
          "stop" : 1646757755675,
          "duration" : 0
        },
        "flaky" : false,
        "newFailed" : true,
        "newPassed" : false,
        "newBroken" : false,
        "retriesCount" : 0,
        "retriesStatusChange" : false,
        "parameters" : [ ]
      } ],
      "uid" : "46efdb9cbec58f646e68ae167ece314f"
    } ],
    "uid" : "8fb3a91ba5aaf9de24cc8a92edc82b5d"
  } ],
  "name" : "categories"
}