{
  "uid" : "da093394abf4036a",
  "name" : "test_send_more_than_exist_on_account_neon[100]",
  "fullName" : "integration.tests.basic.test_transfers.TestTransfer#test_send_more_than_exist_on_account_neon",
  "historyId" : "0e6e23bd246b8dd85c9c8f54b814f02b",
  "time" : {
    "start" : 1647632744322,
    "stop" : 1647632748285,
    "duration" : 3963
  },
  "description" : "Send more than exist on account: neon",
  "descriptionHtml" : "<p>Send more than exist on account: neon</p>\n",
  "status" : "failed",
  "statusMessage" : "Failed: DID NOT RAISE <class 'Exception'>",
  "statusTrace" : "self = <integration.tests.basic.test_transfers.TestTransfer object at 0x7fa536c7ccd0>\namount = 100, prepare_accounts = None\n\n    @pytest.mark.parametrize(\"amount\", WRONG_TRANSFER_AMOUNT_DATA)\n    def test_send_more_than_exist_on_account_neon(self, amount: Union[int,\n                                                                      float],\n                                                  prepare_accounts):\n        \"\"\"Send more than exist on account: neon\"\"\"\n    \n>       self.check_value_error_if_less_than_required(self.sender_account,\n                                                     self.recipient_account,\n                                                     amount)\n\nintegration/tests/basic/test_transfers.py:46: \n_ _ _ _ _ _ _ _ _ _ _ _ _ _ _ _ _ _ _ _ _ _ _ _ _ _ _ _ _ _ _ _ _ _ _ _ _ _ _ _ \nintegration/tests/basic/helpers/basic.py:126: in check_value_error_if_less_than_required\n    return self.process_transaction_with_failure(\n_ _ _ _ _ _ _ _ _ _ _ _ _ _ _ _ _ _ _ _ _ _ _ _ _ _ _ _ _ _ _ _ _ _ _ _ _ _ _ _ \n\nself = <integration.tests.basic.test_transfers.TestTransfer object at 0x7fa536c7ccd0>\nsender_account = AccountData(address='0x10bA76E88cd03842eb45875e66a0CfD995Ab4D4A', key='f50167b6cb6680c3c230a1fb1831521d9e1e1a65796c170f7162bda48135d292')\nrecipient_account = <eth_account.signers.local.LocalAccount object at 0x7fa536acfd30>\namount = 100, error_message = 'Expecting value: line 1 column 1 (char 0)'\n\n    def process_transaction_with_failure(\n            self,\n            sender_account: Account,\n            recipient_account: Union[Account, AccountData],\n            amount: int,\n            error_message: str = \"\") -> Union[web3.types.TxReceipt, None]:\n        '''Processes transaction, expects a failure'''\n    \n        tx: Union[web3.types.TxReceipt, None] = None\n        with allure.step(\n                f\"Sending {amount} from {sender_account.address} to {recipient_account.address}\"\n        ):\n            with pytest.raises(Exception) as error_info:\n>               tx = self.web3_client.send_neon(sender_account,\n                                                recipient_account, amount)\nE               Failed: DID NOT RAISE <class 'Exception'>\n\nintegration/tests/basic/helpers/basic.py:104: Failed",
  "flaky" : false,
  "newFailed" : true,
  "newBroken" : false,
  "newPassed" : false,
  "retriesCount" : 0,
  "retriesStatusChange" : false,
  "beforeStages" : [ {
    "name" : "web3_client",
    "time" : {
      "start" : 1647632714155,
      "stop" : 1647632714157,
      "duration" : 2
    },
    "status" : "passed",
    "steps" : [ ],
    "attachments" : [ ],
    "parameters" : [ ],
    "stepsCount" : 0,
    "attachmentsCount" : 0,
    "shouldDisplayMessage" : false,
    "hasContent" : false
  }, {
    "name" : "pytestconfig",
    "time" : {
      "start" : 1647632714155,
      "stop" : 1647632714155,
      "duration" : 0
    },
    "status" : "passed",
    "steps" : [ ],
    "attachments" : [ ],
    "parameters" : [ ],
    "stepsCount" : 0,
    "attachmentsCount" : 0,
    "shouldDisplayMessage" : false,
    "hasContent" : false
  }, {
    "name" : "allure_environment",
    "time" : {
      "start" : 1647632714157,
      "stop" : 1647632715042,
      "duration" : 885
    },
    "status" : "passed",
    "steps" : [ ],
    "attachments" : [ ],
    "parameters" : [ ],
    "stepsCount" : 0,
    "attachmentsCount" : 0,
    "shouldDisplayMessage" : false,
    "hasContent" : false
  }, {
    "name" : "faucet",
    "time" : {
      "start" : 1647632715043,
      "stop" : 1647632715043,
      "duration" : 0
    },
    "status" : "passed",
    "steps" : [ ],
    "attachments" : [ ],
    "parameters" : [ ],
    "stepsCount" : 0,
    "attachmentsCount" : 0,
    "shouldDisplayMessage" : false,
    "hasContent" : false
  }, {
    "name" : "jsonrpc_requester",
    "time" : {
      "start" : 1647632715043,
      "stop" : 1647632715043,
      "duration" : 0
    },
    "status" : "passed",
    "steps" : [ ],
    "attachments" : [ ],
    "parameters" : [ ],
    "stepsCount" : 0,
    "attachmentsCount" : 0,
    "shouldDisplayMessage" : false,
    "hasContent" : false
  }, {
    "name" : "operator",
    "time" : {
      "start" : 1647632715043,
      "stop" : 1647632715043,
      "duration" : 0
    },
    "status" : "passed",
    "steps" : [ ],
    "attachments" : [ ],
    "parameters" : [ ],
    "stepsCount" : 0,
    "attachmentsCount" : 0,
    "shouldDisplayMessage" : false,
    "hasContent" : false
  }, {
    "name" : "sol_client",
    "time" : {
      "start" : 1647632715044,
      "stop" : 1647632715044,
      "duration" : 0
    },
    "status" : "passed",
    "steps" : [ ],
    "attachments" : [ ],
    "parameters" : [ ],
    "stepsCount" : 0,
    "attachmentsCount" : 0,
    "shouldDisplayMessage" : false,
    "hasContent" : false
  }, {
    "name" : "prepare",
    "time" : {
      "start" : 1647632744317,
      "stop" : 1647632744317,
      "duration" : 0
    },
    "status" : "passed",
    "steps" : [ ],
    "attachments" : [ ],
    "parameters" : [ ],
    "stepsCount" : 0,
    "attachmentsCount" : 0,
    "shouldDisplayMessage" : false,
    "hasContent" : false
  }, {
    "name" : "prepare_json_rpc_requester",
    "time" : {
      "start" : 1647632744317,
      "stop" : 1647632744317,
      "duration" : 0
    },
    "status" : "passed",
    "steps" : [ ],
    "attachments" : [ ],
    "parameters" : [ ],
    "stepsCount" : 0,
    "attachmentsCount" : 0,
    "shouldDisplayMessage" : false,
    "hasContent" : false
  }, {
    "name" : "prepare_accounts",
    "time" : {
      "start" : 1647632744317,
      "stop" : 1647632744321,
      "duration" : 4
    },
    "status" : "passed",
    "steps" : [ ],
    "attachments" : [ ],
    "parameters" : [ ],
    "stepsCount" : 0,
    "attachmentsCount" : 0,
    "shouldDisplayMessage" : false,
    "hasContent" : false
  } ],
  "testStage" : {
    "description" : "Send more than exist on account: neon",
    "status" : "failed",
    "statusMessage" : "Failed: DID NOT RAISE <class 'Exception'>",
    "statusTrace" : "self = <integration.tests.basic.test_transfers.TestTransfer object at 0x7fa536c7ccd0>\namount = 100, prepare_accounts = None\n\n    @pytest.mark.parametrize(\"amount\", WRONG_TRANSFER_AMOUNT_DATA)\n    def test_send_more_than_exist_on_account_neon(self, amount: Union[int,\n                                                                      float],\n                                                  prepare_accounts):\n        \"\"\"Send more than exist on account: neon\"\"\"\n    \n>       self.check_value_error_if_less_than_required(self.sender_account,\n                                                     self.recipient_account,\n                                                     amount)\n\nintegration/tests/basic/test_transfers.py:46: \n_ _ _ _ _ _ _ _ _ _ _ _ _ _ _ _ _ _ _ _ _ _ _ _ _ _ _ _ _ _ _ _ _ _ _ _ _ _ _ _ \nintegration/tests/basic/helpers/basic.py:126: in check_value_error_if_less_than_required\n    return self.process_transaction_with_failure(\n_ _ _ _ _ _ _ _ _ _ _ _ _ _ _ _ _ _ _ _ _ _ _ _ _ _ _ _ _ _ _ _ _ _ _ _ _ _ _ _ \n\nself = <integration.tests.basic.test_transfers.TestTransfer object at 0x7fa536c7ccd0>\nsender_account = AccountData(address='0x10bA76E88cd03842eb45875e66a0CfD995Ab4D4A', key='f50167b6cb6680c3c230a1fb1831521d9e1e1a65796c170f7162bda48135d292')\nrecipient_account = <eth_account.signers.local.LocalAccount object at 0x7fa536acfd30>\namount = 100, error_message = 'Expecting value: line 1 column 1 (char 0)'\n\n    def process_transaction_with_failure(\n            self,\n            sender_account: Account,\n            recipient_account: Union[Account, AccountData],\n            amount: int,\n            error_message: str = \"\") -> Union[web3.types.TxReceipt, None]:\n        '''Processes transaction, expects a failure'''\n    \n        tx: Union[web3.types.TxReceipt, None] = None\n        with allure.step(\n                f\"Sending {amount} from {sender_account.address} to {recipient_account.address}\"\n        ):\n            with pytest.raises(Exception) as error_info:\n>               tx = self.web3_client.send_neon(sender_account,\n                                                recipient_account, amount)\nE               Failed: DID NOT RAISE <class 'Exception'>\n\nintegration/tests/basic/helpers/basic.py:104: Failed",
    "steps" : [ {
      "name" : "Sending 100 from 0x10bA76E88cd03842eb45875e66a0CfD995Ab4D4A to 0xDb125e0609e9371Dcf816eEB0AC29cE7207eC8De",
      "time" : {
        "start" : 1647632744322,
        "stop" : 1647632748284,
        "duration" : 3962
      },
      "status" : "failed",
      "statusMessage" : "Failed: DID NOT RAISE <class 'Exception'>\n",
      "statusTrace" : "  File \"/home/runner/work/neon-tests/neon-tests/integration/tests/basic/helpers/basic.py\", line 104, in process_transaction_with_failure\n    tx = self.web3_client.send_neon(sender_account,\n  File \"/opt/hostedtoolcache/Python/3.9.10/x64/lib/python3.9/site-packages/_pytest/python_api.py\", line 777, in __exit__\n    fail(self.message)\n  File \"/opt/hostedtoolcache/Python/3.9.10/x64/lib/python3.9/site-packages/_pytest/outcomes.py\", line 153, in fail\n    raise Failed(msg=msg, pytrace=pytrace)\n",
      "steps" : [ ],
      "attachments" : [ ],
      "parameters" : [ ],
      "stepsCount" : 0,
      "attachmentsCount" : 0,
      "shouldDisplayMessage" : true,
      "hasContent" : true
    } ],
    "attachments" : [ ],
    "parameters" : [ ],
    "stepsCount" : 1,
    "attachmentsCount" : 0,
    "shouldDisplayMessage" : true,
    "hasContent" : true
  },
  "afterStages" : [ {
    "name" : "prepare_accounts::0",
    "time" : {
      "start" : 1647632748295,
      "stop" : 1647632748295,
      "duration" : 0
    },
    "status" : "passed",
    "steps" : [ ],
    "attachments" : [ ],
    "parameters" : [ ],
    "stepsCount" : 0,
    "attachmentsCount" : 0,
    "shouldDisplayMessage" : false,
    "hasContent" : false
  }, {
    "name" : "allure_environment::0",
    "time" : {
      "start" : 1647632754219,
      "stop" : 1647632754220,
      "duration" : 1
    },
    "status" : "passed",
    "steps" : [ ],
    "attachments" : [ ],
    "parameters" : [ ],
    "stepsCount" : 0,
    "attachmentsCount" : 0,
    "shouldDisplayMessage" : false,
    "hasContent" : false
  } ],
  "labels" : [ {
    "name" : "story",
    "value" : "Basic: transfer tests"
  }, {
    "name" : "parentSuite",
    "value" : "integration.tests.basic"
  }, {
    "name" : "suite",
    "value" : "test_transfers"
  }, {
    "name" : "subSuite",
    "value" : "TestTransfer"
  }, {
    "name" : "host",
    "value" : "fv-az453-564"
  }, {
    "name" : "thread",
    "value" : "1787-MainThread"
  }, {
    "name" : "framework",
    "value" : "pytest"
  }, {
    "name" : "language",
    "value" : "cpython3"
  }, {
    "name" : "package",
    "value" : "integration.tests.basic.test_transfers"
  }, {
    "name" : "resultFormat",
    "value" : "allure2"
  } ],
  "parameters" : [ {
    "name" : "amount",
    "value" : "100"
  } ],
  "links" : [ ],
  "hidden" : false,
  "retry" : false,
  "extra" : {
    "severity" : "normal",
    "retries" : [ ],
    "categories" : [ {
      "name" : "Product defects",
      "matchedStatuses" : [ ],
      "flaky" : false
    } ],
    "history" : {
      "statistic" : {
        "failed" : 5,
        "broken" : 1,
        "skipped" : 0,
        "passed" : 2,
        "unknown" : 0,
        "total" : 8
      },
      "items" : [ {
        "uid" : "fdad5229b9ed26d6",
        "reportUrl" : "https://apetrovskiy.github.io/neon-tests/release-stand/feature/254t/647//#testresult/fdad5229b9ed26d6",
        "status" : "broken",
        "statusDetails" : "AttributeError: 'JsonRpcRequester' object has no attribute 'get_proxy_url'",
        "time" : {
          "start" : 1647629303256,
          "stop" : 1647629303256,
          "duration" : 0
        }
      }, {
        "uid" : "1ae55c1c943171ba",
        "reportUrl" : "https://apetrovskiy.github.io/neon-tests/release-stand/feature/254t/644//#testresult/1ae55c1c943171ba",
        "status" : "failed",
        "statusDetails" : "Failed: DID NOT RAISE <class 'Exception'>",
        "time" : {
          "start" : 1647627424517,
          "stop" : 1647627426864,
          "duration" : 2347
        }
      }, {
        "uid" : "ba2edd4ac90d1dd7",
        "reportUrl" : "https://apetrovskiy.github.io/neon-tests/release-stand/feature/254t/641//#testresult/ba2edd4ac90d1dd7",
        "status" : "failed",
        "statusDetails" : "AssertionError",
        "time" : {
          "start" : 1647624116069,
          "stop" : 1647624116069,
          "duration" : 0
        }
      }, {
        "uid" : "4ec4c05d6918a5a1",
        "reportUrl" : "https://apetrovskiy.github.io/neon-tests/release-stand/feature/254t/635//#testresult/4ec4c05d6918a5a1",
        "status" : "failed",
        "statusDetails" : "AssertionError",
        "time" : {
          "start" : 1647623113989,
          "stop" : 1647623113989,
          "duration" : 0
        }
      }, {
        "uid" : "78d5bdf035678c",
        "reportUrl" : "https://apetrovskiy.github.io/neon-tests/release-stand/feature/254t/632//#testresult/78d5bdf035678c",
        "status" : "failed",
        "statusDetails" : "AssertionError",
        "time" : {
          "start" : 1647622865383,
          "stop" : 1647622865383,
          "duration" : 0
        }
      }, {
        "uid" : "ba7ab6e30abd903b",
        "reportUrl" : "https://apetrovskiy.github.io/neon-tests/release-stand/feature/254t/629//#testresult/ba7ab6e30abd903b",
        "status" : "passed",
        "time" : {
          "start" : 1647622833813,
          "stop" : 1647622834564,
          "duration" : 751
        }
      }, {
        "uid" : "e98df4866e2e6462",
        "reportUrl" : "https://apetrovskiy.github.io/neon-tests/release-stand/feature/254t/624//#testresult/e98df4866e2e6462",
        "status" : "passed",
        "time" : {
          "start" : 1647622199927,
          "stop" : 1647622200925,
          "duration" : 998
        }
      } ]
    },
    "tags" : [ ]
  },
  "source" : "da093394abf4036a.json",
  "parameterValues" : [ "100" ]
}