{
  "uid" : "43838df60bb21022",
  "name" : "test_verify_faucet_work_single_request",
  "fullName" : "integration.tests.basic.test_single_client_activity.TestSingleClient#test_verify_faucet_work_single_request",
  "historyId" : "0c6923aa24a07f4a0083bab00724acd1",
  "time" : {
    "start" : 1645094525585,
    "stop" : 1645094526293,
    "duration" : 708
  },
  "description" : "Verify faucet work (request drop for several accounts): single request",
  "descriptionHtml" : "<p>Verify faucet work (request drop for several accounts): single request</p>\n",
  "status" : "broken",
  "statusMessage" : "TypeError: compare_balance() missing 1 required positional argument: 'int'",
  "statusTrace" : "self = <integration.tests.basic.test_single_client_activity.TestSingleClient object at 0x7fda16f99790>\n\n    @allure.step(\n        \"test: verify faucet work (request drop for several accounts): single request\"\n    )\n    def test_verify_faucet_work_single_request(self):\n        '''Verify faucet work (request drop for several accounts): single request'''\n        for _ in range(10):\n            account = self.create_account()\n            self.request_faucet(account.address, FIRST_FAUCET_REQUEST_AMOUNT)\n>           self.assert_amount(account.address, FIRST_FAUCET_REQUEST_AMOUNT)\n\nintegration/tests/basic/test_single_client_activity.py:118: \n_ _ _ _ _ _ _ _ _ _ _ _ _ _ _ _ _ _ _ _ _ _ _ _ _ _ _ _ _ _ _ _ _ _ _ _ _ _ _ _ \n\nself = <integration.tests.basic.test_single_client_activity.TestSingleClient object at 0x7fda16f99790>\naddress = '0x1c128ac435F7bFcd6973716E0A71Fa888630F59a', amount = 5\n\n    @allure.step(\"checking balance\")\n    def assert_amount(self, address: str, amount: int):\n        balance = self.web3_client.fromWei(self.get_balance(address), \"ether\")\n>       self.compare_balance(amount, balance)\nE       TypeError: compare_balance() missing 1 required positional argument: 'int'\n\nintegration/tests/basic/helper_methods.py:37: TypeError",
  "flaky" : true,
  "newFailed" : false,
  "newBroken" : false,
  "newPassed" : false,
  "retriesCount" : 0,
  "retriesStatusChange" : false,
  "beforeStages" : [ {
    "name" : "web3_client",
    "time" : {
      "start" : 1645094523773,
      "stop" : 1645094523775,
      "duration" : 2
    },
    "status" : "passed",
    "steps" : [ ],
    "attachments" : [ ],
    "parameters" : [ ],
    "stepsCount" : 0,
    "attachmentsCount" : 0,
    "shouldDisplayMessage" : false,
    "hasContent" : false
  }, {
    "name" : "pytestconfig",
    "time" : {
      "start" : 1645094523773,
      "stop" : 1645094523773,
      "duration" : 0
    },
    "status" : "passed",
    "steps" : [ ],
    "attachments" : [ ],
    "parameters" : [ ],
    "stepsCount" : 0,
    "attachmentsCount" : 0,
    "shouldDisplayMessage" : false,
    "hasContent" : false
  }, {
    "name" : "allure_environment",
    "time" : {
      "start" : 1645094523775,
      "stop" : 1645094524435,
      "duration" : 660
    },
    "status" : "passed",
    "steps" : [ ],
    "attachments" : [ ],
    "parameters" : [ ],
    "stepsCount" : 0,
    "attachmentsCount" : 0,
    "shouldDisplayMessage" : false,
    "hasContent" : false
  }, {
    "name" : "faucet",
    "time" : {
      "start" : 1645094524436,
      "stop" : 1645094524436,
      "duration" : 0
    },
    "status" : "passed",
    "steps" : [ ],
    "attachments" : [ ],
    "parameters" : [ ],
    "stepsCount" : 0,
    "attachmentsCount" : 0,
    "shouldDisplayMessage" : false,
    "hasContent" : false
  }, {
    "name" : "operator",
    "time" : {
      "start" : 1645094524436,
      "stop" : 1645094524438,
      "duration" : 2
    },
    "status" : "passed",
    "steps" : [ ],
    "attachments" : [ ],
    "parameters" : [ ],
    "stepsCount" : 0,
    "attachmentsCount" : 0,
    "shouldDisplayMessage" : false,
    "hasContent" : false
  }, {
    "name" : "sol_client",
    "time" : {
      "start" : 1645094524439,
      "stop" : 1645094524439,
      "duration" : 0
    },
    "status" : "passed",
    "steps" : [ ],
    "attachments" : [ ],
    "parameters" : [ ],
    "stepsCount" : 0,
    "attachmentsCount" : 0,
    "shouldDisplayMessage" : false,
    "hasContent" : false
  }, {
    "name" : "prepare_account",
    "time" : {
      "start" : 1645094524439,
      "stop" : 1645094524439,
      "duration" : 0
    },
    "status" : "passed",
    "steps" : [ ],
    "attachments" : [ ],
    "parameters" : [ ],
    "stepsCount" : 0,
    "attachmentsCount" : 0,
    "shouldDisplayMessage" : false,
    "hasContent" : false
  }, {
    "name" : "prepare",
    "time" : {
      "start" : 1645094525584,
      "stop" : 1645094525584,
      "duration" : 0
    },
    "status" : "passed",
    "steps" : [ ],
    "attachments" : [ ],
    "parameters" : [ ],
    "stepsCount" : 0,
    "attachmentsCount" : 0,
    "shouldDisplayMessage" : false,
    "hasContent" : false
  }, {
    "name" : "prepare_account",
    "time" : {
      "start" : 1645094525584,
      "stop" : 1645094525584,
      "duration" : 0
    },
    "status" : "passed",
    "steps" : [ ],
    "attachments" : [ ],
    "parameters" : [ ],
    "stepsCount" : 0,
    "attachmentsCount" : 0,
    "shouldDisplayMessage" : false,
    "hasContent" : false
  } ],
  "testStage" : {
    "description" : "Verify faucet work (request drop for several accounts): single request",
    "status" : "broken",
    "statusMessage" : "TypeError: compare_balance() missing 1 required positional argument: 'int'",
    "statusTrace" : "self = <integration.tests.basic.test_single_client_activity.TestSingleClient object at 0x7fda16f99790>\n\n    @allure.step(\n        \"test: verify faucet work (request drop for several accounts): single request\"\n    )\n    def test_verify_faucet_work_single_request(self):\n        '''Verify faucet work (request drop for several accounts): single request'''\n        for _ in range(10):\n            account = self.create_account()\n            self.request_faucet(account.address, FIRST_FAUCET_REQUEST_AMOUNT)\n>           self.assert_amount(account.address, FIRST_FAUCET_REQUEST_AMOUNT)\n\nintegration/tests/basic/test_single_client_activity.py:118: \n_ _ _ _ _ _ _ _ _ _ _ _ _ _ _ _ _ _ _ _ _ _ _ _ _ _ _ _ _ _ _ _ _ _ _ _ _ _ _ _ \n\nself = <integration.tests.basic.test_single_client_activity.TestSingleClient object at 0x7fda16f99790>\naddress = '0x1c128ac435F7bFcd6973716E0A71Fa888630F59a', amount = 5\n\n    @allure.step(\"checking balance\")\n    def assert_amount(self, address: str, amount: int):\n        balance = self.web3_client.fromWei(self.get_balance(address), \"ether\")\n>       self.compare_balance(amount, balance)\nE       TypeError: compare_balance() missing 1 required positional argument: 'int'\n\nintegration/tests/basic/helper_methods.py:37: TypeError",
    "steps" : [ {
      "name" : "test: verify faucet work (request drop for several accounts): single request",
      "time" : {
        "start" : 1645094525585,
        "stop" : 1645094526293,
        "duration" : 708
      },
      "status" : "broken",
      "statusMessage" : "TypeError: compare_balance() missing 1 required positional argument: 'int'\n",
      "statusTrace" : "  File \"/opt/hostedtoolcache/Python/3.9.10/x64/lib/python3.9/site-packages/allure_commons/_allure.py\", line 172, in impl\n    return func(*a, **kw)\n  File \"/home/runner/work/neon-tests/neon-tests/integration/tests/basic/test_single_client_activity.py\", line 118, in test_verify_faucet_work_single_request\n    self.assert_amount(account.address, FIRST_FAUCET_REQUEST_AMOUNT)\n  File \"/opt/hostedtoolcache/Python/3.9.10/x64/lib/python3.9/site-packages/allure_commons/_allure.py\", line 172, in impl\n    return func(*a, **kw)\n  File \"/home/runner/work/neon-tests/neon-tests/integration/tests/basic/helper_methods.py\", line 37, in assert_amount\n    self.compare_balance(amount, balance)\n  File \"/opt/hostedtoolcache/Python/3.9.10/x64/lib/python3.9/site-packages/allure_commons/_allure.py\", line 172, in impl\n    return func(*a, **kw)\n",
      "steps" : [ {
        "name" : "creating a new account",
        "time" : {
          "start" : 1645094525585,
          "stop" : 1645094525590,
          "duration" : 5
        },
        "status" : "passed",
        "steps" : [ ],
        "attachments" : [ ],
        "parameters" : [ ],
        "stepsCount" : 0,
        "attachmentsCount" : 0,
        "shouldDisplayMessage" : false,
        "hasContent" : false
      }, {
        "name" : "requesting faucet",
        "time" : {
          "start" : 1645094525590,
          "stop" : 1645094526190,
          "duration" : 600
        },
        "status" : "passed",
        "steps" : [ ],
        "attachments" : [ ],
        "parameters" : [ {
          "name" : "wallet",
          "value" : "'0x1c128ac435F7bFcd6973716E0A71Fa888630F59a'"
        }, {
          "name" : "amount",
          "value" : "5"
        } ],
        "stepsCount" : 0,
        "attachmentsCount" : 0,
        "shouldDisplayMessage" : false,
        "hasContent" : true
      }, {
        "name" : "checking balance",
        "time" : {
          "start" : 1645094526190,
          "stop" : 1645094526292,
          "duration" : 102
        },
        "status" : "broken",
        "statusMessage" : "TypeError: compare_balance() missing 1 required positional argument: 'int'\n",
        "statusTrace" : "  File \"/opt/hostedtoolcache/Python/3.9.10/x64/lib/python3.9/site-packages/allure_commons/_allure.py\", line 172, in impl\n    return func(*a, **kw)\n  File \"/home/runner/work/neon-tests/neon-tests/integration/tests/basic/helper_methods.py\", line 37, in assert_amount\n    self.compare_balance(amount, balance)\n  File \"/opt/hostedtoolcache/Python/3.9.10/x64/lib/python3.9/site-packages/allure_commons/_allure.py\", line 172, in impl\n    return func(*a, **kw)\n",
        "steps" : [ {
          "name" : "getting balance of account",
          "time" : {
            "start" : 1645094526190,
            "stop" : 1645094526292,
            "duration" : 102
          },
          "status" : "passed",
          "steps" : [ ],
          "attachments" : [ ],
          "parameters" : [ {
            "name" : "address",
            "value" : "'0x1c128ac435F7bFcd6973716E0A71Fa888630F59a'"
          } ],
          "stepsCount" : 0,
          "attachmentsCount" : 0,
          "shouldDisplayMessage" : false,
          "hasContent" : true
        }, {
          "name" : "comparing expected and actual balance",
          "time" : {
            "start" : 1645094526292,
            "stop" : 1645094526292,
            "duration" : 0
          },
          "status" : "broken",
          "statusMessage" : "TypeError: compare_balance() missing 1 required positional argument: 'int'\n",
          "statusTrace" : "  File \"/opt/hostedtoolcache/Python/3.9.10/x64/lib/python3.9/site-packages/allure_commons/_allure.py\", line 172, in impl\n    return func(*a, **kw)\n",
          "steps" : [ ],
          "attachments" : [ ],
          "parameters" : [ {
            "name" : "expected",
            "value" : "5"
          }, {
            "name" : "actual",
            "value" : "Decimal('5')"
          } ],
          "stepsCount" : 0,
          "attachmentsCount" : 0,
          "shouldDisplayMessage" : true,
          "hasContent" : true
        } ],
        "attachments" : [ ],
        "parameters" : [ {
          "name" : "address",
          "value" : "'0x1c128ac435F7bFcd6973716E0A71Fa888630F59a'"
        }, {
          "name" : "amount",
          "value" : "5"
        } ],
        "stepsCount" : 2,
        "attachmentsCount" : 0,
        "shouldDisplayMessage" : false,
        "hasContent" : true
      } ],
      "attachments" : [ ],
      "parameters" : [ ],
      "stepsCount" : 5,
      "attachmentsCount" : 0,
      "shouldDisplayMessage" : false,
      "hasContent" : true
    } ],
    "attachments" : [ ],
    "parameters" : [ ],
    "stepsCount" : 6,
    "attachmentsCount" : 0,
    "shouldDisplayMessage" : true,
    "hasContent" : true
  },
  "afterStages" : [ {
    "name" : "allure_environment::0",
    "time" : {
      "start" : 1645094527628,
      "stop" : 1645094527628,
      "duration" : 0
    },
    "status" : "passed",
    "steps" : [ ],
    "attachments" : [ ],
    "parameters" : [ ],
    "stepsCount" : 0,
    "attachmentsCount" : 0,
    "shouldDisplayMessage" : false,
    "hasContent" : false
  } ],
  "labels" : [ {
    "name" : "story",
    "value" : "Basic: single user tests"
  }, {
    "name" : "parentSuite",
    "value" : "integration.tests.basic"
  }, {
    "name" : "suite",
    "value" : "test_single_client_activity"
  }, {
    "name" : "subSuite",
    "value" : "TestSingleClient"
  }, {
    "name" : "host",
    "value" : "fv-az193-499"
  }, {
    "name" : "thread",
    "value" : "1868-MainThread"
  }, {
    "name" : "framework",
    "value" : "pytest"
  }, {
    "name" : "language",
    "value" : "cpython3"
  }, {
    "name" : "package",
    "value" : "integration.tests.basic.test_single_client_activity"
  }, {
    "name" : "resultFormat",
    "value" : "allure2"
  } ],
  "parameters" : [ ],
  "links" : [ ],
  "hidden" : false,
  "retry" : false,
  "extra" : {
    "severity" : "normal",
    "retries" : [ ],
    "categories" : [ {
      "name" : "Test defects",
      "matchedStatuses" : [ ],
      "flaky" : false
    } ],
    "history" : {
      "statistic" : {
        "failed" : 4,
        "broken" : 4,
        "skipped" : 0,
        "passed" : 1,
        "unknown" : 0,
        "total" : 9
      },
      "items" : [ {
        "uid" : "54a45e3b1c213423",
        "reportUrl" : "https://apetrovskiy.github.io/neon-tests/feature/254-Basic-integration-tests-for-transactions-and-accounts/57//#testresult/54a45e3b1c213423",
        "status" : "broken",
        "statusDetails" : "TypeError: compare_balance() missing 1 required positional argument: 'int'",
        "time" : {
          "start" : 1645094070446,
          "stop" : 1645094071281,
          "duration" : 835
        }
      }, {
        "uid" : "7e71549e1184ffef",
        "reportUrl" : "https://apetrovskiy.github.io/neon-tests/feature/254-Basic-integration-tests-for-transactions-and-accounts/56//#testresult/7e71549e1184ffef",
        "status" : "passed",
        "time" : {
          "start" : 1645092916280,
          "stop" : 1645092924679,
          "duration" : 8399
        }
      }, {
        "uid" : "be86de7958554be5",
        "reportUrl" : "https://apetrovskiy.github.io/neon-tests/feature/254-Basic-integration-tests-for-transactions-and-accounts/55//#testresult/be86de7958554be5",
        "status" : "failed",
        "statusDetails" : "AssertionError: expected balance = 5, actual balance = 5000000000000000000",
        "time" : {
          "start" : 1645091638365,
          "stop" : 1645091639204,
          "duration" : 839
        }
      }, {
        "uid" : "7c9b73db3ed0572a",
        "reportUrl" : "https://apetrovskiy.github.io/neon-tests/feature/254-Basic-integration-tests-for-transactions-and-accounts/54//#testresult/7c9b73db3ed0572a",
        "status" : "failed",
        "statusDetails" : "AssertionError",
        "time" : {
          "start" : 1645091510685,
          "stop" : 1645091511386,
          "duration" : 701
        }
      }, {
        "uid" : "c9a233bf3ae2df5e",
        "reportUrl" : "https://apetrovskiy.github.io/neon-tests/feature/254-Basic-integration-tests-for-transactions-and-accounts/53//#testresult/c9a233bf3ae2df5e",
        "status" : "failed",
        "statusDetails" : "AssertionError",
        "time" : {
          "start" : 1645090801376,
          "stop" : 1645090802141,
          "duration" : 765
        }
      }, {
        "uid" : "9227b83a0a65f6d0",
        "reportUrl" : "https://apetrovskiy.github.io/neon-tests/feature/254-Basic-integration-tests-for-transactions-and-accounts/52//#testresult/9227b83a0a65f6d0",
        "status" : "broken",
        "statusDetails" : "NameError: name 'FIRST_FAUCET_REQUEST_AMOUNT' is not defined",
        "time" : {
          "start" : 1645090188443,
          "stop" : 1645090188447,
          "duration" : 4
        }
      }, {
        "uid" : "fcd69c67b849368",
        "reportUrl" : "https://apetrovskiy.github.io/neon-tests/feature/254-Basic-integration-tests-for-transactions-and-accounts/51//#testresult/fcd69c67b849368",
        "status" : "broken",
        "statusDetails" : "NameError: name 'FIRST_FAUCET_REQUEST_AMOUNT' is not defined",
        "time" : {
          "start" : 1645090012184,
          "stop" : 1645090012189,
          "duration" : 5
        }
      }, {
        "uid" : "233adbd8186c8ca9",
        "reportUrl" : "https://apetrovskiy.github.io/neon-tests/feature/254-Basic-integration-tests-for-transactions-and-accounts/50//#testresult/233adbd8186c8ca9",
        "status" : "failed",
        "statusDetails" : "AssertionError",
        "time" : {
          "start" : 1645089339186,
          "stop" : 1645089340019,
          "duration" : 833
        }
      } ]
    },
    "tags" : [ ]
  },
  "source" : "43838df60bb21022.json",
  "parameterValues" : [ ]
}