{
  "uid" : "4b4757e66a1912dae1a509f688f20b0f",
  "children" : [ {
    "name" : "Product defects",
    "children" : [ {
      "name" : "AssertionError: <AssertMessage.CONTAINS_ERROR: 'Contains the error data'>\nassert False\n +  where False = <bound method BasicTests.assert_no_error_object of <integration.tests.basic.test_rpc_calls.TestRpcCalls object at 0x7f6ad0184eb0>>(JsonRpcErrorResponse(id=98, error={'code': -32000, 'message': 'Missing data'}, jsonrpc='2.0'))\n +    where <bound method BasicTests.assert_no_error_object of <integration.tests.basic.test_rpc_calls.TestRpcCalls object at 0x7f6ad0184eb0>> = <integration.tests.basic.test_rpc_calls.TestRpcCalls object at 0x7f6ad0184eb0>.assert_no_error_object",
      "children" : [ {
        "name" : "test_rpc_call_eth_call",
        "uid" : "84e06844fe436bbb",
        "parentUid" : "c2cff1a024bb20db2dfb24b05cef8789",
        "status" : "failed",
        "time" : {
          "start" : 1647016918357,
          "stop" : 1647016920855,
          "duration" : 2498
        },
        "flaky" : false,
        "newFailed" : false,
        "newPassed" : false,
        "newBroken" : false,
        "retriesCount" : 0,
        "retriesStatusChange" : false,
        "parameters" : [ ]
      } ],
      "uid" : "c2cff1a024bb20db2dfb24b05cef8789"
    }, {
      "name" : "AssertionError: <AssertMessage.CONTAINS_ERROR: 'Contains the error data'>\nassert False\n +  where False = <bound method BasicTests.assert_no_error_object of <integration.tests.basic.test_rpc_calls.TestRpcCalls object at 0x7f6ad0489df0>>(JsonRpcErrorResponse(id=21, error={'code': -32000, 'message': \"'NoneType' object is not subscriptable\"}, jsonrpc='2.0'))\n +    where <bound method BasicTests.assert_no_error_object of <integration.tests.basic.test_rpc_calls.TestRpcCalls object at 0x7f6ad0489df0>> = <integration.tests.basic.test_rpc_calls.TestRpcCalls object at 0x7f6ad0489df0>.assert_no_error_object",
      "children" : [ {
        "name" : "test_rpc_call_eth_estimateGas",
        "uid" : "1567f91be71aa9cf",
        "parentUid" : "c0a5038e37646582120c6d37fa037ed8",
        "status" : "failed",
        "time" : {
          "start" : 1647016920933,
          "stop" : 1647016922248,
          "duration" : 1315
        },
        "flaky" : false,
        "newFailed" : false,
        "newPassed" : false,
        "newBroken" : false,
        "retriesCount" : 0,
        "retriesStatusChange" : false,
        "parameters" : [ ]
      } ],
      "uid" : "c0a5038e37646582120c6d37fa037ed8"
    } ],
    "uid" : "8fb3a91ba5aaf9de24cc8a92edc82b5d"
  }, {
    "name" : "Test defects",
    "children" : [ {
      "name" : "TypeError: process_transaction() missing 1 required positional argument: 'amount'",
      "children" : [ {
        "name" : "test_zero_neon",
        "uid" : "af31414cc8da1e91",
        "parentUid" : "d75b11e075882209d6fb7416810a3205",
        "status" : "broken",
        "time" : {
          "start" : 1647017076337,
          "stop" : 1647017076338,
          "duration" : 1
        },
        "flaky" : false,
        "newFailed" : false,
        "newPassed" : false,
        "newBroken" : false,
        "retriesCount" : 0,
        "retriesStatusChange" : false,
        "parameters" : [ ]
      } ],
      "uid" : "d75b11e075882209d6fb7416810a3205"
    } ],
    "uid" : "bdbf199525818fae7a8651db9eafe741"
  } ],
  "name" : "categories"
}