{
  "uid" : "2fb115b1743eaf07",
  "name" : "test_send_more_than_exist_on_account_erc20",
  "fullName" : "integration.tests.basic.test_transfers.TestTransfer#test_send_more_than_exist_on_account_erc20",
  "historyId" : "31a962a87363285a08920ecfb25de661",
  "time" : {
    "start" : 1650615931054,
    "stop" : 1650615931054,
    "duration" : 0
  },
  "description" : "Send more than exist on account: ERC20",
  "descriptionHtml" : "<p>Send more than exist on account: ERC20</p>\n",
  "status" : "skipped",
  "statusMessage" : "Skipped: ERC20 is in progress",
  "statusTrace" : "('/home/runner/work/neon-tests/neon-tests/integration/tests/basic/test_transfers.py', 105, 'Skipped: ERC20 is in progress')",
  "flaky" : false,
  "newFailed" : false,
  "newBroken" : false,
  "newPassed" : false,
  "retriesCount" : 0,
  "retriesStatusChange" : false,
  "beforeStages" : [ {
    "name" : "pytestconfig",
    "time" : {
      "start" : 1650615748022,
      "stop" : 1650615748023,
      "duration" : 1
    },
    "status" : "passed",
    "steps" : [ ],
    "attachments" : [ ],
    "parameters" : [ ],
    "stepsCount" : 0,
    "attachmentsCount" : 0,
    "shouldDisplayMessage" : false,
    "hasContent" : false
  }, {
    "name" : "web3_client",
    "time" : {
      "start" : 1650615748023,
      "stop" : 1650615748024,
      "duration" : 1
    },
    "status" : "passed",
    "steps" : [ ],
    "attachments" : [ ],
    "parameters" : [ ],
    "stepsCount" : 0,
    "attachmentsCount" : 0,
    "shouldDisplayMessage" : false,
    "hasContent" : false
  }, {
    "name" : "allure_environment",
    "time" : {
      "start" : 1650615748025,
      "stop" : 1650615749152,
      "duration" : 1127
    },
    "status" : "passed",
    "steps" : [ ],
    "attachments" : [ ],
    "parameters" : [ ],
    "stepsCount" : 0,
    "attachmentsCount" : 0,
    "shouldDisplayMessage" : false,
    "hasContent" : false
  }, {
    "name" : "operator",
    "time" : {
      "start" : 1650615749153,
      "stop" : 1650615749154,
      "duration" : 1
    },
    "status" : "passed",
    "steps" : [ ],
    "attachments" : [ ],
    "parameters" : [ ],
    "stepsCount" : 0,
    "attachmentsCount" : 0,
    "shouldDisplayMessage" : false,
    "hasContent" : false
  }, {
    "name" : "faucet",
    "time" : {
      "start" : 1650615749153,
      "stop" : 1650615749153,
      "duration" : 0
    },
    "status" : "passed",
    "steps" : [ ],
    "attachments" : [ ],
    "parameters" : [ ],
    "stepsCount" : 0,
    "attachmentsCount" : 0,
    "shouldDisplayMessage" : false,
    "hasContent" : false
  }, {
    "name" : "json_rpc_client",
    "time" : {
      "start" : 1650615749153,
      "stop" : 1650615749153,
      "duration" : 0
    },
    "status" : "passed",
    "steps" : [ ],
    "attachments" : [ ],
    "parameters" : [ ],
    "stepsCount" : 0,
    "attachmentsCount" : 0,
    "shouldDisplayMessage" : false,
    "hasContent" : false
  }, {
    "name" : "sol_client",
    "time" : {
      "start" : 1650615749154,
      "stop" : 1650615749154,
      "duration" : 0
    },
    "status" : "passed",
    "steps" : [ ],
    "attachments" : [ ],
    "parameters" : [ ],
    "stepsCount" : 0,
    "attachmentsCount" : 0,
    "shouldDisplayMessage" : false,
    "hasContent" : false
  }, {
    "name" : "prepare_account",
    "time" : {
      "start" : 1650615870825,
      "stop" : 1650615930993,
      "duration" : 60168
    },
    "status" : "failed",
    "statusMessage" : "AssertionError\n",
    "statusTrace" : "  File \"/opt/hostedtoolcache/Python/3.9.12/x64/lib/python3.9/site-packages/pluggy/_callers.py\", line 39, in _multicall\n    res = hook_impl.function(*args)\n  File \"/opt/hostedtoolcache/Python/3.9.12/x64/lib/python3.9/site-packages/_pytest/fixtures.py\", line 1126, in pytest_fixture_setup\n    result = call_fixture_func(fixturefunc, request, kwargs)\n  File \"/opt/hostedtoolcache/Python/3.9.12/x64/lib/python3.9/site-packages/_pytest/fixtures.py\", line 925, in call_fixture_func\n    fixture_result = next(generator)\n  File \"/home/runner/work/neon-tests/neon-tests/integration/tests/conftest.py\", line 113, in prepare_account\n    faucet.request_neon(acc.address, 1000)\n  File \"/home/runner/work/neon-tests/neon-tests/utils/faucet.py\", line 16, in request_neon\n    assert resp.status_code == 200\n",
    "steps" : [ {
      "name" : "Create account for tests",
      "time" : {
        "start" : 1650615870825,
        "stop" : 1650615870830,
        "duration" : 5
      },
      "status" : "passed",
      "steps" : [ ],
      "attachments" : [ ],
      "parameters" : [ ],
      "stepsCount" : 0,
      "attachmentsCount" : 0,
      "shouldDisplayMessage" : false,
      "hasContent" : false
    }, {
      "name" : "Request 1000 NEON from faucet for 0x42AB16C1972d1734F45216EA8Fe981743dAC4b19",
      "time" : {
        "start" : 1650615870830,
        "stop" : 1650615930993,
        "duration" : 60163
      },
      "status" : "failed",
      "statusMessage" : "AssertionError\n",
      "statusTrace" : "  File \"/home/runner/work/neon-tests/neon-tests/integration/tests/conftest.py\", line 113, in prepare_account\n    faucet.request_neon(acc.address, 1000)\n  File \"/home/runner/work/neon-tests/neon-tests/utils/faucet.py\", line 16, in request_neon\n    assert resp.status_code == 200\n",
      "steps" : [ ],
      "attachments" : [ ],
      "parameters" : [ ],
      "stepsCount" : 0,
      "attachmentsCount" : 0,
      "shouldDisplayMessage" : true,
      "hasContent" : true
    } ],
    "attachments" : [ ],
    "parameters" : [ ],
    "stepsCount" : 2,
    "attachmentsCount" : 0,
    "shouldDisplayMessage" : false,
    "hasContent" : true
  }, {
    "name" : "prepare",
    "time" : {
      "start" : 1650615931056,
      "stop" : 1650615931056,
      "duration" : 0
    },
    "status" : "passed",
    "steps" : [ ],
    "attachments" : [ ],
    "parameters" : [ ],
    "stepsCount" : 0,
    "attachmentsCount" : 0,
    "shouldDisplayMessage" : false,
    "hasContent" : false
  } ],
  "afterStages" : [ {
    "name" : "allure_environment::0",
    "time" : {
      "start" : 1650615931122,
      "stop" : 1650615931122,
      "duration" : 0
    },
    "status" : "passed",
    "steps" : [ ],
    "attachments" : [ ],
    "parameters" : [ ],
    "stepsCount" : 0,
    "attachmentsCount" : 0,
    "shouldDisplayMessage" : false,
    "hasContent" : false
  } ],
  "labels" : [ {
    "name" : "story",
    "value" : "Basic: transfer tests"
  }, {
    "name" : "tag",
    "value" : "@pytest.mark.skip('ERC20 is in progress')"
  }, {
    "name" : "parentSuite",
    "value" : "integration.tests.basic"
  }, {
    "name" : "suite",
    "value" : "test_transfers"
  }, {
    "name" : "subSuite",
    "value" : "TestTransfer"
  }, {
    "name" : "host",
    "value" : "fv-az453-991"
  }, {
    "name" : "thread",
    "value" : "1829-MainThread"
  }, {
    "name" : "framework",
    "value" : "pytest"
  }, {
    "name" : "language",
    "value" : "cpython3"
  }, {
    "name" : "package",
    "value" : "integration.tests.basic.test_transfers"
  }, {
    "name" : "resultFormat",
    "value" : "allure2"
  } ],
  "parameters" : [ ],
  "links" : [ ],
  "hidden" : false,
  "retry" : false,
  "extra" : {
    "severity" : "normal",
    "retries" : [ ],
    "categories" : [ ],
    "history" : {
      "statistic" : {
        "failed" : 0,
        "broken" : 0,
        "skipped" : 6,
        "passed" : 0,
        "unknown" : 0,
        "total" : 6
      },
      "items" : [ {
        "uid" : "702748d75cb61c63",
        "reportUrl" : "https://apetrovskiy.github.io/neon-tests/release-stand/feature/25-add-cases-for-basic-operations/938//#testresult/702748d75cb61c63",
        "status" : "skipped",
        "statusDetails" : "Skipped: ERC20 is in progress",
        "time" : {
          "start" : 1650480188529,
          "stop" : 1650480188529,
          "duration" : 0
        }
      }, {
        "uid" : "8292cf9a389d7cdd",
        "reportUrl" : "https://apetrovskiy.github.io/neon-tests/release-stand/feature/25-add-cases-for-basic-operations/928//#testresult/8292cf9a389d7cdd",
        "status" : "skipped",
        "statusDetails" : "Skipped: ERC20 is in progress",
        "time" : {
          "start" : 1650271024078,
          "stop" : 1650271024078,
          "duration" : 0
        }
      }, {
        "uid" : "f4e873249f9acb81",
        "reportUrl" : "https://apetrovskiy.github.io/neon-tests/release-stand/feature/25-add-cases-for-basic-operations/916//#testresult/f4e873249f9acb81",
        "status" : "skipped",
        "statusDetails" : "Skipped: ERC20 is in progress",
        "time" : {
          "start" : 1650135734604,
          "stop" : 1650135734604,
          "duration" : 0
        }
      }, {
        "uid" : "e2b68d1e567edf50",
        "reportUrl" : "https://apetrovskiy.github.io/neon-tests/release-stand/feature/25-add-cases-for-basic-operations/914//#testresult/e2b68d1e567edf50",
        "status" : "skipped",
        "statusDetails" : "Skipped: ERC20 is in progress",
        "time" : {
          "start" : 1650135366128,
          "stop" : 1650135366128,
          "duration" : 0
        }
      }, {
        "uid" : "c614b2624828ffb8",
        "reportUrl" : "https://apetrovskiy.github.io/neon-tests/release-stand/feature/25-add-cases-for-basic-operations/912//#testresult/c614b2624828ffb8",
        "status" : "skipped",
        "statusDetails" : "Skipped: ERC20 is in progress",
        "time" : {
          "start" : 1650135322494,
          "stop" : 1650135322494,
          "duration" : 0
        }
      } ]
    },
    "tags" : [ "@pytest.mark.skip('ERC20 is in progress')" ]
  },
  "source" : "2fb115b1743eaf07.json",
  "parameterValues" : [ ]
}