{
  "uid" : "68aad6c83c94bc72",
  "name" : "test_check_unsupported_methods[eth_compileLLL]",
  "fullName" : "integration.tests.basic.test_rpc_calls.TestRpcCalls#test_check_unsupported_methods",
  "historyId" : "8dab86c501a9c7bedd286e6a3e8e8a14",
  "time" : {
    "start" : 1650631143156,
    "stop" : 1650631143156,
    "duration" : 0
  },
  "description" : "Check that endpoint was not implemented",
  "descriptionHtml" : "<p>Check that endpoint was not implemented</p>\n",
  "status" : "failed",
  "statusMessage" : "AssertionError",
  "statusTrace" : "operator = <utils.operator.Operator object at 0x7f391d2499d0>\nfaucet = <utils.faucet.Faucet object at 0x7f391d228100>\nweb3_client = <utils.web3client.NeonWeb3Client object at 0x7f391d22e910>\n\n    @pytest.fixture(scope=\"class\")\n    def prepare_account(operator, faucet, web3_client: NeonWeb3Client):\n        \"\"\"Create new account for tests and save operator pre/post balances\"\"\"\n        with allure.step(\"Create account for tests\"):\n            acc = web3_client.eth.account.create()\n        with allure.step(f\"Request 1000 NEON from faucet for {acc.address}\"):\n>           faucet.request_neon(acc.address, 1000)\n\nintegration/tests/conftest.py:113: \n_ _ _ _ _ _ _ _ _ _ _ _ _ _ _ _ _ _ _ _ _ _ _ _ _ _ _ _ _ _ _ _ _ _ _ _ _ _ _ _ \n\nself = <utils.faucet.Faucet object at 0x7f391d228100>\naddress = '0xE3bCc9201BF2834132904b9cC25eE2630bB02731', amount = 1000\n\n    def request_neon(self, address: str, amount: int = 100):\n        assert address.startswith(\"0x\")\n        url = urllib.parse.urljoin(self._url, \"request_neon\")\n        resp = self._session.post(url, json={\"amount\": amount, \"wallet\": address})\n>       assert resp.status_code == 200\nE       AssertionError\n\nutils/faucet.py:16: AssertionError",
  "flaky" : false,
  "newFailed" : false,
  "newBroken" : false,
  "newPassed" : false,
  "retriesCount" : 0,
  "retriesStatusChange" : false,
  "beforeStages" : [ {
    "name" : "pytestconfig",
    "time" : {
      "start" : 1650631081298,
      "stop" : 1650631081298,
      "duration" : 0
    },
    "status" : "passed",
    "steps" : [ ],
    "attachments" : [ ],
    "parameters" : [ ],
    "stepsCount" : 0,
    "attachmentsCount" : 0,
    "shouldDisplayMessage" : false,
    "hasContent" : false
  }, {
    "name" : "web3_client",
    "time" : {
      "start" : 1650631081298,
      "stop" : 1650631081299,
      "duration" : 1
    },
    "status" : "passed",
    "steps" : [ ],
    "attachments" : [ ],
    "parameters" : [ ],
    "stepsCount" : 0,
    "attachmentsCount" : 0,
    "shouldDisplayMessage" : false,
    "hasContent" : false
  }, {
    "name" : "allure_environment",
    "time" : {
      "start" : 1650631081299,
      "stop" : 1650631082271,
      "duration" : 972
    },
    "status" : "passed",
    "steps" : [ ],
    "attachments" : [ ],
    "parameters" : [ ],
    "stepsCount" : 0,
    "attachmentsCount" : 0,
    "shouldDisplayMessage" : false,
    "hasContent" : false
  }, {
    "name" : "faucet",
    "time" : {
      "start" : 1650631082271,
      "stop" : 1650631082271,
      "duration" : 0
    },
    "status" : "passed",
    "steps" : [ ],
    "attachments" : [ ],
    "parameters" : [ ],
    "stepsCount" : 0,
    "attachmentsCount" : 0,
    "shouldDisplayMessage" : false,
    "hasContent" : false
  }, {
    "name" : "prepare_account",
    "time" : {
      "start" : 1650631082272,
      "stop" : 1650631142597,
      "duration" : 60325
    },
    "status" : "failed",
    "statusMessage" : "AssertionError\n",
    "statusTrace" : "  File \"/opt/hostedtoolcache/Python/3.9.12/x64/lib/python3.9/site-packages/pluggy/_callers.py\", line 39, in _multicall\n    res = hook_impl.function(*args)\n  File \"/opt/hostedtoolcache/Python/3.9.12/x64/lib/python3.9/site-packages/_pytest/fixtures.py\", line 1126, in pytest_fixture_setup\n    result = call_fixture_func(fixturefunc, request, kwargs)\n  File \"/opt/hostedtoolcache/Python/3.9.12/x64/lib/python3.9/site-packages/_pytest/fixtures.py\", line 925, in call_fixture_func\n    fixture_result = next(generator)\n  File \"/home/runner/work/neon-tests/neon-tests/integration/tests/conftest.py\", line 113, in prepare_account\n    faucet.request_neon(acc.address, 1000)\n  File \"/home/runner/work/neon-tests/neon-tests/utils/faucet.py\", line 16, in request_neon\n    assert resp.status_code == 200\n",
    "steps" : [ {
      "name" : "Create account for tests",
      "time" : {
        "start" : 1650631082272,
        "stop" : 1650631082283,
        "duration" : 11
      },
      "status" : "passed",
      "steps" : [ ],
      "attachments" : [ ],
      "parameters" : [ ],
      "stepsCount" : 0,
      "attachmentsCount" : 0,
      "shouldDisplayMessage" : false,
      "hasContent" : false
    }, {
      "name" : "Request 1000 NEON from faucet for 0xE3bCc9201BF2834132904b9cC25eE2630bB02731",
      "time" : {
        "start" : 1650631082283,
        "stop" : 1650631142596,
        "duration" : 60313
      },
      "status" : "failed",
      "statusMessage" : "AssertionError\n",
      "statusTrace" : "  File \"/home/runner/work/neon-tests/neon-tests/integration/tests/conftest.py\", line 113, in prepare_account\n    faucet.request_neon(acc.address, 1000)\n  File \"/home/runner/work/neon-tests/neon-tests/utils/faucet.py\", line 16, in request_neon\n    assert resp.status_code == 200\n",
      "steps" : [ ],
      "attachments" : [ ],
      "parameters" : [ ],
      "stepsCount" : 0,
      "attachmentsCount" : 0,
      "shouldDisplayMessage" : true,
      "hasContent" : true
    } ],
    "attachments" : [ ],
    "parameters" : [ ],
    "stepsCount" : 2,
    "attachmentsCount" : 0,
    "shouldDisplayMessage" : false,
    "hasContent" : true
  }, {
    "name" : "operator",
    "time" : {
      "start" : 1650631082272,
      "stop" : 1650631082272,
      "duration" : 0
    },
    "status" : "passed",
    "steps" : [ ],
    "attachments" : [ ],
    "parameters" : [ ],
    "stepsCount" : 0,
    "attachmentsCount" : 0,
    "shouldDisplayMessage" : false,
    "hasContent" : false
  }, {
    "name" : "sol_client",
    "time" : {
      "start" : 1650631082272,
      "stop" : 1650631082272,
      "duration" : 0
    },
    "status" : "passed",
    "steps" : [ ],
    "attachments" : [ ],
    "parameters" : [ ],
    "stepsCount" : 0,
    "attachmentsCount" : 0,
    "shouldDisplayMessage" : false,
    "hasContent" : false
  }, {
    "name" : "json_rpc_client",
    "time" : {
      "start" : 1650631082272,
      "stop" : 1650631082272,
      "duration" : 0
    },
    "status" : "passed",
    "steps" : [ ],
    "attachments" : [ ],
    "parameters" : [ ],
    "stepsCount" : 0,
    "attachmentsCount" : 0,
    "shouldDisplayMessage" : false,
    "hasContent" : false
  }, {
    "name" : "prepare",
    "time" : {
      "start" : 1650631143156,
      "stop" : 1650631143156,
      "duration" : 0
    },
    "status" : "passed",
    "steps" : [ ],
    "attachments" : [ ],
    "parameters" : [ ],
    "stepsCount" : 0,
    "attachmentsCount" : 0,
    "shouldDisplayMessage" : false,
    "hasContent" : false
  } ],
  "afterStages" : [ {
    "name" : "allure_environment::0",
    "time" : {
      "start" : 1650631324079,
      "stop" : 1650631324079,
      "duration" : 0
    },
    "status" : "passed",
    "steps" : [ ],
    "attachments" : [ ],
    "parameters" : [ ],
    "stepsCount" : 0,
    "attachmentsCount" : 0,
    "shouldDisplayMessage" : false,
    "hasContent" : false
  } ],
  "labels" : [ {
    "name" : "story",
    "value" : "Basic: Json-RPC call tests"
  }, {
    "name" : "parentSuite",
    "value" : "integration.tests.basic"
  }, {
    "name" : "suite",
    "value" : "test_rpc_calls"
  }, {
    "name" : "subSuite",
    "value" : "TestRpcCalls"
  }, {
    "name" : "host",
    "value" : "fv-az129-570"
  }, {
    "name" : "thread",
    "value" : "1834-MainThread"
  }, {
    "name" : "framework",
    "value" : "pytest"
  }, {
    "name" : "language",
    "value" : "cpython3"
  }, {
    "name" : "package",
    "value" : "integration.tests.basic.test_rpc_calls"
  }, {
    "name" : "resultFormat",
    "value" : "allure2"
  } ],
  "parameters" : [ {
    "name" : "method",
    "value" : "'eth_compileLLL'"
  } ],
  "links" : [ ],
  "hidden" : false,
  "retry" : false,
  "extra" : {
    "severity" : "normal",
    "retries" : [ ],
    "categories" : [ {
      "name" : "Product defects",
      "matchedStatuses" : [ ],
      "flaky" : false
    } ],
    "history" : {
      "statistic" : {
        "failed" : 2,
        "broken" : 0,
        "skipped" : 0,
        "passed" : 0,
        "unknown" : 0,
        "total" : 2
      },
      "items" : [ {
        "uid" : "4c4688b0de57112b",
        "reportUrl" : "https://apetrovskiy.github.io/neon-tests/release-stand/feature/25-add-cases-for-basic-operations/964//#testresult/4c4688b0de57112b",
        "status" : "failed",
        "statusDetails" : "AssertionError",
        "time" : {
          "start" : 1650623738216,
          "stop" : 1650623738216,
          "duration" : 0
        }
      } ]
    },
    "tags" : [ ]
  },
  "source" : "68aad6c83c94bc72.json",
  "parameterValues" : [ "'eth_compileLLL'" ]
}