{
  "uid" : "392221c3a7a168b8",
  "name" : "test_check_tokens_in_wallet_ERC20",
  "fullName" : "integration.tests.basic.test_single_client_activity.TestSingleClient#test_check_tokens_in_wallet_ERC20",
  "historyId" : "4059ad62d6b9e4bb187821c89296c4cf",
  "time" : {
    "start" : 1647622860374,
    "stop" : 1647622860374,
    "duration" : 0
  },
  "description" : "Check tokens in wallet: ERC20",
  "descriptionHtml" : "<p>Check tokens in wallet: ERC20</p>\n",
  "status" : "skipped",
  "statusMessage" : "Skipped: ERC20 is in progress",
  "statusTrace" : "('/home/runner/work/neon-tests/neon-tests/integration/tests/basic/test_single_client_activity.py', 83, 'Skipped: ERC20 is in progress')",
  "flaky" : false,
  "newFailed" : false,
  "newBroken" : false,
  "newPassed" : false,
  "retriesCount" : 0,
  "retriesStatusChange" : false,
  "beforeStages" : [ {
    "name" : "pytestconfig",
    "time" : {
      "start" : 1647622859004,
      "stop" : 1647622859004,
      "duration" : 0
    },
    "status" : "passed",
    "steps" : [ ],
    "attachments" : [ ],
    "parameters" : [ ],
    "stepsCount" : 0,
    "attachmentsCount" : 0,
    "shouldDisplayMessage" : false,
    "hasContent" : false
  }, {
    "name" : "web3_client",
    "time" : {
      "start" : 1647622859004,
      "stop" : 1647622859006,
      "duration" : 2
    },
    "status" : "passed",
    "steps" : [ ],
    "attachments" : [ ],
    "parameters" : [ ],
    "stepsCount" : 0,
    "attachmentsCount" : 0,
    "shouldDisplayMessage" : false,
    "hasContent" : false
  }, {
    "name" : "allure_environment",
    "time" : {
      "start" : 1647622859006,
      "stop" : 1647622859510,
      "duration" : 504
    },
    "status" : "passed",
    "steps" : [ ],
    "attachments" : [ ],
    "parameters" : [ ],
    "stepsCount" : 0,
    "attachmentsCount" : 0,
    "shouldDisplayMessage" : false,
    "hasContent" : false
  }, {
    "name" : "faucet",
    "time" : {
      "start" : 1647622859510,
      "stop" : 1647622859510,
      "duration" : 0
    },
    "status" : "passed",
    "steps" : [ ],
    "attachments" : [ ],
    "parameters" : [ ],
    "stepsCount" : 0,
    "attachmentsCount" : 0,
    "shouldDisplayMessage" : false,
    "hasContent" : false
  }, {
    "name" : "jsonrpc_requester",
    "time" : {
      "start" : 1647622859510,
      "stop" : 1647622859510,
      "duration" : 0
    },
    "status" : "passed",
    "steps" : [ ],
    "attachments" : [ ],
    "parameters" : [ ],
    "stepsCount" : 0,
    "attachmentsCount" : 0,
    "shouldDisplayMessage" : false,
    "hasContent" : false
  }, {
    "name" : "operator",
    "time" : {
      "start" : 1647622859511,
      "stop" : 1647622859511,
      "duration" : 0
    },
    "status" : "passed",
    "steps" : [ ],
    "attachments" : [ ],
    "parameters" : [ ],
    "stepsCount" : 0,
    "attachmentsCount" : 0,
    "shouldDisplayMessage" : false,
    "hasContent" : false
  }, {
    "name" : "sol_client",
    "time" : {
      "start" : 1647622859511,
      "stop" : 1647622859511,
      "duration" : 0
    },
    "status" : "passed",
    "steps" : [ ],
    "attachments" : [ ],
    "parameters" : [ ],
    "stepsCount" : 0,
    "attachmentsCount" : 0,
    "shouldDisplayMessage" : false,
    "hasContent" : false
  }, {
    "name" : "prepare_account",
    "time" : {
      "start" : 1647622860243,
      "stop" : 1647622860351,
      "duration" : 108
    },
    "status" : "failed",
    "statusMessage" : "AssertionError\n",
    "statusTrace" : "  File \"/opt/hostedtoolcache/Python/3.9.10/x64/lib/python3.9/site-packages/pluggy/_callers.py\", line 39, in _multicall\n    res = hook_impl.function(*args)\n  File \"/opt/hostedtoolcache/Python/3.9.10/x64/lib/python3.9/site-packages/_pytest/fixtures.py\", line 1126, in pytest_fixture_setup\n    result = call_fixture_func(fixturefunc, request, kwargs)\n  File \"/opt/hostedtoolcache/Python/3.9.10/x64/lib/python3.9/site-packages/_pytest/fixtures.py\", line 925, in call_fixture_func\n    fixture_result = next(generator)\n  File \"/home/runner/work/neon-tests/neon-tests/integration/tests/conftest.py\", line 115, in prepare_account\n    faucet.request_neon(acc.address, 1000)\n  File \"/home/runner/work/neon-tests/neon-tests/utils/faucet.py\", line 14, in request_neon\n    assert resp.status_code == 200\n",
    "steps" : [ {
      "name" : "Create account for tests",
      "time" : {
        "start" : 1647622860243,
        "stop" : 1647622860248,
        "duration" : 5
      },
      "status" : "passed",
      "steps" : [ ],
      "attachments" : [ ],
      "parameters" : [ ],
      "stepsCount" : 0,
      "attachmentsCount" : 0,
      "shouldDisplayMessage" : false,
      "hasContent" : false
    }, {
      "name" : "Request 1000 NEON from faucet for 0xe3A4061a9bb8f122c1206E5Ce72c032B46721E85",
      "time" : {
        "start" : 1647622860248,
        "stop" : 1647622860351,
        "duration" : 103
      },
      "status" : "failed",
      "statusMessage" : "AssertionError\n",
      "statusTrace" : "  File \"/home/runner/work/neon-tests/neon-tests/integration/tests/conftest.py\", line 115, in prepare_account\n    faucet.request_neon(acc.address, 1000)\n  File \"/home/runner/work/neon-tests/neon-tests/utils/faucet.py\", line 14, in request_neon\n    assert resp.status_code == 200\n",
      "steps" : [ ],
      "attachments" : [ ],
      "parameters" : [ ],
      "stepsCount" : 0,
      "attachmentsCount" : 0,
      "shouldDisplayMessage" : true,
      "hasContent" : true
    } ],
    "attachments" : [ ],
    "parameters" : [ ],
    "stepsCount" : 2,
    "attachmentsCount" : 0,
    "shouldDisplayMessage" : false,
    "hasContent" : true
  }, {
    "name" : "prepare",
    "time" : {
      "start" : 1647622860376,
      "stop" : 1647622860376,
      "duration" : 0
    },
    "status" : "passed",
    "steps" : [ ],
    "attachments" : [ ],
    "parameters" : [ ],
    "stepsCount" : 0,
    "attachmentsCount" : 0,
    "shouldDisplayMessage" : false,
    "hasContent" : false
  } ],
  "afterStages" : [ {
    "name" : "allure_environment::0",
    "time" : {
      "start" : 1647622860861,
      "stop" : 1647622860861,
      "duration" : 0
    },
    "status" : "passed",
    "steps" : [ ],
    "attachments" : [ ],
    "parameters" : [ ],
    "stepsCount" : 0,
    "attachmentsCount" : 0,
    "shouldDisplayMessage" : false,
    "hasContent" : false
  } ],
  "labels" : [ {
    "name" : "story",
    "value" : "Basic: single user tests"
  }, {
    "name" : "tag",
    "value" : "@pytest.mark.skip('ERC20 is in progress')"
  }, {
    "name" : "parentSuite",
    "value" : "integration.tests.basic"
  }, {
    "name" : "suite",
    "value" : "test_single_client_activity"
  }, {
    "name" : "subSuite",
    "value" : "TestSingleClient"
  }, {
    "name" : "host",
    "value" : "fv-az190-684"
  }, {
    "name" : "thread",
    "value" : "1762-MainThread"
  }, {
    "name" : "framework",
    "value" : "pytest"
  }, {
    "name" : "language",
    "value" : "cpython3"
  }, {
    "name" : "package",
    "value" : "integration.tests.basic.test_single_client_activity"
  }, {
    "name" : "resultFormat",
    "value" : "allure2"
  } ],
  "parameters" : [ ],
  "links" : [ ],
  "hidden" : false,
  "retry" : false,
  "extra" : {
    "severity" : "normal",
    "retries" : [ ],
    "categories" : [ ],
    "tags" : [ "@pytest.mark.skip('ERC20 is in progress')" ]
  },
  "source" : "392221c3a7a168b8.json",
  "parameterValues" : [ ]
}