{
  "uid" : "b82ed925f02b86d1",
  "name" : "test_there_are_not_enough_neons_for_transfer",
  "fullName" : "integration.tests.basic.test_transfers.TestTransfer#test_there_are_not_enough_neons_for_transfer",
  "historyId" : "3117e26b8c517c39669bf27fad63cb3e",
  "time" : {
    "start" : 1649937460469,
    "stop" : 1649937461579,
    "duration" : 1110
  },
  "description" : "There are not enough Neons for transfer",
  "descriptionHtml" : "<p>There are not enough Neons for transfer</p>\n",
  "status" : "failed",
  "statusMessage" : "AssertionError",
  "statusTrace" : "self = <integration.tests.basic.test_transfers.TestTransfer object at 0x7f83b569aa90>\n\n    def test_there_are_not_enough_neons_for_transfer(self):\n        \"\"\"There are not enough Neons for transfer\"\"\"\n        sender_amount = 1\n        self.sender_account = self.create_account_with_balance(sender_amount)\n        self.recipient_account = self.web3_client.create_account()\n        amount = 1.1\n    \n>       self.process_transaction_with_failure(\n            self.sender_account,\n            self.recipient_account,\n            amount,\n            error_message=ErrorMessage.INSUFFICIENT_FUNDS.value)\n\nintegration/tests/basic/test_transfers.py:264: \n_ _ _ _ _ _ _ _ _ _ _ _ _ _ _ _ _ _ _ _ _ _ _ _ _ _ _ _ _ _ _ _ _ _ _ _ _ _ _ _ \n\nself = <integration.tests.basic.test_transfers.TestTransfer object at 0x7f83b569aa90>\nsender_account = <eth_account.signers.local.LocalAccount object at 0x7f83b5539100>\nrecipient_account = <eth_account.signers.local.LocalAccount object at 0x7f83b5539b80>\namount = 1.1, gas = 0, gas_price = None\nerror_message = 'insufficient funds for transfer'\n\n    def process_transaction_with_failure(\n            self,\n            sender_account: Account,\n            recipient_account: Union[Account, AccountData],\n            amount: int,\n            gas: Optional[int] = 0,\n            gas_price: Optional[int] = None,\n            error_message: str = \"\") -> Union[web3.types.TxReceipt, None]:\n        '''Processes transaction, expects a failure'''\n    \n        tx: Union[web3.types.TxReceipt, None] = None\n        with allure.step(\n                f\"Sending {amount} from {sender_account.address} to {recipient_account.address}\"\n        ):\n            with pytest.raises(Exception) as error_info:\n                tx = self.web3_client.send_neon(sender_account,\n                                                recipient_account, amount, gas,\n                                                gas_price)\n    \n            if error_info != None:\n    \n                if error_message:\n>                   assert error_message in str(error_info)\nE                   AssertionError\n\nintegration/tests/basic/helpers/basic.py:109: AssertionError",
  "flaky" : false,
  "newFailed" : false,
  "newBroken" : false,
  "newPassed" : false,
  "retriesCount" : 0,
  "retriesStatusChange" : false,
  "beforeStages" : [ {
    "name" : "web3_client",
    "time" : {
      "start" : 1649937292879,
      "stop" : 1649937292881,
      "duration" : 2
    },
    "status" : "passed",
    "steps" : [ ],
    "attachments" : [ ],
    "parameters" : [ ],
    "stepsCount" : 0,
    "attachmentsCount" : 0,
    "shouldDisplayMessage" : false,
    "hasContent" : false
  }, {
    "name" : "pytestconfig",
    "time" : {
      "start" : 1649937292879,
      "stop" : 1649937292879,
      "duration" : 0
    },
    "status" : "passed",
    "steps" : [ ],
    "attachments" : [ ],
    "parameters" : [ ],
    "stepsCount" : 0,
    "attachmentsCount" : 0,
    "shouldDisplayMessage" : false,
    "hasContent" : false
  }, {
    "name" : "allure_environment",
    "time" : {
      "start" : 1649937292881,
      "stop" : 1649937293476,
      "duration" : 595
    },
    "status" : "passed",
    "steps" : [ ],
    "attachments" : [ ],
    "parameters" : [ ],
    "stepsCount" : 0,
    "attachmentsCount" : 0,
    "shouldDisplayMessage" : false,
    "hasContent" : false
  }, {
    "name" : "jsonrpc_requester",
    "time" : {
      "start" : 1649937293477,
      "stop" : 1649937293477,
      "duration" : 0
    },
    "status" : "passed",
    "steps" : [ ],
    "attachments" : [ ],
    "parameters" : [ ],
    "stepsCount" : 0,
    "attachmentsCount" : 0,
    "shouldDisplayMessage" : false,
    "hasContent" : false
  }, {
    "name" : "sol_client",
    "time" : {
      "start" : 1649937293477,
      "stop" : 1649937293477,
      "duration" : 0
    },
    "status" : "passed",
    "steps" : [ ],
    "attachments" : [ ],
    "parameters" : [ ],
    "stepsCount" : 0,
    "attachmentsCount" : 0,
    "shouldDisplayMessage" : false,
    "hasContent" : false
  }, {
    "name" : "faucet",
    "time" : {
      "start" : 1649937293477,
      "stop" : 1649937293477,
      "duration" : 0
    },
    "status" : "passed",
    "steps" : [ ],
    "attachments" : [ ],
    "parameters" : [ ],
    "stepsCount" : 0,
    "attachmentsCount" : 0,
    "shouldDisplayMessage" : false,
    "hasContent" : false
  }, {
    "name" : "operator",
    "time" : {
      "start" : 1649937293477,
      "stop" : 1649937293477,
      "duration" : 0
    },
    "status" : "passed",
    "steps" : [ ],
    "attachments" : [ ],
    "parameters" : [ ],
    "stepsCount" : 0,
    "attachmentsCount" : 0,
    "shouldDisplayMessage" : false,
    "hasContent" : false
  }, {
    "name" : "prepare_account",
    "time" : {
      "start" : 1649937432056,
      "stop" : 1649937433143,
      "duration" : 1087
    },
    "status" : "passed",
    "steps" : [ {
      "name" : "Create account for tests",
      "time" : {
        "start" : 1649937432056,
        "stop" : 1649937432061,
        "duration" : 5
      },
      "status" : "passed",
      "steps" : [ ],
      "attachments" : [ ],
      "parameters" : [ ],
      "stepsCount" : 0,
      "attachmentsCount" : 0,
      "shouldDisplayMessage" : false,
      "hasContent" : false
    }, {
      "name" : "Request 1000 NEON from faucet for 0x6aF0430062E97b77153682a2bfEcCb156dceF3E8",
      "time" : {
        "start" : 1649937432061,
        "stop" : 1649937432761,
        "duration" : 700
      },
      "status" : "passed",
      "steps" : [ ],
      "attachments" : [ ],
      "parameters" : [ ],
      "stepsCount" : 0,
      "attachmentsCount" : 0,
      "shouldDisplayMessage" : false,
      "hasContent" : false
    }, {
      "name" : "Operator initial balance: 985945131.0 NEON 4931.08093716 SOL",
      "time" : {
        "start" : 1649937433143,
        "stop" : 1649937433143,
        "duration" : 0
      },
      "status" : "passed",
      "steps" : [ ],
      "attachments" : [ ],
      "parameters" : [ ],
      "stepsCount" : 0,
      "attachmentsCount" : 0,
      "shouldDisplayMessage" : false,
      "hasContent" : false
    } ],
    "attachments" : [ ],
    "parameters" : [ ],
    "stepsCount" : 3,
    "attachmentsCount" : 0,
    "shouldDisplayMessage" : false,
    "hasContent" : true
  }, {
    "name" : "prepare_account",
    "time" : {
      "start" : 1649937460469,
      "stop" : 1649937460469,
      "duration" : 0
    },
    "status" : "passed",
    "steps" : [ ],
    "attachments" : [ ],
    "parameters" : [ ],
    "stepsCount" : 0,
    "attachmentsCount" : 0,
    "shouldDisplayMessage" : false,
    "hasContent" : false
  }, {
    "name" : "prepare",
    "time" : {
      "start" : 1649937460469,
      "stop" : 1649937460469,
      "duration" : 0
    },
    "status" : "passed",
    "steps" : [ ],
    "attachments" : [ ],
    "parameters" : [ ],
    "stepsCount" : 0,
    "attachmentsCount" : 0,
    "shouldDisplayMessage" : false,
    "hasContent" : false
  }, {
    "name" : "prepare_json_rpc_requester",
    "time" : {
      "start" : 1649937460469,
      "stop" : 1649937460469,
      "duration" : 0
    },
    "status" : "passed",
    "steps" : [ ],
    "attachments" : [ ],
    "parameters" : [ ],
    "stepsCount" : 0,
    "attachmentsCount" : 0,
    "shouldDisplayMessage" : false,
    "hasContent" : false
  } ],
  "testStage" : {
    "description" : "There are not enough Neons for transfer",
    "status" : "failed",
    "statusMessage" : "AssertionError",
    "statusTrace" : "self = <integration.tests.basic.test_transfers.TestTransfer object at 0x7f83b569aa90>\n\n    def test_there_are_not_enough_neons_for_transfer(self):\n        \"\"\"There are not enough Neons for transfer\"\"\"\n        sender_amount = 1\n        self.sender_account = self.create_account_with_balance(sender_amount)\n        self.recipient_account = self.web3_client.create_account()\n        amount = 1.1\n    \n>       self.process_transaction_with_failure(\n            self.sender_account,\n            self.recipient_account,\n            amount,\n            error_message=ErrorMessage.INSUFFICIENT_FUNDS.value)\n\nintegration/tests/basic/test_transfers.py:264: \n_ _ _ _ _ _ _ _ _ _ _ _ _ _ _ _ _ _ _ _ _ _ _ _ _ _ _ _ _ _ _ _ _ _ _ _ _ _ _ _ \n\nself = <integration.tests.basic.test_transfers.TestTransfer object at 0x7f83b569aa90>\nsender_account = <eth_account.signers.local.LocalAccount object at 0x7f83b5539100>\nrecipient_account = <eth_account.signers.local.LocalAccount object at 0x7f83b5539b80>\namount = 1.1, gas = 0, gas_price = None\nerror_message = 'insufficient funds for transfer'\n\n    def process_transaction_with_failure(\n            self,\n            sender_account: Account,\n            recipient_account: Union[Account, AccountData],\n            amount: int,\n            gas: Optional[int] = 0,\n            gas_price: Optional[int] = None,\n            error_message: str = \"\") -> Union[web3.types.TxReceipt, None]:\n        '''Processes transaction, expects a failure'''\n    \n        tx: Union[web3.types.TxReceipt, None] = None\n        with allure.step(\n                f\"Sending {amount} from {sender_account.address} to {recipient_account.address}\"\n        ):\n            with pytest.raises(Exception) as error_info:\n                tx = self.web3_client.send_neon(sender_account,\n                                                recipient_account, amount, gas,\n                                                gas_price)\n    \n            if error_info != None:\n    \n                if error_message:\n>                   assert error_message in str(error_info)\nE                   AssertionError\n\nintegration/tests/basic/helpers/basic.py:109: AssertionError",
    "steps" : [ {
      "name" : "Sending 1.1 from 0x092DEAC9F9FfcD052afA35F76a8D7C55C781934C to 0x825d53708AaF0c1461Aa854dA8aD0A56834a9857",
      "time" : {
        "start" : 1649937461077,
        "stop" : 1649937461579,
        "duration" : 502
      },
      "status" : "failed",
      "statusMessage" : "AssertionError\n",
      "statusTrace" : "  File \"/home/runner/work/neon-tests/neon-tests/integration/tests/basic/helpers/basic.py\", line 109, in process_transaction_with_failure\n    assert error_message in str(error_info)\n",
      "steps" : [ ],
      "attachments" : [ ],
      "parameters" : [ ],
      "stepsCount" : 0,
      "attachmentsCount" : 0,
      "shouldDisplayMessage" : true,
      "hasContent" : true
    } ],
    "attachments" : [ ],
    "parameters" : [ ],
    "stepsCount" : 1,
    "attachmentsCount" : 0,
    "shouldDisplayMessage" : true,
    "hasContent" : true
  },
  "afterStages" : [ {
    "name" : "prepare_account::0",
    "time" : {
      "start" : 1649937461590,
      "stop" : 1649937462070,
      "duration" : 480
    },
    "status" : "passed",
    "steps" : [ {
      "name" : "Operator end balance: 985944985.0 NEON 4931.03088788 SOL",
      "time" : {
        "start" : 1649937461970,
        "stop" : 1649937461970,
        "duration" : 0
      },
      "status" : "passed",
      "steps" : [ ],
      "attachments" : [ ],
      "parameters" : [ ],
      "stepsCount" : 0,
      "attachmentsCount" : 0,
      "shouldDisplayMessage" : false,
      "hasContent" : false
    }, {
      "name" : "Account end balance: 1000 NEON",
      "time" : {
        "start" : 1649937462070,
        "stop" : 1649937462070,
        "duration" : 0
      },
      "status" : "passed",
      "steps" : [ ],
      "attachments" : [ ],
      "parameters" : [ ],
      "stepsCount" : 0,
      "attachmentsCount" : 0,
      "shouldDisplayMessage" : false,
      "hasContent" : false
    } ],
    "attachments" : [ ],
    "parameters" : [ ],
    "stepsCount" : 2,
    "attachmentsCount" : 0,
    "shouldDisplayMessage" : false,
    "hasContent" : true
  }, {
    "name" : "allure_environment::0",
    "time" : {
      "start" : 1649937462077,
      "stop" : 1649937462077,
      "duration" : 0
    },
    "status" : "passed",
    "steps" : [ ],
    "attachments" : [ ],
    "parameters" : [ ],
    "stepsCount" : 0,
    "attachmentsCount" : 0,
    "shouldDisplayMessage" : false,
    "hasContent" : false
  } ],
  "labels" : [ {
    "name" : "story",
    "value" : "Basic: transfer tests"
  }, {
    "name" : "parentSuite",
    "value" : "integration.tests.basic"
  }, {
    "name" : "suite",
    "value" : "test_transfers"
  }, {
    "name" : "subSuite",
    "value" : "TestTransfer"
  }, {
    "name" : "host",
    "value" : "fv-az182-269"
  }, {
    "name" : "thread",
    "value" : "1793-MainThread"
  }, {
    "name" : "framework",
    "value" : "pytest"
  }, {
    "name" : "language",
    "value" : "cpython3"
  }, {
    "name" : "package",
    "value" : "integration.tests.basic.test_transfers"
  }, {
    "name" : "resultFormat",
    "value" : "allure2"
  } ],
  "parameters" : [ ],
  "links" : [ ],
  "hidden" : false,
  "retry" : false,
  "extra" : {
    "severity" : "normal",
    "retries" : [ ],
    "categories" : [ {
      "name" : "Product defects",
      "matchedStatuses" : [ ],
      "flaky" : false
    } ],
    "history" : {
      "statistic" : {
        "failed" : 3,
        "broken" : 0,
        "skipped" : 0,
        "passed" : 0,
        "unknown" : 0,
        "total" : 3
      },
      "items" : [ {
        "uid" : "c15ac1532d52fa14",
        "reportUrl" : "https://apetrovskiy.github.io/neon-tests/release-stand/feature/25c/820//#testresult/c15ac1532d52fa14",
        "status" : "failed",
        "statusDetails" : "AssertionError",
        "time" : {
          "start" : 1649937019621,
          "stop" : 1649937021173,
          "duration" : 1552
        }
      }, {
        "uid" : "1b7808f791091ff2",
        "reportUrl" : "https://apetrovskiy.github.io/neon-tests/release-stand/feature/25c/816//#testresult/1b7808f791091ff2",
        "status" : "failed",
        "statusDetails" : "AssertionError",
        "time" : {
          "start" : 1649936420716,
          "stop" : 1649936422245,
          "duration" : 1529
        }
      } ]
    },
    "tags" : [ ]
  },
  "source" : "b82ed925f02b86d1.json",
  "parameterValues" : [ ]
}