{
  "uid" : "133d2531c23967f7",
  "name" : "test_send_more_than_exist_on_account_neon[10]",
  "fullName" : "integration.tests.basic.test_transfers.TestTransfer#test_send_more_than_exist_on_account_neon",
  "historyId" : "7c18cff9faa0c0d4a8730c575b629fdb",
  "time" : {
    "start" : 1647660170290,
    "stop" : 1647660172711,
    "duration" : 2421
  },
  "description" : "Send more than exist on account: neon",
  "descriptionHtml" : "<p>Send more than exist on account: neon</p>\n",
  "status" : "failed",
  "statusMessage" : "AssertionError",
  "statusTrace" : "self = <integration.tests.basic.test_transfers.TestTransfer object at 0x7efdf0ca6850>\namount = 10, prepare_accounts = None\n\n    @pytest.mark.parametrize(\"amount\", WRONG_TRANSFER_AMOUNT_DATA)\n    def test_send_more_than_exist_on_account_neon(self, amount: Union[int,\n                                                                      float],\n                                                  prepare_accounts):\n        \"\"\"Send more than exist on account: neon\"\"\"\n    \n>       self.check_value_error_if_less_than_required(self.sender_account,\n                                                     self.recipient_account,\n                                                     amount)\n\nintegration/tests/basic/test_transfers.py:46: \n_ _ _ _ _ _ _ _ _ _ _ _ _ _ _ _ _ _ _ _ _ _ _ _ _ _ _ _ _ _ _ _ _ _ _ _ _ _ _ _ \nintegration/tests/basic/helpers/basic.py:126: in check_value_error_if_less_than_required\n    return self.process_transaction_with_failure(\n_ _ _ _ _ _ _ _ _ _ _ _ _ _ _ _ _ _ _ _ _ _ _ _ _ _ _ _ _ _ _ _ _ _ _ _ _ _ _ _ \n\nself = <integration.tests.basic.test_transfers.TestTransfer object at 0x7efdf0ca6850>\nsender_account = AccountData(address='0x10bA76E88cd03842eb45875e66a0CfD995Ab4D4A', key='f50167b6cb6680c3c230a1fb1831521d9e1e1a65796c170f7162bda48135d292')\nrecipient_account = <eth_account.signers.local.LocalAccount object at 0x7efdf0ca65b0>\namount = 10, error_message = 'Expecting value: line 1 column 1 (char 0)'\n\n    def process_transaction_with_failure(\n            self,\n            sender_account: Account,\n            recipient_account: Union[Account, AccountData],\n            amount: int,\n            error_message: str = \"\") -> Union[web3.types.TxReceipt, None]:\n        '''Processes transaction, expects a failure'''\n    \n        tx: Union[web3.types.TxReceipt, None] = None\n        with allure.step(\n                f\"Sending {amount} from {sender_account.address} to {recipient_account.address}\"\n        ):\n            with pytest.raises(Exception) as error_info:\n                tx = self.web3_client.send_neon(sender_account,\n                                                recipient_account, amount)\n    \n            if error_info != None:\n    \n                if error_message:\n>                   assert error_message in str(error_info)\nE                   AssertionError\n\nintegration/tests/basic/helpers/basic.py:110: AssertionError",
  "flaky" : false,
  "newFailed" : false,
  "newBroken" : false,
  "newPassed" : false,
  "retriesCount" : 0,
  "retriesStatusChange" : false,
  "beforeStages" : [ {
    "name" : "pytestconfig",
    "time" : {
      "start" : 1647660141410,
      "stop" : 1647660141410,
      "duration" : 0
    },
    "status" : "passed",
    "steps" : [ ],
    "attachments" : [ ],
    "parameters" : [ ],
    "stepsCount" : 0,
    "attachmentsCount" : 0,
    "shouldDisplayMessage" : false,
    "hasContent" : false
  }, {
    "name" : "web3_client",
    "time" : {
      "start" : 1647660141410,
      "stop" : 1647660141412,
      "duration" : 2
    },
    "status" : "passed",
    "steps" : [ ],
    "attachments" : [ ],
    "parameters" : [ ],
    "stepsCount" : 0,
    "attachmentsCount" : 0,
    "shouldDisplayMessage" : false,
    "hasContent" : false
  }, {
    "name" : "allure_environment",
    "time" : {
      "start" : 1647660141412,
      "stop" : 1647660142134,
      "duration" : 722
    },
    "status" : "passed",
    "steps" : [ ],
    "attachments" : [ ],
    "parameters" : [ ],
    "stepsCount" : 0,
    "attachmentsCount" : 0,
    "shouldDisplayMessage" : false,
    "hasContent" : false
  }, {
    "name" : "faucet",
    "time" : {
      "start" : 1647660142134,
      "stop" : 1647660142134,
      "duration" : 0
    },
    "status" : "passed",
    "steps" : [ ],
    "attachments" : [ ],
    "parameters" : [ ],
    "stepsCount" : 0,
    "attachmentsCount" : 0,
    "shouldDisplayMessage" : false,
    "hasContent" : false
  }, {
    "name" : "jsonrpc_requester",
    "time" : {
      "start" : 1647660142134,
      "stop" : 1647660142135,
      "duration" : 1
    },
    "status" : "passed",
    "steps" : [ ],
    "attachments" : [ ],
    "parameters" : [ ],
    "stepsCount" : 0,
    "attachmentsCount" : 0,
    "shouldDisplayMessage" : false,
    "hasContent" : false
  }, {
    "name" : "sol_client",
    "time" : {
      "start" : 1647660142135,
      "stop" : 1647660142135,
      "duration" : 0
    },
    "status" : "passed",
    "steps" : [ ],
    "attachments" : [ ],
    "parameters" : [ ],
    "stepsCount" : 0,
    "attachmentsCount" : 0,
    "shouldDisplayMessage" : false,
    "hasContent" : false
  }, {
    "name" : "operator",
    "time" : {
      "start" : 1647660142135,
      "stop" : 1647660142135,
      "duration" : 0
    },
    "status" : "passed",
    "steps" : [ ],
    "attachments" : [ ],
    "parameters" : [ ],
    "stepsCount" : 0,
    "attachmentsCount" : 0,
    "shouldDisplayMessage" : false,
    "hasContent" : false
  }, {
    "name" : "prepare_json_rpc_requester",
    "time" : {
      "start" : 1647660170284,
      "stop" : 1647660170284,
      "duration" : 0
    },
    "status" : "passed",
    "steps" : [ ],
    "attachments" : [ ],
    "parameters" : [ ],
    "stepsCount" : 0,
    "attachmentsCount" : 0,
    "shouldDisplayMessage" : false,
    "hasContent" : false
  }, {
    "name" : "prepare_accounts",
    "time" : {
      "start" : 1647660170284,
      "stop" : 1647660170289,
      "duration" : 5
    },
    "status" : "passed",
    "steps" : [ ],
    "attachments" : [ ],
    "parameters" : [ ],
    "stepsCount" : 0,
    "attachmentsCount" : 0,
    "shouldDisplayMessage" : false,
    "hasContent" : false
  }, {
    "name" : "prepare",
    "time" : {
      "start" : 1647660170284,
      "stop" : 1647660170284,
      "duration" : 0
    },
    "status" : "passed",
    "steps" : [ ],
    "attachments" : [ ],
    "parameters" : [ ],
    "stepsCount" : 0,
    "attachmentsCount" : 0,
    "shouldDisplayMessage" : false,
    "hasContent" : false
  } ],
  "testStage" : {
    "description" : "Send more than exist on account: neon",
    "status" : "failed",
    "statusMessage" : "AssertionError",
    "statusTrace" : "self = <integration.tests.basic.test_transfers.TestTransfer object at 0x7efdf0ca6850>\namount = 10, prepare_accounts = None\n\n    @pytest.mark.parametrize(\"amount\", WRONG_TRANSFER_AMOUNT_DATA)\n    def test_send_more_than_exist_on_account_neon(self, amount: Union[int,\n                                                                      float],\n                                                  prepare_accounts):\n        \"\"\"Send more than exist on account: neon\"\"\"\n    \n>       self.check_value_error_if_less_than_required(self.sender_account,\n                                                     self.recipient_account,\n                                                     amount)\n\nintegration/tests/basic/test_transfers.py:46: \n_ _ _ _ _ _ _ _ _ _ _ _ _ _ _ _ _ _ _ _ _ _ _ _ _ _ _ _ _ _ _ _ _ _ _ _ _ _ _ _ \nintegration/tests/basic/helpers/basic.py:126: in check_value_error_if_less_than_required\n    return self.process_transaction_with_failure(\n_ _ _ _ _ _ _ _ _ _ _ _ _ _ _ _ _ _ _ _ _ _ _ _ _ _ _ _ _ _ _ _ _ _ _ _ _ _ _ _ \n\nself = <integration.tests.basic.test_transfers.TestTransfer object at 0x7efdf0ca6850>\nsender_account = AccountData(address='0x10bA76E88cd03842eb45875e66a0CfD995Ab4D4A', key='f50167b6cb6680c3c230a1fb1831521d9e1e1a65796c170f7162bda48135d292')\nrecipient_account = <eth_account.signers.local.LocalAccount object at 0x7efdf0ca65b0>\namount = 10, error_message = 'Expecting value: line 1 column 1 (char 0)'\n\n    def process_transaction_with_failure(\n            self,\n            sender_account: Account,\n            recipient_account: Union[Account, AccountData],\n            amount: int,\n            error_message: str = \"\") -> Union[web3.types.TxReceipt, None]:\n        '''Processes transaction, expects a failure'''\n    \n        tx: Union[web3.types.TxReceipt, None] = None\n        with allure.step(\n                f\"Sending {amount} from {sender_account.address} to {recipient_account.address}\"\n        ):\n            with pytest.raises(Exception) as error_info:\n                tx = self.web3_client.send_neon(sender_account,\n                                                recipient_account, amount)\n    \n            if error_info != None:\n    \n                if error_message:\n>                   assert error_message in str(error_info)\nE                   AssertionError\n\nintegration/tests/basic/helpers/basic.py:110: AssertionError",
    "steps" : [ {
      "name" : "Sending 10 from 0x10bA76E88cd03842eb45875e66a0CfD995Ab4D4A to 0x079fB51787b057dEFe57755239C42Af5F1E41A7a",
      "time" : {
        "start" : 1647660170290,
        "stop" : 1647660172711,
        "duration" : 2421
      },
      "status" : "failed",
      "statusMessage" : "AssertionError\n",
      "statusTrace" : "  File \"/home/runner/work/neon-tests/neon-tests/integration/tests/basic/helpers/basic.py\", line 110, in process_transaction_with_failure\n    assert error_message in str(error_info)\n",
      "steps" : [ ],
      "attachments" : [ ],
      "parameters" : [ ],
      "stepsCount" : 0,
      "attachmentsCount" : 0,
      "shouldDisplayMessage" : true,
      "hasContent" : true
    } ],
    "attachments" : [ ],
    "parameters" : [ ],
    "stepsCount" : 1,
    "attachmentsCount" : 0,
    "shouldDisplayMessage" : true,
    "hasContent" : true
  },
  "afterStages" : [ {
    "name" : "prepare_accounts::0",
    "time" : {
      "start" : 1647660172721,
      "stop" : 1647660172721,
      "duration" : 0
    },
    "status" : "passed",
    "steps" : [ ],
    "attachments" : [ ],
    "parameters" : [ ],
    "stepsCount" : 0,
    "attachmentsCount" : 0,
    "shouldDisplayMessage" : false,
    "hasContent" : false
  }, {
    "name" : "allure_environment::0",
    "time" : {
      "start" : 1647660177869,
      "stop" : 1647660177869,
      "duration" : 0
    },
    "status" : "passed",
    "steps" : [ ],
    "attachments" : [ ],
    "parameters" : [ ],
    "stepsCount" : 0,
    "attachmentsCount" : 0,
    "shouldDisplayMessage" : false,
    "hasContent" : false
  } ],
  "labels" : [ {
    "name" : "story",
    "value" : "Basic: transfer tests"
  }, {
    "name" : "parentSuite",
    "value" : "integration.tests.basic"
  }, {
    "name" : "suite",
    "value" : "test_transfers"
  }, {
    "name" : "subSuite",
    "value" : "TestTransfer"
  }, {
    "name" : "host",
    "value" : "fv-az445-625"
  }, {
    "name" : "thread",
    "value" : "1772-MainThread"
  }, {
    "name" : "framework",
    "value" : "pytest"
  }, {
    "name" : "language",
    "value" : "cpython3"
  }, {
    "name" : "package",
    "value" : "integration.tests.basic.test_transfers"
  }, {
    "name" : "resultFormat",
    "value" : "allure2"
  } ],
  "parameters" : [ {
    "name" : "amount",
    "value" : "10"
  } ],
  "links" : [ ],
  "hidden" : false,
  "retry" : false,
  "extra" : {
    "severity" : "normal",
    "retries" : [ ],
    "categories" : [ {
      "name" : "Product defects",
      "matchedStatuses" : [ ],
      "flaky" : false
    } ],
    "history" : {
      "statistic" : {
        "failed" : 3,
        "broken" : 0,
        "skipped" : 0,
        "passed" : 0,
        "unknown" : 0,
        "total" : 3
      },
      "items" : [ {
        "uid" : "b5ea4052a01f0bc2",
        "reportUrl" : "https://apetrovskiy.github.io/neon-tests/release-stand/feature/254t/662//#testresult/b5ea4052a01f0bc2",
        "status" : "failed",
        "statusDetails" : "Failed: DID NOT RAISE <class 'Exception'>",
        "time" : {
          "start" : 1647658501376,
          "stop" : 1647658503857,
          "duration" : 2481
        }
      }, {
        "uid" : "39c1811ff79f1dad",
        "reportUrl" : "https://apetrovskiy.github.io/neon-tests/release-stand/feature/254t/659//#testresult/39c1811ff79f1dad",
        "status" : "failed",
        "statusDetails" : "AssertionError",
        "time" : {
          "start" : 1647658464101,
          "stop" : 1647658466403,
          "duration" : 2302
        }
      } ]
    },
    "tags" : [ ]
  },
  "source" : "133d2531c23967f7.json",
  "parameterValues" : [ "10" ]
}