{
  "uid" : "92c55bcdccfc04c",
  "name" : "test_send_token_to_an_invalid_address",
  "fullName" : "integration.tests.basic.test_transfers.TestTransfer#test_send_token_to_an_invalid_address",
  "historyId" : "7414a102f68be6a72f24569f8e6cae78",
  "time" : {
    "start" : 1646643209358,
    "stop" : 1646643212137,
    "duration" : 2779
  },
  "description" : "Send token to an invalid address",
  "descriptionHtml" : "<p>Send token to an invalid address</p>\n",
  "status" : "failed",
  "statusMessage" : "AssertionError",
  "statusTrace" : "self = <integration.tests.basic.test_transfers.TestTransfer object at 0x7f21f57c74c0>\n\n    @allure.step(\"test: send token to an invalid address\")\n    def test_send_token_to_an_invalid_address(self):\n        \"\"\"Send token to an invalid address\"\"\"\n        sender_account = self.create_account_with_balance(\n            FIRST_FAUCET_REQUEST_AMOUNT)\n        recipient_address = INVALID_ADDRESS\n    \n>       self.transfer_to_invalid_address(sender_account, recipient_address,\n                                         DEFAULT_TRANSFER_AMOUNT,\n                                         ENS_NAME_ERROR)\n\nintegration/tests/basic/test_transfers.py:160: \n_ _ _ _ _ _ _ _ _ _ _ _ _ _ _ _ _ _ _ _ _ _ _ _ _ _ _ _ _ _ _ _ _ _ _ _ _ _ _ _ \nintegration/tests/basic/helpers/basic_helpers.py:113: in transfer_to_invalid_address\n    return self.process_transaction_with_failure(sender_account,\n_ _ _ _ _ _ _ _ _ _ _ _ _ _ _ _ _ _ _ _ _ _ _ _ _ _ _ _ _ _ _ _ _ _ _ _ _ _ _ _ \n\nself = <integration.tests.basic.test_transfers.TestTransfer object at 0x7f21f57c74c0>\nsender_account = <eth_account.signers.local.LocalAccount object at 0x7f21f57f4850>\nrecipient_account = '0x12345', amount = 3\nmessage = \"ENS name: '0x12345' is invalid.\"\n\n    @allure.step(\"processing transaction, expecting a failure\")\n    def process_transaction_with_failure(\n            self,\n            sender_account: Account,\n            recipient_account: Account,\n            amount: int,\n            message: str = \"\") -> Union[web3.types.TxReceipt, None]:\n    \n        tx: Union[web3.types.TxReceipt, None] = None\n        with pytest.raises(Exception) as error_info:\n            tx = self.web3_client.send_neon(sender_account, recipient_account,\n                                            amount)\n    \n        # TODO: remove\n        print(error_info)\n        #\n    \n        if error_info != None:\n            if message:\n>               assert message in str(error_info)\nE               AssertionError\n\nintegration/tests/basic/helpers/basic_helpers.py:85: AssertionError",
  "flaky" : false,
  "newFailed" : false,
  "newBroken" : false,
  "newPassed" : false,
  "retriesCount" : 0,
  "retriesStatusChange" : false,
  "beforeStages" : [ {
    "name" : "pytestconfig",
    "time" : {
      "start" : 1646643128213,
      "stop" : 1646643128213,
      "duration" : 0
    },
    "status" : "passed",
    "steps" : [ ],
    "attachments" : [ ],
    "parameters" : [ ],
    "stepsCount" : 0,
    "attachmentsCount" : 0,
    "shouldDisplayMessage" : false,
    "hasContent" : false
  }, {
    "name" : "web3_client",
    "time" : {
      "start" : 1646643128213,
      "stop" : 1646643128214,
      "duration" : 1
    },
    "status" : "passed",
    "steps" : [ ],
    "attachments" : [ ],
    "parameters" : [ ],
    "stepsCount" : 0,
    "attachmentsCount" : 0,
    "shouldDisplayMessage" : false,
    "hasContent" : false
  }, {
    "name" : "allure_environment",
    "time" : {
      "start" : 1646643128214,
      "stop" : 1646643128789,
      "duration" : 575
    },
    "status" : "passed",
    "steps" : [ ],
    "attachments" : [ ],
    "parameters" : [ ],
    "stepsCount" : 0,
    "attachmentsCount" : 0,
    "shouldDisplayMessage" : false,
    "hasContent" : false
  }, {
    "name" : "jsonrpc_requester",
    "time" : {
      "start" : 1646643128789,
      "stop" : 1646643128789,
      "duration" : 0
    },
    "status" : "passed",
    "steps" : [ ],
    "attachments" : [ ],
    "parameters" : [ ],
    "stepsCount" : 0,
    "attachmentsCount" : 0,
    "shouldDisplayMessage" : false,
    "hasContent" : false
  }, {
    "name" : "operator",
    "time" : {
      "start" : 1646643128789,
      "stop" : 1646643128789,
      "duration" : 0
    },
    "status" : "passed",
    "steps" : [ ],
    "attachments" : [ ],
    "parameters" : [ ],
    "stepsCount" : 0,
    "attachmentsCount" : 0,
    "shouldDisplayMessage" : false,
    "hasContent" : false
  }, {
    "name" : "sol_client",
    "time" : {
      "start" : 1646643128789,
      "stop" : 1646643128789,
      "duration" : 0
    },
    "status" : "passed",
    "steps" : [ ],
    "attachments" : [ ],
    "parameters" : [ ],
    "stepsCount" : 0,
    "attachmentsCount" : 0,
    "shouldDisplayMessage" : false,
    "hasContent" : false
  }, {
    "name" : "faucet",
    "time" : {
      "start" : 1646643128789,
      "stop" : 1646643128789,
      "duration" : 0
    },
    "status" : "passed",
    "steps" : [ ],
    "attachments" : [ ],
    "parameters" : [ ],
    "stepsCount" : 0,
    "attachmentsCount" : 0,
    "shouldDisplayMessage" : false,
    "hasContent" : false
  }, {
    "name" : "prepare_account",
    "time" : {
      "start" : 1646643180674,
      "stop" : 1646643184347,
      "duration" : 3673
    },
    "status" : "passed",
    "steps" : [ {
      "name" : "Create account for tests",
      "time" : {
        "start" : 1646643180675,
        "stop" : 1646643180679,
        "duration" : 4
      },
      "status" : "passed",
      "steps" : [ ],
      "attachments" : [ ],
      "parameters" : [ ],
      "stepsCount" : 0,
      "attachmentsCount" : 0,
      "shouldDisplayMessage" : false,
      "hasContent" : false
    }, {
      "name" : "Request 1000 NEON from faucet for 0x0Faa395470B64a7A3b75dC8f56E9eb777C0102b0",
      "time" : {
        "start" : 1646643180679,
        "stop" : 1646643181380,
        "duration" : 701
      },
      "status" : "passed",
      "steps" : [ ],
      "attachments" : [ ],
      "parameters" : [ ],
      "stepsCount" : 0,
      "attachmentsCount" : 0,
      "shouldDisplayMessage" : false,
      "hasContent" : false
    }, {
      "name" : "Operator initial balance: 0.002277909836742086811 NEON 71258.49591104 SOL",
      "time" : {
        "start" : 1646643184347,
        "stop" : 1646643184347,
        "duration" : 0
      },
      "status" : "passed",
      "steps" : [ ],
      "attachments" : [ ],
      "parameters" : [ ],
      "stepsCount" : 0,
      "attachmentsCount" : 0,
      "shouldDisplayMessage" : false,
      "hasContent" : false
    } ],
    "attachments" : [ ],
    "parameters" : [ ],
    "stepsCount" : 3,
    "attachmentsCount" : 0,
    "shouldDisplayMessage" : false,
    "hasContent" : true
  }, {
    "name" : "prepare_account",
    "time" : {
      "start" : 1646643209357,
      "stop" : 1646643209357,
      "duration" : 0
    },
    "status" : "passed",
    "steps" : [ ],
    "attachments" : [ ],
    "parameters" : [ ],
    "stepsCount" : 0,
    "attachmentsCount" : 0,
    "shouldDisplayMessage" : false,
    "hasContent" : false
  }, {
    "name" : "prepare",
    "time" : {
      "start" : 1646643209357,
      "stop" : 1646643209357,
      "duration" : 0
    },
    "status" : "passed",
    "steps" : [ ],
    "attachments" : [ ],
    "parameters" : [ ],
    "stepsCount" : 0,
    "attachmentsCount" : 0,
    "shouldDisplayMessage" : false,
    "hasContent" : false
  }, {
    "name" : "prepare_json_rpc_requester",
    "time" : {
      "start" : 1646643209357,
      "stop" : 1646643209358,
      "duration" : 1
    },
    "status" : "passed",
    "steps" : [ ],
    "attachments" : [ ],
    "parameters" : [ ],
    "stepsCount" : 0,
    "attachmentsCount" : 0,
    "shouldDisplayMessage" : false,
    "hasContent" : false
  } ],
  "testStage" : {
    "description" : "Send token to an invalid address",
    "status" : "failed",
    "statusMessage" : "AssertionError",
    "statusTrace" : "self = <integration.tests.basic.test_transfers.TestTransfer object at 0x7f21f57c74c0>\n\n    @allure.step(\"test: send token to an invalid address\")\n    def test_send_token_to_an_invalid_address(self):\n        \"\"\"Send token to an invalid address\"\"\"\n        sender_account = self.create_account_with_balance(\n            FIRST_FAUCET_REQUEST_AMOUNT)\n        recipient_address = INVALID_ADDRESS\n    \n>       self.transfer_to_invalid_address(sender_account, recipient_address,\n                                         DEFAULT_TRANSFER_AMOUNT,\n                                         ENS_NAME_ERROR)\n\nintegration/tests/basic/test_transfers.py:160: \n_ _ _ _ _ _ _ _ _ _ _ _ _ _ _ _ _ _ _ _ _ _ _ _ _ _ _ _ _ _ _ _ _ _ _ _ _ _ _ _ \nintegration/tests/basic/helpers/basic_helpers.py:113: in transfer_to_invalid_address\n    return self.process_transaction_with_failure(sender_account,\n_ _ _ _ _ _ _ _ _ _ _ _ _ _ _ _ _ _ _ _ _ _ _ _ _ _ _ _ _ _ _ _ _ _ _ _ _ _ _ _ \n\nself = <integration.tests.basic.test_transfers.TestTransfer object at 0x7f21f57c74c0>\nsender_account = <eth_account.signers.local.LocalAccount object at 0x7f21f57f4850>\nrecipient_account = '0x12345', amount = 3\nmessage = \"ENS name: '0x12345' is invalid.\"\n\n    @allure.step(\"processing transaction, expecting a failure\")\n    def process_transaction_with_failure(\n            self,\n            sender_account: Account,\n            recipient_account: Account,\n            amount: int,\n            message: str = \"\") -> Union[web3.types.TxReceipt, None]:\n    \n        tx: Union[web3.types.TxReceipt, None] = None\n        with pytest.raises(Exception) as error_info:\n            tx = self.web3_client.send_neon(sender_account, recipient_account,\n                                            amount)\n    \n        # TODO: remove\n        print(error_info)\n        #\n    \n        if error_info != None:\n            if message:\n>               assert message in str(error_info)\nE               AssertionError\n\nintegration/tests/basic/helpers/basic_helpers.py:85: AssertionError",
    "steps" : [ {
      "name" : "test: send token to an invalid address",
      "time" : {
        "start" : 1646643209358,
        "stop" : 1646643212136,
        "duration" : 2778
      },
      "status" : "failed",
      "statusMessage" : "AssertionError\n",
      "statusTrace" : "  File \"/opt/hostedtoolcache/Python/3.9.10/x64/lib/python3.9/site-packages/allure_commons/_allure.py\", line 172, in impl\n    return func(*a, **kw)\n  File \"/home/runner/work/neon-tests/neon-tests/integration/tests/basic/test_transfers.py\", line 160, in test_send_token_to_an_invalid_address\n    self.transfer_to_invalid_address(sender_account, recipient_address,\n  File \"/opt/hostedtoolcache/Python/3.9.10/x64/lib/python3.9/site-packages/allure_commons/_allure.py\", line 172, in impl\n    return func(*a, **kw)\n  File \"/home/runner/work/neon-tests/neon-tests/integration/tests/basic/helpers/basic_helpers.py\", line 113, in transfer_to_invalid_address\n    return self.process_transaction_with_failure(sender_account,\n  File \"/opt/hostedtoolcache/Python/3.9.10/x64/lib/python3.9/site-packages/allure_commons/_allure.py\", line 172, in impl\n    return func(*a, **kw)\n  File \"/home/runner/work/neon-tests/neon-tests/integration/tests/basic/helpers/basic_helpers.py\", line 85, in process_transaction_with_failure\n    assert message in str(error_info)\n",
      "steps" : [ {
        "name" : "creating a new account with balance",
        "time" : {
          "start" : 1646643209358,
          "stop" : 1646643209965,
          "duration" : 607
        },
        "status" : "passed",
        "steps" : [ {
          "name" : "creating a new account",
          "time" : {
            "start" : 1646643209358,
            "stop" : 1646643209362,
            "duration" : 4
          },
          "status" : "passed",
          "steps" : [ ],
          "attachments" : [ ],
          "parameters" : [ ],
          "stepsCount" : 0,
          "attachmentsCount" : 0,
          "shouldDisplayMessage" : false,
          "hasContent" : false
        }, {
          "name" : "requesting faucet for Neon",
          "time" : {
            "start" : 1646643209362,
            "stop" : 1646643209964,
            "duration" : 602
          },
          "status" : "passed",
          "steps" : [ ],
          "attachments" : [ ],
          "parameters" : [ {
            "name" : "wallet",
            "value" : "'0x8181EB77b87BF8174e97e3446cDF8cC9415799EC'"
          }, {
            "name" : "amount",
            "value" : "5"
          } ],
          "stepsCount" : 0,
          "attachmentsCount" : 0,
          "shouldDisplayMessage" : false,
          "hasContent" : true
        } ],
        "attachments" : [ ],
        "parameters" : [ {
          "name" : "amount",
          "value" : "5"
        } ],
        "stepsCount" : 2,
        "attachmentsCount" : 0,
        "shouldDisplayMessage" : false,
        "hasContent" : true
      }, {
        "name" : "transferring to an invalid address",
        "time" : {
          "start" : 1646643209965,
          "stop" : 1646643212136,
          "duration" : 2171
        },
        "status" : "failed",
        "statusMessage" : "AssertionError\n",
        "statusTrace" : "  File \"/opt/hostedtoolcache/Python/3.9.10/x64/lib/python3.9/site-packages/allure_commons/_allure.py\", line 172, in impl\n    return func(*a, **kw)\n  File \"/home/runner/work/neon-tests/neon-tests/integration/tests/basic/helpers/basic_helpers.py\", line 113, in transfer_to_invalid_address\n    return self.process_transaction_with_failure(sender_account,\n  File \"/opt/hostedtoolcache/Python/3.9.10/x64/lib/python3.9/site-packages/allure_commons/_allure.py\", line 172, in impl\n    return func(*a, **kw)\n  File \"/home/runner/work/neon-tests/neon-tests/integration/tests/basic/helpers/basic_helpers.py\", line 85, in process_transaction_with_failure\n    assert message in str(error_info)\n",
        "steps" : [ {
          "name" : "processing transaction, expecting a failure",
          "time" : {
            "start" : 1646643209965,
            "stop" : 1646643212136,
            "duration" : 2171
          },
          "status" : "failed",
          "statusMessage" : "AssertionError\n",
          "statusTrace" : "  File \"/opt/hostedtoolcache/Python/3.9.10/x64/lib/python3.9/site-packages/allure_commons/_allure.py\", line 172, in impl\n    return func(*a, **kw)\n  File \"/home/runner/work/neon-tests/neon-tests/integration/tests/basic/helpers/basic_helpers.py\", line 85, in process_transaction_with_failure\n    assert message in str(error_info)\n",
          "steps" : [ ],
          "attachments" : [ ],
          "parameters" : [ {
            "name" : "sender_account",
            "value" : "<eth_account.signers.local.LocalAccount object at 0x7f21f57f4850>"
          }, {
            "name" : "recipient_account",
            "value" : "'0x12345'"
          }, {
            "name" : "amount",
            "value" : "3"
          }, {
            "name" : "message",
            "value" : "'ENS name: '0x12345' is invalid.'"
          } ],
          "stepsCount" : 0,
          "attachmentsCount" : 0,
          "shouldDisplayMessage" : true,
          "hasContent" : true
        } ],
        "attachments" : [ ],
        "parameters" : [ {
          "name" : "sender_account",
          "value" : "<eth_account.signers.local.LocalAccount object at 0x7f21f57f4850>"
        }, {
          "name" : "recipient_account",
          "value" : "'0x12345'"
        }, {
          "name" : "amount",
          "value" : "3"
        }, {
          "name" : "message",
          "value" : "'ENS name: '0x12345' is invalid.'"
        } ],
        "stepsCount" : 1,
        "attachmentsCount" : 0,
        "shouldDisplayMessage" : false,
        "hasContent" : true
      } ],
      "attachments" : [ ],
      "parameters" : [ ],
      "stepsCount" : 5,
      "attachmentsCount" : 0,
      "shouldDisplayMessage" : false,
      "hasContent" : true
    } ],
    "attachments" : [ {
      "uid" : "9d14410e983af1eb",
      "name" : "stdout",
      "source" : "9d14410e983af1eb.txt",
      "type" : "text/plain",
      "size" : 113
    } ],
    "parameters" : [ ],
    "stepsCount" : 6,
    "attachmentsCount" : 1,
    "shouldDisplayMessage" : true,
    "hasContent" : true
  },
  "afterStages" : [ {
    "name" : "prepare_account::0",
    "time" : {
      "start" : 1646643213096,
      "stop" : 1646643216157,
      "duration" : 3061
    },
    "status" : "passed",
    "steps" : [ {
      "name" : "Operator end balance: 0.002277962779839041559 NEON 71258.34825184 SOL",
      "time" : {
        "start" : 1646643216059,
        "stop" : 1646643216059,
        "duration" : 0
      },
      "status" : "passed",
      "steps" : [ ],
      "attachments" : [ ],
      "parameters" : [ ],
      "stepsCount" : 0,
      "attachmentsCount" : 0,
      "shouldDisplayMessage" : false,
      "hasContent" : false
    }, {
      "name" : "Account end balance: 993.131845327384 NEON",
      "time" : {
        "start" : 1646643216157,
        "stop" : 1646643216157,
        "duration" : 0
      },
      "status" : "passed",
      "steps" : [ ],
      "attachments" : [ ],
      "parameters" : [ ],
      "stepsCount" : 0,
      "attachmentsCount" : 0,
      "shouldDisplayMessage" : false,
      "hasContent" : false
    } ],
    "attachments" : [ ],
    "parameters" : [ ],
    "stepsCount" : 2,
    "attachmentsCount" : 0,
    "shouldDisplayMessage" : false,
    "hasContent" : true
  }, {
    "name" : "allure_environment::0",
    "time" : {
      "start" : 1646643216161,
      "stop" : 1646643216161,
      "duration" : 0
    },
    "status" : "passed",
    "steps" : [ ],
    "attachments" : [ ],
    "parameters" : [ ],
    "stepsCount" : 0,
    "attachmentsCount" : 0,
    "shouldDisplayMessage" : false,
    "hasContent" : false
  } ],
  "labels" : [ {
    "name" : "story",
    "value" : "Basic: transfer tests"
  }, {
    "name" : "parentSuite",
    "value" : "integration.tests.basic"
  }, {
    "name" : "suite",
    "value" : "test_transfers"
  }, {
    "name" : "subSuite",
    "value" : "TestTransfer"
  }, {
    "name" : "host",
    "value" : "fv-az196-318"
  }, {
    "name" : "thread",
    "value" : "1747-MainThread"
  }, {
    "name" : "framework",
    "value" : "pytest"
  }, {
    "name" : "language",
    "value" : "cpython3"
  }, {
    "name" : "package",
    "value" : "integration.tests.basic.test_transfers"
  }, {
    "name" : "resultFormat",
    "value" : "allure2"
  } ],
  "parameters" : [ ],
  "links" : [ ],
  "hidden" : false,
  "retry" : false,
  "extra" : {
    "severity" : "normal",
    "retries" : [ ],
    "categories" : [ {
      "name" : "Product defects",
      "matchedStatuses" : [ ],
      "flaky" : false
    } ],
    "tags" : [ ]
  },
  "source" : "92c55bcdccfc04c.json",
  "parameterValues" : [ ]
}