{
  "uid" : "b5843da7d247d0ef",
  "name" : "test_send_more_than_exist_on_account_neon[1501]",
  "fullName" : "integration.tests.basic.test_transfers.TestTransfer#test_send_more_than_exist_on_account_neon",
  "historyId" : "caf5f25c58dff921bb419258e809e8bd",
  "time" : {
    "start" : 1650229264669,
    "stop" : 1650229265160,
    "duration" : 491
  },
  "description" : "Send more than exist on account: neon",
  "descriptionHtml" : "<p>Send more than exist on account: neon</p>\n",
  "status" : "failed",
  "statusMessage" : "AssertionError: Expected insufficient funds for transfer to be in <ExceptionInfo ValueError({'code': -32000, 'message': 'Expecting value: line 1 column 1 (char 0)'}) tblen=6>",
  "statusTrace" : "self = <integration.tests.basic.test_transfers.TestTransfer object at 0x7f3040cb9040>\namount = 1501, prepare_accounts = None\n\n    @pytest.mark.parametrize(\"amount\", WRONG_TRANSFER_AMOUNT_DATA)\n    def test_send_more_than_exist_on_account_neon(self, amount: Union[int,\n                                                                      float],\n                                                  prepare_accounts):\n        \"\"\"Send more than exist on account: neon\"\"\"\n    \n>       self.check_value_error_if_less_than_required(self.sender_account,\n                                                     self.recipient_account,\n                                                     amount)\n\nintegration/tests/basic/test_transfers.py:53: \n_ _ _ _ _ _ _ _ _ _ _ _ _ _ _ _ _ _ _ _ _ _ _ _ _ _ _ _ _ _ _ _ _ _ _ _ _ _ _ _ \nintegration/tests/basic/helpers/basic.py:119: in check_value_error_if_less_than_required\n    return self.process_transaction_with_failure(\n_ _ _ _ _ _ _ _ _ _ _ _ _ _ _ _ _ _ _ _ _ _ _ _ _ _ _ _ _ _ _ _ _ _ _ _ _ _ _ _ \n\nself = <integration.tests.basic.test_transfers.TestTransfer object at 0x7f3040cb9040>\nsender_account = <eth_account.signers.local.LocalAccount object at 0x7f3040cb9430>\nrecipient_account = <eth_account.signers.local.LocalAccount object at 0x7f3040cb9790>\namount = 1501, gas = 0, gas_price = None\nerror_message = 'insufficient funds for transfer'\n\n    def process_transaction_with_failure(\n            self,\n            sender_account: Account,\n            recipient_account: Union[Account, AccountData],\n            amount: int,\n            gas: Optional[int] = 0,\n            gas_price: Optional[int] = None,\n            error_message: str = \"\") -> Union[web3.types.TxReceipt, None]:\n        '''Processes transaction, expects a failure'''\n    \n        tx: Union[web3.types.TxReceipt, None] = None\n        with allure.step(\n                f\"Sending {amount} from {sender_account.address} to {recipient_account.address}\"\n        ):\n            with pytest.raises(Exception) as error_info:\n                tx = self.web3_client.send_neon(sender_account,\n                                                recipient_account, amount, gas,\n                                                gas_price)\n    \n            if error_info != None:\n    \n                if error_message:\n>                   assert error_message in str(\n                        error_info), f\"Expected {error_message} to be in {error_info}\"\nE                   AssertionError: Expected insufficient funds for transfer to be in <ExceptionInfo ValueError({'code': -32000, 'message': 'Expecting value: line 1 column 1 (char 0)'}) tblen=6>\n\nintegration/tests/basic/helpers/basic.py:109: AssertionError",
  "flaky" : false,
  "newFailed" : false,
  "newBroken" : false,
  "newPassed" : false,
  "retriesCount" : 0,
  "retriesStatusChange" : false,
  "beforeStages" : [ {
    "name" : "web3_client",
    "time" : {
      "start" : 1650229134420,
      "stop" : 1650229134422,
      "duration" : 2
    },
    "status" : "passed",
    "steps" : [ ],
    "attachments" : [ ],
    "parameters" : [ ],
    "stepsCount" : 0,
    "attachmentsCount" : 0,
    "shouldDisplayMessage" : false,
    "hasContent" : false
  }, {
    "name" : "pytestconfig",
    "time" : {
      "start" : 1650229134420,
      "stop" : 1650229134420,
      "duration" : 0
    },
    "status" : "passed",
    "steps" : [ ],
    "attachments" : [ ],
    "parameters" : [ ],
    "stepsCount" : 0,
    "attachmentsCount" : 0,
    "shouldDisplayMessage" : false,
    "hasContent" : false
  }, {
    "name" : "allure_environment",
    "time" : {
      "start" : 1650229134422,
      "stop" : 1650229135001,
      "duration" : 579
    },
    "status" : "passed",
    "steps" : [ ],
    "attachments" : [ ],
    "parameters" : [ ],
    "stepsCount" : 0,
    "attachmentsCount" : 0,
    "shouldDisplayMessage" : false,
    "hasContent" : false
  }, {
    "name" : "faucet",
    "time" : {
      "start" : 1650229135001,
      "stop" : 1650229135002,
      "duration" : 1
    },
    "status" : "passed",
    "steps" : [ ],
    "attachments" : [ ],
    "parameters" : [ ],
    "stepsCount" : 0,
    "attachmentsCount" : 0,
    "shouldDisplayMessage" : false,
    "hasContent" : false
  }, {
    "name" : "jsonrpc_requester",
    "time" : {
      "start" : 1650229135002,
      "stop" : 1650229135002,
      "duration" : 0
    },
    "status" : "passed",
    "steps" : [ ],
    "attachments" : [ ],
    "parameters" : [ ],
    "stepsCount" : 0,
    "attachmentsCount" : 0,
    "shouldDisplayMessage" : false,
    "hasContent" : false
  }, {
    "name" : "operator",
    "time" : {
      "start" : 1650229135002,
      "stop" : 1650229135002,
      "duration" : 0
    },
    "status" : "passed",
    "steps" : [ ],
    "attachments" : [ ],
    "parameters" : [ ],
    "stepsCount" : 0,
    "attachmentsCount" : 0,
    "shouldDisplayMessage" : false,
    "hasContent" : false
  }, {
    "name" : "sol_client",
    "time" : {
      "start" : 1650229135002,
      "stop" : 1650229135002,
      "duration" : 0
    },
    "status" : "passed",
    "steps" : [ ],
    "attachments" : [ ],
    "parameters" : [ ],
    "stepsCount" : 0,
    "attachmentsCount" : 0,
    "shouldDisplayMessage" : false,
    "hasContent" : false
  }, {
    "name" : "prepare_account",
    "time" : {
      "start" : 1650229255997,
      "stop" : 1650229257068,
      "duration" : 1071
    },
    "status" : "passed",
    "steps" : [ {
      "name" : "Create account for tests",
      "time" : {
        "start" : 1650229255997,
        "stop" : 1650229256001,
        "duration" : 4
      },
      "status" : "passed",
      "steps" : [ ],
      "attachments" : [ ],
      "parameters" : [ ],
      "stepsCount" : 0,
      "attachmentsCount" : 0,
      "shouldDisplayMessage" : false,
      "hasContent" : false
    }, {
      "name" : "Request 1000 NEON from faucet for 0x53859098Ae91bc0c6f5C2b560c79b106E4412998",
      "time" : {
        "start" : 1650229256002,
        "stop" : 1650229256696,
        "duration" : 694
      },
      "status" : "passed",
      "steps" : [ ],
      "attachments" : [ ],
      "parameters" : [ ],
      "stepsCount" : 0,
      "attachmentsCount" : 0,
      "shouldDisplayMessage" : false,
      "hasContent" : false
    }, {
      "name" : "Operator initial balance: 955098185.0 NEON 4884.90408484 SOL",
      "time" : {
        "start" : 1650229257068,
        "stop" : 1650229257068,
        "duration" : 0
      },
      "status" : "passed",
      "steps" : [ ],
      "attachments" : [ ],
      "parameters" : [ ],
      "stepsCount" : 0,
      "attachmentsCount" : 0,
      "shouldDisplayMessage" : false,
      "hasContent" : false
    } ],
    "attachments" : [ ],
    "parameters" : [ ],
    "stepsCount" : 3,
    "attachmentsCount" : 0,
    "shouldDisplayMessage" : false,
    "hasContent" : true
  }, {
    "name" : "prepare",
    "time" : {
      "start" : 1650229263466,
      "stop" : 1650229263467,
      "duration" : 1
    },
    "status" : "passed",
    "steps" : [ ],
    "attachments" : [ ],
    "parameters" : [ ],
    "stepsCount" : 0,
    "attachmentsCount" : 0,
    "shouldDisplayMessage" : false,
    "hasContent" : false
  }, {
    "name" : "prepare_json_rpc_requester",
    "time" : {
      "start" : 1650229263467,
      "stop" : 1650229263467,
      "duration" : 0
    },
    "status" : "passed",
    "steps" : [ ],
    "attachments" : [ ],
    "parameters" : [ ],
    "stepsCount" : 0,
    "attachmentsCount" : 0,
    "shouldDisplayMessage" : false,
    "hasContent" : false
  }, {
    "name" : "prepare_accounts",
    "time" : {
      "start" : 1650229263467,
      "stop" : 1650229264668,
      "duration" : 1201
    },
    "status" : "passed",
    "steps" : [ ],
    "attachments" : [ ],
    "parameters" : [ ],
    "stepsCount" : 0,
    "attachmentsCount" : 0,
    "shouldDisplayMessage" : false,
    "hasContent" : false
  }, {
    "name" : "prepare_account",
    "time" : {
      "start" : 1650229263467,
      "stop" : 1650229263467,
      "duration" : 0
    },
    "status" : "passed",
    "steps" : [ ],
    "attachments" : [ ],
    "parameters" : [ ],
    "stepsCount" : 0,
    "attachmentsCount" : 0,
    "shouldDisplayMessage" : false,
    "hasContent" : false
  } ],
  "testStage" : {
    "description" : "Send more than exist on account: neon",
    "status" : "failed",
    "statusMessage" : "AssertionError: Expected insufficient funds for transfer to be in <ExceptionInfo ValueError({'code': -32000, 'message': 'Expecting value: line 1 column 1 (char 0)'}) tblen=6>",
    "statusTrace" : "self = <integration.tests.basic.test_transfers.TestTransfer object at 0x7f3040cb9040>\namount = 1501, prepare_accounts = None\n\n    @pytest.mark.parametrize(\"amount\", WRONG_TRANSFER_AMOUNT_DATA)\n    def test_send_more_than_exist_on_account_neon(self, amount: Union[int,\n                                                                      float],\n                                                  prepare_accounts):\n        \"\"\"Send more than exist on account: neon\"\"\"\n    \n>       self.check_value_error_if_less_than_required(self.sender_account,\n                                                     self.recipient_account,\n                                                     amount)\n\nintegration/tests/basic/test_transfers.py:53: \n_ _ _ _ _ _ _ _ _ _ _ _ _ _ _ _ _ _ _ _ _ _ _ _ _ _ _ _ _ _ _ _ _ _ _ _ _ _ _ _ \nintegration/tests/basic/helpers/basic.py:119: in check_value_error_if_less_than_required\n    return self.process_transaction_with_failure(\n_ _ _ _ _ _ _ _ _ _ _ _ _ _ _ _ _ _ _ _ _ _ _ _ _ _ _ _ _ _ _ _ _ _ _ _ _ _ _ _ \n\nself = <integration.tests.basic.test_transfers.TestTransfer object at 0x7f3040cb9040>\nsender_account = <eth_account.signers.local.LocalAccount object at 0x7f3040cb9430>\nrecipient_account = <eth_account.signers.local.LocalAccount object at 0x7f3040cb9790>\namount = 1501, gas = 0, gas_price = None\nerror_message = 'insufficient funds for transfer'\n\n    def process_transaction_with_failure(\n            self,\n            sender_account: Account,\n            recipient_account: Union[Account, AccountData],\n            amount: int,\n            gas: Optional[int] = 0,\n            gas_price: Optional[int] = None,\n            error_message: str = \"\") -> Union[web3.types.TxReceipt, None]:\n        '''Processes transaction, expects a failure'''\n    \n        tx: Union[web3.types.TxReceipt, None] = None\n        with allure.step(\n                f\"Sending {amount} from {sender_account.address} to {recipient_account.address}\"\n        ):\n            with pytest.raises(Exception) as error_info:\n                tx = self.web3_client.send_neon(sender_account,\n                                                recipient_account, amount, gas,\n                                                gas_price)\n    \n            if error_info != None:\n    \n                if error_message:\n>                   assert error_message in str(\n                        error_info), f\"Expected {error_message} to be in {error_info}\"\nE                   AssertionError: Expected insufficient funds for transfer to be in <ExceptionInfo ValueError({'code': -32000, 'message': 'Expecting value: line 1 column 1 (char 0)'}) tblen=6>\n\nintegration/tests/basic/helpers/basic.py:109: AssertionError",
    "steps" : [ {
      "name" : "Sending 1501 from 0xd2797bcde8c5f03A11F85B6405895FBC99acdAcD to 0xc293370453f1B8F4d9d0C6f7D3Bc4273Ff35BfB4",
      "time" : {
        "start" : 1650229264669,
        "stop" : 1650229265160,
        "duration" : 491
      },
      "status" : "failed",
      "statusMessage" : "AssertionError: Expected insufficient funds for transfer to be in <ExceptionInfo ValueError({'code': -32000, 'message': 'Expecting value: line 1 column 1 (char 0)'}) tblen=6>\n",
      "statusTrace" : "  File \"/home/runner/work/neon-tests/neon-tests/integration/tests/basic/helpers/basic.py\", line 109, in process_transaction_with_failure\n    assert error_message in str(\n",
      "steps" : [ ],
      "attachments" : [ ],
      "parameters" : [ ],
      "stepsCount" : 0,
      "attachmentsCount" : 0,
      "shouldDisplayMessage" : true,
      "hasContent" : true
    } ],
    "attachments" : [ ],
    "parameters" : [ ],
    "stepsCount" : 1,
    "attachmentsCount" : 0,
    "shouldDisplayMessage" : true,
    "hasContent" : true
  },
  "afterStages" : [ {
    "name" : "prepare_accounts::0",
    "time" : {
      "start" : 1650229265174,
      "stop" : 1650229265174,
      "duration" : 0
    },
    "status" : "passed",
    "steps" : [ ],
    "attachments" : [ ],
    "parameters" : [ ],
    "stepsCount" : 0,
    "attachmentsCount" : 0,
    "shouldDisplayMessage" : false,
    "hasContent" : false
  }, {
    "name" : "prepare_account::0",
    "time" : {
      "start" : 1650229274369,
      "stop" : 1650229274846,
      "duration" : 477
    },
    "status" : "passed",
    "steps" : [ {
      "name" : "Operator end balance: 955098103.0 NEON 4884.87593212 SOL",
      "time" : {
        "start" : 1650229274748,
        "stop" : 1650229274748,
        "duration" : 0
      },
      "status" : "passed",
      "steps" : [ ],
      "attachments" : [ ],
      "parameters" : [ ],
      "stepsCount" : 0,
      "attachmentsCount" : 0,
      "shouldDisplayMessage" : false,
      "hasContent" : false
    }, {
      "name" : "Account end balance: 1000 NEON",
      "time" : {
        "start" : 1650229274846,
        "stop" : 1650229274846,
        "duration" : 0
      },
      "status" : "passed",
      "steps" : [ ],
      "attachments" : [ ],
      "parameters" : [ ],
      "stepsCount" : 0,
      "attachmentsCount" : 0,
      "shouldDisplayMessage" : false,
      "hasContent" : false
    } ],
    "attachments" : [ ],
    "parameters" : [ ],
    "stepsCount" : 2,
    "attachmentsCount" : 0,
    "shouldDisplayMessage" : false,
    "hasContent" : true
  }, {
    "name" : "allure_environment::0",
    "time" : {
      "start" : 1650229300441,
      "stop" : 1650229300441,
      "duration" : 0
    },
    "status" : "passed",
    "steps" : [ ],
    "attachments" : [ ],
    "parameters" : [ ],
    "stepsCount" : 0,
    "attachmentsCount" : 0,
    "shouldDisplayMessage" : false,
    "hasContent" : false
  } ],
  "labels" : [ {
    "name" : "story",
    "value" : "Basic: transfer tests"
  }, {
    "name" : "parentSuite",
    "value" : "integration.tests.basic"
  }, {
    "name" : "suite",
    "value" : "test_transfers"
  }, {
    "name" : "subSuite",
    "value" : "TestTransfer"
  }, {
    "name" : "host",
    "value" : "fv-az190-986"
  }, {
    "name" : "thread",
    "value" : "1880-MainThread"
  }, {
    "name" : "framework",
    "value" : "pytest"
  }, {
    "name" : "language",
    "value" : "cpython3"
  }, {
    "name" : "package",
    "value" : "integration.tests.basic.test_transfers"
  }, {
    "name" : "resultFormat",
    "value" : "allure2"
  } ],
  "parameters" : [ {
    "name" : "amount",
    "value" : "1501"
  } ],
  "links" : [ ],
  "hidden" : false,
  "retry" : false,
  "extra" : {
    "severity" : "normal",
    "retries" : [ ],
    "categories" : [ {
      "name" : "Product defects",
      "matchedStatuses" : [ ],
      "flaky" : false
    } ],
    "history" : {
      "statistic" : {
        "failed" : 3,
        "broken" : 0,
        "skipped" : 0,
        "passed" : 0,
        "unknown" : 0,
        "total" : 3
      },
      "items" : [ {
        "uid" : "7593eb68d5cf58a7",
        "reportUrl" : "https://apetrovskiy.github.io/neon-tests/release-stand/feature/25g/920//#testresult/7593eb68d5cf58a7",
        "status" : "failed",
        "statusDetails" : "AssertionError: Expected insufficient funds for transfer to be in <ExceptionInfo ValueError({'code': -32000, 'message': 'Expecting value: line 1 column 1 (char 0)'}) tblen=6>",
        "time" : {
          "start" : 1650228278403,
          "stop" : 1650228279240,
          "duration" : 837
        }
      }, {
        "uid" : "c8ab19c1514c8fba",
        "reportUrl" : "https://apetrovskiy.github.io/neon-tests/release-stand/feature/25g/918//#testresult/c8ab19c1514c8fba",
        "status" : "failed",
        "statusDetails" : "AssertionError: Expected insufficient funds for transfer to be in <ExceptionInfo ValueError({'code': -32000, 'message': 'Expecting value: line 1 column 1 (char 0)'}) tblen=6>",
        "time" : {
          "start" : 1650228137316,
          "stop" : 1650228137999,
          "duration" : 683
        }
      } ]
    },
    "tags" : [ ]
  },
  "source" : "b5843da7d247d0ef.json",
  "parameterValues" : [ "1501" ]
}