{
  "uid" : "31929210201ca8d8",
  "name" : "test_there_are_not_enough_neons_for_gas_fee",
  "fullName" : "integration.tests.basic.test_transfers.TestTransfer#test_there_are_not_enough_neons_for_gas_fee",
  "historyId" : "163ae519840dc00f4a52413e2d4748b8",
  "time" : {
    "start" : 1649936418996,
    "stop" : 1649936420704,
    "duration" : 1708
  },
  "description" : "There are not enough Neons for gas fee",
  "descriptionHtml" : "<p>There are not enough Neons for gas fee</p>\n",
  "status" : "failed",
  "statusMessage" : "AssertionError",
  "statusTrace" : "self = <integration.tests.basic.test_transfers.TestTransfer object at 0x7f1260178880>\n\n    def test_there_are_not_enough_neons_for_gas_fee(self):\n        \"\"\"There are not enough Neons for gas fee\"\"\"\n        sender_amount = 1\n        self.sender_account = self.create_account_with_balance(sender_amount)\n        self.recipient_account = self.web3_client.create_account()\n        amount = 0.9\n    \n>       self.process_transaction_with_failure(\n            self.sender_account,\n            self.recipient_account,\n            amount,\n            error_message=ErrorMessage.INSUFFICIENT_FUNDS.value)\n\nintegration/tests/basic/test_transfers.py:248: \n_ _ _ _ _ _ _ _ _ _ _ _ _ _ _ _ _ _ _ _ _ _ _ _ _ _ _ _ _ _ _ _ _ _ _ _ _ _ _ _ \n\nself = <integration.tests.basic.test_transfers.TestTransfer object at 0x7f1260178880>\nsender_account = <eth_account.signers.local.LocalAccount object at 0x7f1260253040>\nrecipient_account = <eth_account.signers.local.LocalAccount object at 0x7f1260253610>\namount = 0.9, gas = 0, gas_price = None\nerror_message = 'insufficient funds for transfer'\n\n    def process_transaction_with_failure(\n            self,\n            sender_account: Account,\n            recipient_account: Union[Account, AccountData],\n            amount: int,\n            gas: Optional[int] = 0,\n            gas_price: Optional[int] = None,\n            error_message: str = \"\") -> Union[web3.types.TxReceipt, None]:\n        '''Processes transaction, expects a failure'''\n    \n        tx: Union[web3.types.TxReceipt, None] = None\n        with allure.step(\n                f\"Sending {amount} from {sender_account.address} to {recipient_account.address}\"\n        ):\n            with pytest.raises(Exception) as error_info:\n                tx = self.web3_client.send_neon(sender_account,\n                                                recipient_account, amount, gas,\n                                                gas_price)\n    \n            if error_info != None:\n    \n                if error_message:\n>                   assert error_message in str(error_info)\nE                   AssertionError\n\nintegration/tests/basic/helpers/basic.py:109: AssertionError",
  "flaky" : false,
  "newFailed" : false,
  "newBroken" : false,
  "newPassed" : false,
  "retriesCount" : 0,
  "retriesStatusChange" : false,
  "beforeStages" : [ {
    "name" : "pytestconfig",
    "time" : {
      "start" : 1649936220624,
      "stop" : 1649936220624,
      "duration" : 0
    },
    "status" : "passed",
    "steps" : [ ],
    "attachments" : [ ],
    "parameters" : [ ],
    "stepsCount" : 0,
    "attachmentsCount" : 0,
    "shouldDisplayMessage" : false,
    "hasContent" : false
  }, {
    "name" : "web3_client",
    "time" : {
      "start" : 1649936220624,
      "stop" : 1649936220626,
      "duration" : 2
    },
    "status" : "passed",
    "steps" : [ ],
    "attachments" : [ ],
    "parameters" : [ ],
    "stepsCount" : 0,
    "attachmentsCount" : 0,
    "shouldDisplayMessage" : false,
    "hasContent" : false
  }, {
    "name" : "allure_environment",
    "time" : {
      "start" : 1649936220626,
      "stop" : 1649936221696,
      "duration" : 1070
    },
    "status" : "passed",
    "steps" : [ ],
    "attachments" : [ ],
    "parameters" : [ ],
    "stepsCount" : 0,
    "attachmentsCount" : 0,
    "shouldDisplayMessage" : false,
    "hasContent" : false
  }, {
    "name" : "faucet",
    "time" : {
      "start" : 1649936221696,
      "stop" : 1649936221696,
      "duration" : 0
    },
    "status" : "passed",
    "steps" : [ ],
    "attachments" : [ ],
    "parameters" : [ ],
    "stepsCount" : 0,
    "attachmentsCount" : 0,
    "shouldDisplayMessage" : false,
    "hasContent" : false
  }, {
    "name" : "jsonrpc_requester",
    "time" : {
      "start" : 1649936221697,
      "stop" : 1649936221697,
      "duration" : 0
    },
    "status" : "passed",
    "steps" : [ ],
    "attachments" : [ ],
    "parameters" : [ ],
    "stepsCount" : 0,
    "attachmentsCount" : 0,
    "shouldDisplayMessage" : false,
    "hasContent" : false
  }, {
    "name" : "operator",
    "time" : {
      "start" : 1649936221697,
      "stop" : 1649936221697,
      "duration" : 0
    },
    "status" : "passed",
    "steps" : [ ],
    "attachments" : [ ],
    "parameters" : [ ],
    "stepsCount" : 0,
    "attachmentsCount" : 0,
    "shouldDisplayMessage" : false,
    "hasContent" : false
  }, {
    "name" : "sol_client",
    "time" : {
      "start" : 1649936221697,
      "stop" : 1649936221697,
      "duration" : 0
    },
    "status" : "passed",
    "steps" : [ ],
    "attachments" : [ ],
    "parameters" : [ ],
    "stepsCount" : 0,
    "attachmentsCount" : 0,
    "shouldDisplayMessage" : false,
    "hasContent" : false
  }, {
    "name" : "prepare_account",
    "time" : {
      "start" : 1649936384902,
      "stop" : 1649936386393,
      "duration" : 1491
    },
    "status" : "passed",
    "steps" : [ {
      "name" : "Create account for tests",
      "time" : {
        "start" : 1649936384902,
        "stop" : 1649936384907,
        "duration" : 5
      },
      "status" : "passed",
      "steps" : [ ],
      "attachments" : [ ],
      "parameters" : [ ],
      "stepsCount" : 0,
      "attachmentsCount" : 0,
      "shouldDisplayMessage" : false,
      "hasContent" : false
    }, {
      "name" : "Request 1000 NEON from faucet for 0x34989F2917e53c43b479b09000409A182B774DB7",
      "time" : {
        "start" : 1649936384907,
        "stop" : 1649936385743,
        "duration" : 836
      },
      "status" : "passed",
      "steps" : [ ],
      "attachments" : [ ],
      "parameters" : [ ],
      "stepsCount" : 0,
      "attachmentsCount" : 0,
      "shouldDisplayMessage" : false,
      "hasContent" : false
    }, {
      "name" : "Operator initial balance: 987205339.0 NEON 4931.98715632 SOL",
      "time" : {
        "start" : 1649936386393,
        "stop" : 1649936386393,
        "duration" : 0
      },
      "status" : "passed",
      "steps" : [ ],
      "attachments" : [ ],
      "parameters" : [ ],
      "stepsCount" : 0,
      "attachmentsCount" : 0,
      "shouldDisplayMessage" : false,
      "hasContent" : false
    } ],
    "attachments" : [ ],
    "parameters" : [ ],
    "stepsCount" : 3,
    "attachmentsCount" : 0,
    "shouldDisplayMessage" : false,
    "hasContent" : true
  }, {
    "name" : "prepare",
    "time" : {
      "start" : 1649936418995,
      "stop" : 1649936418995,
      "duration" : 0
    },
    "status" : "passed",
    "steps" : [ ],
    "attachments" : [ ],
    "parameters" : [ ],
    "stepsCount" : 0,
    "attachmentsCount" : 0,
    "shouldDisplayMessage" : false,
    "hasContent" : false
  }, {
    "name" : "prepare_json_rpc_requester",
    "time" : {
      "start" : 1649936418996,
      "stop" : 1649936418996,
      "duration" : 0
    },
    "status" : "passed",
    "steps" : [ ],
    "attachments" : [ ],
    "parameters" : [ ],
    "stepsCount" : 0,
    "attachmentsCount" : 0,
    "shouldDisplayMessage" : false,
    "hasContent" : false
  }, {
    "name" : "prepare_account",
    "time" : {
      "start" : 1649936418996,
      "stop" : 1649936418996,
      "duration" : 0
    },
    "status" : "passed",
    "steps" : [ ],
    "attachments" : [ ],
    "parameters" : [ ],
    "stepsCount" : 0,
    "attachmentsCount" : 0,
    "shouldDisplayMessage" : false,
    "hasContent" : false
  } ],
  "testStage" : {
    "description" : "There are not enough Neons for gas fee",
    "status" : "failed",
    "statusMessage" : "AssertionError",
    "statusTrace" : "self = <integration.tests.basic.test_transfers.TestTransfer object at 0x7f1260178880>\n\n    def test_there_are_not_enough_neons_for_gas_fee(self):\n        \"\"\"There are not enough Neons for gas fee\"\"\"\n        sender_amount = 1\n        self.sender_account = self.create_account_with_balance(sender_amount)\n        self.recipient_account = self.web3_client.create_account()\n        amount = 0.9\n    \n>       self.process_transaction_with_failure(\n            self.sender_account,\n            self.recipient_account,\n            amount,\n            error_message=ErrorMessage.INSUFFICIENT_FUNDS.value)\n\nintegration/tests/basic/test_transfers.py:248: \n_ _ _ _ _ _ _ _ _ _ _ _ _ _ _ _ _ _ _ _ _ _ _ _ _ _ _ _ _ _ _ _ _ _ _ _ _ _ _ _ \n\nself = <integration.tests.basic.test_transfers.TestTransfer object at 0x7f1260178880>\nsender_account = <eth_account.signers.local.LocalAccount object at 0x7f1260253040>\nrecipient_account = <eth_account.signers.local.LocalAccount object at 0x7f1260253610>\namount = 0.9, gas = 0, gas_price = None\nerror_message = 'insufficient funds for transfer'\n\n    def process_transaction_with_failure(\n            self,\n            sender_account: Account,\n            recipient_account: Union[Account, AccountData],\n            amount: int,\n            gas: Optional[int] = 0,\n            gas_price: Optional[int] = None,\n            error_message: str = \"\") -> Union[web3.types.TxReceipt, None]:\n        '''Processes transaction, expects a failure'''\n    \n        tx: Union[web3.types.TxReceipt, None] = None\n        with allure.step(\n                f\"Sending {amount} from {sender_account.address} to {recipient_account.address}\"\n        ):\n            with pytest.raises(Exception) as error_info:\n                tx = self.web3_client.send_neon(sender_account,\n                                                recipient_account, amount, gas,\n                                                gas_price)\n    \n            if error_info != None:\n    \n                if error_message:\n>                   assert error_message in str(error_info)\nE                   AssertionError\n\nintegration/tests/basic/helpers/basic.py:109: AssertionError",
    "steps" : [ {
      "name" : "Sending 0.9 from 0x0DAf3Bd193067369484D919b321AF0e082577184 to 0xc49c582590bbdf374984c368355DAaC6d500019f",
      "time" : {
        "start" : 1649936419672,
        "stop" : 1649936420704,
        "duration" : 1032
      },
      "status" : "failed",
      "statusMessage" : "AssertionError\n",
      "statusTrace" : "  File \"/home/runner/work/neon-tests/neon-tests/integration/tests/basic/helpers/basic.py\", line 109, in process_transaction_with_failure\n    assert error_message in str(error_info)\n",
      "steps" : [ ],
      "attachments" : [ ],
      "parameters" : [ ],
      "stepsCount" : 0,
      "attachmentsCount" : 0,
      "shouldDisplayMessage" : true,
      "hasContent" : true
    } ],
    "attachments" : [ ],
    "parameters" : [ ],
    "stepsCount" : 1,
    "attachmentsCount" : 0,
    "shouldDisplayMessage" : true,
    "hasContent" : true
  },
  "afterStages" : [ {
    "name" : "prepare_account::0",
    "time" : {
      "start" : 1649936422255,
      "stop" : 1649936423076,
      "duration" : 821
    },
    "status" : "passed",
    "steps" : [ {
      "name" : "Operator end balance: 987201446.0 NEON 4931.78535516 SOL",
      "time" : {
        "start" : 1649936422906,
        "stop" : 1649936422906,
        "duration" : 0
      },
      "status" : "passed",
      "steps" : [ ],
      "attachments" : [ ],
      "parameters" : [ ],
      "stepsCount" : 0,
      "attachmentsCount" : 0,
      "shouldDisplayMessage" : false,
      "hasContent" : false
    }, {
      "name" : "Account end balance: 1000 NEON",
      "time" : {
        "start" : 1649936423076,
        "stop" : 1649936423076,
        "duration" : 0
      },
      "status" : "passed",
      "steps" : [ ],
      "attachments" : [ ],
      "parameters" : [ ],
      "stepsCount" : 0,
      "attachmentsCount" : 0,
      "shouldDisplayMessage" : false,
      "hasContent" : false
    } ],
    "attachments" : [ ],
    "parameters" : [ ],
    "stepsCount" : 2,
    "attachmentsCount" : 0,
    "shouldDisplayMessage" : false,
    "hasContent" : true
  }, {
    "name" : "allure_environment::0",
    "time" : {
      "start" : 1649936423083,
      "stop" : 1649936423083,
      "duration" : 0
    },
    "status" : "passed",
    "steps" : [ ],
    "attachments" : [ ],
    "parameters" : [ ],
    "stepsCount" : 0,
    "attachmentsCount" : 0,
    "shouldDisplayMessage" : false,
    "hasContent" : false
  } ],
  "labels" : [ {
    "name" : "story",
    "value" : "Basic: transfer tests"
  }, {
    "name" : "parentSuite",
    "value" : "integration.tests.basic"
  }, {
    "name" : "suite",
    "value" : "test_transfers"
  }, {
    "name" : "subSuite",
    "value" : "TestTransfer"
  }, {
    "name" : "host",
    "value" : "fv-az451-393"
  }, {
    "name" : "thread",
    "value" : "1866-MainThread"
  }, {
    "name" : "framework",
    "value" : "pytest"
  }, {
    "name" : "language",
    "value" : "cpython3"
  }, {
    "name" : "package",
    "value" : "integration.tests.basic.test_transfers"
  }, {
    "name" : "resultFormat",
    "value" : "allure2"
  } ],
  "parameters" : [ ],
  "links" : [ ],
  "hidden" : false,
  "retry" : false,
  "extra" : {
    "severity" : "normal",
    "retries" : [ ],
    "categories" : [ {
      "name" : "Product defects",
      "matchedStatuses" : [ ],
      "flaky" : false
    } ],
    "tags" : [ ]
  },
  "source" : "31929210201ca8d8.json",
  "parameterValues" : [ ]
}